#
# There is insufficient memory for the Java Runtime Environment to continue.
# Native memory allocation (mmap) failed to map 93323264 bytes for Failed to commit area from 0x0000000090100000 to 0x0000000095a00000 of length 93323264.
# Possible reasons:
#   The system is out of physical RAM or swap space
#   The process is running with CompressedOops enabled, and the Java Heap may be blocking the growth of the native heap
# Possible solutions:
#   Reduce memory load on the system
#   Increase physical memory or swap space
#   Check if swap backing store is full
#   Decrease Java heap size (-Xmx/-Xms)
#   Decrease number of Java threads
#   Decrease Java thread stack sizes (-Xss)
#   Set larger code cache with -XX:ReservedCodeCacheSize=
#   JVM is running with Unscaled Compressed Oops mode in which the Java heap is
#     placed in the first 4GB address space. The Java Heap base address is the
#     maximum limit for the native heap growth. Please use -XX:HeapBaseMinAddress
#     to set the Java Heap base and to place the Java Heap above 4GB virtual address.
# This output file may be truncated or incomplete.
#
#  Out of Memory Error (./src/hotspot/os/windows/os_windows.cpp:3386), pid=7572, tid=15520
#
# JRE version: OpenJDK Runtime Environment Microsoft-7208460 (11.0.18+10) (build 11.0.18+10-LTS)
# Java VM: OpenJDK 64-Bit Server VM Microsoft-7208460 (11.0.18+10-LTS, mixed mode, tiered, compressed oops, g1 gc, windows-amd64)
# No core dump will be written. Minidumps are not enabled by default on client versions of Windows
#

---------------  S U M M A R Y ------------

Command Line: -XX:MaxMetaspaceSize=512m --add-opens=java.base/java.util=ALL-UNNAMED --add-opens=java.base/java.lang=ALL-UNNAMED --add-opens=java.base/java.lang.invoke=ALL-UNNAMED --add-opens=java.prefs/java.util.prefs=ALL-UNNAMED --add-opens=java.base/java.nio.charset=ALL-UNNAMED --add-opens=java.base/java.net=ALL-UNNAMED --add-opens=java.base/java.util.concurrent.atomic=ALL-UNNAMED -Xmx2048m -Dfile.encoding=windows-1252 -Duser.country=US -Duser.language=en -Duser.variant org.gradle.launcher.daemon.bootstrap.GradleDaemon 8.0.1

Host: Intel(R) Core(TM) i5-9300H CPU @ 2.40GHz, 8 cores, 7G,  Windows 11 , 64 bit Build 22621 (10.0.22621.1928)
Time: Tue Aug  1 21:10:29 2023 SE Asia Standard Time elapsed time: 63.060414 seconds (0d 0h 1m 3s)

---------------  T H R E A D  ---------------

Current thread (0x00000218394f5000):  VMThread "VM Thread" [stack: 0x000000ea50c00000,0x000000ea50d00000] [id=15520]

Stack: [0x000000ea50c00000,0x000000ea50d00000]
[error occurred during error reporting (printing stack bounds), id 0xc0000005, EXCEPTION_ACCESS_VIOLATION (0xc0000005) at pc=0x0000021822b9112d]

Native frames: (J=compiled Java code, j=interpreted, Vv=VM code, C=native code)
V  [jvm.dll+0x62bf8a]
V  [jvm.dll+0x7b8fb9]
V  [jvm.dll+0x7ba6a8]
V  [jvm.dll+0x7bace5]
V  [jvm.dll+0x7bac9b]
V  [jvm.dll+0x62b317]
V  [jvm.dll+0x62ba28]
C  [ntdll.dll+0xa3dff]
C  [ntdll.dll+0x1e456]
C  [ntdll.dll+0xa2dee]
C  0x0000021822b9112d

VM_Operation (0x000000ea51ff5050): G1CollectForAllocation, mode: safepoint, requested by thread 0x000002183a82f800


---------------  P R O C E S S  ---------------

Threads class SMR info:
_java_thread_list=0x000002183d87dff0, length=133, elements={
0x000002181a421000, 0x0000021839509000, 0x0000021839501000, 0x0000021839518000,
0x0000021839519000, 0x000002183951b800, 0x000002183951c800, 0x0000021839526000,
0x000002183952e000, 0x0000021839ff0000, 0x000002183c163000, 0x000002183a10f000,
0x000002183b4c4800, 0x000002183c740800, 0x000002183c4b3800, 0x000002183c1d8000,
0x000002183a82f800, 0x000002183a6eb000, 0x000002183c357000, 0x000002183bfa7800,
0x000002183bfa9800, 0x000002183bfab800, 0x000002183bfaa800, 0x000002183bfad000,
0x000002183bfa8000, 0x000002183bfac000, 0x000002183bfa9000, 0x000002183bfae000,
0x000002183c865800, 0x000002183c864800, 0x000002183c868800, 0x000002183c86b000,
0x000002183c869800, 0x000002183c86a000, 0x000002183c86c000, 0x000002183c866000,
0x000002183c86c800, 0x000002183c867000, 0x000002183c873000, 0x000002183c872800,
0x000002183c86d800, 0x000002183c871800, 0x000002183c86e000, 0x000002183c86f000,
0x000002183c870000, 0x000002183c870800, 0x000002183c686800, 0x000002183c685000,
0x000002183c682800, 0x000002183c683800, 0x000002183c684000, 0x000002183c689000,
0x000002183c68a000, 0x000002183c686000, 0x000002183c68a800, 0x000002183c688800,
0x000002183c68b800, 0x000002183c68c800, 0x000002183c68d000, 0x000002183c687800,
0x000002183c68e000, 0x000002183c691000, 0x000002183c68f000, 0x000002183c68f800,
0x000002183c690800, 0x000002183c1fe000, 0x000002183c1fb000, 0x000002183c1fd800,
0x000002183c1fb800, 0x000002183c1fc800, 0x000002183c1ff000, 0x000002183c1f9000,
0x000002183c200000, 0x000002183c1fa000, 0x000002183c204000, 0x000002183c203000,
0x000002183c206800, 0x000002183c202000, 0x000002183c204800, 0x000002183c200800,
0x000002183c205800, 0x000002183c207000, 0x000002183c201800, 0x000002183c208000,
0x000002183d85a000, 0x000002183d854800, 0x000002183d85b000, 0x000002183d855000,
0x000002183d856000, 0x000002183d857000, 0x000002183d858800, 0x000002183d857800,
0x000002183d859800, 0x000002183c4e0800, 0x000002183c4df800, 0x000002183c4e1000,
0x000002183c4e2000, 0x000002183c4de800, 0x000002183c4e3000, 0x000002183c4dd000,
0x000002183c4e3800, 0x000002183c4de000, 0x000002183c4e9800, 0x000002183c4e6000,
0x000002183c4e8800, 0x000002183c4e5800, 0x000002183c4ea000, 0x000002183c4e7000,
0x000002183c4e4800, 0x000002183c4ec000, 0x000002183c4e7800, 0x000002183c4eb000,
0x0000021840d20800, 0x0000021840d27000, 0x0000021840d25800, 0x0000021840d22800,
0x0000021840d26800, 0x0000021840d21800, 0x0000021840d23000, 0x0000021840d24000,
0x0000021840d24800, 0x000002183fcee000, 0x000002183fcea000, 0x000002183fceb000,
0x000002183fce9800, 0x000002183fced800, 0x000002183fcec000, 0x000002183fcec800,
0x000002183fce8800, 0x000002183fcf3000, 0x000002183fcf4000, 0x000002183fcef000,
0x000002183af8b800
}

Java Threads: ( => current thread )
  0x000002181a421000 JavaThread "main" [_thread_blocked, id=23280, stack(0x000000ea50600000,0x000000ea50700000)]
  0x0000021839509000 JavaThread "Reference Handler" daemon [_thread_blocked, id=7224, stack(0x000000ea50d00000,0x000000ea50e00000)]
  0x0000021839501000 JavaThread "Finalizer" daemon [_thread_blocked, id=14820, stack(0x000000ea50e00000,0x000000ea50f00000)]
  0x0000021839518000 JavaThread "Signal Dispatcher" daemon [_thread_blocked, id=23816, stack(0x000000ea50f00000,0x000000ea51000000)]
  0x0000021839519000 JavaThread "Attach Listener" daemon [_thread_blocked, id=1200, stack(0x000000ea51000000,0x000000ea51100000)]
  0x000002183951b800 JavaThread "Service Thread" daemon [_thread_blocked, id=33984, stack(0x000000ea51100000,0x000000ea51200000)]
  0x000002183951c800 JavaThread "C2 CompilerThread0" daemon [_thread_in_native, id=22780, stack(0x000000ea51200000,0x000000ea51300000)]
  0x0000021839526000 JavaThread "C1 CompilerThread0" daemon [_thread_blocked, id=13624, stack(0x000000ea51300000,0x000000ea51400000)]
  0x000002183952e000 JavaThread "Sweeper thread" daemon [_thread_blocked, id=10436, stack(0x000000ea51400000,0x000000ea51500000)]
  0x0000021839ff0000 JavaThread "Common-Cleaner" daemon [_thread_blocked, id=17532, stack(0x000000ea51500000,0x000000ea51600000)]
  0x000002183c163000 JavaThread "Daemon health stats" [_thread_blocked, id=30328, stack(0x000000ea51a00000,0x000000ea51b00000)]
  0x000002183a10f000 JavaThread "Incoming local TCP Connector on port 54274" [_thread_in_native, id=32988, stack(0x000000ea51700000,0x000000ea51800000)]
  0x000002183b4c4800 JavaThread "Daemon periodic checks" [_thread_blocked, id=21708, stack(0x000000ea51b00000,0x000000ea51c00000)]
  0x000002183c740800 JavaThread "Daemon" [_thread_blocked, id=19508, stack(0x000000ea51c00000,0x000000ea51d00000)]
  0x000002183c4b3800 JavaThread "Handler for socket connection from /127.0.0.1:54274 to /127.0.0.1:54275" [_thread_in_native, id=27584, stack(0x000000ea51d00000,0x000000ea51e00000)]
  0x000002183c1d8000 JavaThread "Cancel handler" [_thread_blocked, id=35224, stack(0x000000ea51e00000,0x000000ea51f00000)]
  0x000002183a82f800 JavaThread "Daemon worker" [_thread_blocked, id=30612, stack(0x000000ea51f00000,0x000000ea52000000)]
  0x000002183a6eb000 JavaThread "Asynchronous log dispatcher for DefaultDaemonConnection: socket connection from /127.0.0.1:54274 to /127.0.0.1:54275" [_thread_blocked, id=34016, stack(0x000000ea52100000,0x000000ea52200000)]
  0x000002183c357000 JavaThread "Daemon client event forwarder" [_thread_blocked, id=27832, stack(0x000000ea52300000,0x000000ea52400000)]
  0x000002183bfa7800 JavaThread "Cache worker for journal cache (C:\Users\nguye\.gradle\caches\journal-1)" [_thread_blocked, id=37920, stack(0x000000ea52900000,0x000000ea52a00000)]
  0x000002183bfa9800 JavaThread "File lock request listener" [_thread_in_native, id=2132, stack(0x000000ea52a00000,0x000000ea52b00000)]
  0x000002183bfab800 JavaThread "Cache worker for file hash cache (C:\Users\nguye\.gradle\caches\8.0.1\fileHashes)" [_thread_blocked, id=27484, stack(0x000000ea52000000,0x000000ea52100000)]
  0x000002183bfaa800 JavaThread "File watcher server" daemon [_thread_in_native, id=17312, stack(0x000000ea52d00000,0x000000ea52e00000)]
  0x000002183bfad000 JavaThread "File watcher consumer" daemon [_thread_blocked, id=25412, stack(0x000000ea52e00000,0x000000ea52f00000)]
  0x000002183bfa8000 JavaThread "Cache worker for checksums cache (E:\DaCNTT2\project\source\frontend\kahoot-fe\kahut\android\.gradle\8.0.1\checksums)" [_thread_blocked, id=31712, stack(0x000000ea52f00000,0x000000ea53000000)]
  0x000002183bfac000 JavaThread "Cache worker for cache directory md-rule (C:\Users\nguye\.gradle\caches\8.0.1\md-rule)" [_thread_blocked, id=2304, stack(0x000000ea53000000,0x000000ea53100000)]
  0x000002183bfa9000 JavaThread "Cache worker for file content cache (C:\Users\nguye\.gradle\caches\8.0.1\fileContent)" [_thread_blocked, id=14420, stack(0x000000ea53100000,0x000000ea53200000)]
  0x000002183bfae000 JavaThread "Cache worker for file hash cache (E:\DaCNTT2\project\source\frontend\kahoot-fe\kahut\android\.gradle\8.0.1\fileHashes)" [_thread_blocked, id=31524, stack(0x000000ea53200000,0x000000ea53300000)]
  0x000002183c865800 JavaThread "Cache worker for cache directory md-supplier (C:\Users\nguye\.gradle\caches\8.0.1\md-supplier)" [_thread_blocked, id=27208, stack(0x000000ea53300000,0x000000ea53400000)]
  0x000002183c864800 JavaThread "Cache worker for execution history cache (C:\Users\nguye\.gradle\caches\8.0.1\executionHistory)" [_thread_blocked, id=30296, stack(0x000000ea53400000,0x000000ea53500000)]
  0x000002183c868800 JavaThread "jar transforms" [_thread_blocked, id=36564, stack(0x000000ea53500000,0x000000ea53600000)]
  0x000002183c86b000 JavaThread "jar transforms Thread 2" [_thread_blocked, id=27808, stack(0x000000ea53600000,0x000000ea53700000)]
  0x000002183c869800 JavaThread "jar transforms Thread 3" [_thread_blocked, id=38052, stack(0x000000ea53700000,0x000000ea53800000)]
  0x000002183c86a000 JavaThread "jar transforms Thread 4" [_thread_blocked, id=34864, stack(0x000000ea53800000,0x000000ea53900000)]
  0x000002183c86c000 JavaThread "Cache worker for kotlin-dsl (C:\Users\nguye\.gradle\caches\8.0.1\kotlin-dsl)" [_thread_blocked, id=10060, stack(0x000000ea52c00000,0x000000ea52d00000)]
  0x000002183c866000 JavaThread "jar transforms Thread 5" [_thread_blocked, id=22016, stack(0x000000ea53900000,0x000000ea53a00000)]
  0x000002183c86c800 JavaThread "jar transforms Thread 6" [_thread_blocked, id=25484, stack(0x000000ea53a00000,0x000000ea53b00000)]
  0x000002183c867000 JavaThread "Cache worker for dependencies-accessors (E:\DaCNTT2\project\source\frontend\kahoot-fe\kahut\android\.gradle\8.0.1\dependencies-accessors)" [_thread_blocked, id=31560, stack(0x000000ea53b00000,0x000000ea53c00000)]
  0x000002183c873000 JavaThread "Cache worker for Build Output Cleanup Cache (E:\DaCNTT2\project\source\frontend\kahoot-fe\kahut\node_modules\@react-native\gradle-plugin\.gradle\buildOutputCleanup)" [_thread_blocked, id=22120, stack(0x000000ea53c00000,0x000000ea53d00000)]
  0x000002183c872800 JavaThread "jar transforms Thread 7" [_thread_blocked, id=32580, stack(0x000000ea53d00000,0x000000ea53e00000)]
  0x000002183c86d800 JavaThread "Unconstrained build operations" [_thread_blocked, id=4912, stack(0x000000ea53e00000,0x000000ea53f00000)]
  0x000002183c871800 JavaThread "Unconstrained build operations Thread 2" [_thread_blocked, id=21368, stack(0x000000ea53f00000,0x000000ea54000000)]
  0x000002183c86e000 JavaThread "Unconstrained build operations Thread 3" [_thread_blocked, id=8604, stack(0x000000ea54000000,0x000000ea54100000)]
  0x000002183c86f000 JavaThread "Unconstrained build operations Thread 4" [_thread_blocked, id=26912, stack(0x000000ea54100000,0x000000ea54200000)]
  0x000002183c870000 JavaThread "Unconstrained build operations Thread 5" [_thread_blocked, id=13908, stack(0x000000ea54200000,0x000000ea54300000)]
  0x000002183c870800 JavaThread "Unconstrained build operations Thread 6" [_thread_blocked, id=17012, stack(0x000000ea54300000,0x000000ea54400000)]
  0x000002183c686800 JavaThread "Unconstrained build operations Thread 7" [_thread_blocked, id=36612, stack(0x000000ea54400000,0x000000ea54500000)]
  0x000002183c685000 JavaThread "Unconstrained build operations Thread 8" [_thread_blocked, id=36436, stack(0x000000ea54500000,0x000000ea54600000)]
  0x000002183c682800 JavaThread "Unconstrained build operations Thread 9" [_thread_blocked, id=33196, stack(0x000000ea54600000,0x000000ea54700000)]
  0x000002183c683800 JavaThread "Unconstrained build operations Thread 10" [_thread_blocked, id=20380, stack(0x000000ea54700000,0x000000ea54800000)]
  0x000002183c684000 JavaThread "Unconstrained build operations Thread 11" [_thread_blocked, id=28432, stack(0x000000ea54800000,0x000000ea54900000)]
  0x000002183c689000 JavaThread "Unconstrained build operations Thread 12" [_thread_blocked, id=696, stack(0x000000ea54900000,0x000000ea54a00000)]
  0x000002183c68a000 JavaThread "Unconstrained build operations Thread 13" [_thread_blocked, id=38816, stack(0x000000ea54a00000,0x000000ea54b00000)]
  0x000002183c686000 JavaThread "Unconstrained build operations Thread 14" [_thread_blocked, id=13588, stack(0x000000ea54b00000,0x000000ea54c00000)]
  0x000002183c68a800 JavaThread "Unconstrained build operations Thread 15" [_thread_blocked, id=38876, stack(0x000000ea54c00000,0x000000ea54d00000)]
  0x000002183c688800 JavaThread "Unconstrained build operations Thread 16" [_thread_blocked, id=15752, stack(0x000000ea54d00000,0x000000ea54e00000)]
  0x000002183c68b800 JavaThread "Unconstrained build operations Thread 17" [_thread_blocked, id=28292, stack(0x000000ea54e00000,0x000000ea54f00000)]
  0x000002183c68c800 JavaThread "Unconstrained build operations Thread 18" [_thread_blocked, id=34484, stack(0x000000ea54f00000,0x000000ea55000000)]
  0x000002183c68d000 JavaThread "Unconstrained build operations Thread 19" [_thread_blocked, id=26680, stack(0x000000ea55000000,0x000000ea55100000)]
  0x000002183c687800 JavaThread "Unconstrained build operations Thread 20" [_thread_blocked, id=9812, stack(0x000000ea55100000,0x000000ea55200000)]
  0x000002183c68e000 JavaThread "Unconstrained build operations Thread 21" [_thread_blocked, id=6944, stack(0x000000ea55200000,0x000000ea55300000)]
  0x000002183c691000 JavaThread "Unconstrained build operations Thread 22" [_thread_blocked, id=25872, stack(0x000000ea55300000,0x000000ea55400000)]
  0x000002183c68f000 JavaThread "Unconstrained build operations Thread 23" [_thread_blocked, id=22312, stack(0x000000ea55400000,0x000000ea55500000)]
  0x000002183c68f800 JavaThread "Unconstrained build operations Thread 24" [_thread_blocked, id=5004, stack(0x000000ea55500000,0x000000ea55600000)]
  0x000002183c690800 JavaThread "Unconstrained build operations Thread 25" [_thread_blocked, id=5912, stack(0x000000ea55600000,0x000000ea55700000)]
  0x000002183c1fe000 JavaThread "Unconstrained build operations Thread 26" [_thread_blocked, id=11276, stack(0x000000ea55700000,0x000000ea55800000)]
  0x000002183c1fb000 JavaThread "jar transforms Thread 8" [_thread_blocked, id=18852, stack(0x000000ea55800000,0x000000ea55900000)]
  0x000002183c1fd800 JavaThread "Memory manager" [_thread_blocked, id=10652, stack(0x000000ea55b00000,0x000000ea55c00000)]
  0x000002183c1fb800 JavaThread "Cache worker for Build Output Cleanup Cache (E:\DaCNTT2\project\source\frontend\kahoot-fe\kahut\android\.gradle\buildOutputCleanup)" [_thread_blocked, id=13296, stack(0x000000ea55c00000,0x000000ea55d00000)]
  0x000002183c1fc800 JavaThread "included builds" [_thread_blocked, id=32848, stack(0x000000ea55d00000,0x000000ea55e00000)]
  0x000002183c1ff000 JavaThread "Execution worker" [_thread_blocked, id=34192, stack(0x000000ea55e00000,0x000000ea55f00000)]
  0x000002183c1f9000 JavaThread "Execution worker Thread 2" [_thread_blocked, id=35128, stack(0x000000ea55f00000,0x000000ea56000000)]
  0x000002183c200000 JavaThread "Execution worker Thread 3" [_thread_blocked, id=34492, stack(0x000000ea56000000,0x000000ea56100000)]
  0x000002183c1fa000 JavaThread "Execution worker Thread 4" [_thread_blocked, id=34908, stack(0x000000ea56100000,0x000000ea56200000)]
  0x000002183c204000 JavaThread "Execution worker Thread 5" [_thread_blocked, id=31468, stack(0x000000ea56200000,0x000000ea56300000)]
  0x000002183c203000 JavaThread "Execution worker Thread 6" [_thread_blocked, id=32840, stack(0x000000ea56300000,0x000000ea56400000)]
  0x000002183c206800 JavaThread "Execution worker Thread 7" [_thread_blocked, id=20456, stack(0x000000ea56400000,0x000000ea56500000)]
  0x000002183c202000 JavaThread "Cache worker for execution history cache (E:\DaCNTT2\project\source\frontend\kahoot-fe\kahut\node_modules\@react-native\gradle-plugin\.gradle\8.0.1\executionHistory)" [_thread_blocked, id=4744, stack(0x000000ea56500000,0x000000ea56600000)]
  0x000002183c204800 JavaThread "Unconstrained build operations Thread 27" [_thread_blocked, id=32396, stack(0x000000ea56600000,0x000000ea56700000)]
  0x000002183c200800 JavaThread "Unconstrained build operations Thread 28" [_thread_blocked, id=3188, stack(0x000000ea56700000,0x000000ea56800000)]
  0x000002183c205800 JavaThread "Unconstrained build operations Thread 29" [_thread_blocked, id=7628, stack(0x000000ea56800000,0x000000ea56900000)]
  0x000002183c207000 JavaThread "Unconstrained build operations Thread 30" [_thread_blocked, id=25128, stack(0x000000ea56900000,0x000000ea56a00000)]
  0x000002183c201800 JavaThread "Unconstrained build operations Thread 31" [_thread_blocked, id=33696, stack(0x000000ea56a00000,0x000000ea56b00000)]
  0x000002183c208000 JavaThread "Unconstrained build operations Thread 32" [_thread_blocked, id=16596, stack(0x000000ea56b00000,0x000000ea56c00000)]
  0x000002183d85a000 JavaThread "Unconstrained build operations Thread 33" [_thread_blocked, id=8100, stack(0x000000ea56c00000,0x000000ea56d00000)]
  0x000002183d854800 JavaThread "Unconstrained build operations Thread 34" [_thread_blocked, id=7132, stack(0x000000ea56d00000,0x000000ea56e00000)]
  0x000002183d85b000 JavaThread "Unconstrained build operations Thread 35" [_thread_blocked, id=30256, stack(0x000000ea56e00000,0x000000ea56f00000)]
  0x000002183d855000 JavaThread "Unconstrained build operations Thread 36" [_thread_blocked, id=8988, stack(0x000000ea56f00000,0x000000ea57000000)]
  0x000002183d856000 JavaThread "Unconstrained build operations Thread 37" [_thread_blocked, id=13996, stack(0x000000ea57000000,0x000000ea57100000)]
  0x000002183d857000 JavaThread "Unconstrained build operations Thread 38" [_thread_blocked, id=23144, stack(0x000000ea57100000,0x000000ea57200000)]
  0x000002183d858800 JavaThread "Unconstrained build operations Thread 39" [_thread_blocked, id=17236, stack(0x000000ea57200000,0x000000ea57300000)]
  0x000002183d857800 JavaThread "Unconstrained build operations Thread 40" [_thread_blocked, id=28592, stack(0x000000ea57300000,0x000000ea57400000)]
  0x000002183d859800 JavaThread "Unconstrained build operations Thread 41" [_thread_blocked, id=11460, stack(0x000000ea57400000,0x000000ea57500000)]
  0x000002183c4e0800 JavaThread "Unconstrained build operations Thread 42" [_thread_blocked, id=23584, stack(0x000000ea57500000,0x000000ea57600000)]
  0x000002183c4df800 JavaThread "Unconstrained build operations Thread 43" [_thread_blocked, id=36700, stack(0x000000ea57600000,0x000000ea57700000)]
  0x000002183c4e1000 JavaThread "Unconstrained build operations Thread 44" [_thread_blocked, id=18564, stack(0x000000ea57700000,0x000000ea57800000)]
  0x000002183c4e2000 JavaThread "Unconstrained build operations Thread 45" [_thread_blocked, id=5148, stack(0x000000ea57800000,0x000000ea57900000)]
  0x000002183c4de800 JavaThread "Unconstrained build operations Thread 46" [_thread_blocked, id=31420, stack(0x000000ea57900000,0x000000ea57a00000)]
  0x000002183c4e3000 JavaThread "Unconstrained build operations Thread 47" [_thread_blocked, id=25224, stack(0x000000ea57a00000,0x000000ea57b00000)]
  0x000002183c4dd000 JavaThread "Unconstrained build operations Thread 48" [_thread_blocked, id=37312, stack(0x000000ea57b00000,0x000000ea57c00000)]
  0x000002183c4e3800 JavaThread "Unconstrained build operations Thread 49" [_thread_blocked, id=17164, stack(0x000000ea57c00000,0x000000ea57d00000)]
  0x000002183c4de000 JavaThread "Unconstrained build operations Thread 50" [_thread_blocked, id=7092, stack(0x000000ea57d00000,0x000000ea57e00000)]
  0x000002183c4e9800 JavaThread "Unconstrained build operations Thread 51" [_thread_blocked, id=33976, stack(0x000000ea57e00000,0x000000ea57f00000)]
  0x000002183c4e6000 JavaThread "Unconstrained build operations Thread 52" [_thread_blocked, id=31396, stack(0x000000ea57f00000,0x000000ea58000000)]
  0x000002183c4e8800 JavaThread "Unconstrained build operations Thread 53" [_thread_blocked, id=22208, stack(0x000000ea58000000,0x000000ea58100000)]
  0x000002183c4e5800 JavaThread "Unconstrained build operations Thread 54" [_thread_blocked, id=35668, stack(0x000000ea58100000,0x000000ea58200000)]
  0x000002183c4ea000 JavaThread "Unconstrained build operations Thread 55" [_thread_blocked, id=14036, stack(0x000000ea58200000,0x000000ea58300000)]
  0x000002183c4e7000 JavaThread "Unconstrained build operations Thread 56" [_thread_blocked, id=38848, stack(0x000000ea58300000,0x000000ea58400000)]
  0x000002183c4e4800 JavaThread "Unconstrained build operations Thread 57" [_thread_blocked, id=16440, stack(0x000000ea58400000,0x000000ea58500000)]
  0x000002183c4ec000 JavaThread "Unconstrained build operations Thread 58" [_thread_blocked, id=30172, stack(0x000000ea58500000,0x000000ea58600000)]
  0x000002183c4e7800 JavaThread "Unconstrained build operations Thread 59" [_thread_blocked, id=20272, stack(0x000000ea58600000,0x000000ea58700000)]
  0x000002183c4eb000 JavaThread "Unconstrained build operations Thread 60" [_thread_blocked, id=37272, stack(0x000000ea58700000,0x000000ea58800000)]
  0x0000021840d20800 JavaThread "Unconstrained build operations Thread 61" [_thread_blocked, id=29336, stack(0x000000ea58800000,0x000000ea58900000)]
  0x0000021840d27000 JavaThread "Unconstrained build operations Thread 62" [_thread_blocked, id=35432, stack(0x000000ea58900000,0x000000ea58a00000)]
  0x0000021840d25800 JavaThread "Unconstrained build operations Thread 63" [_thread_blocked, id=15648, stack(0x000000ea58a00000,0x000000ea58b00000)]
  0x0000021840d22800 JavaThread "Unconstrained build operations Thread 64" [_thread_blocked, id=14000, stack(0x000000ea58b00000,0x000000ea58c00000)]
  0x0000021840d26800 JavaThread "Unconstrained build operations Thread 65" [_thread_blocked, id=33612, stack(0x000000ea58c00000,0x000000ea58d00000)]
  0x0000021840d21800 JavaThread "Unconstrained build operations Thread 66" [_thread_blocked, id=29284, stack(0x000000ea58d00000,0x000000ea58e00000)]
  0x0000021840d23000 JavaThread "Unconstrained build operations Thread 67" [_thread_blocked, id=14020, stack(0x000000ea58e00000,0x000000ea58f00000)]
  0x0000021840d24000 JavaThread "Unconstrained build operations Thread 68" [_thread_blocked, id=12200, stack(0x000000ea58f00000,0x000000ea59000000)]
  0x0000021840d24800 JavaThread "Unconstrained build operations Thread 69" [_thread_blocked, id=26840, stack(0x000000ea59000000,0x000000ea59100000)]
  0x000002183fcee000 JavaThread "Unconstrained build operations Thread 70" [_thread_blocked, id=22516, stack(0x000000ea59100000,0x000000ea59200000)]
  0x000002183fcea000 JavaThread "Unconstrained build operations Thread 71" [_thread_blocked, id=30248, stack(0x000000ea59200000,0x000000ea59300000)]
  0x000002183fceb000 JavaThread "Unconstrained build operations Thread 72" [_thread_blocked, id=38832, stack(0x000000ea59300000,0x000000ea59400000)]
  0x000002183fce9800 JavaThread "Unconstrained build operations Thread 73" [_thread_blocked, id=26904, stack(0x000000ea59400000,0x000000ea59500000)]
  0x000002183fced800 JavaThread "Unconstrained build operations Thread 74" [_thread_blocked, id=38564, stack(0x000000ea59500000,0x000000ea59600000)]
  0x000002183fcec000 JavaThread "Unconstrained build operations Thread 75" [_thread_blocked, id=38140, stack(0x000000ea59600000,0x000000ea59700000)]
  0x000002183fcec800 JavaThread "Unconstrained build operations Thread 76" [_thread_blocked, id=36112, stack(0x000000ea59700000,0x000000ea59800000)]
  0x000002183fce8800 JavaThread "Unconstrained build operations Thread 77" [_thread_blocked, id=6532, stack(0x000000ea59800000,0x000000ea59900000)]
  0x000002183fcf3000 JavaThread "Unconstrained build operations Thread 78" [_thread_blocked, id=16040, stack(0x000000ea59900000,0x000000ea59a00000)]
  0x000002183fcf4000 JavaThread "Unconstrained build operations Thread 79" [_thread_blocked, id=28060, stack(0x000000ea59a00000,0x000000ea59b00000)]
  0x000002183fcef000 JavaThread "Unconstrained build operations Thread 80" [_thread_blocked, id=4616, stack(0x000000ea59b00000,0x000000ea59c00000)]
  0x000002183af8b800 JavaThread "C2 CompilerThread1" daemon [_thread_blocked, id=13544, stack(0x000000ea59c00000,0x000000ea59d00000)]

Other Threads:
=>0x00000218394f5000 VMThread "VM Thread" [stack: 0x000000ea50c00000,0x000000ea50d00000] [id=15520]
  0x000002183a010000 WatcherThread [stack: 0x000000ea51600000,0x000000ea51700000] [id=15412]
  0x000002181a43c800 GCTaskThread "GC Thread#0" [stack: 0x000000ea50700000,0x000000ea50800000] [id=30320]
  0x000002183aca9000 GCTaskThread "GC Thread#1" [stack: 0x000000ea51800000,0x000000ea51900000] [id=16532]
  0x000002183b4fd000 GCTaskThread "GC Thread#2" [stack: 0x000000ea51900000,0x000000ea51a00000] [id=14768]
  0x000002183a830000 GCTaskThread "GC Thread#3" [stack: 0x000000ea52400000,0x000000ea52500000] [id=38300]
  0x000002183a6ec000 GCTaskThread "GC Thread#4" [stack: 0x000000ea52500000,0x000000ea52600000] [id=28248]
  0x000002183af52000 GCTaskThread "GC Thread#5" [stack: 0x000000ea52600000,0x000000ea52700000] [id=24648]
  0x000002183c25d800 GCTaskThread "GC Thread#6" [stack: 0x000000ea52700000,0x000000ea52800000] [id=33388]
  0x000002183a270800 GCTaskThread "GC Thread#7" [stack: 0x000000ea52800000,0x000000ea52900000] [id=15356]
  0x000002181a46d800 ConcurrentGCThread "G1 Main Marker" [stack: 0x000000ea50800000,0x000000ea50900000] [id=36532]
  0x000002181a46f800 ConcurrentGCThread "G1 Conc#0" [stack: 0x000000ea50900000,0x000000ea50a00000] [id=19532]
  0x000002183a38c000 ConcurrentGCThread "G1 Conc#1" [stack: 0x000000ea52b00000,0x000000ea52c00000] [id=20368]
  0x0000021839364800 ConcurrentGCThread "G1 Refine#0" [stack: 0x000000ea50a00000,0x000000ea50b00000] [id=32148]
  0x0000021839367000 ConcurrentGCThread "G1 Young RemSet Sampling" [stack: 0x000000ea50b00000,0x000000ea50c00000] [id=25480]

Threads with active compile tasks:
C2 CompilerThread0    63102 12469   !   4       org.gradle.internal.deprecation.DeprecationLogger::whileDisabledThrowing (45 bytes)
C2 CompilerThread1    63103 12332   !   4       org.gradle.internal.instantiation.generator.DependencyInjectingInstantiator::doCreate (64 bytes)

VM state:at safepoint (normal execution)

VM Mutex/Monitor currently owned by a thread:  ([mutex/lock_event])
[0x000002181a41def0] Threads_lock - owner thread: 0x00000218394f5000
[0x000002181a41e2e0] Heap_lock - owner thread: 0x000002183a82f800

Heap address: 0x0000000080000000, size: 2048 MB, Compressed Oops mode: 32-bit
Narrow klass base: 0x0000000000000000, Narrow klass shift: 3
Compressed class space size: 528482304 Address: 0x0000000100000000

Heap:
 garbage-first heap   total 354304K, used 160732K [0x0000000080000000, 0x0000000100000000)
  region size 1024K, 5 young (5120K), 5 survivors (5120K)
 Metaspace       used 104623K, capacity 108911K, committed 109064K, reserved 610304K
  class space    used 13800K, capacity 15498K, committed 15616K, reserved 516096K
Heap Regions: E=young(eden), S=young(survivor), O=old, HS=humongous(starts), HC=humongous(continues), CS=collection set, F=free, A=archive, TAMS=top-at-mark-start (previous, next)
|   0|0x0000000080000000, 0x0000000080100000, 0x0000000080100000|100%|HS|  |TAMS 0x0000000080100000, 0x0000000080100000| Complete 
|   1|0x0000000080100000, 0x0000000080200000, 0x0000000080200000|100%|HC|  |TAMS 0x0000000080200000, 0x0000000080200000| Complete 
|   2|0x0000000080200000, 0x0000000080300000, 0x0000000080300000|100%|HC|  |TAMS 0x0000000080300000, 0x0000000080300000| Complete 
|   3|0x0000000080300000, 0x0000000080400000, 0x0000000080400000|100%|HC|  |TAMS 0x0000000080400000, 0x0000000080400000| Complete 
|   4|0x0000000080400000, 0x0000000080500000, 0x0000000080500000|100%| O|  |TAMS 0x0000000080500000, 0x0000000080500000| Untracked 
|   5|0x0000000080500000, 0x0000000080600000, 0x0000000080600000|100%| O|  |TAMS 0x0000000080600000, 0x0000000080600000| Untracked 
|   6|0x0000000080600000, 0x0000000080700000, 0x0000000080700000|100%| O|  |TAMS 0x0000000080700000, 0x0000000080700000| Untracked 
|   7|0x0000000080700000, 0x0000000080800000, 0x0000000080800000|100%| O|  |TAMS 0x0000000080800000, 0x0000000080800000| Untracked 
|   8|0x0000000080800000, 0x0000000080900000, 0x0000000080900000|100%| O|  |TAMS 0x0000000080900000, 0x0000000080900000| Untracked 
|   9|0x0000000080900000, 0x0000000080a00000, 0x0000000080a00000|100%| O|  |TAMS 0x0000000080a00000, 0x0000000080a00000| Untracked 
|  10|0x0000000080a00000, 0x0000000080b00000, 0x0000000080b00000|100%| O|  |TAMS 0x0000000080b00000, 0x0000000080b00000| Untracked 
|  11|0x0000000080b00000, 0x0000000080c00000, 0x0000000080c00000|100%| O|  |TAMS 0x0000000080c00000, 0x0000000080c00000| Untracked 
|  12|0x0000000080c00000, 0x0000000080d00000, 0x0000000080d00000|100%| O|  |TAMS 0x0000000080d00000, 0x0000000080d00000| Untracked 
|  13|0x0000000080d00000, 0x0000000080e00000, 0x0000000080e00000|100%| O|  |TAMS 0x0000000080e00000, 0x0000000080e00000| Untracked 
|  14|0x0000000080e00000, 0x0000000080f00000, 0x0000000080f00000|100%| O|  |TAMS 0x0000000080f00000, 0x0000000080f00000| Untracked 
|  15|0x0000000080f00000, 0x0000000081000000, 0x0000000081000000|100%| O|  |TAMS 0x0000000081000000, 0x0000000081000000| Untracked 
|  16|0x0000000081000000, 0x0000000081100000, 0x0000000081100000|100%| O|  |TAMS 0x0000000081100000, 0x0000000081100000| Untracked 
|  17|0x0000000081100000, 0x0000000081200000, 0x0000000081200000|100%| O|  |TAMS 0x0000000081200000, 0x0000000081200000| Untracked 
|  18|0x0000000081200000, 0x0000000081300000, 0x0000000081300000|100%| O|  |TAMS 0x0000000081300000, 0x0000000081300000| Untracked 
|  19|0x0000000081300000, 0x0000000081400000, 0x0000000081400000|100%| O|  |TAMS 0x0000000081400000, 0x0000000081400000| Untracked 
|  20|0x0000000081400000, 0x0000000081500000, 0x0000000081500000|100%| O|  |TAMS 0x0000000081500000, 0x0000000081500000| Untracked 
|  21|0x0000000081500000, 0x0000000081600000, 0x0000000081600000|100%| O|  |TAMS 0x0000000081600000, 0x0000000081600000| Untracked 
|  22|0x0000000081600000, 0x0000000081700000, 0x0000000081700000|100%| O|  |TAMS 0x0000000081700000, 0x0000000081700000| Untracked 
|  23|0x0000000081700000, 0x0000000081800000, 0x0000000081800000|100%| O|  |TAMS 0x0000000081800000, 0x0000000081800000| Untracked 
|  24|0x0000000081800000, 0x0000000081900000, 0x0000000081900000|100%| O|  |TAMS 0x0000000081900000, 0x0000000081900000| Untracked 
|  25|0x0000000081900000, 0x0000000081a00000, 0x0000000081a00000|100%| O|  |TAMS 0x0000000081a00000, 0x0000000081a00000| Untracked 
|  26|0x0000000081a00000, 0x0000000081b00000, 0x0000000081b00000|100%| O|  |TAMS 0x0000000081b00000, 0x0000000081b00000| Untracked 
|  27|0x0000000081b00000, 0x0000000081c00000, 0x0000000081c00000|100%| O|  |TAMS 0x0000000081c00000, 0x0000000081c00000| Untracked 
|  28|0x0000000081c00000, 0x0000000081d00000, 0x0000000081d00000|100%| O|  |TAMS 0x0000000081d00000, 0x0000000081d00000| Untracked 
|  29|0x0000000081d00000, 0x0000000081e00000, 0x0000000081e00000|100%|HS|  |TAMS 0x0000000081e00000, 0x0000000081e00000| Complete 
|  30|0x0000000081e00000, 0x0000000081f00000, 0x0000000081f00000|100%|HC|  |TAMS 0x0000000081f00000, 0x0000000081f00000| Complete 
|  31|0x0000000081f00000, 0x0000000082000000, 0x0000000082000000|100%|HS|  |TAMS 0x0000000082000000, 0x0000000082000000| Complete 
|  32|0x0000000082000000, 0x0000000082100000, 0x0000000082100000|100%|HC|  |TAMS 0x0000000082100000, 0x0000000082100000| Complete 
|  33|0x0000000082100000, 0x0000000082200000, 0x0000000082200000|100%|HC|  |TAMS 0x0000000082200000, 0x0000000082200000| Complete 
|  34|0x0000000082200000, 0x0000000082300000, 0x0000000082300000|100%|HC|  |TAMS 0x0000000082300000, 0x0000000082300000| Complete 
|  35|0x0000000082300000, 0x0000000082400000, 0x0000000082400000|100%| O|  |TAMS 0x0000000082400000, 0x0000000082400000| Untracked 
|  36|0x0000000082400000, 0x0000000082500000, 0x0000000082500000|100%| O|  |TAMS 0x0000000082500000, 0x0000000082500000| Untracked 
|  37|0x0000000082500000, 0x0000000082600000, 0x0000000082600000|100%| O|  |TAMS 0x0000000082600000, 0x0000000082600000| Untracked 
|  38|0x0000000082600000, 0x0000000082700000, 0x0000000082700000|100%| O|  |TAMS 0x0000000082700000, 0x0000000082700000| Untracked 
|  39|0x0000000082700000, 0x0000000082800000, 0x0000000082800000|100%| O|  |TAMS 0x0000000082800000, 0x0000000082800000| Untracked 
|  40|0x0000000082800000, 0x0000000082900000, 0x0000000082900000|100%| O|  |TAMS 0x0000000082900000, 0x0000000082900000| Untracked 
|  41|0x0000000082900000, 0x0000000082a00000, 0x0000000082a00000|100%| O|  |TAMS 0x0000000082a00000, 0x0000000082a00000| Untracked 
|  42|0x0000000082a00000, 0x0000000082b00000, 0x0000000082b00000|100%| O|  |TAMS 0x0000000082b00000, 0x0000000082b00000| Untracked 
|  43|0x0000000082b00000, 0x0000000082c00000, 0x0000000082c00000|100%| O|  |TAMS 0x0000000082c00000, 0x0000000082c00000| Untracked 
|  44|0x0000000082c00000, 0x0000000082d00000, 0x0000000082d00000|100%| O|  |TAMS 0x0000000082d00000, 0x0000000082d00000| Untracked 
|  45|0x0000000082d00000, 0x0000000082e00000, 0x0000000082e00000|100%| O|  |TAMS 0x0000000082e00000, 0x0000000082e00000| Untracked 
|  46|0x0000000082e00000, 0x0000000082f00000, 0x0000000082f00000|100%| O|  |TAMS 0x0000000082f00000, 0x0000000082f00000| Untracked 
|  47|0x0000000082f00000, 0x0000000083000000, 0x0000000083000000|100%| O|  |TAMS 0x0000000083000000, 0x0000000083000000| Untracked 
|  48|0x0000000083000000, 0x0000000083100000, 0x0000000083100000|100%| O|  |TAMS 0x0000000083100000, 0x0000000083100000| Untracked 
|  49|0x0000000083100000, 0x0000000083200000, 0x0000000083200000|100%|HS|  |TAMS 0x0000000083200000, 0x0000000083200000| Complete 
|  50|0x0000000083200000, 0x0000000083300000, 0x0000000083300000|100%|HS|  |TAMS 0x0000000083300000, 0x0000000083300000| Complete 
|  51|0x0000000083300000, 0x0000000083400000, 0x0000000083400000|100%| O|  |TAMS 0x0000000083400000, 0x0000000083400000| Untracked 
|  52|0x0000000083400000, 0x0000000083500000, 0x0000000083500000|100%| O|  |TAMS 0x0000000083500000, 0x0000000083500000| Untracked 
|  53|0x0000000083500000, 0x0000000083600000, 0x0000000083600000|100%| O|  |TAMS 0x0000000083600000, 0x0000000083600000| Untracked 
|  54|0x0000000083600000, 0x0000000083700000, 0x0000000083700000|100%| O|  |TAMS 0x0000000083700000, 0x0000000083700000| Untracked 
|  55|0x0000000083700000, 0x0000000083800000, 0x0000000083800000|100%| O|  |TAMS 0x0000000083800000, 0x0000000083800000| Untracked 
|  56|0x0000000083800000, 0x0000000083900000, 0x0000000083900000|100%| O|  |TAMS 0x0000000083900000, 0x0000000083900000| Untracked 
|  57|0x0000000083900000, 0x0000000083a00000, 0x0000000083a00000|100%| O|  |TAMS 0x0000000083a00000, 0x0000000083a00000| Untracked 
|  58|0x0000000083a00000, 0x0000000083b00000, 0x0000000083b00000|100%| O|  |TAMS 0x0000000083b00000, 0x0000000083b00000| Untracked 
|  59|0x0000000083b00000, 0x0000000083c00000, 0x0000000083c00000|100%| O|  |TAMS 0x0000000083c00000, 0x0000000083c00000| Untracked 
|  60|0x0000000083c00000, 0x0000000083d00000, 0x0000000083d00000|100%| O|  |TAMS 0x0000000083d00000, 0x0000000083d00000| Untracked 
|  61|0x0000000083d00000, 0x0000000083e00000, 0x0000000083e00000|100%| O|  |TAMS 0x0000000083e00000, 0x0000000083e00000| Untracked 
|  62|0x0000000083e00000, 0x0000000083f00000, 0x0000000083f00000|100%| O|  |TAMS 0x0000000083f00000, 0x0000000083f00000| Untracked 
|  63|0x0000000083f00000, 0x0000000084000000, 0x0000000084000000|100%| O|  |TAMS 0x0000000084000000, 0x0000000084000000| Untracked 
|  64|0x0000000084000000, 0x0000000084100000, 0x0000000084100000|100%| O|  |TAMS 0x0000000084100000, 0x0000000084100000| Untracked 
|  65|0x0000000084100000, 0x0000000084200000, 0x0000000084200000|100%| O|  |TAMS 0x0000000084200000, 0x0000000084200000| Untracked 
|  66|0x0000000084200000, 0x0000000084300000, 0x0000000084300000|100%| O|  |TAMS 0x0000000084300000, 0x0000000084300000| Untracked 
|  67|0x0000000084300000, 0x0000000084400000, 0x0000000084400000|100%| O|  |TAMS 0x0000000084400000, 0x0000000084400000| Untracked 
|  68|0x0000000084400000, 0x0000000084500000, 0x0000000084500000|100%| O|  |TAMS 0x0000000084500000, 0x0000000084500000| Untracked 
|  69|0x0000000084500000, 0x0000000084600000, 0x0000000084600000|100%| O|  |TAMS 0x0000000084600000, 0x0000000084600000| Untracked 
|  70|0x0000000084600000, 0x0000000084700000, 0x0000000084700000|100%| O|  |TAMS 0x0000000084700000, 0x0000000084700000| Untracked 
|  71|0x0000000084700000, 0x0000000084800000, 0x0000000084800000|100%| O|  |TAMS 0x0000000084800000, 0x0000000084800000| Untracked 
|  72|0x0000000084800000, 0x0000000084900000, 0x0000000084900000|100%| O|  |TAMS 0x0000000084900000, 0x0000000084900000| Untracked 
|  73|0x0000000084900000, 0x0000000084a00000, 0x0000000084a00000|100%| O|  |TAMS 0x0000000084a00000, 0x0000000084a00000| Untracked 
|  74|0x0000000084a00000, 0x0000000084b00000, 0x0000000084b00000|100%| O|  |TAMS 0x0000000084b00000, 0x0000000084b00000| Untracked 
|  75|0x0000000084b00000, 0x0000000084c00000, 0x0000000084c00000|100%| O|  |TAMS 0x0000000084c00000, 0x0000000084c00000| Untracked 
|  76|0x0000000084c00000, 0x0000000084d00000, 0x0000000084d00000|100%| O|  |TAMS 0x0000000084d00000, 0x0000000084d00000| Untracked 
|  77|0x0000000084d00000, 0x0000000084e00000, 0x0000000084e00000|100%| O|  |TAMS 0x0000000084e00000, 0x0000000084e00000| Untracked 
|  78|0x0000000084e00000, 0x0000000084f00000, 0x0000000084f00000|100%| O|  |TAMS 0x0000000084f00000, 0x0000000084f00000| Untracked 
|  79|0x0000000084f00000, 0x0000000085000000, 0x0000000085000000|100%|HS|  |TAMS 0x0000000085000000, 0x0000000085000000| Complete 
|  80|0x0000000085000000, 0x0000000085100000, 0x0000000085100000|100%|HC|  |TAMS 0x0000000085100000, 0x0000000085100000| Complete 
|  81|0x0000000085100000, 0x0000000085200000, 0x0000000085200000|100%|HS|  |TAMS 0x0000000085200000, 0x0000000085200000| Complete 
|  82|0x0000000085200000, 0x0000000085300000, 0x0000000085300000|100%|HC|  |TAMS 0x0000000085300000, 0x0000000085300000| Complete 
|  83|0x0000000085300000, 0x0000000085400000, 0x0000000085400000|100%|HC|  |TAMS 0x0000000085400000, 0x0000000085400000| Complete 
|  84|0x0000000085400000, 0x0000000085500000, 0x0000000085500000|100%|HC|  |TAMS 0x0000000085500000, 0x0000000085500000| Complete 
|  85|0x0000000085500000, 0x0000000085600000, 0x0000000085600000|100%| O|  |TAMS 0x0000000085600000, 0x0000000085600000| Untracked 
|  86|0x0000000085600000, 0x0000000085700000, 0x0000000085700000|100%| O|  |TAMS 0x0000000085700000, 0x0000000085700000| Untracked 
|  87|0x0000000085700000, 0x0000000085800000, 0x0000000085800000|100%| O|  |TAMS 0x0000000085800000, 0x0000000085800000| Untracked 
|  88|0x0000000085800000, 0x0000000085900000, 0x0000000085900000|100%| O|  |TAMS 0x0000000085900000, 0x0000000085900000| Untracked 
|  89|0x0000000085900000, 0x0000000085a00000, 0x0000000085a00000|100%| O|  |TAMS 0x0000000085a00000, 0x0000000085a00000| Untracked 
|  90|0x0000000085a00000, 0x0000000085b00000, 0x0000000085b00000|100%| O|  |TAMS 0x0000000085b00000, 0x0000000085b00000| Untracked 
|  91|0x0000000085b00000, 0x0000000085c00000, 0x0000000085c00000|100%| O|  |TAMS 0x0000000085c00000, 0x0000000085c00000| Untracked 
|  92|0x0000000085c00000, 0x0000000085d00000, 0x0000000085d00000|100%| O|  |TAMS 0x0000000085d00000, 0x0000000085d00000| Untracked 
|  93|0x0000000085d00000, 0x0000000085e00000, 0x0000000085e00000|100%| O|  |TAMS 0x0000000085e00000, 0x0000000085e00000| Untracked 
|  94|0x0000000085e00000, 0x0000000085f00000, 0x0000000085f00000|100%| O|  |TAMS 0x0000000085f00000, 0x0000000085f00000| Untracked 
|  95|0x0000000085f00000, 0x0000000086000000, 0x0000000086000000|100%| O|  |TAMS 0x0000000086000000, 0x0000000086000000| Untracked 
|  96|0x0000000086000000, 0x0000000086100000, 0x0000000086100000|100%| O|  |TAMS 0x0000000086100000, 0x0000000086100000| Untracked 
|  97|0x0000000086100000, 0x0000000086200000, 0x0000000086200000|100%|HS|  |TAMS 0x0000000086200000, 0x0000000086200000| Complete 
|  98|0x0000000086200000, 0x0000000086300000, 0x0000000086300000|100%|HC|  |TAMS 0x0000000086300000, 0x0000000086300000| Complete 
|  99|0x0000000086300000, 0x0000000086400000, 0x0000000086400000|100%| O|  |TAMS 0x0000000086400000, 0x0000000086400000| Untracked 
| 100|0x0000000086400000, 0x0000000086500000, 0x0000000086500000|100%| O|  |TAMS 0x0000000086500000, 0x0000000086500000| Untracked 
| 101|0x0000000086500000, 0x0000000086600000, 0x0000000086600000|100%| O|  |TAMS 0x0000000086600000, 0x0000000086600000| Untracked 
| 102|0x0000000086600000, 0x0000000086700000, 0x0000000086700000|100%|HS|  |TAMS 0x0000000086700000, 0x0000000086700000| Complete 
| 103|0x0000000086700000, 0x0000000086800000, 0x0000000086800000|100%|HC|  |TAMS 0x0000000086800000, 0x0000000086800000| Complete 
| 104|0x0000000086800000, 0x0000000086900000, 0x0000000086900000|100%|HC|  |TAMS 0x0000000086900000, 0x0000000086900000| Complete 
| 105|0x0000000086900000, 0x0000000086a00000, 0x0000000086a00000|100%| O|  |TAMS 0x0000000086a00000, 0x0000000086a00000| Untracked 
| 106|0x0000000086a00000, 0x0000000086b00000, 0x0000000086b00000|100%| O|  |TAMS 0x0000000086b00000, 0x0000000086b00000| Untracked 
| 107|0x0000000086b00000, 0x0000000086c00000, 0x0000000086c00000|100%| O|  |TAMS 0x0000000086c00000, 0x0000000086c00000| Untracked 
| 108|0x0000000086c00000, 0x0000000086d00000, 0x0000000086d00000|100%| O|  |TAMS 0x0000000086d00000, 0x0000000086d00000| Untracked 
| 109|0x0000000086d00000, 0x0000000086e00000, 0x0000000086e00000|100%| O|  |TAMS 0x0000000086e00000, 0x0000000086e00000| Untracked 
| 110|0x0000000086e00000, 0x0000000086f00000, 0x0000000086f00000|100%| O|  |TAMS 0x0000000086f00000, 0x0000000086f00000| Untracked 
| 111|0x0000000086f00000, 0x0000000087000000, 0x0000000087000000|100%| O|  |TAMS 0x0000000087000000, 0x0000000087000000| Untracked 
| 112|0x0000000087000000, 0x0000000087100000, 0x0000000087100000|100%| O|  |TAMS 0x0000000087100000, 0x0000000087100000| Untracked 
| 113|0x0000000087100000, 0x0000000087200000, 0x0000000087200000|100%| O|  |TAMS 0x0000000087200000, 0x0000000087200000| Untracked 
| 114|0x0000000087200000, 0x0000000087300000, 0x0000000087300000|100%|HS|  |TAMS 0x0000000087300000, 0x0000000087300000| Complete 
| 115|0x0000000087300000, 0x0000000087400000, 0x0000000087400000|100%|HS|  |TAMS 0x0000000087400000, 0x0000000087400000| Complete 
| 116|0x0000000087400000, 0x0000000087500000, 0x0000000087500000|100%|HS|  |TAMS 0x0000000087500000, 0x0000000087500000| Complete 
| 117|0x0000000087500000, 0x0000000087600000, 0x0000000087600000|100%|HS|  |TAMS 0x0000000087600000, 0x0000000087600000| Complete 
| 118|0x0000000087600000, 0x0000000087700000, 0x0000000087700000|100%|HC|  |TAMS 0x0000000087700000, 0x0000000087700000| Complete 
| 119|0x0000000087700000, 0x0000000087800000, 0x0000000087800000|100%|HC|  |TAMS 0x0000000087800000, 0x0000000087800000| Complete 
| 120|0x0000000087800000, 0x0000000087900000, 0x0000000087900000|100%| O|  |TAMS 0x0000000087900000, 0x0000000087900000| Untracked 
| 121|0x0000000087900000, 0x0000000087a00000, 0x0000000087a00000|100%| O|  |TAMS 0x0000000087a00000, 0x0000000087a00000| Untracked 
| 122|0x0000000087a00000, 0x0000000087b00000, 0x0000000087b00000|100%| O|  |TAMS 0x0000000087b00000, 0x0000000087b00000| Untracked 
| 123|0x0000000087b00000, 0x0000000087c00000, 0x0000000087c00000|100%| O|  |TAMS 0x0000000087c00000, 0x0000000087c00000| Untracked 
| 124|0x0000000087c00000, 0x0000000087d00000, 0x0000000087d00000|100%|HS|  |TAMS 0x0000000087d00000, 0x0000000087d00000| Complete 
| 125|0x0000000087d00000, 0x0000000087e00000, 0x0000000087e00000|100%|HC|  |TAMS 0x0000000087e00000, 0x0000000087e00000| Complete 
| 126|0x0000000087e00000, 0x0000000087f00000, 0x0000000087f00000|100%| O|  |TAMS 0x0000000087f00000, 0x0000000087f00000| Untracked 
| 127|0x0000000087f00000, 0x0000000088000000, 0x0000000088000000|100%| O|  |TAMS 0x0000000088000000, 0x0000000088000000| Untracked 
| 128|0x0000000088000000, 0x0000000088100000, 0x0000000088100000|100%| O|  |TAMS 0x0000000088100000, 0x0000000088100000| Untracked 
| 129|0x0000000088100000, 0x0000000088200000, 0x0000000088200000|100%| O|  |TAMS 0x0000000088200000, 0x0000000088200000| Untracked 
| 130|0x0000000088200000, 0x0000000088300000, 0x0000000088300000|100%| O|  |TAMS 0x0000000088300000, 0x0000000088300000| Untracked 
| 131|0x0000000088300000, 0x0000000088400000, 0x0000000088400000|100%| O|  |TAMS 0x0000000088400000, 0x0000000088400000| Untracked 
| 132|0x0000000088400000, 0x0000000088500000, 0x0000000088500000|100%| O|  |TAMS 0x0000000088500000, 0x0000000088500000| Untracked 
| 133|0x0000000088500000, 0x0000000088600000, 0x0000000088600000|100%| O|  |TAMS 0x0000000088600000, 0x0000000088600000| Untracked 
| 134|0x0000000088600000, 0x0000000088700000, 0x0000000088700000|100%| O|  |TAMS 0x0000000088700000, 0x0000000088700000| Untracked 
| 135|0x0000000088700000, 0x0000000088800000, 0x0000000088800000|100%| O|  |TAMS 0x0000000088800000, 0x0000000088800000| Untracked 
| 136|0x0000000088800000, 0x0000000088900000, 0x0000000088900000|100%| O|  |TAMS 0x0000000088900000, 0x0000000088900000| Untracked 
| 137|0x0000000088900000, 0x0000000088a00000, 0x0000000088a00000|100%| O|  |TAMS 0x0000000088a00000, 0x0000000088a00000| Untracked 
| 138|0x0000000088a00000, 0x0000000088b00000, 0x0000000088b00000|100%| O|  |TAMS 0x0000000088b00000, 0x0000000088b00000| Untracked 
| 139|0x0000000088b00000, 0x0000000088c00000, 0x0000000088c00000|100%| O|  |TAMS 0x0000000088c00000, 0x0000000088c00000| Untracked 
| 140|0x0000000088c00000, 0x0000000088d00000, 0x0000000088d00000|100%| O|  |TAMS 0x0000000088d00000, 0x0000000088d00000| Untracked 
| 141|0x0000000088d00000, 0x0000000088e00000, 0x0000000088e00000|100%| O|  |TAMS 0x0000000088e00000, 0x0000000088e00000| Untracked 
| 142|0x0000000088e00000, 0x0000000088f00000, 0x0000000088f00000|100%| O|  |TAMS 0x0000000088f00000, 0x0000000088f00000| Untracked 
| 143|0x0000000088f00000, 0x0000000089000000, 0x0000000089000000|100%|HS|  |TAMS 0x0000000089000000, 0x0000000089000000| Complete 
| 144|0x0000000089000000, 0x0000000089100000, 0x0000000089100000|100%|HS|  |TAMS 0x0000000089100000, 0x0000000089100000| Complete 
| 145|0x0000000089100000, 0x0000000089200000, 0x0000000089200000|100%| O|  |TAMS 0x0000000089200000, 0x0000000089200000| Untracked 
| 146|0x0000000089200000, 0x0000000089300000, 0x0000000089300000|100%| O|  |TAMS 0x0000000089300000, 0x0000000089300000| Untracked 
| 147|0x0000000089300000, 0x0000000089400000, 0x0000000089400000|100%| O|  |TAMS 0x0000000089400000, 0x0000000089400000| Untracked 
| 148|0x0000000089400000, 0x0000000089500000, 0x0000000089500000|100%| O|  |TAMS 0x0000000089500000, 0x0000000089500000| Untracked 
| 149|0x0000000089500000, 0x0000000089600000, 0x0000000089600000|100%| O|  |TAMS 0x0000000089600000, 0x0000000089600000| Untracked 
| 150|0x0000000089600000, 0x0000000089700000, 0x0000000089700000|100%| O|  |TAMS 0x00000000896a2600, 0x0000000089700000| Untracked 
| 151|0x0000000089700000, 0x0000000089800000, 0x0000000089800000|100%| O|  |TAMS 0x0000000089700000, 0x0000000089800000| Untracked 
| 152|0x0000000089800000, 0x00000000898cb600, 0x0000000089900000| 79%| O|  |TAMS 0x0000000089800000, 0x00000000898cb600| Untracked 
| 153|0x0000000089900000, 0x0000000089900000, 0x0000000089a00000|  0%| F|  |TAMS 0x0000000089900000, 0x0000000089900000| Untracked 
| 154|0x0000000089a00000, 0x0000000089a00000, 0x0000000089b00000|  0%| F|  |TAMS 0x0000000089a00000, 0x0000000089a00000| Untracked 
| 155|0x0000000089b00000, 0x0000000089b00000, 0x0000000089c00000|  0%| F|  |TAMS 0x0000000089b00000, 0x0000000089b00000| Untracked 
| 156|0x0000000089c00000, 0x0000000089c00000, 0x0000000089d00000|  0%| F|  |TAMS 0x0000000089c00000, 0x0000000089c00000| Untracked 
| 157|0x0000000089d00000, 0x0000000089d00000, 0x0000000089e00000|  0%| F|  |TAMS 0x0000000089d00000, 0x0000000089d00000| Untracked 
| 158|0x0000000089e00000, 0x0000000089e00000, 0x0000000089f00000|  0%| F|  |TAMS 0x0000000089e00000, 0x0000000089e00000| Untracked 
| 159|0x0000000089f00000, 0x0000000089f00000, 0x000000008a000000|  0%| F|  |TAMS 0x0000000089f00000, 0x0000000089f00000| Untracked 
| 160|0x000000008a000000, 0x000000008a000000, 0x000000008a100000|  0%| F|  |TAMS 0x000000008a000000, 0x000000008a000000| Untracked 
| 161|0x000000008a100000, 0x000000008a100000, 0x000000008a200000|  0%| F|  |TAMS 0x000000008a100000, 0x000000008a100000| Untracked 
| 162|0x000000008a200000, 0x000000008a200000, 0x000000008a300000|  0%| F|  |TAMS 0x000000008a200000, 0x000000008a200000| Untracked 
| 163|0x000000008a300000, 0x000000008a300000, 0x000000008a400000|  0%| F|  |TAMS 0x000000008a300000, 0x000000008a300000| Untracked 
| 164|0x000000008a400000, 0x000000008a400000, 0x000000008a500000|  0%| F|  |TAMS 0x000000008a400000, 0x000000008a400000| Untracked 
| 165|0x000000008a500000, 0x000000008a500000, 0x000000008a600000|  0%| F|  |TAMS 0x000000008a500000, 0x000000008a500000| Untracked 
| 166|0x000000008a600000, 0x000000008a600000, 0x000000008a700000|  0%| F|  |TAMS 0x000000008a600000, 0x000000008a600000| Untracked 
| 167|0x000000008a700000, 0x000000008a700000, 0x000000008a800000|  0%| F|  |TAMS 0x000000008a700000, 0x000000008a700000| Untracked 
| 168|0x000000008a800000, 0x000000008a800000, 0x000000008a900000|  0%| F|  |TAMS 0x000000008a800000, 0x000000008a800000| Untracked 
| 169|0x000000008a900000, 0x000000008a900000, 0x000000008aa00000|  0%| F|  |TAMS 0x000000008a900000, 0x000000008a900000| Untracked 
| 170|0x000000008aa00000, 0x000000008aa00000, 0x000000008ab00000|  0%| F|  |TAMS 0x000000008aa00000, 0x000000008aa00000| Untracked 
| 171|0x000000008ab00000, 0x000000008ab00000, 0x000000008ac00000|  0%| F|  |TAMS 0x000000008ab00000, 0x000000008ab00000| Untracked 
| 172|0x000000008ac00000, 0x000000008ac00000, 0x000000008ad00000|  0%| F|  |TAMS 0x000000008ac00000, 0x000000008ac00000| Untracked 
| 173|0x000000008ad00000, 0x000000008ad00000, 0x000000008ae00000|  0%| F|  |TAMS 0x000000008ad00000, 0x000000008ad00000| Untracked 
| 174|0x000000008ae00000, 0x000000008ae00000, 0x000000008af00000|  0%| F|  |TAMS 0x000000008ae00000, 0x000000008ae00000| Untracked 
| 175|0x000000008af00000, 0x000000008af00000, 0x000000008b000000|  0%| F|  |TAMS 0x000000008af00000, 0x000000008af00000| Untracked 
| 176|0x000000008b000000, 0x000000008b000000, 0x000000008b100000|  0%| F|  |TAMS 0x000000008b000000, 0x000000008b000000| Untracked 
| 177|0x000000008b100000, 0x000000008b100000, 0x000000008b200000|  0%| F|  |TAMS 0x000000008b100000, 0x000000008b100000| Untracked 
| 178|0x000000008b200000, 0x000000008b200000, 0x000000008b300000|  0%| F|  |TAMS 0x000000008b200000, 0x000000008b200000| Untracked 
| 179|0x000000008b300000, 0x000000008b300000, 0x000000008b400000|  0%| F|  |TAMS 0x000000008b300000, 0x000000008b300000| Untracked 
| 180|0x000000008b400000, 0x000000008b400000, 0x000000008b500000|  0%| F|  |TAMS 0x000000008b400000, 0x000000008b400000| Untracked 
| 181|0x000000008b500000, 0x000000008b500000, 0x000000008b600000|  0%| F|  |TAMS 0x000000008b500000, 0x000000008b500000| Untracked 
| 182|0x000000008b600000, 0x000000008b600000, 0x000000008b700000|  0%| F|  |TAMS 0x000000008b600000, 0x000000008b600000| Untracked 
| 183|0x000000008b700000, 0x000000008b700000, 0x000000008b800000|  0%| F|  |TAMS 0x000000008b700000, 0x000000008b700000| Untracked 
| 184|0x000000008b800000, 0x000000008b800000, 0x000000008b900000|  0%| F|  |TAMS 0x000000008b800000, 0x000000008b800000| Untracked 
| 185|0x000000008b900000, 0x000000008b900000, 0x000000008ba00000|  0%| F|  |TAMS 0x000000008b900000, 0x000000008b900000| Untracked 
| 186|0x000000008ba00000, 0x000000008ba00000, 0x000000008bb00000|  0%| F|  |TAMS 0x000000008ba00000, 0x000000008ba00000| Untracked 
| 187|0x000000008bb00000, 0x000000008bb00000, 0x000000008bc00000|  0%| F|  |TAMS 0x000000008bb00000, 0x000000008bb00000| Untracked 
| 188|0x000000008bc00000, 0x000000008bc00000, 0x000000008bd00000|  0%| F|  |TAMS 0x000000008bc00000, 0x000000008bc00000| Untracked 
| 189|0x000000008bd00000, 0x000000008bd00000, 0x000000008be00000|  0%| F|  |TAMS 0x000000008bd00000, 0x000000008bd00000| Untracked 
| 190|0x000000008be00000, 0x000000008be00000, 0x000000008bf00000|  0%| F|  |TAMS 0x000000008be00000, 0x000000008be00000| Untracked 
| 191|0x000000008bf00000, 0x000000008bf00000, 0x000000008c000000|  0%| F|  |TAMS 0x000000008bf00000, 0x000000008bf00000| Untracked 
| 192|0x000000008c000000, 0x000000008c000000, 0x000000008c100000|  0%| F|  |TAMS 0x000000008c000000, 0x000000008c000000| Untracked 
| 193|0x000000008c100000, 0x000000008c100000, 0x000000008c200000|  0%| F|  |TAMS 0x000000008c100000, 0x000000008c100000| Untracked 
| 194|0x000000008c200000, 0x000000008c200000, 0x000000008c300000|  0%| F|  |TAMS 0x000000008c200000, 0x000000008c200000| Untracked 
| 195|0x000000008c300000, 0x000000008c300000, 0x000000008c400000|  0%| F|  |TAMS 0x000000008c300000, 0x000000008c300000| Untracked 
| 196|0x000000008c400000, 0x000000008c400000, 0x000000008c500000|  0%| F|  |TAMS 0x000000008c400000, 0x000000008c400000| Untracked 
| 197|0x000000008c500000, 0x000000008c500000, 0x000000008c600000|  0%| F|  |TAMS 0x000000008c500000, 0x000000008c500000| Untracked 
| 198|0x000000008c600000, 0x000000008c600000, 0x000000008c700000|  0%| F|  |TAMS 0x000000008c600000, 0x000000008c600000| Untracked 
| 199|0x000000008c700000, 0x000000008c700000, 0x000000008c800000|  0%| F|  |TAMS 0x000000008c700000, 0x000000008c700000| Untracked 
| 200|0x000000008c800000, 0x000000008c800000, 0x000000008c900000|  0%| F|  |TAMS 0x000000008c800000, 0x000000008c800000| Untracked 
| 201|0x000000008c900000, 0x000000008c900000, 0x000000008ca00000|  0%| F|  |TAMS 0x000000008c900000, 0x000000008c900000| Untracked 
| 202|0x000000008ca00000, 0x000000008ca00000, 0x000000008cb00000|  0%| F|  |TAMS 0x000000008ca00000, 0x000000008ca00000| Untracked 
| 203|0x000000008cb00000, 0x000000008cb00000, 0x000000008cc00000|  0%| F|  |TAMS 0x000000008cb00000, 0x000000008cb00000| Untracked 
| 204|0x000000008cc00000, 0x000000008cc00000, 0x000000008cd00000|  0%| F|  |TAMS 0x000000008cc00000, 0x000000008cc00000| Untracked 
| 205|0x000000008cd00000, 0x000000008cd00000, 0x000000008ce00000|  0%| F|  |TAMS 0x000000008cd00000, 0x000000008cd00000| Untracked 
| 206|0x000000008ce00000, 0x000000008ce00000, 0x000000008cf00000|  0%| F|  |TAMS 0x000000008ce00000, 0x000000008ce00000| Untracked 
| 207|0x000000008cf00000, 0x000000008cf00000, 0x000000008d000000|  0%| F|  |TAMS 0x000000008cf00000, 0x000000008cf00000| Untracked 
| 208|0x000000008d000000, 0x000000008d000000, 0x000000008d100000|  0%| F|  |TAMS 0x000000008d000000, 0x000000008d000000| Untracked 
| 209|0x000000008d100000, 0x000000008d100000, 0x000000008d200000|  0%| F|  |TAMS 0x000000008d100000, 0x000000008d100000| Untracked 
| 210|0x000000008d200000, 0x000000008d200000, 0x000000008d300000|  0%| F|  |TAMS 0x000000008d200000, 0x000000008d200000| Untracked 
| 211|0x000000008d300000, 0x000000008d32ba00, 0x000000008d400000| 17%| S|CS|TAMS 0x000000008d300000, 0x000000008d300000| Complete 
| 212|0x000000008d400000, 0x000000008d500000, 0x000000008d500000|100%| S|CS|TAMS 0x000000008d400000, 0x000000008d400000| Complete 
| 213|0x000000008d500000, 0x000000008d600000, 0x000000008d600000|100%| S|CS|TAMS 0x000000008d500000, 0x000000008d500000| Complete 
| 214|0x000000008d600000, 0x000000008d700000, 0x000000008d700000|100%| S|CS|TAMS 0x000000008d600000, 0x000000008d600000| Complete 
| 215|0x000000008d700000, 0x000000008d700000, 0x000000008d800000|  0%| F|  |TAMS 0x000000008d700000, 0x000000008d700000| Untracked 
| 216|0x000000008d800000, 0x000000008d800000, 0x000000008d900000|  0%| F|  |TAMS 0x000000008d800000, 0x000000008d800000| Untracked 
| 217|0x000000008d900000, 0x000000008da00000, 0x000000008da00000|100%| S|CS|TAMS 0x000000008d900000, 0x000000008d900000| Complete 
| 218|0x000000008da00000, 0x000000008da00000, 0x000000008db00000|  0%| F|  |TAMS 0x000000008da00000, 0x000000008da00000| Untracked 
| 219|0x000000008db00000, 0x000000008db00000, 0x000000008dc00000|  0%| F|  |TAMS 0x000000008db00000, 0x000000008db00000| Untracked 
| 220|0x000000008dc00000, 0x000000008dc00000, 0x000000008dd00000|  0%| F|  |TAMS 0x000000008dc00000, 0x000000008dc00000| Untracked 
| 221|0x000000008dd00000, 0x000000008dd00000, 0x000000008de00000|  0%| F|  |TAMS 0x000000008dd00000, 0x000000008dd00000| Untracked 
| 222|0x000000008de00000, 0x000000008de00000, 0x000000008df00000|  0%| F|  |TAMS 0x000000008de00000, 0x000000008de00000| Untracked 
| 223|0x000000008df00000, 0x000000008df00000, 0x000000008e000000|  0%| F|  |TAMS 0x000000008df00000, 0x000000008df00000| Untracked 
| 224|0x000000008e000000, 0x000000008e000000, 0x000000008e100000|  0%| F|  |TAMS 0x000000008e000000, 0x000000008e000000| Untracked 
| 225|0x000000008e100000, 0x000000008e100000, 0x000000008e200000|  0%| F|  |TAMS 0x000000008e100000, 0x000000008e100000| Untracked 
| 226|0x000000008e200000, 0x000000008e200000, 0x000000008e300000|  0%| F|  |TAMS 0x000000008e200000, 0x000000008e200000| Untracked 
| 227|0x000000008e300000, 0x000000008e300000, 0x000000008e400000|  0%| F|  |TAMS 0x000000008e300000, 0x000000008e300000| Untracked 
| 228|0x000000008e400000, 0x000000008e400000, 0x000000008e500000|  0%| F|  |TAMS 0x000000008e400000, 0x000000008e400000| Untracked 
| 229|0x000000008e500000, 0x000000008e500000, 0x000000008e600000|  0%| F|  |TAMS 0x000000008e500000, 0x000000008e500000| Untracked 
| 230|0x000000008e600000, 0x000000008e600000, 0x000000008e700000|  0%| F|  |TAMS 0x000000008e600000, 0x000000008e600000| Untracked 
| 231|0x000000008e700000, 0x000000008e700000, 0x000000008e800000|  0%| F|  |TAMS 0x000000008e700000, 0x000000008e700000| Untracked 
| 232|0x000000008e800000, 0x000000008e800000, 0x000000008e900000|  0%| F|  |TAMS 0x000000008e800000, 0x000000008e800000| Untracked 
| 233|0x000000008e900000, 0x000000008e900000, 0x000000008ea00000|  0%| F|  |TAMS 0x000000008e900000, 0x000000008e900000| Untracked 
| 234|0x000000008ea00000, 0x000000008ea00000, 0x000000008eb00000|  0%| F|  |TAMS 0x000000008ea00000, 0x000000008ea00000| Untracked 
| 235|0x000000008eb00000, 0x000000008eb00000, 0x000000008ec00000|  0%| F|  |TAMS 0x000000008eb00000, 0x000000008eb00000| Untracked 
| 236|0x000000008ec00000, 0x000000008ec00000, 0x000000008ed00000|  0%| F|  |TAMS 0x000000008ec00000, 0x000000008ec00000| Untracked 
| 237|0x000000008ed00000, 0x000000008ed00000, 0x000000008ee00000|  0%| F|  |TAMS 0x000000008ed00000, 0x000000008ed00000| Untracked 
| 238|0x000000008ee00000, 0x000000008ee00000, 0x000000008ef00000|  0%| F|  |TAMS 0x000000008ee00000, 0x000000008ee00000| Untracked 
| 239|0x000000008ef00000, 0x000000008ef00000, 0x000000008f000000|  0%| F|  |TAMS 0x000000008ef00000, 0x000000008ef00000| Untracked 
| 240|0x000000008f000000, 0x000000008f000000, 0x000000008f100000|  0%| F|  |TAMS 0x000000008f000000, 0x000000008f000000| Untracked 
| 241|0x000000008f100000, 0x000000008f100000, 0x000000008f200000|  0%| F|  |TAMS 0x000000008f100000, 0x000000008f100000| Untracked 
| 242|0x000000008f200000, 0x000000008f200000, 0x000000008f300000|  0%| F|  |TAMS 0x000000008f200000, 0x000000008f200000| Untracked 
| 243|0x000000008f300000, 0x000000008f300000, 0x000000008f400000|  0%| F|  |TAMS 0x000000008f300000, 0x000000008f300000| Untracked 
| 244|0x000000008f400000, 0x000000008f400000, 0x000000008f500000|  0%| F|  |TAMS 0x000000008f400000, 0x000000008f400000| Untracked 
| 245|0x000000008f500000, 0x000000008f500000, 0x000000008f600000|  0%| F|  |TAMS 0x000000008f500000, 0x000000008f500000| Untracked 
| 246|0x000000008f600000, 0x000000008f600000, 0x000000008f700000|  0%| F|  |TAMS 0x000000008f600000, 0x000000008f600000| Untracked 
| 247|0x000000008f700000, 0x000000008f700000, 0x000000008f800000|  0%| F|  |TAMS 0x000000008f700000, 0x000000008f700000| Untracked 
| 248|0x000000008f800000, 0x000000008f800000, 0x000000008f900000|  0%| F|  |TAMS 0x000000008f800000, 0x000000008f800000| Untracked 
| 249|0x000000008f900000, 0x000000008f900000, 0x000000008fa00000|  0%| F|  |TAMS 0x000000008f900000, 0x000000008f900000| Untracked 
| 250|0x000000008fa00000, 0x000000008fa00000, 0x000000008fb00000|  0%| F|  |TAMS 0x000000008fa00000, 0x000000008fa00000| Untracked 
| 251|0x000000008fb00000, 0x000000008fb00000, 0x000000008fc00000|  0%| F|  |TAMS 0x000000008fb00000, 0x000000008fb00000| Untracked 
| 252|0x000000008fc00000, 0x000000008fc00000, 0x000000008fd00000|  0%| F|  |TAMS 0x000000008fc00000, 0x000000008fc00000| Untracked 
| 253|0x000000008fd00000, 0x000000008fd00000, 0x000000008fe00000|  0%| F|  |TAMS 0x000000008fd00000, 0x000000008fd00000| Untracked 
| 254|0x000000008fe00000, 0x000000008fe00000, 0x000000008ff00000|  0%| F|  |TAMS 0x000000008fe00000, 0x000000008fe00000| Untracked 
| 255|0x000000008ff00000, 0x000000008ff00000, 0x0000000090000000|  0%| F|  |TAMS 0x000000008ff00000, 0x000000008ff00000| Untracked 
| 256|0x0000000090000000, 0x0000000090000000, 0x0000000090100000|  0%| F|  |TAMS 0x0000000090000000, 0x0000000090000000| Untracked 

Card table byte_map: [0x00000218322c0000,0x00000218326c0000] _byte_map_base: 0x0000021831ec0000

Marking Bits (Prev, Next): (CMBitMap*) 0x000002181a464958, (CMBitMap*) 0x000002181a464990
 Prev Bits: [0x0000021832ac0000, 0x0000021834ac0000)
 Next Bits: [0x0000021834ac0000, 0x0000021836ac0000)

Polling page: 0x0000021819bf0000

Metaspace:

Usage:
  Non-class:     91.22 MB capacity,    88.69 MB ( 97%) used,     2.17 MB (  2%) free+waste,   362.94 KB ( <1%) overhead. 
      Class:     15.13 MB capacity,    13.48 MB ( 89%) used,     1.49 MB ( 10%) free+waste,   171.38 KB (  1%) overhead. 
       Both:    106.36 MB capacity,   102.17 MB ( 96%) used,     3.66 MB (  3%) free+waste,   534.31 KB ( <1%) overhead. 

Virtual space:
  Non-class space:       92.00 MB reserved,      91.26 MB (>99%) committed 
      Class space:      504.00 MB reserved,      15.25 MB (  3%) committed 
             Both:      596.00 MB reserved,     106.51 MB ( 18%) committed 

Chunk freelists:
   Non-Class:  35.00 KB
       Class:  0 bytes
        Both:  35.00 KB

MaxMetaspaceSize: 512.00 MB
CompressedClassSpaceSize: 504.00 MB
Initial GC threshold: 20.80 MB
Current GC threshold: 172.10 MB
CDS: off

CodeHeap 'non-profiled nmethods': size=120000Kb used=6587Kb max_used=6587Kb free=113412Kb
 bounds [0x000002182a660000, 0x000002182acd0000, 0x0000021831b90000]
CodeHeap 'profiled nmethods': size=120000Kb used=26287Kb max_used=26287Kb free=93712Kb
 bounds [0x0000021823130000, 0x0000021824ae0000, 0x000002182a660000]
CodeHeap 'non-nmethods': size=5760Kb used=2454Kb max_used=2476Kb free=3305Kb
 bounds [0x0000021822b90000, 0x0000021822e10000, 0x0000021823130000]
 total_blobs=13161 nmethods=12200 adapters=869
 compilation: enabled
              stopped_count=0, restarted_count=0
 full_count=0

Compilation events (20 events):
Event: 62.989 Thread 0x0000021839526000 12555       2       com.android.build.gradle.internal.dependency.VariantDependencies$computeArtifactCollection$attributesAction$1::execute (40 bytes)
Event: 62.989 Thread 0x0000021839526000 nmethod 12555 0x0000021824ad7c10 code [0x0000021824ad7e20, 0x0000021824ad8138]
Event: 62.989 Thread 0x0000021839526000 12557       2       org.gradle.api.internal.DefaultNamedDomainObjectCollection$AbstractDomainObjectCreatingProvider::calculateOwnValue (71 bytes)
Event: 62.991 Thread 0x0000021839526000 nmethod 12557 0x0000021824ad8390 code [0x0000021824ad85c0, 0x0000021824ad8ba8]
Event: 62.991 Thread 0x0000021839526000 12559       2       com.google.common.collect.ImmutableSet::of (18 bytes)
Event: 62.991 Thread 0x0000021839526000 nmethod 12559 0x0000021824ad8e90 code [0x0000021824ad9060, 0x0000021824ad9388]
Event: 62.991 Thread 0x0000021839526000 12558       2       com.android.build.api.component.impl.ComponentImpl::getOldVariantApiLegacySupport (15 bytes)
Event: 62.991 Thread 0x0000021839526000 nmethod 12558 0x0000021824ad9490 code [0x0000021824ad9640, 0x0000021824ad97a8]
Event: 62.993 Thread 0x0000021839526000 12560       2       org.gradle.internal.Describables$2::getDisplayName (8 bytes)
Event: 62.993 Thread 0x0000021839526000 nmethod 12560 0x0000021824ad9890 code [0x0000021824ad9a60, 0x0000021824ad9cc8]
Event: 62.993 Thread 0x0000021839526000 12561       2       org.gradle.internal.Describables$2::asMutable (61 bytes)
Event: 62.994 Thread 0x0000021839526000 nmethod 12561 0x0000021824ad9e10 code [0x0000021824ada020, 0x0000021824ada298]
Event: 62.994 Thread 0x0000021839526000 12562       2       org.gradle.api.reflect.TypeOf::typeOf (18 bytes)
Event: 62.995 Thread 0x0000021839526000 nmethod 12562 0x0000021824ada510 code [0x0000021824ada6e0, 0x0000021824adaa18]
Event: 62.995 Thread 0x0000021839526000 12563       2       org.gradle.api.reflect.TypeOf$1::<init> (7 bytes)
Event: 62.995 Thread 0x0000021839526000 nmethod 12563 0x0000021824adab90 code [0x0000021824adad40, 0x0000021824adae78]
Event: 63.005 Thread 0x0000021839526000 12564       2       org.gradle.internal.instantiation.generator.AsmBackedClassGenerator$ClassBuilderImpl$$Lambda$119/0x0000000100250440::emit (9 bytes)
Event: 63.005 Thread 0x0000021839526000 nmethod 12564 0x0000021824adaf10 code [0x0000021824adb0c0, 0x0000021824adb248]
Event: 63.029 Thread 0x0000021839526000 12565       2       jdk.internal.org.objectweb.asm.Type::getType (269 bytes)
Event: 63.030 Thread 0x0000021839526000 nmethod 12565 0x0000021824adb390 code [0x0000021824adb5a0, 0x0000021824adbc18]

GC Heap History (20 events):
Event: 59.926 GC heap after
{Heap after GC invocations=40 (full 0):
 garbage-first heap   total 155648K, used 133827K [0x0000000080000000, 0x0000000100000000)
  region size 1024K, 1 young (1024K), 1 survivors (1024K)
 Metaspace       used 95807K, capacity 99068K, committed 99208K, reserved 602112K
  class space    used 12599K, capacity 13911K, committed 13952K, reserved 516096K
}
Event: 59.970 GC heap before
{Heap before GC invocations=41 (full 0):
 garbage-first heap   total 155648K, used 139971K [0x0000000080000000, 0x0000000100000000)
  region size 1024K, 7 young (7168K), 1 survivors (1024K)
 Metaspace       used 95866K, capacity 99202K, committed 99464K, reserved 602112K
  class space    used 12608K, capacity 13913K, committed 13952K, reserved 516096K
}
Event: 59.973 GC heap after
{Heap after GC invocations=42 (full 0):
 garbage-first heap   total 155648K, used 134418K [0x0000000080000000, 0x0000000100000000)
  region size 1024K, 1 young (1024K), 1 survivors (1024K)
 Metaspace       used 95866K, capacity 99202K, committed 99464K, reserved 602112K
  class space    used 12608K, capacity 13913K, committed 13952K, reserved 516096K
}
Event: 60.032 GC heap before
{Heap before GC invocations=42 (full 0):
 garbage-first heap   total 155648K, used 140562K [0x0000000080000000, 0x0000000100000000)
  region size 1024K, 7 young (7168K), 1 survivors (1024K)
 Metaspace       used 95981K, capacity 99348K, committed 99464K, reserved 602112K
  class space    used 12623K, capacity 13918K, committed 13952K, reserved 516096K
}
Event: 60.036 GC heap after
{Heap after GC invocations=43 (full 0):
 garbage-first heap   total 187392K, used 135274K [0x0000000080000000, 0x0000000100000000)
  region size 1024K, 1 young (1024K), 1 survivors (1024K)
 Metaspace       used 95981K, capacity 99348K, committed 99464K, reserved 602112K
  class space    used 12623K, capacity 13918K, committed 13952K, reserved 516096K
}
Event: 60.260 GC heap before
{Heap before GC invocations=44 (full 0):
 garbage-first heap   total 187392K, used 148586K [0x0000000080000000, 0x0000000100000000)
  region size 1024K, 14 young (14336K), 1 survivors (1024K)
 Metaspace       used 96630K, capacity 99988K, committed 100104K, reserved 604160K
  class space    used 12707K, capacity 14032K, committed 14080K, reserved 516096K
}
Event: 60.263 GC heap after
{Heap after GC invocations=45 (full 0):
 garbage-first heap   total 187392K, used 136680K [0x0000000080000000, 0x0000000100000000)
  region size 1024K, 2 young (2048K), 2 survivors (2048K)
 Metaspace       used 96630K, capacity 99988K, committed 100104K, reserved 604160K
  class space    used 12707K, capacity 14032K, committed 14080K, reserved 516096K
}
Event: 60.452 GC heap before
{Heap before GC invocations=45 (full 0):
 garbage-first heap   total 187392K, used 151016K [0x0000000080000000, 0x0000000100000000)
  region size 1024K, 16 young (16384K), 2 survivors (2048K)
 Metaspace       used 96988K, capacity 100558K, committed 100744K, reserved 604160K
  class space    used 12759K, capacity 14168K, committed 14208K, reserved 516096K
}
Event: 60.461 GC heap after
{Heap after GC invocations=46 (full 0):
 garbage-first heap   total 187392K, used 141045K [0x0000000080000000, 0x0000000100000000)
  region size 1024K, 2 young (2048K), 2 survivors (2048K)
 Metaspace       used 96988K, capacity 100558K, committed 100744K, reserved 604160K
  class space    used 12759K, capacity 14168K, committed 14208K, reserved 516096K
}
Event: 60.715 GC heap before
{Heap before GC invocations=47 (full 0):
 garbage-first heap   total 187392K, used 154357K [0x0000000080000000, 0x0000000100000000)
  region size 1024K, 15 young (15360K), 2 survivors (2048K)
 Metaspace       used 97288K, capacity 101033K, committed 101128K, reserved 604160K
  class space    used 12799K, capacity 14266K, committed 14336K, reserved 516096K
}
Event: 60.723 GC heap after
{Heap after GC invocations=48 (full 0):
 garbage-first heap   total 187392K, used 145408K [0x0000000080000000, 0x0000000100000000)
  region size 1024K, 2 young (2048K), 2 survivors (2048K)
 Metaspace       used 97288K, capacity 101033K, committed 101128K, reserved 604160K
  class space    used 12799K, capacity 14266K, committed 14336K, reserved 516096K
}
Event: 60.839 GC heap before
{Heap before GC invocations=48 (full 0):
 garbage-first heap   total 187392K, used 155648K [0x0000000080000000, 0x0000000100000000)
  region size 1024K, 13 young (13312K), 2 survivors (2048K)
 Metaspace       used 97389K, capacity 101228K, committed 101384K, reserved 604160K
  class space    used 12811K, capacity 14307K, committed 14336K, reserved 516096K
}
Event: 60.846 GC heap after
{Heap after GC invocations=49 (full 0):
 garbage-first heap   total 263168K, used 146537K [0x0000000080000000, 0x0000000100000000)
  region size 1024K, 1 young (1024K), 1 survivors (1024K)
 Metaspace       used 97389K, capacity 101228K, committed 101384K, reserved 604160K
  class space    used 12811K, capacity 14307K, committed 14336K, reserved 516096K
}
Event: 61.303 GC heap before
{Heap before GC invocations=50 (full 0):
 garbage-first heap   total 263168K, used 182377K [0x0000000080000000, 0x0000000100000000)
  region size 1024K, 33 young (33792K), 1 survivors (1024K)
 Metaspace       used 98059K, capacity 102020K, committed 102152K, reserved 604160K
  class space    used 12937K, capacity 14529K, committed 14592K, reserved 516096K
}
Event: 61.310 GC heap after
{Heap after GC invocations=51 (full 0):
 garbage-first heap   total 263168K, used 154153K [0x0000000080000000, 0x0000000100000000)
  region size 1024K, 5 young (5120K), 5 survivors (5120K)
 Metaspace       used 98059K, capacity 102020K, committed 102152K, reserved 604160K
  class space    used 12937K, capacity 14529K, committed 14592K, reserved 516096K
}
Event: 61.874 GC heap before
{Heap before GC invocations=51 (full 0):
 garbage-first heap   total 263168K, used 186921K [0x0000000080000000, 0x0000000100000000)
  region size 1024K, 37 young (37888K), 5 survivors (5120K)
 Metaspace       used 100923K, capacity 105032K, committed 105096K, reserved 608256K
  class space    used 13279K, capacity 14912K, committed 14976K, reserved 516096K
}
Event: 61.887 GC heap after
{Heap after GC invocations=52 (full 0):
 garbage-first heap   total 263168K, used 156724K [0x0000000080000000, 0x0000000100000000)
  region size 1024K, 3 young (3072K), 3 survivors (3072K)
 Metaspace       used 100923K, capacity 105032K, committed 105096K, reserved 608256K
  class space    used 13279K, capacity 14912K, committed 14976K, reserved 516096K
}
Event: 62.515 GC heap before
{Heap before GC invocations=53 (full 0):
 garbage-first heap   total 263168K, used 191540K [0x0000000080000000, 0x0000000100000000)
  region size 1024K, 37 young (37888K), 3 survivors (3072K)
 Metaspace       used 102563K, capacity 106827K, committed 106888K, reserved 608256K
  class space    used 13535K, capacity 15219K, committed 15232K, reserved 516096K
}
Event: 62.524 GC heap after
{Heap after GC invocations=54 (full 0):
 garbage-first heap   total 263168K, used 158399K [0x0000000080000000, 0x0000000100000000)
  region size 1024K, 5 young (5120K), 5 survivors (5120K)
 Metaspace       used 102563K, capacity 106827K, committed 106888K, reserved 608256K
  class space    used 13535K, capacity 15219K, committed 15232K, reserved 516096K
}
Event: 63.039 GC heap before
{Heap before GC invocations=54 (full 0):
 garbage-first heap   total 263168K, used 195263K [0x0000000080000000, 0x0000000100000000)
  region size 1024K, 41 young (41984K), 5 survivors (5120K)
 Metaspace       used 104623K, capacity 108911K, committed 109064K, reserved 610304K
  class space    used 13800K, capacity 15498K, committed 15616K, reserved 516096K
}

Deoptimization events (20 events):
Event: 61.946 Thread 0x000002183a82f800 Uncommon trap: trap_request=0xffffffbe fr.pc=0x000002182ac82388 relative=0x0000000000001348
Event: 61.946 Thread 0x000002183a82f800 Uncommon trap: reason=profile_predicate action=maybe_recompile pc=0x000002182ac82388 method=java.lang.invoke.InvokerBytecodeGenerator.<init>(Ljava/lang/String;Ljava/lang/String;Ljava/lang/invoke/LambdaForm;Ljava/lang/invoke/MethodType;)V @ 33 c2
Event: 61.946 Thread 0x000002183a82f800 DEOPT PACKING pc=0x000002182ac82388 sp=0x000000ea51ff7dd0
Event: 61.946 Thread 0x000002183a82f800 DEOPT UNPACKING pc=0x0000021822bda1af sp=0x000000ea51ff7b00 mode 2
Event: 62.332 Thread 0x000002183a82f800 Uncommon trap: trap_request=0xffffff4d fr.pc=0x000002182a926eb0 relative=0x0000000000000110
Event: 62.332 Thread 0x000002183a82f800 Uncommon trap: reason=unstable_if action=reinterpret pc=0x000002182a926eb0 method=jdk.internal.org.objectweb.asm.ByteVector.putInt(I)Ljdk/internal/org/objectweb/asm/ByteVector; @ 13 c2
Event: 62.332 Thread 0x000002183a82f800 DEOPT PACKING pc=0x000002182a926eb0 sp=0x000000ea51ff41a0
Event: 62.332 Thread 0x000002183a82f800 DEOPT UNPACKING pc=0x0000021822bda1af sp=0x000000ea51ff4138 mode 2
Event: 62.441 Thread 0x000002183a82f800 Uncommon trap: trap_request=0xffffffcc fr.pc=0x000002182ac79104 relative=0x0000000000000244
Event: 62.441 Thread 0x000002183a82f800 Uncommon trap: reason=intrinsic_or_type_checked_inlining action=make_not_entrant pc=0x000002182ac79104 method=java.util.Arrays.copyOfRange([Ljava/lang/Object;IILjava/lang/Class;)[Ljava/lang/Object; @ 83 c2
Event: 62.441 Thread 0x000002183a82f800 DEOPT PACKING pc=0x000002182ac79104 sp=0x000000ea51ff5c80
Event: 62.441 Thread 0x000002183a82f800 DEOPT UNPACKING pc=0x0000021822bda1af sp=0x000000ea51ff5c20 mode 2
Event: 62.989 Thread 0x000002183a82f800 Uncommon trap: trap_request=0xffffff4d fr.pc=0x000002182ab56514 relative=0x0000000000000254
Event: 62.989 Thread 0x000002183a82f800 Uncommon trap: reason=unstable_if action=reinterpret pc=0x000002182ab56514 method=jdk.internal.org.objectweb.asm.Type.getType([CI)Ljdk/internal/org/objectweb/asm/Type; @ 3 c2
Event: 62.989 Thread 0x000002183a82f800 DEOPT PACKING pc=0x000002182ab56514 sp=0x000000ea51ff4d20
Event: 62.989 Thread 0x000002183a82f800 DEOPT UNPACKING pc=0x0000021822bda1af sp=0x000000ea51ff4ce8 mode 2
Event: 63.019 Thread 0x000002183a82f800 Uncommon trap: trap_request=0xffffff4d fr.pc=0x000002182acc7b38 relative=0x00000000000001f8
Event: 63.019 Thread 0x000002183a82f800 Uncommon trap: reason=unstable_if action=reinterpret pc=0x000002182acc7b38 method=org.gradle.internal.instantiation.generator.AbstractClassGenerator.isNameProperty(Lorg/gradle/internal/instantiation/generator/AbstractClassGenerator$PropertyMetadata;)Z @ 2
Event: 63.019 Thread 0x000002183a82f800 DEOPT PACKING pc=0x000002182acc7b38 sp=0x000000ea51ff5430
Event: 63.019 Thread 0x000002183a82f800 DEOPT UNPACKING pc=0x0000021822bda1af sp=0x000000ea51ff53c0 mode 2

Classes redefined (0 events):
No events

Internal exceptions (20 events):
Event: 61.411 Thread 0x000002183a82f800 Exception <a 'java/lang/ClassNotFoundException'{0x000000008f5c6650}: org/gradle/api/tasks/compile/JavaCompileCustomizer> (0x000000008f5c6650) thrown at [./src/hotspot/share/classfile/systemDictionary.cpp, line 230]
Event: 61.412 Thread 0x000002183a82f800 Exception <a 'java/lang/ClassNotFoundException'{0x000000008f40e7a0}: org/gradle/api/tasks/compile/JavaCompile_DecoratedCustomizer> (0x000000008f40e7a0) thrown at [./src/hotspot/share/classfile/systemDictionary.cpp, line 230]
Event: 61.437 Thread 0x000002183a82f800 Exception <a 'java/lang/NoSuchMethodError'{0x000000008f3e3830}: 'java.lang.Object java.lang.invoke.DirectMethodHandle$Holder.invokeStatic(java.lang.Object, java.lang.Object, java.lang.Object, java.lang.Object, java.lang.Object, java.lang.Object, int)'> (0x000000008f3e3830) thrown at [./src/hotspot/share/interpreter/linkResolver.cpp, line 773]
Event: 61.438 Thread 0x000002183a82f800 Exception <a 'java/lang/NoSuchMethodError'{0x000000008f3fb2d8}: 'java.lang.Object java.lang.invoke.DirectMethodHandle$Holder.invokeStatic(java.lang.Object, java.lang.Object, java.lang.Object, java.lang.Object, java.lang.Object, java.lang.Object, int, int)'> (0x000000008f3fb2d8) thrown at [./src/hotspot/share/interpreter/linkResolver.cpp, line 773]
Event: 61.439 Thread 0x000002183a82f800 Exception <a 'java/lang/NoSuchMethodError'{0x000000008f213fc8}: 'java.lang.Object java.lang.invoke.DirectMethodHandle$Holder.invokeStatic(java.lang.Object, java.lang.Object, java.lang.Object, java.lang.Object, java.lang.Object, java.lang.Object, int, int, java.lang.Object)'> (0x000000008f213fc8) thrown at [./src/hotspot/share/interpreter/linkResolver.cpp, line 773]
Event: 61.460 Thread 0x000002183a82f800 Exception <a 'sun/nio/fs/WindowsException'{0x000000008f124840}> (0x000000008f124840) thrown at [./src/hotspot/share/prims/jni.cpp, line 617]
Event: 61.587 Thread 0x000002183a82f800 Exception <a 'sun/nio/fs/WindowsException'{0x000000008ebf8230}> (0x000000008ebf8230) thrown at [./src/hotspot/share/prims/jni.cpp, line 617]
Event: 61.695 Thread 0x000002183a82f800 Exception <a 'java/lang/NoSuchMethodError'{0x000000008e7128f8}: 'java.lang.Object java.lang.invoke.DirectMethodHandle$Holder.invokeSpecial(java.lang.Object, java.lang.Object, int, int, int, java.lang.Object, java.lang.Object, java.lang.Object)'> (0x000000008e7128f8) thrown at [./src/hotspot/share/interpreter/linkResolver.cpp, line 773]
Event: 61.695 Thread 0x000002183a82f800 Exception <a 'java/lang/NoSuchMethodError'{0x000000008e716f28}: 'java.lang.Object java.lang.invoke.DelegatingMethodHandle$Holder.reinvoke_L(java.lang.Object, int, int, int, java.lang.Object, java.lang.Object, java.lang.Object)'> (0x000000008e716f28) thrown at [./src/hotspot/share/interpreter/linkResolver.cpp, line 773]
Event: 61.718 Thread 0x000002183a82f800 Exception <a 'sun/nio/fs/WindowsException'{0x000000008e7b5448}> (0x000000008e7b5448) thrown at [./src/hotspot/share/prims/jni.cpp, line 617]
Event: 61.871 Thread 0x000002183a82f800 Exception <a 'sun/nio/fs/WindowsException'{0x000000008e1f2470}> (0x000000008e1f2470) thrown at [./src/hotspot/share/prims/jni.cpp, line 617]
Event: 61.951 Thread 0x000002183a82f800 Exception <a 'java/lang/NoSuchMethodError'{0x000000008fdcc0a0}: 'java.lang.Object java.lang.invoke.DelegatingMethodHandle$Holder.reinvoke_L(java.lang.Object, java.lang.Object, long)'> (0x000000008fdcc0a0) thrown at [./src/hotspot/share/interpreter/linkResolver.cpp, line 773]
Event: 61.978 Thread 0x000002183a82f800 Exception <a 'java/lang/NoSuchMethodError'{0x000000008fc80488}: 'java.lang.Object java.lang.invoke.DirectMethodHandle$Holder.invokeSpecial(java.lang.Object, java.lang.Object, int, int, int, java.lang.Object, java.lang.Object, long)'> (0x000000008fc80488) thrown at [./src/hotspot/share/interpreter/linkResolver.cpp, line 773]
Event: 61.978 Thread 0x000002183a82f800 Exception <a 'java/lang/NoSuchMethodError'{0x000000008fc84bf8}: 'java.lang.Object java.lang.invoke.DelegatingMethodHandle$Holder.reinvoke_L(java.lang.Object, int, int, int, java.lang.Object, java.lang.Object, long)'> (0x000000008fc84bf8) thrown at [./src/hotspot/share/interpreter/linkResolver.cpp, line 773]
Event: 61.980 Thread 0x000002183a82f800 Exception <a 'java/lang/NoSuchMethodError'{0x000000008fc9ad70}: 'java.lang.Object java.lang.invoke.DirectMethodHandle$Holder.invokeSpecial(java.lang.Object, java.lang.Object, java.lang.Object, java.lang.Object, long)'> (0x000000008fc9ad70) thrown at [./src/hotspot/share/interpreter/linkResolver.cpp, line 773]
Event: 61.980 Thread 0x000002183a82f800 Exception <a 'java/lang/NoSuchMethodError'{0x000000008fc9ef58}: 'java.lang.Object java.lang.invoke.Invokers$Holder.linkToTargetMethod(java.lang.Object, java.lang.Object, long, java.lang.Object)'> (0x000000008fc9ef58) thrown at [./src/hotspot/share/interpreter/linkResolver.cpp, line 773]
Event: 61.988 Thread 0x000002183a82f800 Exception <a 'sun/nio/fs/WindowsException'{0x000000008fcc8f00}> (0x000000008fcc8f00) thrown at [./src/hotspot/share/prims/jni.cpp, line 617]
Event: 62.115 Thread 0x000002183a82f800 Exception <a 'sun/nio/fs/WindowsException'{0x000000008f9f5368}> (0x000000008f9f5368) thrown at [./src/hotspot/share/prims/jni.cpp, line 617]
Event: 62.209 Thread 0x000002183a82f800 Exception <a 'java/lang/NoClassDefFoundError'{0x000000008f44d550}: org/jetbrains/kotlin/gradle/plugin/KotlinBasePluginWrapper> (0x000000008f44d550) thrown at [./src/hotspot/share/oops/constantPool.cpp, line 775]
Event: 62.988 Thread 0x000002183a82f800 Exception <a 'java/lang/NoSuchMethodError'{0x000000008e075f78}: 'int java.lang.invoke.DirectMethodHandle$Holder.invokeStatic(java.lang.Object, int, int, java.lang.Object)'> (0x000000008e075f78) thrown at [./src/hotspot/share/interpreter/linkResolver.cpp, line 773]

Events (20 events):
Event: 63.029 loading class com/android/build/gradle/internal/component/ComponentCreationConfig done
Event: 63.029 loading class com/android/build/api/artifact/impl/ArtifactsImpl
Event: 63.029 loading class com/android/build/api/artifact/impl/ArtifactsImpl done
Event: 63.029 loading class com/android/build/api/artifact/impl/ArtifactsImpl
Event: 63.029 loading class com/android/build/api/artifact/impl/ArtifactsImpl done
Event: 63.030 loading class com/android/build/gradle/internal/ide/dependencies/ArtifactCollectionsInputsImpl
Event: 63.030 loading class com/android/build/gradle/internal/ide/dependencies/ArtifactCollectionsInputsImpl done
Event: 63.032 loading class com/android/build/gradle/internal/ide/dependencies/ArtifactCollectionsInputs$RuntimeType
Event: 63.032 loading class com/android/build/gradle/internal/ide/dependencies/ArtifactCollectionsInputs$RuntimeType done
Event: 63.034 loading class com/android/build/gradle/internal/ide/dependencies/BuildMappingUtils
Event: 63.034 loading class com/android/build/gradle/internal/ide/dependencies/BuildMappingUtils done
Event: 63.035 loading class org/gradle/api/initialization/IncludedBuild
Event: 63.035 loading class org/gradle/api/initialization/IncludedBuild done
Event: 63.035 loading class com/android/build/gradle/internal/ide/dependencies/ArtifactCollections
Event: 63.035 loading class com/android/build/gradle/internal/ide/dependencies/ArtifactCollections done
Event: 63.036 loading class com/android/build/gradle/internal/ide/dependencies/Level1RuntimeArtifactCollections
Event: 63.036 loading class com/android/build/gradle/internal/ide/dependencies/Level1RuntimeArtifactCollections done
Event: 63.037 loading class com/android/tools/lint/model/LintModelJavaArtifact
Event: 63.037 loading class com/android/tools/lint/model/LintModelJavaArtifact done
Event: 63.039 Executing VM operation: G1CollectForAllocation


Dynamic libraries:
0x00007ff796ef0000 - 0x00007ff796efd000 	C:\Program Files\Microsoft\jdk-11.0.18.10-hotspot\bin\java.exe
0x00007ffc41230000 - 0x00007ffc41444000 	C:\WINDOWS\SYSTEM32\ntdll.dll
0x00007ffc3fc50000 - 0x00007ffc3fd12000 	C:\WINDOWS\System32\KERNEL32.DLL
0x00007ffc3e970000 - 0x00007ffc3ed13000 	C:\WINDOWS\System32\KERNELBASE.dll
0x00007ffc3e850000 - 0x00007ffc3e961000 	C:\WINDOWS\System32\ucrtbase.dll
0x00007ffc30ee0000 - 0x00007ffc30ef7000 	C:\Program Files\Microsoft\jdk-11.0.18.10-hotspot\bin\jli.dll
0x00007ffc2b3d0000 - 0x00007ffc2b3e5000 	C:\Program Files\Microsoft\jdk-11.0.18.10-hotspot\bin\VCRUNTIME140.dll
0x00007ffc40ac0000 - 0x00007ffc40c6a000 	C:\WINDOWS\System32\USER32.dll
0x00007ffc3e630000 - 0x00007ffc3e656000 	C:\WINDOWS\System32\win32u.dll
0x00007ffc3f840000 - 0x00007ffc3f869000 	C:\WINDOWS\System32\GDI32.dll
0x00007ffc1ffa0000 - 0x00007ffc2022e000 	C:\WINDOWS\WinSxS\amd64_microsoft.windows.common-controls_6595b64144ccf1df_6.0.22621.1635_none_270f70857386168e\COMCTL32.dll
0x00007ffc3eef0000 - 0x00007ffc3f009000 	C:\WINDOWS\System32\gdi32full.dll
0x00007ffc3f030000 - 0x00007ffc3f0d7000 	C:\WINDOWS\System32\msvcrt.dll
0x00007ffc3ee50000 - 0x00007ffc3eeea000 	C:\WINDOWS\System32\msvcp_win.dll
0x00007ffc3f260000 - 0x00007ffc3f291000 	C:\WINDOWS\System32\IMM32.DLL
0x00007ffbf72c0000 - 0x00007ffbf735b000 	C:\Program Files\Microsoft\jdk-11.0.18.10-hotspot\bin\msvcp140.dll
0x00007ffbda5f0000 - 0x00007ffbdb182000 	C:\Program Files\Microsoft\jdk-11.0.18.10-hotspot\bin\server\jvm.dll
0x00007ffc3f9c0000 - 0x00007ffc3fa6e000 	C:\WINDOWS\System32\ADVAPI32.dll
0x00007ffc40d00000 - 0x00007ffc40da4000 	C:\WINDOWS\System32\sechost.dll
0x00007ffc3f2a0000 - 0x00007ffc3f3b7000 	C:\WINDOWS\System32\RPCRT4.dll
0x00007ffc40c70000 - 0x00007ffc40c78000 	C:\WINDOWS\System32\PSAPI.DLL
0x00007ffc39cd0000 - 0x00007ffc39cd9000 	C:\WINDOWS\SYSTEM32\WSOCK32.dll
0x00007ffc35680000 - 0x00007ffc356b4000 	C:\WINDOWS\SYSTEM32\WINMM.dll
0x00007ffc3f1e0000 - 0x00007ffc3f251000 	C:\WINDOWS\System32\WS2_32.dll
0x00007ffc34f20000 - 0x00007ffc34f2a000 	C:\WINDOWS\SYSTEM32\VERSION.dll
0x00007ffc3d720000 - 0x00007ffc3d738000 	C:\WINDOWS\SYSTEM32\kernel.appcore.dll
0x00007ffc30ec0000 - 0x00007ffc30ed0000 	C:\Program Files\Microsoft\jdk-11.0.18.10-hotspot\bin\verify.dll
0x00007ffc3bfb0000 - 0x00007ffc3c1de000 	C:\WINDOWS\SYSTEM32\DBGHELP.DLL
0x00007ffc40db0000 - 0x00007ffc41139000 	C:\WINDOWS\System32\combase.dll
0x00007ffc3fb70000 - 0x00007ffc3fc47000 	C:\WINDOWS\System32\OLEAUT32.dll
0x00007ffc311a0000 - 0x00007ffc311d2000 	C:\WINDOWS\SYSTEM32\dbgcore.DLL
0x00007ffc3e7d0000 - 0x00007ffc3e84a000 	C:\WINDOWS\System32\bcryptPrimitives.dll
0x00007ffc27c70000 - 0x00007ffc27c98000 	C:\Program Files\Microsoft\jdk-11.0.18.10-hotspot\bin\java.dll
0x00007ffc2f780000 - 0x00007ffc2f78a000 	C:\Program Files\Microsoft\jdk-11.0.18.10-hotspot\bin\jimage.dll
0x00007ffc27d10000 - 0x00007ffc27d28000 	C:\Program Files\Microsoft\jdk-11.0.18.10-hotspot\bin\zip.dll
0x00007ffc3fd20000 - 0x00007ffc40519000 	C:\WINDOWS\System32\SHELL32.dll
0x00007ffc3c5d0000 - 0x00007ffc3ce9e000 	C:\WINDOWS\SYSTEM32\windows.storage.dll
0x00007ffc3c490000 - 0x00007ffc3c5ce000 	C:\WINDOWS\SYSTEM32\wintypes.dll
0x00007ffc40750000 - 0x00007ffc40841000 	C:\WINDOWS\System32\SHCORE.dll
0x00007ffc40a60000 - 0x00007ffc40abe000 	C:\WINDOWS\System32\shlwapi.dll
0x00007ffc3e560000 - 0x00007ffc3e586000 	C:\WINDOWS\SYSTEM32\profapi.dll
0x00007ffc27b90000 - 0x00007ffc27ba9000 	C:\Program Files\Microsoft\jdk-11.0.18.10-hotspot\bin\net.dll
0x00007ffc34bf0000 - 0x00007ffc34d27000 	C:\WINDOWS\SYSTEM32\WINHTTP.dll
0x00007ffc3db90000 - 0x00007ffc3dbf9000 	C:\WINDOWS\system32\mswsock.dll
0x00007ffc26930000 - 0x00007ffc26943000 	C:\Program Files\Microsoft\jdk-11.0.18.10-hotspot\bin\nio.dll
0x00007ffc26600000 - 0x00007ffc26627000 	C:\Users\nguye\.gradle\native\68d5fa5c4cc2d200863cafc0d521ce42e7d3e7ee720ec0a83991735586a16f82\windows-amd64\native-platform.dll
0x00007ffbf2d50000 - 0x00007ffbf2e94000 	C:\Users\nguye\.gradle\native\e376f236ea51e6404a007f0833ffe2c6e607c4080706a723a18a27aeea778392\windows-amd64\native-platform-file-events.dll
0x00007ffc2f090000 - 0x00007ffc2f099000 	C:\Program Files\Microsoft\jdk-11.0.18.10-hotspot\bin\management.dll
0x00007ffc2cb80000 - 0x00007ffc2cb8b000 	C:\Program Files\Microsoft\jdk-11.0.18.10-hotspot\bin\management_ext.dll
0x00007ffc3deb0000 - 0x00007ffc3decb000 	C:\WINDOWS\SYSTEM32\CRYPTSP.dll
0x00007ffc3d690000 - 0x00007ffc3d6c5000 	C:\WINDOWS\system32\rsaenh.dll
0x00007ffc3dc30000 - 0x00007ffc3dc5c000 	C:\WINDOWS\SYSTEM32\USERENV.dll
0x00007ffc3dfe0000 - 0x00007ffc3e008000 	C:\WINDOWS\SYSTEM32\bcrypt.dll
0x00007ffc3de90000 - 0x00007ffc3de9c000 	C:\WINDOWS\SYSTEM32\CRYPTBASE.dll
0x00007ffc3d170000 - 0x00007ffc3d19d000 	C:\WINDOWS\SYSTEM32\IPHLPAPI.DLL
0x00007ffc3f880000 - 0x00007ffc3f889000 	C:\WINDOWS\System32\NSI.dll
0x00007ffc34a40000 - 0x00007ffc34a59000 	C:\WINDOWS\SYSTEM32\dhcpcsvc6.DLL
0x00007ffc34a20000 - 0x00007ffc34a3f000 	C:\WINDOWS\SYSTEM32\dhcpcsvc.DLL
0x00007ffc3d1e0000 - 0x00007ffc3d2d3000 	C:\WINDOWS\SYSTEM32\DNSAPI.dll

dbghelp: loaded successfully - version: 4.0.5 - missing functions: none
symbol engine: initialized successfully - sym options: 0x614 - pdb path: .;C:\Program Files\Microsoft\jdk-11.0.18.10-hotspot\bin;C:\WINDOWS\SYSTEM32;C:\WINDOWS\WinSxS\amd64_microsoft.windows.common-controls_6595b64144ccf1df_6.0.22621.1635_none_270f70857386168e;C:\Program Files\Microsoft\jdk-11.0.18.10-hotspot\bin\server;C:\Users\nguye\.gradle\native\68d5fa5c4cc2d200863cafc0d521ce42e7d3e7ee720ec0a83991735586a16f82\windows-amd64;C:\Users\nguye\.gradle\native\e376f236ea51e6404a007f0833ffe2c6e607c4080706a723a18a27aeea778392\windows-amd64

VM Arguments:
jvm_args: -XX:MaxMetaspaceSize=512m --add-opens=java.base/java.util=ALL-UNNAMED --add-opens=java.base/java.lang=ALL-UNNAMED --add-opens=java.base/java.lang.invoke=ALL-UNNAMED --add-opens=java.prefs/java.util.prefs=ALL-UNNAMED --add-opens=java.base/java.nio.charset=ALL-UNNAMED --add-opens=java.base/java.net=ALL-UNNAMED --add-opens=java.base/java.util.concurrent.atomic=ALL-UNNAMED -Xmx2048m -Dfile.encoding=windows-1252 -Duser.country=US -Duser.language=en -Duser.variant 
java_command: org.gradle.launcher.daemon.bootstrap.GradleDaemon 8.0.1
java_class_path (initial): C:\Users\nguye\.gradle\wrapper\dists\gradle-8.0.1-all\aro4hu1c3oeioove7l0i4i14o\gradle-8.0.1\lib\gradle-launcher-8.0.1.jar
Launcher Type: SUN_STANDARD

[Global flags]
     intx CICompilerCount                          = 4                                         {product} {ergonomic}
   size_t CompressedClassSpaceSize                 = 528482304                                 {product} {ergonomic}
     uint ConcGCThreads                            = 2                                         {product} {ergonomic}
     uint G1ConcRefinementThreads                  = 8                                         {product} {ergonomic}
   size_t G1HeapRegionSize                         = 1048576                                   {product} {ergonomic}
    uintx GCDrainStackTargetSize                   = 64                                        {product} {ergonomic}
   size_t InitialHeapSize                          = 132120576                                 {product} {ergonomic}
   size_t MarkStackSize                            = 4194304                                   {product} {ergonomic}
   size_t MaxHeapSize                              = 2147483648                                {product} {command line}
   size_t MaxMetaspaceSize                         = 536870912                                 {product} {command line}
   size_t MaxNewSize                               = 1287651328                                {product} {ergonomic}
   size_t MinHeapDeltaBytes                        = 1048576                                   {product} {ergonomic}
    uintx NonNMethodCodeHeapSize                   = 5836300                                {pd product} {ergonomic}
    uintx NonProfiledCodeHeapSize                  = 122910970                              {pd product} {ergonomic}
    uintx ProfiledCodeHeapSize                     = 122910970                              {pd product} {ergonomic}
    uintx ReservedCodeCacheSize                    = 251658240                              {pd product} {ergonomic}
     bool SegmentedCodeCache                       = true                                      {product} {ergonomic}
     bool UseCompressedClassPointers               = true                                 {lp64_product} {ergonomic}
     bool UseCompressedOops                        = true                                 {lp64_product} {ergonomic}
     bool UseG1GC                                  = true                                      {product} {ergonomic}
     bool UseLargePagesIndividualAllocation        = false                                  {pd product} {ergonomic}

Logging:
Log output configuration:
 #0: stdout all=warning uptime,level,tags
 #1: stderr all=off uptime,level,tags

Environment Variables:
JAVA_HOME=C:\Program Files\Microsoft\jdk-11.0.18.10-hotspot\
CLASSPATH=E:\DaCNTT2\project\source\frontend\kahoot-fe\kahut\android\\gradle\wrapper\gradle-wrapper.jar
PATH=E:\DaCNTT2\project\source\frontend\kahoot-fe\kahut\node_modules\.bin;E:\DaCNTT2\project\source\frontend\kahoot-fe\kahut\node_modules\.bin;E:\DaCNTT2\project\source\frontend\kahoot-fe\node_modules\.bin;E:\DaCNTT2\project\source\frontend\node_modules\.bin;E:\DaCNTT2\project\source\node_modules\.bin;E:\DaCNTT2\project\node_modules\.bin;E:\DaCNTT2\node_modules\.bin;E:\node_modules\.bin;E:\DaCNTT2\project\source\frontend\kahoot-fe\kahut\node_modules\npm\node_modules\@npmcli\run-script\lib\node-gyp-bin;E:\DaCNTT2\project\source\frontend\kahoot-fe\kahut\node_modules\.bin;E:\DaCNTT2\project\source\frontend\kahoot-fe\node_modules\.bin;E:\DaCNTT2\project\source\frontend\node_modules\.bin;E:\DaCNTT2\project\source\node_modules\.bin;E:\DaCNTT2\project\node_modules\.bin;E:\DaCNTT2\node_modules\.bin;E:\node_modules\.bin;C:\Program Files\nodejs\node_modules\npm\node_modules\@npmcli\run-script\lib\node-gyp-bin;C:\Program Files\Microsoft\jdk-11.0.18.10-hotspot\bin;C:\Program Files\Common Files\Oracle\Java\javapath;C:\WINDOWS\system32;C:\WINDOWS;C:\WINDOWS\System32\Wbem;C:\WINDOWS\System32\WindowsPowerShell\v1.0\;C:\WINDOWS\System32\OpenSSH\;C:\Program Files\dotnet\;C:\Program Files\NVIDIA Corporation\NVIDIA NvDLISR;C:\Program Files\Microsoft SQL Server\Client SDK\ODBC\170\Tools\Binn\;C:\Program Files (x86)\Microsoft SQL Server\150\Tools\Binn\;C:\Program Files\Microsoft SQL Server\150\Tools\Binn\;C:\Program Files\Microsoft SQL Server\150\DTS\Binn\;C:\Program Files (x86)\Microsoft SQL Server\150\DTS\Binn\;C:\Program Files\Microsoft SQL Server\130\Tools\Binn\;C:\Program Files (x86)\dotnet\;C:\xampp\php;C:\ProgramData\ComposerSetup\bin;C:\Program Files\Docker\Docker\resources\bin;C:\ProgramData\DockerDesktop\version-bin;C:\Program Files\apache-maven-3.8.4\bin;C:\Program Files (x86)\NVIDIA Corporation\PhysX\Common;C:\Program Files\OpenSSL-Win64\bin;C:\Program Files\Git\cmd;C:\WINDOWS\system32;C:\WINDOWS;C:\WINDOWS\System32\Wbem;C:\WINDOWS\System32\WindowsPowerShell\v1.0\;C:\WINDOWS\Sys
USERNAME=nttruong
OS=Windows_NT
PROCESSOR_IDENTIFIER=Intel64 Family 6 Model 158 Stepping 10, GenuineIntel
TMP=C:\Users\nguye\AppData\Local\Temp
TEMP=C:\Users\nguye\AppData\Local\Temp



---------------  S Y S T E M  ---------------

OS: Windows 11 , 64 bit Build 22621 (10.0.22621.1928)
OS uptime: 1 days 4:43 hours
Hyper-V role detected

CPU:total 8 (initial active 8) (4 cores per cpu, 2 threads per core) family 6 model 158 stepping 10 microcode 0xec, cmov, cx8, fxsr, mmx, sse, sse2, sse3, ssse3, sse4.1, sse4.2, popcnt, avx, avx2, aes, clmul, erms, 3dnowpref, lzcnt, ht, tsc, tscinvbit, bmi1, bmi2, adx, fma

Memory: 4k page, system-wide physical 8063M (332M free)
TotalPageFile size 16255M (AvailPageFile size 63M)
current process WorkingSet (physical memory assigned to process): 513M, peak: 513M
current process commit charge ("private bytes"): 614M, peak: 702M

vm_info: OpenJDK 64-Bit Server VM (11.0.18+10-LTS) for windows-amd64 JRE (11.0.18+10-LTS), built on Jan 18 2023 15:56:47 by "MicrosoftCorporation" with MS VC++ 15.9 (VS2017)

END.
