#
# There is insufficient memory for the Java Runtime Environment to continue.
# Native memory allocation (malloc) failed to allocate 1026176 bytes for Chunk::new
# Possible reasons:
#   The system is out of physical RAM or swap space
#   The process is running with CompressedOops enabled, and the Java Heap may be blocking the growth of the native heap
# Possible solutions:
#   Reduce memory load on the system
#   Increase physical memory or swap space
#   Check if swap backing store is full
#   Decrease Java heap size (-Xmx/-Xms)
#   Decrease number of Java threads
#   Decrease Java thread stack sizes (-Xss)
#   Set larger code cache with -XX:ReservedCodeCacheSize=
#   JVM is running with Unscaled Compressed Oops mode in which the Java heap is
#     placed in the first 4GB address space. The Java Heap base address is the
#     maximum limit for the native heap growth. Please use -XX:HeapBaseMinAddress
#     to set the Java Heap base and to place the Java Heap above 4GB virtual address.
# This output file may be truncated or incomplete.
#
#  Out of Memory Error (./src/hotspot/share/memory/arena.cpp:197), pid=2820, tid=17444
#
# JRE version: OpenJDK Runtime Environment Microsoft-7208460 (11.0.18+10) (build 11.0.18+10-LTS)
# Java VM: OpenJDK 64-Bit Server VM Microsoft-7208460 (11.0.18+10-LTS, mixed mode, tiered, compressed oops, g1 gc, windows-amd64)
# No core dump will be written. Minidumps are not enabled by default on client versions of Windows
#

---------------  S U M M A R Y ------------

Command Line: -XX:MaxMetaspaceSize=512m --add-opens=java.base/java.util=ALL-UNNAMED --add-opens=java.base/java.lang=ALL-UNNAMED --add-opens=java.base/java.lang.invoke=ALL-UNNAMED --add-opens=java.prefs/java.util.prefs=ALL-UNNAMED --add-opens=java.base/java.nio.charset=ALL-UNNAMED --add-opens=java.base/java.net=ALL-UNNAMED --add-opens=java.base/java.util.concurrent.atomic=ALL-UNNAMED -Xmx2048m -Dfile.encoding=windows-1252 -Duser.country=US -Duser.language=en -Duser.variant org.gradle.launcher.daemon.bootstrap.GradleDaemon 8.0.1

Host: Intel(R) Core(TM) i5-9300H CPU @ 2.40GHz, 8 cores, 7G,  Windows 11 , 64 bit Build 22621 (10.0.22621.2070)
Time: Sun Aug 27 16:15:30 2023 SE Asia Standard Time elapsed time: 9.373905 seconds (0d 0h 0m 9s)

---------------  T H R E A D  ---------------

Current thread (0x00000220c585d000):  JavaThread "C2 CompilerThread0" daemon [_thread_in_native, id=17444, stack(0x000000a0eaa00000,0x000000a0eab00000)]


Current CompileTask:
C2:   9374 2759       4       jdk.internal.loader.URLClassPath::getResource (74 bytes)

Stack: [0x000000a0eaa00000,0x000000a0eab00000]
Native frames: (J=compiled Java code, j=interpreted, Vv=VM code, C=native code)
V  [jvm.dll+0x62bf8a]
V  [jvm.dll+0x7b8fb9]
V  [jvm.dll+0x7ba6a8]
V  [jvm.dll+0x7bad83]
V  [jvm.dll+0x250248]
V  [jvm.dll+0xc260c]
V  [jvm.dll+0xc2bcc]
V  [jvm.dll+0x2c4e64]
V  [jvm.dll+0x533dcc]
V  [jvm.dll+0x21177b]
V  [jvm.dll+0x20b39a]
V  [jvm.dll+0x2083eb]
V  [jvm.dll+0x18a4b1]
V  [jvm.dll+0x217eec]
V  [jvm.dll+0x21612b]
V  [jvm.dll+0x77bac0]
V  [jvm.dll+0x7749f4]
V  [jvm.dll+0x62adf5]
C  [ucrtbase.dll+0x29363]
C  [KERNEL32.DLL+0x126ad]
C  [ntdll.dll+0x5aa68]


---------------  P R O C E S S  ---------------

Threads class SMR info:
_java_thread_list=0x00000220c99e6c00, length=32, elements={
0x00000220a6761800, 0x00000220c5839800, 0x00000220c583a800, 0x00000220c61c3000,
0x00000220c585a800, 0x00000220c585c000, 0x00000220c585d000, 0x00000220c585e800,
0x00000220c5863800, 0x00000220c6314800, 0x00000220c703d000, 0x00000220c78d0800,
0x00000220c7a6c800, 0x00000220c72c0800, 0x00000220c8158800, 0x00000220c7c3c800,
0x00000220c814f800, 0x00000220c82e0000, 0x00000220c7a21800, 0x00000220c96af800,
0x00000220c686b800, 0x00000220c686d800, 0x00000220c6870000, 0x00000220c686c800,
0x00000220c686f000, 0x00000220c686e000, 0x00000220c6870800, 0x00000220c6871800,
0x00000220c6872000, 0x00000220c9e1d000, 0x00000220c9e1a800, 0x00000220c9e17800
}

Java Threads: ( => current thread )
  0x00000220a6761800 JavaThread "main" [_thread_blocked, id=18332, stack(0x000000a0e9e00000,0x000000a0e9f00000)]
  0x00000220c5839800 JavaThread "Reference Handler" daemon [_thread_blocked, id=17428, stack(0x000000a0ea500000,0x000000a0ea600000)]
  0x00000220c583a800 JavaThread "Finalizer" daemon [_thread_blocked, id=5552, stack(0x000000a0ea600000,0x000000a0ea700000)]
  0x00000220c61c3000 JavaThread "Signal Dispatcher" daemon [_thread_blocked, id=16256, stack(0x000000a0ea700000,0x000000a0ea800000)]
  0x00000220c585a800 JavaThread "Attach Listener" daemon [_thread_blocked, id=17752, stack(0x000000a0ea800000,0x000000a0ea900000)]
  0x00000220c585c000 JavaThread "Service Thread" daemon [_thread_blocked, id=17188, stack(0x000000a0ea900000,0x000000a0eaa00000)]
=>0x00000220c585d000 JavaThread "C2 CompilerThread0" daemon [_thread_in_native, id=17444, stack(0x000000a0eaa00000,0x000000a0eab00000)]
  0x00000220c585e800 JavaThread "C1 CompilerThread0" daemon [_thread_blocked, id=1612, stack(0x000000a0eab00000,0x000000a0eac00000)]
  0x00000220c5863800 JavaThread "Sweeper thread" daemon [_thread_blocked, id=2964, stack(0x000000a0eac00000,0x000000a0ead00000)]
  0x00000220c6314800 JavaThread "Common-Cleaner" daemon [_thread_blocked, id=3760, stack(0x000000a0ead00000,0x000000a0eae00000)]
  0x00000220c703d000 JavaThread "Daemon health stats" [_thread_blocked, id=5252, stack(0x000000a0eb200000,0x000000a0eb300000)]
  0x00000220c78d0800 JavaThread "Incoming local TCP Connector on port 50956" [_thread_in_native, id=13380, stack(0x000000a0eaf00000,0x000000a0eb000000)]
  0x00000220c7a6c800 JavaThread "Daemon periodic checks" [_thread_blocked, id=17648, stack(0x000000a0eb300000,0x000000a0eb400000)]
  0x00000220c72c0800 JavaThread "Daemon" [_thread_blocked, id=17780, stack(0x000000a0eb400000,0x000000a0eb500000)]
  0x00000220c8158800 JavaThread "Handler for socket connection from /127.0.0.1:50956 to /127.0.0.1:50967" [_thread_in_native, id=5012, stack(0x000000a0eb500000,0x000000a0eb600000)]
  0x00000220c7c3c800 JavaThread "Cancel handler" [_thread_blocked, id=17760, stack(0x000000a0eb600000,0x000000a0eb700000)]
  0x00000220c814f800 JavaThread "Daemon worker" [_thread_in_vm, id=13008, stack(0x000000a0eb700000,0x000000a0eb800000)]
  0x00000220c82e0000 JavaThread "Asynchronous log dispatcher for DefaultDaemonConnection: socket connection from /127.0.0.1:50956 to /127.0.0.1:50967" [_thread_blocked, id=7872, stack(0x000000a0eb800000,0x000000a0eb900000)]
  0x00000220c7a21800 JavaThread "Stdin handler" [_thread_blocked, id=4176, stack(0x000000a0eb900000,0x000000a0eba00000)]
  0x00000220c96af800 JavaThread "Daemon client event forwarder" [_thread_blocked, id=15272, stack(0x000000a0eba00000,0x000000a0ebb00000)]
  0x00000220c686b800 JavaThread "Cache worker for journal cache (C:\Users\nguye\.gradle\caches\journal-1)" [_thread_blocked, id=16396, stack(0x000000a0ec000000,0x000000a0ec100000)]
  0x00000220c686d800 JavaThread "File lock request listener" [_thread_in_native, id=16108, stack(0x000000a0ec100000,0x000000a0ec200000)]
  0x00000220c6870000 JavaThread "Cache worker for file hash cache (C:\Users\nguye\.gradle\caches\8.0.1\fileHashes)" [_thread_blocked, id=12536, stack(0x000000a0ec300000,0x000000a0ec400000)]
  0x00000220c686c800 JavaThread "File lock release action executor" [_thread_blocked, id=17316, stack(0x000000a0ec400000,0x000000a0ec500000)]
  0x00000220c686f000 JavaThread "File watcher server" daemon [_thread_in_native, id=16772, stack(0x000000a0ec500000,0x000000a0ec600000)]
  0x00000220c686e000 JavaThread "File watcher consumer" daemon [_thread_blocked, id=16552, stack(0x000000a0ec600000,0x000000a0ec700000)]
  0x00000220c6870800 JavaThread "Cache worker for checksums cache (E:\DaCNTT2\project\source\frontend\kahoot-fe\kahut\android\.gradle\8.0.1\checksums)" [_thread_blocked, id=12528, stack(0x000000a0ec700000,0x000000a0ec800000)]
  0x00000220c6871800 JavaThread "Cache worker for cache directory md-rule (C:\Users\nguye\.gradle\caches\8.0.1\md-rule)" [_thread_blocked, id=5816, stack(0x000000a0ec800000,0x000000a0ec900000)]
  0x00000220c6872000 JavaThread "Cache worker for file content cache (C:\Users\nguye\.gradle\caches\8.0.1\fileContent)" [_thread_blocked, id=5660, stack(0x000000a0ec900000,0x000000a0eca00000)]
  0x00000220c9e1d000 JavaThread "Cache worker for file hash cache (E:\DaCNTT2\project\source\frontend\kahoot-fe\kahut\android\.gradle\8.0.1\fileHashes)" [_thread_blocked, id=5448, stack(0x000000a0eca00000,0x000000a0ecb00000)]
  0x00000220c9e1a800 JavaThread "Cache worker for cache directory md-supplier (C:\Users\nguye\.gradle\caches\8.0.1\md-supplier)" [_thread_blocked, id=12580, stack(0x000000a0ecb00000,0x000000a0ecc00000)]
  0x00000220c9e17800 JavaThread "Cache worker for execution history cache (C:\Users\nguye\.gradle\caches\8.0.1\executionHistory)" [_thread_blocked, id=17556, stack(0x000000a0ecc00000,0x000000a0ecd00000)]

Other Threads:
  0x00000220c5837000 VMThread "VM Thread" [stack: 0x000000a0ea400000,0x000000a0ea500000] [id=17300]
  0x00000220c634f800 WatcherThread [stack: 0x000000a0eae00000,0x000000a0eaf00000] [id=15776]
  0x00000220a677a800 GCTaskThread "GC Thread#0" [stack: 0x000000a0e9f00000,0x000000a0ea000000] [id=18000]
  0x00000220c7148800 GCTaskThread "GC Thread#1" [stack: 0x000000a0eb000000,0x000000a0eb100000] [id=10860]
  0x00000220c71eb800 GCTaskThread "GC Thread#2" [stack: 0x000000a0eb100000,0x000000a0eb200000] [id=10656]
  0x00000220c7a22000 GCTaskThread "GC Thread#3" [stack: 0x000000a0ebb00000,0x000000a0ebc00000] [id=14880]
  0x00000220c7c6e000 GCTaskThread "GC Thread#4" [stack: 0x000000a0ebc00000,0x000000a0ebd00000] [id=6812]
  0x00000220c8829000 GCTaskThread "GC Thread#5" [stack: 0x000000a0ebd00000,0x000000a0ebe00000] [id=12140]
  0x00000220c882a000 GCTaskThread "GC Thread#6" [stack: 0x000000a0ebe00000,0x000000a0ebf00000] [id=9736]
  0x00000220c7891800 GCTaskThread "GC Thread#7" [stack: 0x000000a0ebf00000,0x000000a0ec000000] [id=8424]
  0x00000220a67ac800 ConcurrentGCThread "G1 Main Marker" [stack: 0x000000a0ea000000,0x000000a0ea100000] [id=16724]
  0x00000220a67af800 ConcurrentGCThread "G1 Conc#0" [stack: 0x000000a0ea100000,0x000000a0ea200000] [id=7976]
  0x00000220c8035800 ConcurrentGCThread "G1 Conc#1" [stack: 0x000000a0ec200000,0x000000a0ec300000] [id=16408]
  0x00000220c56a6800 ConcurrentGCThread "G1 Refine#0" [stack: 0x000000a0ea200000,0x000000a0ea300000] [id=7444]
  0x00000220c56a9800 ConcurrentGCThread "G1 Young RemSet Sampling" [stack: 0x000000a0ea300000,0x000000a0ea400000] [id=8512]

Threads with active compile tasks:
C2 CompilerThread0     9414 2759       4       jdk.internal.loader.URLClassPath::getResource (74 bytes)

VM state:not at safepoint (normal execution)

VM Mutex/Monitor currently owned by a thread:  ([mutex/lock_event])
[0x00000220a675d580] MetaspaceExpand_lock - owner thread: 0x00000220c814f800

Heap address: 0x0000000080000000, size: 2048 MB, Compressed Oops mode: 32-bit
Narrow klass base: 0x0000000000000000, Narrow klass shift: 3
Compressed class space size: 528482304 Address: 0x0000000100000000

Heap:
 garbage-first heap   total 129024K, used 46002K [0x0000000080000000, 0x0000000100000000)
  region size 1024K, 29 young (29696K), 4 survivors (4096K)
 Metaspace       used 33469K, capacity 34258K, committed 34352K, reserved 546816K
  class space    used 4357K, capacity 4676K, committed 4736K, reserved 516096K
Heap Regions: E=young(eden), S=young(survivor), O=old, HS=humongous(starts), HC=humongous(continues), CS=collection set, F=free, A=archive, TAMS=top-at-mark-start (previous, next)
|   0|0x0000000080000000, 0x0000000080100000, 0x0000000080100000|100%|HS|  |TAMS 0x0000000080100000, 0x0000000080000000| Complete 
|   1|0x0000000080100000, 0x0000000080200000, 0x0000000080200000|100%|HC|  |TAMS 0x0000000080200000, 0x0000000080100000| Complete 
|   2|0x0000000080200000, 0x0000000080300000, 0x0000000080300000|100%|HC|  |TAMS 0x0000000080300000, 0x0000000080200000| Complete 
|   3|0x0000000080300000, 0x0000000080400000, 0x0000000080400000|100%|HC|  |TAMS 0x0000000080400000, 0x0000000080300000| Complete 
|   4|0x0000000080400000, 0x0000000080500000, 0x0000000080500000|100%| O|  |TAMS 0x0000000080500000, 0x0000000080400000| Untracked 
|   5|0x0000000080500000, 0x0000000080600000, 0x0000000080600000|100%| O|  |TAMS 0x0000000080600000, 0x0000000080500000| Untracked 
|   6|0x0000000080600000, 0x0000000080700000, 0x0000000080700000|100%| O|  |TAMS 0x0000000080700000, 0x0000000080600000| Untracked 
|   7|0x0000000080700000, 0x0000000080800000, 0x0000000080800000|100%| O|  |TAMS 0x0000000080800000, 0x0000000080700000| Untracked 
|   8|0x0000000080800000, 0x0000000080900000, 0x0000000080900000|100%| O|  |TAMS 0x0000000080900000, 0x0000000080800000| Untracked 
|   9|0x0000000080900000, 0x0000000080a00000, 0x0000000080a00000|100%| O|  |TAMS 0x0000000080a00000, 0x0000000080900000| Untracked 
|  10|0x0000000080a00000, 0x0000000080b00000, 0x0000000080b00000|100%| O|  |TAMS 0x0000000080b00000, 0x0000000080a00000| Untracked 
|  11|0x0000000080b00000, 0x0000000080c00000, 0x0000000080c00000|100%| O|  |TAMS 0x0000000080c00000, 0x0000000080b00000| Untracked 
|  12|0x0000000080c00000, 0x0000000080d00000, 0x0000000080d00000|100%| O|  |TAMS 0x0000000080d00000, 0x0000000080c00000| Untracked 
|  13|0x0000000080d00000, 0x0000000080e00000, 0x0000000080e00000|100%| O|  |TAMS 0x0000000080e00000, 0x0000000080d00000| Untracked 
|  14|0x0000000080e00000, 0x0000000080f00000, 0x0000000080f00000|100%| O|  |TAMS 0x0000000080f00000, 0x0000000080e00000| Untracked 
|  15|0x0000000080f00000, 0x0000000081000000, 0x0000000081000000|100%| O|  |TAMS 0x0000000081000000, 0x0000000080f00000| Untracked 
|  16|0x0000000081000000, 0x00000000810ec800, 0x0000000081100000| 92%| O|  |TAMS 0x00000000810ec800, 0x0000000081000000| Untracked 
|  17|0x0000000081100000, 0x0000000081100000, 0x0000000081200000|  0%| F|  |TAMS 0x0000000081100000, 0x0000000081100000| Untracked 
|  18|0x0000000081200000, 0x0000000081200000, 0x0000000081300000|  0%| F|  |TAMS 0x0000000081200000, 0x0000000081200000| Untracked 
|  19|0x0000000081300000, 0x0000000081300000, 0x0000000081400000|  0%| F|  |TAMS 0x0000000081300000, 0x0000000081300000| Untracked 
|  20|0x0000000081400000, 0x0000000081400000, 0x0000000081500000|  0%| F|  |TAMS 0x0000000081400000, 0x0000000081400000| Untracked 
|  21|0x0000000081500000, 0x0000000081500000, 0x0000000081600000|  0%| F|  |TAMS 0x0000000081500000, 0x0000000081500000| Untracked 
|  22|0x0000000081600000, 0x0000000081600000, 0x0000000081700000|  0%| F|  |TAMS 0x0000000081600000, 0x0000000081600000| Untracked 
|  23|0x0000000081700000, 0x0000000081700000, 0x0000000081800000|  0%| F|  |TAMS 0x0000000081700000, 0x0000000081700000| Untracked 
|  24|0x0000000081800000, 0x0000000081800000, 0x0000000081900000|  0%| F|  |TAMS 0x0000000081800000, 0x0000000081800000| Untracked 
|  25|0x0000000081900000, 0x0000000081900000, 0x0000000081a00000|  0%| F|  |TAMS 0x0000000081900000, 0x0000000081900000| Untracked 
|  26|0x0000000081a00000, 0x0000000081a00000, 0x0000000081b00000|  0%| F|  |TAMS 0x0000000081a00000, 0x0000000081a00000| Untracked 
|  27|0x0000000081b00000, 0x0000000081b00000, 0x0000000081c00000|  0%| F|  |TAMS 0x0000000081b00000, 0x0000000081b00000| Untracked 
|  28|0x0000000081c00000, 0x0000000081c00000, 0x0000000081d00000|  0%| F|  |TAMS 0x0000000081c00000, 0x0000000081c00000| Untracked 
|  29|0x0000000081d00000, 0x0000000081d00000, 0x0000000081e00000|  0%| F|  |TAMS 0x0000000081d00000, 0x0000000081d00000| Untracked 
|  30|0x0000000081e00000, 0x0000000081e00000, 0x0000000081f00000|  0%| F|  |TAMS 0x0000000081e00000, 0x0000000081e00000| Untracked 
|  31|0x0000000081f00000, 0x0000000081f00000, 0x0000000082000000|  0%| F|  |TAMS 0x0000000081f00000, 0x0000000081f00000| Untracked 
|  32|0x0000000082000000, 0x0000000082000000, 0x0000000082100000|  0%| F|  |TAMS 0x0000000082000000, 0x0000000082000000| Untracked 
|  33|0x0000000082100000, 0x0000000082100000, 0x0000000082200000|  0%| F|  |TAMS 0x0000000082100000, 0x0000000082100000| Untracked 
|  34|0x0000000082200000, 0x0000000082200000, 0x0000000082300000|  0%| F|  |TAMS 0x0000000082200000, 0x0000000082200000| Untracked 
|  35|0x0000000082300000, 0x0000000082300000, 0x0000000082400000|  0%| F|  |TAMS 0x0000000082300000, 0x0000000082300000| Untracked 
|  36|0x0000000082400000, 0x0000000082400000, 0x0000000082500000|  0%| F|  |TAMS 0x0000000082400000, 0x0000000082400000| Untracked 
|  37|0x0000000082500000, 0x0000000082500000, 0x0000000082600000|  0%| F|  |TAMS 0x0000000082500000, 0x0000000082500000| Untracked 
|  38|0x0000000082600000, 0x0000000082600000, 0x0000000082700000|  0%| F|  |TAMS 0x0000000082600000, 0x0000000082600000| Untracked 
|  39|0x0000000082700000, 0x0000000082700000, 0x0000000082800000|  0%| F|  |TAMS 0x0000000082700000, 0x0000000082700000| Untracked 
|  40|0x0000000082800000, 0x0000000082800000, 0x0000000082900000|  0%| F|  |TAMS 0x0000000082800000, 0x0000000082800000| Untracked 
|  41|0x0000000082900000, 0x0000000082900000, 0x0000000082a00000|  0%| F|  |TAMS 0x0000000082900000, 0x0000000082900000| Untracked 
|  42|0x0000000082a00000, 0x0000000082a00000, 0x0000000082b00000|  0%| F|  |TAMS 0x0000000082a00000, 0x0000000082a00000| Untracked 
|  43|0x0000000082b00000, 0x0000000082b00000, 0x0000000082c00000|  0%| F|  |TAMS 0x0000000082b00000, 0x0000000082b00000| Untracked 
|  44|0x0000000082c00000, 0x0000000082c00000, 0x0000000082d00000|  0%| F|  |TAMS 0x0000000082c00000, 0x0000000082c00000| Untracked 
|  45|0x0000000082d00000, 0x0000000082d00000, 0x0000000082e00000|  0%| F|  |TAMS 0x0000000082d00000, 0x0000000082d00000| Untracked 
|  46|0x0000000082e00000, 0x0000000082e00000, 0x0000000082f00000|  0%| F|  |TAMS 0x0000000082e00000, 0x0000000082e00000| Untracked 
|  47|0x0000000082f00000, 0x0000000082f00000, 0x0000000083000000|  0%| F|  |TAMS 0x0000000082f00000, 0x0000000082f00000| Untracked 
|  48|0x0000000083000000, 0x0000000083000000, 0x0000000083100000|  0%| F|  |TAMS 0x0000000083000000, 0x0000000083000000| Untracked 
|  49|0x0000000083100000, 0x0000000083100000, 0x0000000083200000|  0%| F|  |TAMS 0x0000000083100000, 0x0000000083100000| Untracked 
|  50|0x0000000083200000, 0x0000000083200000, 0x0000000083300000|  0%| F|  |TAMS 0x0000000083200000, 0x0000000083200000| Untracked 
|  51|0x0000000083300000, 0x0000000083300000, 0x0000000083400000|  0%| F|  |TAMS 0x0000000083300000, 0x0000000083300000| Untracked 
|  52|0x0000000083400000, 0x0000000083400000, 0x0000000083500000|  0%| F|  |TAMS 0x0000000083400000, 0x0000000083400000| Untracked 
|  53|0x0000000083500000, 0x0000000083500000, 0x0000000083600000|  0%| F|  |TAMS 0x0000000083500000, 0x0000000083500000| Untracked 
|  54|0x0000000083600000, 0x0000000083600000, 0x0000000083700000|  0%| F|  |TAMS 0x0000000083600000, 0x0000000083600000| Untracked 
|  55|0x0000000083700000, 0x0000000083700000, 0x0000000083800000|  0%| F|  |TAMS 0x0000000083700000, 0x0000000083700000| Untracked 
|  56|0x0000000083800000, 0x0000000083800000, 0x0000000083900000|  0%| F|  |TAMS 0x0000000083800000, 0x0000000083800000| Untracked 
|  57|0x0000000083900000, 0x0000000083900000, 0x0000000083a00000|  0%| F|  |TAMS 0x0000000083900000, 0x0000000083900000| Untracked 
|  58|0x0000000083a00000, 0x0000000083a00000, 0x0000000083b00000|  0%| F|  |TAMS 0x0000000083a00000, 0x0000000083a00000| Untracked 
|  59|0x0000000083b00000, 0x0000000083b00000, 0x0000000083c00000|  0%| F|  |TAMS 0x0000000083b00000, 0x0000000083b00000| Untracked 
|  60|0x0000000083c00000, 0x0000000083c00000, 0x0000000083d00000|  0%| F|  |TAMS 0x0000000083c00000, 0x0000000083c00000| Untracked 
|  61|0x0000000083d00000, 0x0000000083d00000, 0x0000000083e00000|  0%| F|  |TAMS 0x0000000083d00000, 0x0000000083d00000| Untracked 
|  62|0x0000000083e00000, 0x0000000083e00000, 0x0000000083f00000|  0%| F|  |TAMS 0x0000000083e00000, 0x0000000083e00000| Untracked 
|  63|0x0000000083f00000, 0x0000000083f00000, 0x0000000084000000|  0%| F|  |TAMS 0x0000000083f00000, 0x0000000083f00000| Untracked 
|  64|0x0000000084000000, 0x0000000084000000, 0x0000000084100000|  0%| F|  |TAMS 0x0000000084000000, 0x0000000084000000| Untracked 
|  65|0x0000000084100000, 0x0000000084100000, 0x0000000084200000|  0%| F|  |TAMS 0x0000000084100000, 0x0000000084100000| Untracked 
|  66|0x0000000084200000, 0x0000000084200000, 0x0000000084300000|  0%| F|  |TAMS 0x0000000084200000, 0x0000000084200000| Untracked 
|  67|0x0000000084300000, 0x0000000084300000, 0x0000000084400000|  0%| F|  |TAMS 0x0000000084300000, 0x0000000084300000| Untracked 
|  68|0x0000000084400000, 0x0000000084500000, 0x0000000084500000|100%| S|CS|TAMS 0x0000000084400000, 0x0000000084400000| Complete 
|  69|0x0000000084500000, 0x0000000084600000, 0x0000000084600000|100%| S|CS|TAMS 0x0000000084500000, 0x0000000084500000| Complete 
|  70|0x0000000084600000, 0x0000000084700000, 0x0000000084700000|100%| S|CS|TAMS 0x0000000084600000, 0x0000000084600000| Complete 
|  71|0x0000000084700000, 0x0000000084800000, 0x0000000084800000|100%| S|CS|TAMS 0x0000000084700000, 0x0000000084700000| Complete 
|  72|0x0000000084800000, 0x0000000084800000, 0x0000000084900000|  0%| F|  |TAMS 0x0000000084800000, 0x0000000084800000| Untracked 
|  73|0x0000000084900000, 0x0000000084900000, 0x0000000084a00000|  0%| F|  |TAMS 0x0000000084900000, 0x0000000084900000| Untracked 
|  74|0x0000000084a00000, 0x0000000084a00000, 0x0000000084b00000|  0%| F|  |TAMS 0x0000000084a00000, 0x0000000084a00000| Untracked 
|  75|0x0000000084b00000, 0x0000000084b00000, 0x0000000084c00000|  0%| F|  |TAMS 0x0000000084b00000, 0x0000000084b00000| Untracked 
|  76|0x0000000084c00000, 0x0000000084c00000, 0x0000000084d00000|  0%| F|  |TAMS 0x0000000084c00000, 0x0000000084c00000| Untracked 
|  77|0x0000000084d00000, 0x0000000084d00000, 0x0000000084e00000|  0%| F|  |TAMS 0x0000000084d00000, 0x0000000084d00000| Untracked 
|  78|0x0000000084e00000, 0x0000000084e00000, 0x0000000084f00000|  0%| F|  |TAMS 0x0000000084e00000, 0x0000000084e00000| Untracked 
|  79|0x0000000084f00000, 0x0000000084f00000, 0x0000000085000000|  0%| F|  |TAMS 0x0000000084f00000, 0x0000000084f00000| Untracked 
|  80|0x0000000085000000, 0x0000000085000000, 0x0000000085100000|  0%| F|  |TAMS 0x0000000085000000, 0x0000000085000000| Untracked 
|  81|0x0000000085100000, 0x0000000085100000, 0x0000000085200000|  0%| F|  |TAMS 0x0000000085100000, 0x0000000085100000| Untracked 
|  82|0x0000000085200000, 0x0000000085200000, 0x0000000085300000|  0%| F|  |TAMS 0x0000000085200000, 0x0000000085200000| Untracked 
|  83|0x0000000085300000, 0x0000000085300000, 0x0000000085400000|  0%| F|  |TAMS 0x0000000085300000, 0x0000000085300000| Untracked 
|  84|0x0000000085400000, 0x0000000085400000, 0x0000000085500000|  0%| F|  |TAMS 0x0000000085400000, 0x0000000085400000| Untracked 
|  85|0x0000000085500000, 0x0000000085500000, 0x0000000085600000|  0%| F|  |TAMS 0x0000000085500000, 0x0000000085500000| Untracked 
|  86|0x0000000085600000, 0x0000000085600000, 0x0000000085700000|  0%| F|  |TAMS 0x0000000085600000, 0x0000000085600000| Untracked 
|  87|0x0000000085700000, 0x0000000085700000, 0x0000000085800000|  0%| F|  |TAMS 0x0000000085700000, 0x0000000085700000| Untracked 
|  88|0x0000000085800000, 0x0000000085800000, 0x0000000085900000|  0%| F|  |TAMS 0x0000000085800000, 0x0000000085800000| Untracked 
|  89|0x0000000085900000, 0x0000000085900000, 0x0000000085a00000|  0%| F|  |TAMS 0x0000000085900000, 0x0000000085900000| Untracked 
|  90|0x0000000085a00000, 0x0000000085a00000, 0x0000000085b00000|  0%| F|  |TAMS 0x0000000085a00000, 0x0000000085a00000| Untracked 
|  91|0x0000000085b00000, 0x0000000085b00000, 0x0000000085c00000|  0%| F|  |TAMS 0x0000000085b00000, 0x0000000085b00000| Untracked 
|  92|0x0000000085c00000, 0x0000000085c00000, 0x0000000085d00000|  0%| F|  |TAMS 0x0000000085c00000, 0x0000000085c00000| Untracked 
|  93|0x0000000085d00000, 0x0000000085d00000, 0x0000000085e00000|  0%| F|  |TAMS 0x0000000085d00000, 0x0000000085d00000| Untracked 
|  94|0x0000000085e00000, 0x0000000085e00000, 0x0000000085f00000|  0%| F|  |TAMS 0x0000000085e00000, 0x0000000085e00000| Untracked 
|  95|0x0000000085f00000, 0x0000000085f00000, 0x0000000086000000|  0%| F|  |TAMS 0x0000000085f00000, 0x0000000085f00000| Untracked 
|  96|0x0000000086000000, 0x0000000086000000, 0x0000000086100000|  0%| F|  |TAMS 0x0000000086000000, 0x0000000086000000| Untracked 
|  97|0x0000000086100000, 0x0000000086100000, 0x0000000086200000|  0%| F|  |TAMS 0x0000000086100000, 0x0000000086100000| Untracked 
|  98|0x0000000086200000, 0x0000000086200000, 0x0000000086300000|  0%| F|  |TAMS 0x0000000086200000, 0x0000000086200000| Untracked 
|  99|0x0000000086300000, 0x0000000086369320, 0x0000000086400000| 41%| S|  |TAMS 0x0000000086300000, 0x0000000086300000| Complete 
| 100|0x0000000086400000, 0x0000000086500000, 0x0000000086500000|100%| S|  |TAMS 0x0000000086400000, 0x0000000086400000| Complete 
| 101|0x0000000086500000, 0x0000000086600000, 0x0000000086600000|100%| E|CS|TAMS 0x0000000086500000, 0x0000000086600000| Complete 
| 102|0x0000000086600000, 0x0000000086700000, 0x0000000086700000|100%| E|CS|TAMS 0x0000000086600000, 0x0000000086700000| Complete 
| 103|0x0000000086700000, 0x0000000086800000, 0x0000000086800000|100%| E|CS|TAMS 0x0000000086700000, 0x0000000086800000| Complete 
| 104|0x0000000086800000, 0x0000000086900000, 0x0000000086900000|100%| E|CS|TAMS 0x0000000086800000, 0x0000000086900000| Complete 
| 105|0x0000000086900000, 0x0000000086a00000, 0x0000000086a00000|100%| E|CS|TAMS 0x0000000086900000, 0x0000000086a00000| Complete 
| 106|0x0000000086a00000, 0x0000000086b00000, 0x0000000086b00000|100%| E|CS|TAMS 0x0000000086a00000, 0x0000000086b00000| Complete 
| 107|0x0000000086b00000, 0x0000000086c00000, 0x0000000086c00000|100%| E|CS|TAMS 0x0000000086b00000, 0x0000000086c00000| Complete 
| 108|0x0000000086c00000, 0x0000000086d00000, 0x0000000086d00000|100%| E|CS|TAMS 0x0000000086c00000, 0x0000000086d00000| Complete 
| 109|0x0000000086d00000, 0x0000000086e00000, 0x0000000086e00000|100%| E|CS|TAMS 0x0000000086d00000, 0x0000000086e00000| Complete 
| 110|0x0000000086e00000, 0x0000000086f00000, 0x0000000086f00000|100%| E|CS|TAMS 0x0000000086e00000, 0x0000000086f00000| Complete 
| 111|0x0000000086f00000, 0x0000000087000000, 0x0000000087000000|100%| E|CS|TAMS 0x0000000086f00000, 0x0000000087000000| Complete 
| 112|0x0000000087000000, 0x0000000087100000, 0x0000000087100000|100%| E|CS|TAMS 0x0000000087000000, 0x0000000087100000| Complete 
| 113|0x0000000087100000, 0x0000000087200000, 0x0000000087200000|100%| E|CS|TAMS 0x0000000087100000, 0x0000000087200000| Complete 
| 114|0x0000000087200000, 0x0000000087300000, 0x0000000087300000|100%| E|CS|TAMS 0x0000000087200000, 0x0000000087300000| Complete 
| 115|0x0000000087300000, 0x0000000087400000, 0x0000000087400000|100%| E|CS|TAMS 0x0000000087300000, 0x0000000087400000| Complete 
| 116|0x0000000087400000, 0x0000000087500000, 0x0000000087500000|100%| E|CS|TAMS 0x0000000087400000, 0x0000000087500000| Complete 
| 117|0x0000000087500000, 0x0000000087600000, 0x0000000087600000|100%| E|CS|TAMS 0x0000000087500000, 0x0000000087600000| Complete 
| 118|0x0000000087600000, 0x0000000087700000, 0x0000000087700000|100%| E|CS|TAMS 0x0000000087600000, 0x0000000087700000| Complete 
| 119|0x0000000087700000, 0x0000000087800000, 0x0000000087800000|100%| E|CS|TAMS 0x0000000087700000, 0x0000000087800000| Complete 
| 120|0x0000000087800000, 0x0000000087900000, 0x0000000087900000|100%| E|CS|TAMS 0x0000000087800000, 0x0000000087900000| Complete 
| 121|0x0000000087900000, 0x0000000087a00000, 0x0000000087a00000|100%| E|CS|TAMS 0x0000000087900000, 0x0000000087a00000| Complete 
| 122|0x0000000087a00000, 0x0000000087b00000, 0x0000000087b00000|100%| E|CS|TAMS 0x0000000087a00000, 0x0000000087b00000| Complete 
| 123|0x0000000087b00000, 0x0000000087c00000, 0x0000000087c00000|100%| E|CS|TAMS 0x0000000087b00000, 0x0000000087c00000| Complete 
| 124|0x0000000087c00000, 0x0000000087d00000, 0x0000000087d00000|100%| E|CS|TAMS 0x0000000087c00000, 0x0000000087d00000| Complete 
| 125|0x0000000087d00000, 0x0000000087e00000, 0x0000000087e00000|100%| E|CS|TAMS 0x0000000087d00000, 0x0000000087e00000| Complete 

Card table byte_map: [0x00000220be600000,0x00000220bea00000] _byte_map_base: 0x00000220be200000

Marking Bits (Prev, Next): (CMBitMap*) 0x00000220a67a3a30, (CMBitMap*) 0x00000220a67a39f8
 Prev Bits: [0x00000220c0e00000, 0x00000220c2e00000)
 Next Bits: [0x00000220bee00000, 0x00000220c0e00000)

Polling page: 0x00000220a4750000

Metaspace:

Usage:
  Non-class:     28.89 MB capacity,    28.43 MB ( 98%) used,   389.65 KB (  1%) free+waste,    80.56 KB ( <1%) overhead. 
      Class:      4.57 MB capacity,     4.26 MB ( 93%) used,   278.26 KB (  6%) free+waste,    40.31 KB ( <1%) overhead. 
       Both:     33.46 MB capacity,    32.68 MB ( 98%) used,   667.91 KB (  2%) free+waste,   120.88 KB ( <1%) overhead. 

Virtual space:
  Non-class space:       36.00 MB reserved,      28.92 MB ( 80%) committed 
      Class space:      504.00 MB reserved,       4.63 MB ( <1%) committed 
             Both:      540.00 MB reserved,      33.55 MB (  6%) committed 

Chunk freelists:
   Non-Class:  34.00 KB
       Class:  28.00 KB
        Both:  62.00 KB

MaxMetaspaceSize: 512.00 MB
CompressedClassSpaceSize: 504.00 MB
Initial GC threshold: 20.80 MB
Current GC threshold: 35.08 MB
CDS: off

CodeHeap 'non-profiled nmethods': size=120000Kb used=1399Kb max_used=1399Kb free=118600Kb
 bounds [0x00000220b69a0000, 0x00000220b6c10000, 0x00000220bded0000]
CodeHeap 'profiled nmethods': size=120000Kb used=5997Kb max_used=5997Kb free=114003Kb
 bounds [0x00000220af470000, 0x00000220afa50000, 0x00000220b69a0000]
CodeHeap 'non-nmethods': size=5760Kb used=1236Kb max_used=1271Kb free=4523Kb
 bounds [0x00000220aeed0000, 0x00000220af140000, 0x00000220af470000]
 total_blobs=3366 nmethods=2848 adapters=430
 compilation: enabled
              stopped_count=0, restarted_count=0
 full_count=0

Compilation events (20 events):
Event: 9.327 Thread 0x00000220c585e800 2853       1       java.lang.ClassValue::version (5 bytes)
Event: 9.327 Thread 0x00000220c585e800 nmethod 2853 0x00000220b6afd510 code [0x00000220b6afd6c0, 0x00000220b6afd778]
Event: 9.329 Thread 0x00000220c585e800 2856       2       java.lang.PublicMethods$MethodList::filter (104 bytes)
Event: 9.330 Thread 0x00000220c585e800 nmethod 2856 0x00000220afa47b10 code [0x00000220afa47d00, 0x00000220afa48238]
Event: 9.330 Thread 0x00000220c585e800 2857       2       org.codehaus.groovy.util.ManagedReference::<init> (40 bytes)
Event: 9.331 Thread 0x00000220c585e800 nmethod 2857 0x00000220afa48590 code [0x00000220afa48760, 0x00000220afa48998]
Event: 9.331 Thread 0x00000220c585e800 2858       2       org.codehaus.groovy.util.ManagedReference::<init> (14 bytes)
Event: 9.331 Thread 0x00000220c585e800 nmethod 2858 0x00000220afa48a90 code [0x00000220afa48c40, 0x00000220afa48d68]
Event: 9.331 Thread 0x00000220c585e800 2859   !   2       org.codehaus.groovy.util.LazyReference::getLocked (85 bytes)
Event: 9.332 Thread 0x00000220c585e800 nmethod 2859 0x00000220afa48e90 code [0x00000220afa49100, 0x00000220afa49758]
Event: 9.332 Thread 0x00000220c585e800 2860       2       org.codehaus.groovy.util.LockableObject::tryRelease (45 bytes)
Event: 9.333 Thread 0x00000220c585e800 nmethod 2860 0x00000220afa49c10 code [0x00000220afa49dc0, 0x00000220afa49fc8]
Event: 9.333 Thread 0x00000220c585e800 2861       2       java.util.concurrent.atomic.AtomicInteger::<init> (5 bytes)
Event: 9.333 Thread 0x00000220c585e800 nmethod 2861 0x00000220afa4a090 code [0x00000220afa4a240, 0x00000220afa4a338]
Event: 9.337 Thread 0x00000220c585e800 2863       2       java.util.WeakHashMap::get (77 bytes)
Event: 9.338 Thread 0x00000220c585e800 nmethod 2863 0x00000220afa4a410 code [0x00000220afa4a600, 0x00000220afa4a8e8]
Event: 9.338 Thread 0x00000220c585e800 2864       2       org.codehaus.groovy.reflection.CachedClass::getInterfaces (11 bytes)
Event: 9.338 Thread 0x00000220c585e800 nmethod 2864 0x00000220afa4ab10 code [0x00000220afa4acc0, 0x00000220afa4ae28]
Event: 9.338 Thread 0x00000220c585e800 2865       2       org.codehaus.groovy.util.ReferenceType$1::createReference (11 bytes)
Event: 9.338 Thread 0x00000220c585e800 nmethod 2865 0x00000220afa4af10 code [0x00000220afa4b0c0, 0x00000220afa4b378]

GC Heap History (10 events):
Event: 1.298 GC heap before
{Heap before GC invocations=0 (full 0):
 garbage-first heap   total 129024K, used 27648K [0x0000000080000000, 0x0000000100000000)
  region size 1024K, 24 young (24576K), 0 survivors (0K)
 Metaspace       used 9794K, capacity 10020K, committed 10112K, reserved 526336K
  class space    used 999K, capacity 1069K, committed 1152K, reserved 516096K
}
Event: 1.347 GC heap after
{Heap after GC invocations=1 (full 0):
 garbage-first heap   total 129024K, used 10438K [0x0000000080000000, 0x0000000100000000)
  region size 1024K, 3 young (3072K), 3 survivors (3072K)
 Metaspace       used 9794K, capacity 10020K, committed 10112K, reserved 526336K
  class space    used 999K, capacity 1069K, committed 1152K, reserved 516096K
}
Event: 5.371 GC heap before
{Heap before GC invocations=1 (full 0):
 garbage-first heap   total 129024K, used 84166K [0x0000000080000000, 0x0000000100000000)
  region size 1024K, 75 young (76800K), 3 survivors (3072K)
 Metaspace       used 18425K, capacity 18782K, committed 18944K, reserved 534528K
  class space    used 2127K, capacity 2244K, committed 2304K, reserved 516096K
}
Event: 5.378 GC heap after
{Heap after GC invocations=2 (full 0):
 garbage-first heap   total 129024K, used 17606K [0x0000000080000000, 0x0000000100000000)
  region size 1024K, 10 young (10240K), 10 survivors (10240K)
 Metaspace       used 18425K, capacity 18782K, committed 18944K, reserved 534528K
  class space    used 2127K, capacity 2244K, committed 2304K, reserved 516096K
}
Event: 5.799 GC heap before
{Heap before GC invocations=2 (full 0):
 garbage-first heap   total 129024K, used 37062K [0x0000000080000000, 0x0000000100000000)
  region size 1024K, 30 young (30720K), 10 survivors (10240K)
 Metaspace       used 20790K, capacity 21192K, committed 21296K, reserved 536576K
  class space    used 2486K, capacity 2652K, committed 2688K, reserved 516096K
}
Event: 5.810 GC heap after
{Heap after GC invocations=3 (full 0):
 garbage-first heap   total 129024K, used 18341K [0x0000000080000000, 0x0000000100000000)
  region size 1024K, 1 young (1024K), 1 survivors (1024K)
 Metaspace       used 20790K, capacity 21192K, committed 21296K, reserved 536576K
  class space    used 2486K, capacity 2652K, committed 2688K, reserved 516096K
}
Event: 6.872 GC heap before
{Heap before GC invocations=4 (full 0):
 garbage-first heap   total 129024K, used 65445K [0x0000000080000000, 0x0000000100000000)
  region size 1024K, 47 young (48128K), 1 survivors (1024K)
 Metaspace       used 24917K, capacity 25495K, committed 25648K, reserved 538624K
  class space    used 3153K, capacity 3386K, committed 3456K, reserved 516096K
}
Event: 6.875 GC heap after
{Heap after GC invocations=5 (full 0):
 garbage-first heap   total 129024K, used 19682K [0x0000000080000000, 0x0000000100000000)
  region size 1024K, 3 young (3072K), 3 survivors (3072K)
 Metaspace       used 24917K, capacity 25495K, committed 25648K, reserved 538624K
  class space    used 3153K, capacity 3386K, committed 3456K, reserved 516096K
}
Event: 8.369 GC heap before
{Heap before GC invocations=5 (full 0):
 garbage-first heap   total 129024K, used 71906K [0x0000000080000000, 0x0000000100000000)
  region size 1024K, 54 young (55296K), 3 survivors (3072K)
 Metaspace       used 29876K, capacity 30602K, committed 30768K, reserved 542720K
  class space    used 3912K, capacity 4180K, committed 4224K, reserved 516096K
}
Event: 8.375 GC heap after
{Heap after GC invocations=6 (full 0):
 garbage-first heap   total 129024K, used 21426K [0x0000000080000000, 0x0000000100000000)
  region size 1024K, 4 young (4096K), 4 survivors (4096K)
 Metaspace       used 29876K, capacity 30602K, committed 30768K, reserved 542720K
  class space    used 3912K, capacity 4180K, committed 4224K, reserved 516096K
}

Deoptimization events (20 events):
Event: 5.977 Thread 0x00000220c814f800 Uncommon trap: trap_request=0xffffffcc fr.pc=0x00000220b6a9c674 relative=0x00000000000002b4
Event: 5.977 Thread 0x00000220c814f800 Uncommon trap: reason=intrinsic_or_type_checked_inlining action=make_not_entrant pc=0x00000220b6a9c674 method=java.util.Arrays.copyOf([Ljava/lang/Object;ILjava/lang/Class;)[Ljava/lang/Object; @ 35 c2
Event: 5.977 Thread 0x00000220c814f800 DEOPT PACKING pc=0x00000220b6a9c674 sp=0x000000a0eb7fd690
Event: 5.977 Thread 0x00000220c814f800 DEOPT UNPACKING pc=0x00000220aef1a1af sp=0x000000a0eb7fd620 mode 2
Event: 6.865 Thread 0x00000220c814f800 Uncommon trap: trap_request=0xffffff4d fr.pc=0x00000220b6a82e78 relative=0x00000000000006f8
Event: 6.865 Thread 0x00000220c814f800 Uncommon trap: reason=unstable_if action=reinterpret pc=0x00000220b6a82e78 method=java.util.HashMap.hash(Ljava/lang/Object;)I @ 1 c2
Event: 6.865 Thread 0x00000220c814f800 DEOPT PACKING pc=0x00000220b6a82e78 sp=0x000000a0eb7f9cd0
Event: 6.865 Thread 0x00000220c814f800 DEOPT UNPACKING pc=0x00000220aef1a1af sp=0x000000a0eb7f9c50 mode 2
Event: 8.116 Thread 0x00000220c814f800 Uncommon trap: trap_request=0xffffff4d fr.pc=0x00000220b6a8a64c relative=0x000000000000020c
Event: 8.116 Thread 0x00000220c814f800 Uncommon trap: reason=unstable_if action=reinterpret pc=0x00000220b6a8a64c method=java.util.HashMap.hash(Ljava/lang/Object;)I @ 1 c2
Event: 8.116 Thread 0x00000220c814f800 DEOPT PACKING pc=0x00000220b6a8a64c sp=0x000000a0eb7f78e0
Event: 8.116 Thread 0x00000220c814f800 DEOPT UNPACKING pc=0x00000220aef1a1af sp=0x000000a0eb7f7818 mode 2
Event: 8.116 Thread 0x00000220c814f800 Uncommon trap: trap_request=0xffffff4d fr.pc=0x00000220b6a81cac relative=0x000000000000008c
Event: 8.116 Thread 0x00000220c814f800 Uncommon trap: reason=unstable_if action=reinterpret pc=0x00000220b6a81cac method=java.util.HashMap.hash(Ljava/lang/Object;)I @ 1 c2
Event: 8.116 Thread 0x00000220c814f800 DEOPT PACKING pc=0x00000220b6a81cac sp=0x000000a0eb7f7650
Event: 8.117 Thread 0x00000220c814f800 DEOPT UNPACKING pc=0x00000220aef1a1af sp=0x000000a0eb7f75e8 mode 2
Event: 8.184 Thread 0x00000220c814f800 DEOPT PACKING pc=0x00000220af845e79 sp=0x000000a0eb7f81c0
Event: 8.184 Thread 0x00000220c814f800 DEOPT UNPACKING pc=0x00000220aef1a95e sp=0x000000a0eb7f7708 mode 0
Event: 8.195 Thread 0x00000220c814f800 DEOPT PACKING pc=0x00000220af845e79 sp=0x000000a0eb7f8200
Event: 8.195 Thread 0x00000220c814f800 DEOPT UNPACKING pc=0x00000220aef1a95e sp=0x000000a0eb7f7748 mode 0

Classes redefined (0 events):
No events

Internal exceptions (20 events):
Event: 7.320 Thread 0x00000220c814f800 Exception <a 'java/lang/NoSuchMethodError'{0x00000000871f4ac8}: 'void java.lang.invoke.DirectMethodHandle$Holder.invokeStatic(java.lang.Object, java.lang.Object, java.lang.Object, java.lang.Object)'> (0x00000000871f4ac8) thrown at [./src/hotspot/share/interpreter/linkResolver.cpp, line 773]
Event: 7.323 Thread 0x00000220c814f800 Exception <a 'java/lang/NoSuchMethodError'{0x0000000087014650}: 'int java.lang.invoke.DirectMethodHandle$Holder.invokeVirtual(java.lang.Object, java.lang.Object)'> (0x0000000087014650) thrown at [./src/hotspot/share/interpreter/linkResolver.cpp, line 773]
Event: 7.333 Thread 0x00000220c814f800 Exception <a 'java/lang/NoSuchMethodError'{0x0000000087052750}: 'int java.lang.invoke.DirectMethodHandle$Holder.invokeVirtual(java.lang.Object, java.lang.Object, java.lang.Object)'> (0x0000000087052750) thrown at [./src/hotspot/share/interpreter/linkResolver.cpp, line 773]
Event: 7.932 Thread 0x00000220c814f800 Exception <a 'java/lang/NoSuchMethodError'{0x0000000085f682b0}: 'java.lang.Object java.lang.invoke.DirectMethodHandle$Holder.invokeSpecialIFC(java.lang.Object, java.lang.Object, java.lang.Object, java.lang.Object)'> (0x0000000085f682b0) thrown at [./src/hotspot/share/interpreter/linkResolver.cpp, line 773]
Event: 8.116 Thread 0x00000220c814f800 Implicit null exception at 0x00000220b6a8a475 to 0x00000220b6a8a63c
Event: 8.116 Thread 0x00000220c814f800 Implicit null exception at 0x00000220b6a81c2f to 0x00000220b6a81c9d
Event: 8.183 Thread 0x00000220c814f800 Exception <a 'java/lang/NoSuchMethodError'{0x00000000854ce428}: 'java.lang.Object java.lang.invoke.DirectMethodHandle$Holder.invokeSpecial(java.lang.Object, java.lang.Object, java.lang.Object, java.lang.Object, java.lang.Object, java.lang.Object, java.lang.Object, java.lang.Object, java.lang.Object, java.lang.Object, java.lang.Object, java.lang.Object, java.lang.Object)'> (0x00000000854ce428) thrown at [./src/hotspot/share/interpreter/linkResolver.cpp, line 773]
Event: 8.185 Thread 0x00000220c814f800 Exception <a 'java/lang/NoSuchMethodError'{0x00000000854ded18}: 'java.lang.Object java.lang.invoke.Invokers$Holder.linkToTargetMethod(java.lang.Object, java.lang.Object, java.lang.Object, java.lang.Object, java.lang.Object, java.lang.Object, java.lang.Object, java.lang.Object, java.lang.Object, java.lang.Object, java.lang.Object)'> (0x00000000854ded18) thrown at [./src/hotspot/share/interpreter/linkResolver.cpp, line 773]
Event: 8.192 Thread 0x00000220c814f800 Exception <a 'java/lang/NoSuchMethodError'{0x0000000085378e88}: 'java.lang.Object java.lang.invoke.DirectMethodHandle$Holder.invokeSpecial(java.lang.Object, java.lang.Object, java.lang.Object, java.lang.Object, java.lang.Object, java.lang.Object, java.lang.Object, java.lang.Object, java.lang.Object, java.lang.Object, java.lang.Object, java.lang.Object, java.lang.Object, java.lang.Object)'> (0x0000000085378e88) thrown at [./src/hotspot/share/interpreter/linkResolver.cpp, line 773]
Event: 8.194 Thread 0x00000220c814f800 Exception <a 'java/lang/NoSuchMethodError'{0x000000008538a938}: 'java.lang.Object java.lang.invoke.Invokers$Holder.linkToTargetMethod(java.lang.Object, java.lang.Object, java.lang.Object, java.lang.Object, java.lang.Object, java.lang.Object, java.lang.Object, java.lang.Object, java.lang.Object, java.lang.Object, java.lang.Object, java.lang.Object)'> (0x000000008538a938) thrown at [./src/hotspot/share/interpreter/linkResolver.cpp, line 773]
Event: 8.223 Thread 0x00000220c814f800 Exception <a 'java/lang/NoSuchMethodError'{0x000000008527f1f8}: 'java.lang.Object java.lang.invoke.DirectMethodHandle$Holder.invokeStaticInit(java.lang.Object, java.lang.Object, java.lang.Object, java.lang.Object)'> (0x000000008527f1f8) thrown at [./src/hotspot/share/interpreter/linkResolver.cpp, line 773]
Event: 8.586 Thread 0x00000220c814f800 Exception <a 'java/lang/NoSuchMethodError'{0x00000000876eaf10}: 'java.lang.Object java.lang.invoke.Invokers$Holder.linkToTargetMethod(java.lang.Object, java.lang.Object, java.lang.Object, java.lang.Object, java.lang.Object, java.lang.Object, java.lang.Object, java.lang.Object)'> (0x00000000876eaf10) thrown at [./src/hotspot/share/interpreter/linkResolver.cpp, line 773]
Event: 8.603 Thread 0x00000220c814f800 Exception <a 'java/lang/IncompatibleClassChangeError'{0x000000008756d038}: Found class java.lang.Object, but interface was expected> (0x000000008756d038) thrown at [./src/hotspot/share/interpreter/linkResolver.cpp, line 839]
Event: 8.848 Thread 0x00000220c814f800 Exception <a 'java/lang/NoSuchMethodError'{0x0000000086e8d5c8}: 'java.lang.Object java.lang.invoke.Invokers$Holder.linkToTargetMethod(java.lang.Object, int, int, java.lang.Object)'> (0x0000000086e8d5c8) thrown at [./src/hotspot/share/interpreter/linkResolver.cpp, line 773]
Event: 8.850 Thread 0x00000220c814f800 Exception <a 'java/lang/NoSuchMethodError'{0x0000000086ea3e40}: 'java.lang.Object java.lang.invoke.DirectMethodHandle$Holder.invokeStatic(java.lang.Object, java.lang.Object, int, int, java.lang.Object, java.lang.Object)'> (0x0000000086ea3e40) thrown at [./src/hotspot/share/interpreter/linkResolver.cpp, line 773]
Event: 9.187 Thread 0x00000220c814f800 Exception <a 'java/lang/NoSuchMethodError'{0x00000000868c1f20}: 'void java.lang.invoke.DirectMethodHandle$Holder.invokeStaticInit(java.lang.Object, java.lang.Object, java.lang.Object)'> (0x00000000868c1f20) thrown at [./src/hotspot/share/interpreter/linkResolver.cpp, line 773]
Event: 9.189 Thread 0x00000220c814f800 Exception <a 'java/lang/NoSuchMethodError'{0x00000000868c9138}: 'void java.lang.invoke.DirectMethodHandle$Holder.invokeStaticInit(java.lang.Object, java.lang.Object, java.lang.Object, java.lang.Object)'> (0x00000000868c9138) thrown at [./src/hotspot/share/interpreter/linkResolver.cpp, line 773]
Event: 9.200 Thread 0x00000220c814f800 Exception <a 'java/lang/NoSuchMethodError'{0x00000000868eb9a0}: 'void java.lang.invoke.DirectMethodHandle$Holder.invokeStaticInit(java.lang.Object, java.lang.Object, java.lang.Object, java.lang.Object, java.lang.Object)'> (0x00000000868eb9a0) thrown at [./src/hotspot/share/interpreter/linkResolver.cpp, line 773]
Event: 9.203 Thread 0x00000220c814f800 Exception <a 'java/lang/NoSuchMethodError'{0x00000000868f3338}: 'int java.lang.invoke.DirectMethodHandle$Holder.invokeStaticInit(java.lang.Object, java.lang.Object, java.lang.Object)'> (0x00000000868f3338) thrown at [./src/hotspot/share/interpreter/linkResolver.cpp, line 773]
Event: 9.288 Thread 0x00000220c814f800 Exception <a 'java/lang/NoSuchMethodError'{0x0000000086750be0}: 'int java.lang.invoke.DirectMethodHandle$Holder.invokeStaticInit(java.lang.Object, java.lang.Object, java.lang.Object, java.lang.Object)'> (0x0000000086750be0) thrown at [./src/hotspot/share/interpreter/linkResolver.cpp, line 773]

Events (20 events):
Event: 9.333 loading class java/lang/ProcessHandle
Event: 9.333 loading class java/lang/ProcessHandle done
Event: 9.335 loading class groovy/lang/GString$1
Event: 9.335 loading class groovy/lang/GString$1 done
Event: 9.336 loading class groovy/lang/StringWriterIOException
Event: 9.336 loading class groovy/lang/StringWriterIOException done
Event: 9.337 loading class java/io/UnsupportedEncodingException
Event: 9.337 loading class java/io/UnsupportedEncodingException done
Event: 9.338 loading class org/codehaus/groovy/runtime/DefaultGroovyMethods
Event: 9.338 loading class org/codehaus/groovy/runtime/DefaultGroovyMethods done
Event: 9.358 loading class org/codehaus/groovy/runtime/DefaultGroovyMethodsSupport
Event: 9.358 loading class org/codehaus/groovy/runtime/DefaultGroovyMethodsSupport done
Event: 9.360 loading class java/lang/ArrayIndexOutOfBoundsException
Event: 9.360 loading class java/lang/ArrayIndexOutOfBoundsException done
Event: 9.361 loading class groovy/io/GroovyPrintWriter
Event: 9.361 loading class groovy/io/GroovyPrintWriter done
Event: 9.363 loading class org/codehaus/groovy/runtime/typehandling/GroovyCastException
Event: 9.363 loading class org/codehaus/groovy/runtime/typehandling/GroovyCastException done
Event: 9.370 loading class org/codehaus/groovy/runtime/DefaultGroovyMethods$1
Event: 9.370 loading class org/codehaus/groovy/runtime/DefaultGroovyMethods$1 done


Dynamic libraries:
0x00007ff7670c0000 - 0x00007ff7670cd000 	C:\Program Files\Microsoft\jdk-11.0.18.10-hotspot\bin\java.exe
0x00007ffb553b0000 - 0x00007ffb555c4000 	C:\WINDOWS\SYSTEM32\ntdll.dll
0x00007ffb54e90000 - 0x00007ffb54f54000 	C:\WINDOWS\System32\KERNEL32.DLL
0x00007ffb52950000 - 0x00007ffb52cf4000 	C:\WINDOWS\System32\KERNELBASE.dll
0x00007ffb52790000 - 0x00007ffb528a1000 	C:\WINDOWS\System32\ucrtbase.dll
0x00007ffb4d740000 - 0x00007ffb4d755000 	C:\Program Files\Microsoft\jdk-11.0.18.10-hotspot\bin\VCRUNTIME140.dll
0x00007ffb3ef10000 - 0x00007ffb3ef27000 	C:\Program Files\Microsoft\jdk-11.0.18.10-hotspot\bin\jli.dll
0x00007ffb53270000 - 0x00007ffb5341a000 	C:\WINDOWS\System32\USER32.dll
0x00007ffb53140000 - 0x00007ffb53166000 	C:\WINDOWS\System32\win32u.dll
0x00007ffb34af0000 - 0x00007ffb34d7f000 	C:\WINDOWS\WinSxS\amd64_microsoft.windows.common-controls_6595b64144ccf1df_6.0.22621.2070_none_2713e6537381f706\COMCTL32.dll
0x00007ffb53940000 - 0x00007ffb53969000 	C:\WINDOWS\System32\GDI32.dll
0x00007ffb52eb0000 - 0x00007ffb52fc9000 	C:\WINDOWS\System32\gdi32full.dll
0x00007ffb528b0000 - 0x00007ffb5294a000 	C:\WINDOWS\System32\msvcp_win.dll
0x00007ffb550d0000 - 0x00007ffb55177000 	C:\WINDOWS\System32\msvcrt.dll
0x00007ffb54420000 - 0x00007ffb54451000 	C:\WINDOWS\System32\IMM32.DLL
0x00007ffb11e00000 - 0x00007ffb11e9b000 	C:\Program Files\Microsoft\jdk-11.0.18.10-hotspot\bin\msvcp140.dll
0x00007ffaea360000 - 0x00007ffaeaef2000 	C:\Program Files\Microsoft\jdk-11.0.18.10-hotspot\bin\server\jvm.dll
0x00007ffb54f60000 - 0x00007ffb55010000 	C:\WINDOWS\System32\ADVAPI32.dll
0x00007ffb53970000 - 0x00007ffb53a16000 	C:\WINDOWS\System32\sechost.dll
0x00007ffb54c80000 - 0x00007ffb54d97000 	C:\WINDOWS\System32\RPCRT4.dll
0x00007ffb55010000 - 0x00007ffb55018000 	C:\WINDOWS\System32\PSAPI.DLL
0x00007ffb3ef00000 - 0x00007ffb3ef09000 	C:\WINDOWS\SYSTEM32\WSOCK32.dll
0x00007ffb48f50000 - 0x00007ffb48f84000 	C:\WINDOWS\SYSTEM32\WINMM.dll
0x00007ffb538c0000 - 0x00007ffb53931000 	C:\WINDOWS\System32\WS2_32.dll
0x00007ffb48370000 - 0x00007ffb4837a000 	C:\WINDOWS\SYSTEM32\VERSION.dll
0x00007ffb51740000 - 0x00007ffb51758000 	C:\WINDOWS\SYSTEM32\kernel.appcore.dll
0x00007ffb2f470000 - 0x00007ffb2f480000 	C:\Program Files\Microsoft\jdk-11.0.18.10-hotspot\bin\verify.dll
0x00007ffb50100000 - 0x00007ffb5032e000 	C:\WINDOWS\SYSTEM32\DBGHELP.DLL
0x00007ffb53cd0000 - 0x00007ffb5405a000 	C:\WINDOWS\System32\combase.dll
0x00007ffb55290000 - 0x00007ffb55367000 	C:\WINDOWS\System32\OLEAUT32.dll
0x00007ffb45e30000 - 0x00007ffb45e62000 	C:\WINDOWS\SYSTEM32\dbgcore.DLL
0x00007ffb52e30000 - 0x00007ffb52eaa000 	C:\WINDOWS\System32\bcryptPrimitives.dll
0x00007ffb175d0000 - 0x00007ffb175f8000 	C:\Program Files\Microsoft\jdk-11.0.18.10-hotspot\bin\java.dll
0x00007ffb2f460000 - 0x00007ffb2f46a000 	C:\Program Files\Microsoft\jdk-11.0.18.10-hotspot\bin\jimage.dll
0x00007ffb12520000 - 0x00007ffb12538000 	C:\Program Files\Microsoft\jdk-11.0.18.10-hotspot\bin\zip.dll
0x00007ffb54460000 - 0x00007ffb54c76000 	C:\WINDOWS\System32\SHELL32.dll
0x00007ffb50710000 - 0x00007ffb50ffa000 	C:\WINDOWS\SYSTEM32\windows.storage.dll
0x00007ffb505d0000 - 0x00007ffb5070e000 	C:\WINDOWS\SYSTEM32\wintypes.dll
0x00007ffb53170000 - 0x00007ffb53263000 	C:\WINDOWS\System32\SHCORE.dll
0x00007ffb54220000 - 0x00007ffb5427e000 	C:\WINDOWS\System32\shlwapi.dll
0x00007ffb526c0000 - 0x00007ffb526e6000 	C:\WINDOWS\SYSTEM32\profapi.dll
0x00007ffb121d0000 - 0x00007ffb121e9000 	C:\Program Files\Microsoft\jdk-11.0.18.10-hotspot\bin\net.dll
0x00007ffb49a30000 - 0x00007ffb49b67000 	C:\WINDOWS\SYSTEM32\WINHTTP.dll
0x00007ffb51cf0000 - 0x00007ffb51d59000 	C:\WINDOWS\system32\mswsock.dll
0x00007ffb11de0000 - 0x00007ffb11df3000 	C:\Program Files\Microsoft\jdk-11.0.18.10-hotspot\bin\nio.dll
0x00007ffb11470000 - 0x00007ffb11497000 	C:\Users\nguye\.gradle\native\68d5fa5c4cc2d200863cafc0d521ce42e7d3e7ee720ec0a83991735586a16f82\windows-amd64\native-platform.dll
0x00007ffaec6f0000 - 0x00007ffaec834000 	C:\Users\nguye\.gradle\native\e376f236ea51e6404a007f0833ffe2c6e607c4080706a723a18a27aeea778392\windows-amd64\native-platform-file-events.dll
0x00007ffb2f450000 - 0x00007ffb2f459000 	C:\Program Files\Microsoft\jdk-11.0.18.10-hotspot\bin\management.dll
0x00007ffb2b960000 - 0x00007ffb2b96b000 	C:\Program Files\Microsoft\jdk-11.0.18.10-hotspot\bin\management_ext.dll
0x00007ffb52010000 - 0x00007ffb5202b000 	C:\WINDOWS\SYSTEM32\CRYPTSP.dll
0x00007ffb51700000 - 0x00007ffb51735000 	C:\WINDOWS\system32\rsaenh.dll
0x00007ffb51d90000 - 0x00007ffb51dbc000 	C:\WINDOWS\SYSTEM32\USERENV.dll
0x00007ffb52130000 - 0x00007ffb52158000 	C:\WINDOWS\SYSTEM32\bcrypt.dll
0x00007ffb51ff0000 - 0x00007ffb51ffc000 	C:\WINDOWS\SYSTEM32\CRYPTBASE.dll
0x00007ffb51260000 - 0x00007ffb5128d000 	C:\WINDOWS\SYSTEM32\IPHLPAPI.DLL
0x00007ffb54db0000 - 0x00007ffb54db9000 	C:\WINDOWS\System32\NSI.dll
0x00007ffb492b0000 - 0x00007ffb492c9000 	C:\WINDOWS\SYSTEM32\dhcpcsvc6.DLL
0x00007ffb49290000 - 0x00007ffb492af000 	C:\WINDOWS\SYSTEM32\dhcpcsvc.DLL
0x00007ffb512d0000 - 0x00007ffb513c3000 	C:\WINDOWS\SYSTEM32\DNSAPI.dll

dbghelp: loaded successfully - version: 4.0.5 - missing functions: none
symbol engine: initialized successfully - sym options: 0x614 - pdb path: .;C:\Program Files\Microsoft\jdk-11.0.18.10-hotspot\bin;C:\WINDOWS\SYSTEM32;C:\WINDOWS\WinSxS\amd64_microsoft.windows.common-controls_6595b64144ccf1df_6.0.22621.2070_none_2713e6537381f706;C:\Program Files\Microsoft\jdk-11.0.18.10-hotspot\bin\server;C:\Users\nguye\.gradle\native\68d5fa5c4cc2d200863cafc0d521ce42e7d3e7ee720ec0a83991735586a16f82\windows-amd64;C:\Users\nguye\.gradle\native\e376f236ea51e6404a007f0833ffe2c6e607c4080706a723a18a27aeea778392\windows-amd64

VM Arguments:
jvm_args: -XX:MaxMetaspaceSize=512m --add-opens=java.base/java.util=ALL-UNNAMED --add-opens=java.base/java.lang=ALL-UNNAMED --add-opens=java.base/java.lang.invoke=ALL-UNNAMED --add-opens=java.prefs/java.util.prefs=ALL-UNNAMED --add-opens=java.base/java.nio.charset=ALL-UNNAMED --add-opens=java.base/java.net=ALL-UNNAMED --add-opens=java.base/java.util.concurrent.atomic=ALL-UNNAMED -Xmx2048m -Dfile.encoding=windows-1252 -Duser.country=US -Duser.language=en -Duser.variant 
java_command: org.gradle.launcher.daemon.bootstrap.GradleDaemon 8.0.1
java_class_path (initial): C:\Users\nguye\.gradle\wrapper\dists\gradle-8.0.1-all\aro4hu1c3oeioove7l0i4i14o\gradle-8.0.1\lib\gradle-launcher-8.0.1.jar
Launcher Type: SUN_STANDARD

[Global flags]
     intx CICompilerCount                          = 4                                         {product} {ergonomic}
   size_t CompressedClassSpaceSize                 = 528482304                                 {product} {ergonomic}
     uint ConcGCThreads                            = 2                                         {product} {ergonomic}
     uint G1ConcRefinementThreads                  = 8                                         {product} {ergonomic}
   size_t G1HeapRegionSize                         = 1048576                                   {product} {ergonomic}
    uintx GCDrainStackTargetSize                   = 64                                        {product} {ergonomic}
   size_t InitialHeapSize                          = 132120576                                 {product} {ergonomic}
   size_t MarkStackSize                            = 4194304                                   {product} {ergonomic}
   size_t MaxHeapSize                              = 2147483648                                {product} {command line}
   size_t MaxMetaspaceSize                         = 536870912                                 {product} {command line}
   size_t MaxNewSize                               = 1287651328                                {product} {ergonomic}
   size_t MinHeapDeltaBytes                        = 1048576                                   {product} {ergonomic}
    uintx NonNMethodCodeHeapSize                   = 5836300                                {pd product} {ergonomic}
    uintx NonProfiledCodeHeapSize                  = 122910970                              {pd product} {ergonomic}
    uintx ProfiledCodeHeapSize                     = 122910970                              {pd product} {ergonomic}
    uintx ReservedCodeCacheSize                    = 251658240                              {pd product} {ergonomic}
     bool SegmentedCodeCache                       = true                                      {product} {ergonomic}
     bool UseCompressedClassPointers               = true                                 {lp64_product} {ergonomic}
     bool UseCompressedOops                        = true                                 {lp64_product} {ergonomic}
     bool UseG1GC                                  = true                                      {product} {ergonomic}
     bool UseLargePagesIndividualAllocation        = false                                  {pd product} {ergonomic}

Logging:
Log output configuration:
 #0: stdout all=warning uptime,level,tags
 #1: stderr all=off uptime,level,tags

Environment Variables:
JAVA_HOME=C:\Program Files\Microsoft\jdk-11.0.18.10-hotspot\
CLASSPATH=E:\DaCNTT2\project\source\frontend\kahoot-fe\kahut\android\\gradle\wrapper\gradle-wrapper.jar
PATH=E:\DaCNTT2\project\source\frontend\kahoot-fe\kahut\node_modules\.bin;E:\DaCNTT2\project\source\frontend\kahoot-fe\kahut\node_modules\.bin;E:\DaCNTT2\project\source\frontend\kahoot-fe\node_modules\.bin;E:\DaCNTT2\project\source\frontend\node_modules\.bin;E:\DaCNTT2\project\source\node_modules\.bin;E:\DaCNTT2\project\node_modules\.bin;E:\DaCNTT2\node_modules\.bin;E:\node_modules\.bin;E:\DaCNTT2\project\source\frontend\kahoot-fe\kahut\node_modules\npm\node_modules\@npmcli\run-script\lib\node-gyp-bin;E:\DaCNTT2\project\source\frontend\kahoot-fe\kahut\node_modules\.bin;E:\DaCNTT2\project\source\frontend\kahoot-fe\node_modules\.bin;E:\DaCNTT2\project\source\frontend\node_modules\.bin;E:\DaCNTT2\project\source\node_modules\.bin;E:\DaCNTT2\project\node_modules\.bin;E:\DaCNTT2\node_modules\.bin;E:\node_modules\.bin;C:\Program Files\nodejs\node_modules\npm\node_modules\@npmcli\run-script\lib\node-gyp-bin;C:\Program Files\Microsoft\jdk-11.0.18.10-hotspot\bin;C:\Program Files\Common Files\Oracle\Java\javapath;C:\WINDOWS\system32;C:\WINDOWS;C:\WINDOWS\System32\Wbem;C:\WINDOWS\System32\WindowsPowerShell\v1.0\;C:\WINDOWS\System32\OpenSSH\;C:\Program Files\dotnet\;C:\Program Files\NVIDIA Corporation\NVIDIA NvDLISR;C:\Program Files\Microsoft SQL Server\Client SDK\ODBC\170\Tools\Binn\;C:\Program Files (x86)\Microsoft SQL Server\150\Tools\Binn\;C:\Program Files\Microsoft SQL Server\150\Tools\Binn\;C:\Program Files\Microsoft SQL Server\150\DTS\Binn\;C:\Program Files (x86)\Microsoft SQL Server\150\DTS\Binn\;C:\Program Files\Microsoft SQL Server\130\Tools\Binn\;C:\Program Files (x86)\dotnet\;C:\xampp\php;C:\ProgramData\ComposerSetup\bin;C:\Program Files\Docker\Docker\resources\bin;C:\ProgramData\DockerDesktop\version-bin;C:\Program Files\apache-maven-3.8.4\bin;C:\Program Files (x86)\NVIDIA Corporation\PhysX\Common;C:\Program Files\OpenSSL-Win64\bin;C:\Program Files\Git\cmd;C:\WINDOWS\system32;C:\WINDOWS;C:\WINDOWS\System32\Wbem;C:\WINDOWS\System32\WindowsPowerShell\v1.0\;C:\WINDOWS\Sys
USERNAME=nttruong
OS=Windows_NT
PROCESSOR_IDENTIFIER=Intel64 Family 6 Model 158 Stepping 10, GenuineIntel
TMP=C:\Users\nguye\AppData\Local\Temp
TEMP=C:\Users\nguye\AppData\Local\Temp



---------------  S Y S T E M  ---------------

OS: Windows 11 , 64 bit Build 22621 (10.0.22621.2070)
OS uptime: 0 days 0:12 hours
Hyper-V role detected

CPU:total 8 (initial active 8) (4 cores per cpu, 2 threads per core) family 6 model 158 stepping 10 microcode 0xec, cmov, cx8, fxsr, mmx, sse, sse2, sse3, ssse3, sse4.1, sse4.2, popcnt, avx, avx2, aes, clmul, erms, 3dnowpref, lzcnt, ht, tsc, tscinvbit, bmi1, bmi2, adx, fma

Memory: 4k page, system-wide physical 8063M (262M free)
TotalPageFile size 16255M (AvailPageFile size 7M)
current process WorkingSet (physical memory assigned to process): 219M, peak: 219M
current process commit charge ("private bytes"): 288M, peak: 289M

vm_info: OpenJDK 64-Bit Server VM (11.0.18+10-LTS) for windows-amd64 JRE (11.0.18+10-LTS), built on Jan 18 2023 15:56:47 by "MicrosoftCorporation" with MS VC++ 15.9 (VS2017)

END.
