#
# There is insufficient memory for the Java Runtime Environment to continue.
# Native memory allocation (malloc) failed to allocate 262160 bytes for Chunk::new
# Possible reasons:
#   The system is out of physical RAM or swap space
#   The process is running with CompressedOops enabled, and the Java Heap may be blocking the growth of the native heap
# Possible solutions:
#   Reduce memory load on the system
#   Increase physical memory or swap space
#   Check if swap backing store is full
#   Decrease Java heap size (-Xmx/-Xms)
#   Decrease number of Java threads
#   Decrease Java thread stack sizes (-Xss)
#   Set larger code cache with -XX:ReservedCodeCacheSize=
#   JVM is running with Unscaled Compressed Oops mode in which the Java heap is
#     placed in the first 4GB address space. The Java Heap base address is the
#     maximum limit for the native heap growth. Please use -XX:HeapBaseMinAddress
#     to set the Java Heap base and to place the Java Heap above 4GB virtual address.
# This output file may be truncated or incomplete.
#
#  Out of Memory Error (./src/hotspot/share/memory/arena.cpp:197), pid=18456, tid=5952
#
# JRE version: OpenJDK Runtime Environment Microsoft-7208460 (11.0.18+10) (build 11.0.18+10-LTS)
# Java VM: OpenJDK 64-Bit Server VM Microsoft-7208460 (11.0.18+10-LTS, mixed mode, tiered, compressed oops, g1 gc, windows-amd64)
# No core dump will be written. Minidumps are not enabled by default on client versions of Windows
#

---------------  S U M M A R Y ------------

Command Line: -XX:MaxMetaspaceSize=512m --add-opens=java.base/java.util=ALL-UNNAMED --add-opens=java.base/java.lang=ALL-UNNAMED --add-opens=java.base/java.lang.invoke=ALL-UNNAMED --add-opens=java.prefs/java.util.prefs=ALL-UNNAMED --add-opens=java.base/java.nio.charset=ALL-UNNAMED --add-opens=java.base/java.net=ALL-UNNAMED --add-opens=java.base/java.util.concurrent.atomic=ALL-UNNAMED -Xmx2048m -Dfile.encoding=windows-1252 -Duser.country=US -Duser.language=en -Duser.variant org.gradle.launcher.daemon.bootstrap.GradleDaemon 8.0.1

Host: Intel(R) Core(TM) i5-9300H CPU @ 2.40GHz, 8 cores, 7G,  Windows 11 , 64 bit Build 22621 (10.0.22621.2070)
Time: Thu Aug 24 10:16:53 2023 SE Asia Standard Time elapsed time: 57.221051 seconds (0d 0h 0m 57s)

---------------  T H R E A D  ---------------

Current thread (0x00000213eb00d000):  JavaThread "C2 CompilerThread1" daemon [_thread_in_native, id=5952, stack(0x00000096b9a00000,0x00000096b9b00000)]


Current CompileTask:
C2:  57221 12065   !   4       jdk.internal.loader.URLClassPath$JarLoader::getResource (353 bytes)

Stack: [0x00000096b9a00000,0x00000096b9b00000]
Native frames: (J=compiled Java code, j=interpreted, Vv=VM code, C=native code)
V  [jvm.dll+0x62bf8a]
V  [jvm.dll+0x7b8fb9]
V  [jvm.dll+0x7ba6a8]
V  [jvm.dll+0x7bad83]
V  [jvm.dll+0x250248]
V  [jvm.dll+0xc260c]
V  [jvm.dll+0xc2bcc]
V  [jvm.dll+0x6587a2]
V  [jvm.dll+0x658af3]
V  [jvm.dll+0x65a865]
V  [jvm.dll+0x6590b9]
V  [jvm.dll+0x54c1e3]
V  [jvm.dll+0x20b50c]
V  [jvm.dll+0x2083eb]
V  [jvm.dll+0x18a4b1]
V  [jvm.dll+0x217eec]
V  [jvm.dll+0x21612b]
V  [jvm.dll+0x77bac0]
V  [jvm.dll+0x7749f4]
V  [jvm.dll+0x62adf5]
C  [ucrtbase.dll+0x29363]
C  [KERNEL32.DLL+0x126ad]
C  [ntdll.dll+0x5aa68]


---------------  P R O C E S S  ---------------

Threads class SMR info:
_java_thread_list=0x00000213eeadbd50, length=135, elements={
0x00000213c7b5f800, 0x00000213e6c33000, 0x00000213e6c3e800, 0x00000213e6c53800,
0x00000213e6c57000, 0x00000213e6c59000, 0x00000213e6c62000, 0x00000213e6c66800,
0x00000213e6c7c800, 0x00000213e771b000, 0x00000213e85ab800, 0x00000213e78b9800,
0x00000213e9b7b800, 0x00000213ea284000, 0x00000213e9896800, 0x00000213e8ae8800,
0x00000213e803e000, 0x00000213e9b78800, 0x00000213e9cea800, 0x00000213e9ceb000,
0x00000213e9b08800, 0x00000213e9b05000, 0x00000213e9b09000, 0x00000213e9b06000,
0x00000213e9b06800, 0x00000213e9b07800, 0x00000213e9b0a000, 0x00000213e9b04800,
0x00000213e9b0b000, 0x00000213e9f47000, 0x00000213e9f4b800, 0x00000213e9f49000,
0x00000213e9f4d800, 0x00000213e9f4e000, 0x00000213e9f4f000, 0x00000213e9f50800,
0x00000213e9f4b000, 0x00000213e9f4f800, 0x00000213e9f52000, 0x00000213e9f51800,
0x00000213e9f4c800, 0x00000213e9f54000, 0x00000213e9f55800, 0x00000213e9f53000,
0x00000213e9f54800, 0x00000213eade7800, 0x00000213eade8000, 0x00000213eaded000,
0x00000213eadee000, 0x00000213eadeb800, 0x00000213eade9800, 0x00000213eadea800,
0x00000213eadee800, 0x00000213eadec000, 0x00000213eade9000, 0x00000213eadef800,
0x00000213eadf6000, 0x00000213eadf0800, 0x00000213eadf1000, 0x00000213eadf3800,
0x00000213eadf5000, 0x00000213eadf4800, 0x00000213eadf2000, 0x00000213eadf2800,
0x00000213e8baa000, 0x00000213e8bab800, 0x00000213e8bad000, 0x00000213e8baf000,
0x00000213e8bab000, 0x00000213e8bb0800, 0x00000213e8bb1800, 0x00000213e8bac800,
0x00000213e8bb3000, 0x00000213e8bb2000, 0x00000213e8bae000, 0x00000213e8bb7000,
0x00000213e8bb8800, 0x00000213e8bb4000, 0x00000213e8bb5800, 0x00000213e8bb4800,
0x00000213e8bb6000, 0x00000213e8bb8000, 0x00000213ee870800, 0x00000213ee86e000,
0x00000213ee86f000, 0x00000213ee871800, 0x00000213ee86f800, 0x00000213ee872000,
0x00000213ee873000, 0x00000213ee86d000, 0x00000213ee878800, 0x00000213ee879800,
0x00000213ee877000, 0x00000213ee874000, 0x00000213ee875800, 0x00000213ee87a800,
0x00000213ee874800, 0x00000213ee878000, 0x00000213ee87b000, 0x00000213ee87c000,
0x00000213ee876000, 0x00000213ed353000, 0x00000213ed352000, 0x00000213ed34f000,
0x00000213ed350800, 0x00000213ed34d800, 0x00000213ed351800, 0x00000213ed354000,
0x00000213ed34e000, 0x00000213ed355800, 0x00000213ed34f800, 0x00000213ed359800,
0x00000213ed358800, 0x00000213ed358000, 0x00000213ed354800, 0x00000213ed35a800,
0x00000213ed356800, 0x00000213ed35b000, 0x00000213ed357000, 0x00000213ed35c000,
0x00000213eab54000, 0x00000213eab51000, 0x00000213eab4e800, 0x00000213eab52800,
0x00000213eab53800, 0x00000213eab4f800, 0x00000213eab55000, 0x00000213eab56000,
0x00000213eab50000, 0x00000213eab51800, 0x00000213eab5c800, 0x00000213eab5b800,
0x00000213eab56800, 0x00000213eab5d000, 0x00000213eb00d000
}

Java Threads: ( => current thread )
  0x00000213c7b5f800 JavaThread "main" [_thread_blocked, id=2320, stack(0x00000096b6200000,0x00000096b6300000)]
  0x00000213e6c33000 JavaThread "Reference Handler" daemon [_thread_blocked, id=12696, stack(0x00000096b6900000,0x00000096b6a00000)]
  0x00000213e6c3e800 JavaThread "Finalizer" daemon [_thread_blocked, id=20452, stack(0x00000096b6a00000,0x00000096b6b00000)]
  0x00000213e6c53800 JavaThread "Signal Dispatcher" daemon [_thread_blocked, id=10664, stack(0x00000096b6b00000,0x00000096b6c00000)]
  0x00000213e6c57000 JavaThread "Attach Listener" daemon [_thread_blocked, id=17640, stack(0x00000096b6c00000,0x00000096b6d00000)]
  0x00000213e6c59000 JavaThread "Service Thread" daemon [_thread_blocked, id=13160, stack(0x00000096b6d00000,0x00000096b6e00000)]
  0x00000213e6c62000 JavaThread "C2 CompilerThread0" daemon [_thread_in_native, id=19132, stack(0x00000096b6e00000,0x00000096b6f00000)]
  0x00000213e6c66800 JavaThread "C1 CompilerThread0" daemon [_thread_blocked, id=13184, stack(0x00000096b6f00000,0x00000096b7000000)]
  0x00000213e6c7c800 JavaThread "Sweeper thread" daemon [_thread_blocked, id=16588, stack(0x00000096b7000000,0x00000096b7100000)]
  0x00000213e771b000 JavaThread "Common-Cleaner" daemon [_thread_blocked, id=18276, stack(0x00000096b7100000,0x00000096b7200000)]
  0x00000213e85ab800 JavaThread "Daemon health stats" [_thread_blocked, id=10928, stack(0x00000096b7800000,0x00000096b7900000)]
  0x00000213e78b9800 JavaThread "Incoming local TCP Connector on port 56505" [_thread_in_native, id=15124, stack(0x00000096b7300000,0x00000096b7400000)]
  0x00000213e9b7b800 JavaThread "Daemon periodic checks" [_thread_blocked, id=9444, stack(0x00000096b7600000,0x00000096b7700000)]
  0x00000213ea284000 JavaThread "Daemon" [_thread_blocked, id=14724, stack(0x00000096b7900000,0x00000096b7a00000)]
  0x00000213e9896800 JavaThread "Handler for socket connection from /127.0.0.1:56505 to /127.0.0.1:56506" [_thread_in_native, id=9388, stack(0x00000096b7a00000,0x00000096b7b00000)]
  0x00000213e8ae8800 JavaThread "Cancel handler" [_thread_blocked, id=2664, stack(0x00000096b7b00000,0x00000096b7c00000)]
  0x00000213e803e000 JavaThread "Daemon worker" [_thread_in_Java, id=16572, stack(0x00000096b7c00000,0x00000096b7d00000)]
  0x00000213e9b78800 JavaThread "Asynchronous log dispatcher for DefaultDaemonConnection: socket connection from /127.0.0.1:56505 to /127.0.0.1:56506" [_thread_blocked, id=14224, stack(0x00000096b7d00000,0x00000096b7e00000)]
  0x00000213e9cea800 JavaThread "Stdin handler" [_thread_blocked, id=6828, stack(0x00000096b7e00000,0x00000096b7f00000)]
  0x00000213e9ceb000 JavaThread "Daemon client event forwarder" [_thread_blocked, id=10840, stack(0x00000096b7f00000,0x00000096b8000000)]
  0x00000213e9b08800 JavaThread "Cache worker for journal cache (C:\Users\nguye\.gradle\caches\journal-1)" [_thread_blocked, id=6972, stack(0x00000096b8000000,0x00000096b8100000)]
  0x00000213e9b05000 JavaThread "File lock request listener" [_thread_in_native, id=5428, stack(0x00000096b8100000,0x00000096b8200000)]
  0x00000213e9b09000 JavaThread "Cache worker for file hash cache (C:\Users\nguye\.gradle\caches\8.0.1\fileHashes)" [_thread_blocked, id=5444, stack(0x00000096b8800000,0x00000096b8900000)]
  0x00000213e9b06000 JavaThread "File watcher server" daemon [_thread_in_native, id=16208, stack(0x00000096b8a00000,0x00000096b8b00000)]
  0x00000213e9b06800 JavaThread "File watcher consumer" daemon [_thread_blocked, id=10596, stack(0x00000096b8b00000,0x00000096b8c00000)]
  0x00000213e9b07800 JavaThread "Cache worker for checksums cache (E:\DaCNTT2\project\source\frontend\kahoot-fe\kahut\android\.gradle\8.0.1\checksums)" [_thread_blocked, id=18772, stack(0x00000096b8900000,0x00000096b8a00000)]
  0x00000213e9b0a000 JavaThread "Cache worker for cache directory md-rule (C:\Users\nguye\.gradle\caches\8.0.1\md-rule)" [_thread_blocked, id=4772, stack(0x00000096b8c00000,0x00000096b8d00000)]
  0x00000213e9b04800 JavaThread "Cache worker for file content cache (C:\Users\nguye\.gradle\caches\8.0.1\fileContent)" [_thread_blocked, id=5788, stack(0x00000096b8d00000,0x00000096b8e00000)]
  0x00000213e9b0b000 JavaThread "Cache worker for file hash cache (E:\DaCNTT2\project\source\frontend\kahoot-fe\kahut\android\.gradle\8.0.1\fileHashes)" [_thread_blocked, id=12100, stack(0x00000096b8f00000,0x00000096b9000000)]
  0x00000213e9f47000 JavaThread "Cache worker for cache directory md-supplier (C:\Users\nguye\.gradle\caches\8.0.1\md-supplier)" [_thread_blocked, id=19824, stack(0x00000096b8e00000,0x00000096b8f00000)]
  0x00000213e9f4b800 JavaThread "Cache worker for execution history cache (C:\Users\nguye\.gradle\caches\8.0.1\executionHistory)" [_thread_blocked, id=9096, stack(0x00000096b9000000,0x00000096b9100000)]
  0x00000213e9f49000 JavaThread "jar transforms" [_thread_blocked, id=9036, stack(0x00000096b9300000,0x00000096b9400000)]
  0x00000213e9f4d800 JavaThread "jar transforms Thread 2" [_thread_blocked, id=12088, stack(0x00000096b9400000,0x00000096b9500000)]
  0x00000213e9f4e000 JavaThread "jar transforms Thread 3" [_thread_blocked, id=1204, stack(0x00000096b9200000,0x00000096b9300000)]
  0x00000213e9f4f000 JavaThread "jar transforms Thread 4" [_thread_blocked, id=12160, stack(0x00000096b9500000,0x00000096b9600000)]
  0x00000213e9f50800 JavaThread "File lock release action executor" [_thread_blocked, id=16040, stack(0x00000096b9100000,0x00000096b9200000)]
  0x00000213e9f4b000 JavaThread "Cache worker for kotlin-dsl (C:\Users\nguye\.gradle\caches\8.0.1\kotlin-dsl)" [_thread_blocked, id=4460, stack(0x00000096b9800000,0x00000096b9900000)]
  0x00000213e9f4f800 JavaThread "jar transforms Thread 5" [_thread_blocked, id=10004, stack(0x00000096b9900000,0x00000096b9a00000)]
  0x00000213e9f52000 JavaThread "jar transforms Thread 6" [_thread_blocked, id=7796, stack(0x00000096b9600000,0x00000096b9700000)]
  0x00000213e9f51800 JavaThread "Cache worker for dependencies-accessors (E:\DaCNTT2\project\source\frontend\kahoot-fe\kahut\android\.gradle\8.0.1\dependencies-accessors)" [_thread_blocked, id=6648, stack(0x00000096b9700000,0x00000096b9800000)]
  0x00000213e9f4c800 JavaThread "Cache worker for Build Output Cleanup Cache (E:\DaCNTT2\project\source\frontend\kahoot-fe\kahut\node_modules\@react-native\gradle-plugin\.gradle\buildOutputCleanup)" [_thread_blocked, id=2160, stack(0x00000096b9b00000,0x00000096b9c00000)]
  0x00000213e9f54000 JavaThread "jar transforms Thread 7" [_thread_blocked, id=11416, stack(0x00000096b9c00000,0x00000096b9d00000)]
  0x00000213e9f55800 JavaThread "Unconstrained build operations" [_thread_blocked, id=18708, stack(0x00000096b9d00000,0x00000096b9e00000)]
  0x00000213e9f53000 JavaThread "Unconstrained build operations Thread 2" [_thread_blocked, id=18312, stack(0x00000096b9e00000,0x00000096b9f00000)]
  0x00000213e9f54800 JavaThread "Unconstrained build operations Thread 3" [_thread_blocked, id=20008, stack(0x00000096b9f00000,0x00000096ba000000)]
  0x00000213eade7800 JavaThread "Unconstrained build operations Thread 4" [_thread_blocked, id=11808, stack(0x00000096ba000000,0x00000096ba100000)]
  0x00000213eade8000 JavaThread "Unconstrained build operations Thread 5" [_thread_blocked, id=11124, stack(0x00000096ba100000,0x00000096ba200000)]
  0x00000213eaded000 JavaThread "Unconstrained build operations Thread 6" [_thread_blocked, id=3216, stack(0x00000096ba200000,0x00000096ba300000)]
  0x00000213eadee000 JavaThread "Unconstrained build operations Thread 7" [_thread_blocked, id=17252, stack(0x00000096ba300000,0x00000096ba400000)]
  0x00000213eadeb800 JavaThread "Unconstrained build operations Thread 8" [_thread_blocked, id=4384, stack(0x00000096ba400000,0x00000096ba500000)]
  0x00000213eade9800 JavaThread "Unconstrained build operations Thread 9" [_thread_blocked, id=2164, stack(0x00000096ba500000,0x00000096ba600000)]
  0x00000213eadea800 JavaThread "Unconstrained build operations Thread 10" [_thread_blocked, id=6216, stack(0x00000096ba600000,0x00000096ba700000)]
  0x00000213eadee800 JavaThread "Unconstrained build operations Thread 11" [_thread_blocked, id=19928, stack(0x00000096ba700000,0x00000096ba800000)]
  0x00000213eadec000 JavaThread "Unconstrained build operations Thread 12" [_thread_blocked, id=12492, stack(0x00000096ba800000,0x00000096ba900000)]
  0x00000213eade9000 JavaThread "Unconstrained build operations Thread 13" [_thread_blocked, id=6684, stack(0x00000096ba900000,0x00000096baa00000)]
  0x00000213eadef800 JavaThread "Unconstrained build operations Thread 14" [_thread_blocked, id=11908, stack(0x00000096baa00000,0x00000096bab00000)]
  0x00000213eadf6000 JavaThread "Unconstrained build operations Thread 15" [_thread_blocked, id=17576, stack(0x00000096bab00000,0x00000096bac00000)]
  0x00000213eadf0800 JavaThread "Unconstrained build operations Thread 16" [_thread_blocked, id=10572, stack(0x00000096bac00000,0x00000096bad00000)]
  0x00000213eadf1000 JavaThread "Unconstrained build operations Thread 17" [_thread_blocked, id=3348, stack(0x00000096bad00000,0x00000096bae00000)]
  0x00000213eadf3800 JavaThread "Unconstrained build operations Thread 18" [_thread_blocked, id=16008, stack(0x00000096bae00000,0x00000096baf00000)]
  0x00000213eadf5000 JavaThread "Unconstrained build operations Thread 19" [_thread_blocked, id=18192, stack(0x00000096baf00000,0x00000096bb000000)]
  0x00000213eadf4800 JavaThread "Unconstrained build operations Thread 20" [_thread_blocked, id=20052, stack(0x00000096bb000000,0x00000096bb100000)]
  0x00000213eadf2000 JavaThread "Unconstrained build operations Thread 21" [_thread_blocked, id=14452, stack(0x00000096bb100000,0x00000096bb200000)]
  0x00000213eadf2800 JavaThread "Unconstrained build operations Thread 22" [_thread_blocked, id=17244, stack(0x00000096bb200000,0x00000096bb300000)]
  0x00000213e8baa000 JavaThread "Unconstrained build operations Thread 23" [_thread_blocked, id=1220, stack(0x00000096bb300000,0x00000096bb400000)]
  0x00000213e8bab800 JavaThread "Unconstrained build operations Thread 24" [_thread_blocked, id=3344, stack(0x00000096bb400000,0x00000096bb500000)]
  0x00000213e8bad000 JavaThread "Unconstrained build operations Thread 25" [_thread_blocked, id=7712, stack(0x00000096bb500000,0x00000096bb600000)]
  0x00000213e8baf000 JavaThread "Unconstrained build operations Thread 26" [_thread_blocked, id=20340, stack(0x00000096bb600000,0x00000096bb700000)]
  0x00000213e8bab000 JavaThread "jar transforms Thread 8" [_thread_blocked, id=6452, stack(0x00000096bb700000,0x00000096bb800000)]
  0x00000213e8bb0800 JavaThread "Memory manager" [_thread_blocked, id=9520, stack(0x00000096bb900000,0x00000096bba00000)]
  0x00000213e8bb1800 JavaThread "Cache worker for Build Output Cleanup Cache (E:\DaCNTT2\project\source\frontend\kahoot-fe\kahut\android\.gradle\buildOutputCleanup)" [_thread_blocked, id=15416, stack(0x00000096bb800000,0x00000096bb900000)]
  0x00000213e8bac800 JavaThread "included builds" [_thread_blocked, id=12524, stack(0x00000096bbb00000,0x00000096bbc00000)]
  0x00000213e8bb3000 JavaThread "Execution worker" [_thread_blocked, id=4596, stack(0x00000096bbc00000,0x00000096bbd00000)]
  0x00000213e8bb2000 JavaThread "Execution worker Thread 2" [_thread_blocked, id=13608, stack(0x00000096bbd00000,0x00000096bbe00000)]
  0x00000213e8bae000 JavaThread "Execution worker Thread 3" [_thread_blocked, id=11380, stack(0x00000096bbe00000,0x00000096bbf00000)]
  0x00000213e8bb7000 JavaThread "Execution worker Thread 4" [_thread_blocked, id=18900, stack(0x00000096bbf00000,0x00000096bc000000)]
  0x00000213e8bb8800 JavaThread "Execution worker Thread 5" [_thread_blocked, id=17500, stack(0x00000096bc000000,0x00000096bc100000)]
  0x00000213e8bb4000 JavaThread "Execution worker Thread 6" [_thread_blocked, id=6800, stack(0x00000096bc100000,0x00000096bc200000)]
  0x00000213e8bb5800 JavaThread "Execution worker Thread 7" [_thread_blocked, id=11996, stack(0x00000096bc200000,0x00000096bc300000)]
  0x00000213e8bb4800 JavaThread "Cache worker for execution history cache (E:\DaCNTT2\project\source\frontend\kahoot-fe\kahut\node_modules\@react-native\gradle-plugin\.gradle\8.0.1\executionHistory)" [_thread_blocked, id=16860, stack(0x00000096bc300000,0x00000096bc400000)]
  0x00000213e8bb6000 JavaThread "Unconstrained build operations Thread 27" [_thread_blocked, id=1200, stack(0x00000096bc500000,0x00000096bc600000)]
  0x00000213e8bb8000 JavaThread "Unconstrained build operations Thread 28" [_thread_blocked, id=20320, stack(0x00000096bc600000,0x00000096bc700000)]
  0x00000213ee870800 JavaThread "Unconstrained build operations Thread 29" [_thread_blocked, id=19656, stack(0x00000096bc700000,0x00000096bc800000)]
  0x00000213ee86e000 JavaThread "Unconstrained build operations Thread 30" [_thread_blocked, id=12768, stack(0x00000096bc800000,0x00000096bc900000)]
  0x00000213ee86f000 JavaThread "Unconstrained build operations Thread 31" [_thread_blocked, id=20196, stack(0x00000096bc900000,0x00000096bca00000)]
  0x00000213ee871800 JavaThread "Unconstrained build operations Thread 32" [_thread_blocked, id=16856, stack(0x00000096bca00000,0x00000096bcb00000)]
  0x00000213ee86f800 JavaThread "Unconstrained build operations Thread 33" [_thread_blocked, id=18400, stack(0x00000096bcb00000,0x00000096bcc00000)]
  0x00000213ee872000 JavaThread "Unconstrained build operations Thread 34" [_thread_blocked, id=3176, stack(0x00000096bcc00000,0x00000096bcd00000)]
  0x00000213ee873000 JavaThread "Unconstrained build operations Thread 35" [_thread_blocked, id=3828, stack(0x00000096bcd00000,0x00000096bce00000)]
  0x00000213ee86d000 JavaThread "Unconstrained build operations Thread 36" [_thread_blocked, id=19924, stack(0x00000096bce00000,0x00000096bcf00000)]
  0x00000213ee878800 JavaThread "Unconstrained build operations Thread 37" [_thread_blocked, id=1776, stack(0x00000096bcf00000,0x00000096bd000000)]
  0x00000213ee879800 JavaThread "Unconstrained build operations Thread 38" [_thread_blocked, id=3792, stack(0x00000096bd000000,0x00000096bd100000)]
  0x00000213ee877000 JavaThread "Unconstrained build operations Thread 39" [_thread_blocked, id=20412, stack(0x00000096bd100000,0x00000096bd200000)]
  0x00000213ee874000 JavaThread "Unconstrained build operations Thread 40" [_thread_blocked, id=19648, stack(0x00000096bd200000,0x00000096bd300000)]
  0x00000213ee875800 JavaThread "Unconstrained build operations Thread 41" [_thread_blocked, id=20380, stack(0x00000096bd300000,0x00000096bd400000)]
  0x00000213ee87a800 JavaThread "Unconstrained build operations Thread 42" [_thread_blocked, id=17424, stack(0x00000096bd400000,0x00000096bd500000)]
  0x00000213ee874800 JavaThread "Unconstrained build operations Thread 43" [_thread_blocked, id=5384, stack(0x00000096bd500000,0x00000096bd600000)]
  0x00000213ee878000 JavaThread "Unconstrained build operations Thread 44" [_thread_blocked, id=12168, stack(0x00000096bd600000,0x00000096bd700000)]
  0x00000213ee87b000 JavaThread "Unconstrained build operations Thread 45" [_thread_blocked, id=18988, stack(0x00000096bd700000,0x00000096bd800000)]
  0x00000213ee87c000 JavaThread "Unconstrained build operations Thread 46" [_thread_blocked, id=16332, stack(0x00000096bd800000,0x00000096bd900000)]
  0x00000213ee876000 JavaThread "Unconstrained build operations Thread 47" [_thread_blocked, id=16868, stack(0x00000096bd900000,0x00000096bda00000)]
  0x00000213ed353000 JavaThread "Unconstrained build operations Thread 48" [_thread_blocked, id=4340, stack(0x00000096bda00000,0x00000096bdb00000)]
  0x00000213ed352000 JavaThread "Unconstrained build operations Thread 49" [_thread_blocked, id=18664, stack(0x00000096bdb00000,0x00000096bdc00000)]
  0x00000213ed34f000 JavaThread "Unconstrained build operations Thread 50" [_thread_blocked, id=9392, stack(0x00000096bdc00000,0x00000096bdd00000)]
  0x00000213ed350800 JavaThread "Unconstrained build operations Thread 51" [_thread_blocked, id=19600, stack(0x00000096bdd00000,0x00000096bde00000)]
  0x00000213ed34d800 JavaThread "Unconstrained build operations Thread 52" [_thread_blocked, id=18008, stack(0x00000096bde00000,0x00000096bdf00000)]
  0x00000213ed351800 JavaThread "Unconstrained build operations Thread 53" [_thread_blocked, id=15976, stack(0x00000096bdf00000,0x00000096be000000)]
  0x00000213ed354000 JavaThread "Unconstrained build operations Thread 54" [_thread_blocked, id=19972, stack(0x00000096be000000,0x00000096be100000)]
  0x00000213ed34e000 JavaThread "Unconstrained build operations Thread 55" [_thread_blocked, id=11960, stack(0x00000096be100000,0x00000096be200000)]
  0x00000213ed355800 JavaThread "Unconstrained build operations Thread 56" [_thread_blocked, id=13736, stack(0x00000096be200000,0x00000096be300000)]
  0x00000213ed34f800 JavaThread "Unconstrained build operations Thread 57" [_thread_blocked, id=13368, stack(0x00000096be300000,0x00000096be400000)]
  0x00000213ed359800 JavaThread "Unconstrained build operations Thread 58" [_thread_blocked, id=6760, stack(0x00000096be400000,0x00000096be500000)]
  0x00000213ed358800 JavaThread "Unconstrained build operations Thread 59" [_thread_blocked, id=13976, stack(0x00000096be500000,0x00000096be600000)]
  0x00000213ed358000 JavaThread "Unconstrained build operations Thread 60" [_thread_blocked, id=16932, stack(0x00000096be600000,0x00000096be700000)]
  0x00000213ed354800 JavaThread "Unconstrained build operations Thread 61" [_thread_blocked, id=16048, stack(0x00000096be700000,0x00000096be800000)]
  0x00000213ed35a800 JavaThread "Unconstrained build operations Thread 62" [_thread_blocked, id=3872, stack(0x00000096be800000,0x00000096be900000)]
  0x00000213ed356800 JavaThread "Unconstrained build operations Thread 63" [_thread_blocked, id=18496, stack(0x00000096be900000,0x00000096bea00000)]
  0x00000213ed35b000 JavaThread "Unconstrained build operations Thread 64" [_thread_blocked, id=12192, stack(0x00000096bea00000,0x00000096beb00000)]
  0x00000213ed357000 JavaThread "Unconstrained build operations Thread 65" [_thread_blocked, id=7704, stack(0x00000096beb00000,0x00000096bec00000)]
  0x00000213ed35c000 JavaThread "Unconstrained build operations Thread 66" [_thread_blocked, id=8656, stack(0x00000096bec00000,0x00000096bed00000)]
  0x00000213eab54000 JavaThread "Unconstrained build operations Thread 67" [_thread_blocked, id=7840, stack(0x00000096bed00000,0x00000096bee00000)]
  0x00000213eab51000 JavaThread "Unconstrained build operations Thread 68" [_thread_blocked, id=5312, stack(0x00000096bee00000,0x00000096bef00000)]
  0x00000213eab4e800 JavaThread "Unconstrained build operations Thread 69" [_thread_blocked, id=17816, stack(0x00000096bef00000,0x00000096bf000000)]
  0x00000213eab52800 JavaThread "Unconstrained build operations Thread 70" [_thread_blocked, id=4440, stack(0x00000096bf000000,0x00000096bf100000)]
  0x00000213eab53800 JavaThread "Unconstrained build operations Thread 71" [_thread_blocked, id=19916, stack(0x00000096bf100000,0x00000096bf200000)]
  0x00000213eab4f800 JavaThread "Unconstrained build operations Thread 72" [_thread_blocked, id=15752, stack(0x00000096bf200000,0x00000096bf300000)]
  0x00000213eab55000 JavaThread "Unconstrained build operations Thread 73" [_thread_blocked, id=10468, stack(0x00000096bf300000,0x00000096bf400000)]
  0x00000213eab56000 JavaThread "Unconstrained build operations Thread 74" [_thread_blocked, id=19004, stack(0x00000096bf400000,0x00000096bf500000)]
  0x00000213eab50000 JavaThread "Unconstrained build operations Thread 75" [_thread_blocked, id=3452, stack(0x00000096bf500000,0x00000096bf600000)]
  0x00000213eab51800 JavaThread "Unconstrained build operations Thread 76" [_thread_blocked, id=15304, stack(0x00000096bf600000,0x00000096bf700000)]
  0x00000213eab5c800 JavaThread "Unconstrained build operations Thread 77" [_thread_blocked, id=19980, stack(0x00000096bf700000,0x00000096bf800000)]
  0x00000213eab5b800 JavaThread "Unconstrained build operations Thread 78" [_thread_blocked, id=20072, stack(0x00000096bf800000,0x00000096bf900000)]
  0x00000213eab56800 JavaThread "Unconstrained build operations Thread 79" [_thread_blocked, id=3020, stack(0x00000096bf900000,0x00000096bfa00000)]
  0x00000213eab5d000 JavaThread "Unconstrained build operations Thread 80" [_thread_blocked, id=5616, stack(0x00000096bfa00000,0x00000096bfb00000)]
=>0x00000213eb00d000 JavaThread "C2 CompilerThread1" daemon [_thread_in_native, id=5952, stack(0x00000096b9a00000,0x00000096b9b00000)]

Other Threads:
  0x00000213e6c31800 VMThread "VM Thread" [stack: 0x00000096b6800000,0x00000096b6900000] [id=14612]
  0x00000213e774a800 WatcherThread [stack: 0x00000096b7200000,0x00000096b7300000] [id=16708]
  0x00000213c7b7a800 GCTaskThread "GC Thread#0" [stack: 0x00000096b6300000,0x00000096b6400000] [id=11688]
  0x00000213e8248800 GCTaskThread "GC Thread#1" [stack: 0x00000096b7400000,0x00000096b7500000] [id=16716]
  0x00000213e85b0800 GCTaskThread "GC Thread#2" [stack: 0x00000096b7500000,0x00000096b7600000] [id=20292]
  0x00000213e914e800 GCTaskThread "GC Thread#3" [stack: 0x00000096b8200000,0x00000096b8300000] [id=8904]
  0x00000213e8a63800 GCTaskThread "GC Thread#4" [stack: 0x00000096b8300000,0x00000096b8400000] [id=9564]
  0x00000213e9bbb800 GCTaskThread "GC Thread#5" [stack: 0x00000096b8400000,0x00000096b8500000] [id=6872]
  0x00000213e9a9a800 GCTaskThread "GC Thread#6" [stack: 0x00000096b8500000,0x00000096b8600000] [id=14704]
  0x00000213e9b77800 GCTaskThread "GC Thread#7" [stack: 0x00000096b8600000,0x00000096b8700000] [id=8856]
  0x00000213c7bab000 ConcurrentGCThread "G1 Main Marker" [stack: 0x00000096b6400000,0x00000096b6500000] [id=13428]
  0x00000213c7bad800 ConcurrentGCThread "G1 Conc#0" [stack: 0x00000096b6500000,0x00000096b6600000] [id=12520]
  0x00000213ea008800 ConcurrentGCThread "G1 Conc#1" [stack: 0x00000096b8700000,0x00000096b8800000] [id=15608]
  0x00000213c7c2e000 ConcurrentGCThread "G1 Refine#0" [stack: 0x00000096b6600000,0x00000096b6700000] [id=10764]
  0x00000213e81e1000 ConcurrentGCThread "G1 Refine#1" [stack: 0x00000096b7700000,0x00000096b7800000] [id=15696]
  0x00000213e6aa6800 ConcurrentGCThread "G1 Young RemSet Sampling" [stack: 0x00000096b6700000,0x00000096b6800000] [id=7708]

Threads with active compile tasks:
C2 CompilerThread0    57276 12083       4       org.codehaus.groovy.reflection.stdclasses.CachedSAMClass$$Lambda$336/0x0000000100479040::test (12 bytes)
C2 CompilerThread1    57276 12065   !   4       jdk.internal.loader.URLClassPath$JarLoader::getResource (353 bytes)

VM state:not at safepoint (normal execution)

VM Mutex/Monitor currently owned by a thread: None

Heap address: 0x0000000080000000, size: 2048 MB, Compressed Oops mode: 32-bit
Narrow klass base: 0x0000000000000000, Narrow klass shift: 3
Compressed class space size: 528482304 Address: 0x0000000100000000

Heap:
 garbage-first heap   total 252928K, used 178748K [0x0000000080000000, 0x0000000100000000)
  region size 1024K, 31 young (31744K), 2 survivors (2048K)
 Metaspace       used 98328K, capacity 102457K, committed 102792K, reserved 606208K
  class space    used 12987K, capacity 14604K, committed 14720K, reserved 516096K
Heap Regions: E=young(eden), S=young(survivor), O=old, HS=humongous(starts), HC=humongous(continues), CS=collection set, F=free, A=archive, TAMS=top-at-mark-start (previous, next)
|   0|0x0000000080000000, 0x0000000080100000, 0x0000000080100000|100%|HS|  |TAMS 0x0000000080100000, 0x0000000080000000| Complete 
|   1|0x0000000080100000, 0x0000000080200000, 0x0000000080200000|100%|HC|  |TAMS 0x0000000080200000, 0x0000000080100000| Complete 
|   2|0x0000000080200000, 0x0000000080300000, 0x0000000080300000|100%|HC|  |TAMS 0x0000000080300000, 0x0000000080200000| Complete 
|   3|0x0000000080300000, 0x0000000080400000, 0x0000000080400000|100%|HC|  |TAMS 0x0000000080400000, 0x0000000080300000| Complete 
|   4|0x0000000080400000, 0x0000000080500000, 0x0000000080500000|100%| O|  |TAMS 0x0000000080500000, 0x0000000080400000| Untracked 
|   5|0x0000000080500000, 0x0000000080600000, 0x0000000080600000|100%| O|  |TAMS 0x0000000080600000, 0x0000000080500000| Untracked 
|   6|0x0000000080600000, 0x0000000080700000, 0x0000000080700000|100%| O|  |TAMS 0x0000000080700000, 0x0000000080600000| Untracked 
|   7|0x0000000080700000, 0x0000000080800000, 0x0000000080800000|100%| O|  |TAMS 0x0000000080800000, 0x0000000080700000| Untracked 
|   8|0x0000000080800000, 0x0000000080900000, 0x0000000080900000|100%| O|  |TAMS 0x0000000080900000, 0x0000000080800000| Untracked 
|   9|0x0000000080900000, 0x0000000080a00000, 0x0000000080a00000|100%| O|  |TAMS 0x0000000080a00000, 0x0000000080900000| Untracked 
|  10|0x0000000080a00000, 0x0000000080b00000, 0x0000000080b00000|100%| O|  |TAMS 0x0000000080b00000, 0x0000000080a00000| Untracked 
|  11|0x0000000080b00000, 0x0000000080c00000, 0x0000000080c00000|100%| O|  |TAMS 0x0000000080c00000, 0x0000000080b00000| Untracked 
|  12|0x0000000080c00000, 0x0000000080d00000, 0x0000000080d00000|100%| O|  |TAMS 0x0000000080d00000, 0x0000000080c00000| Untracked 
|  13|0x0000000080d00000, 0x0000000080e00000, 0x0000000080e00000|100%| O|  |TAMS 0x0000000080e00000, 0x0000000080d00000| Untracked 
|  14|0x0000000080e00000, 0x0000000080f00000, 0x0000000080f00000|100%| O|  |TAMS 0x0000000080f00000, 0x0000000080e00000| Untracked 
|  15|0x0000000080f00000, 0x0000000081000000, 0x0000000081000000|100%| O|  |TAMS 0x0000000081000000, 0x0000000080f00000| Untracked 
|  16|0x0000000081000000, 0x0000000081100000, 0x0000000081100000|100%| O|  |TAMS 0x0000000081100000, 0x0000000081000000| Untracked 
|  17|0x0000000081100000, 0x0000000081200000, 0x0000000081200000|100%| O|  |TAMS 0x0000000081200000, 0x0000000081100000| Untracked 
|  18|0x0000000081200000, 0x0000000081300000, 0x0000000081300000|100%| O|  |TAMS 0x0000000081300000, 0x0000000081200000| Untracked 
|  19|0x0000000081300000, 0x0000000081400000, 0x0000000081400000|100%| O|  |TAMS 0x0000000081400000, 0x0000000081300000| Untracked 
|  20|0x0000000081400000, 0x0000000081500000, 0x0000000081500000|100%| O|  |TAMS 0x0000000081500000, 0x0000000081400000| Untracked 
|  21|0x0000000081500000, 0x0000000081600000, 0x0000000081600000|100%| O|  |TAMS 0x0000000081600000, 0x0000000081500000| Untracked 
|  22|0x0000000081600000, 0x0000000081700000, 0x0000000081700000|100%| O|  |TAMS 0x0000000081700000, 0x0000000081600000| Untracked 
|  23|0x0000000081700000, 0x0000000081800000, 0x0000000081800000|100%| O|  |TAMS 0x0000000081800000, 0x0000000081700000| Untracked 
|  24|0x0000000081800000, 0x0000000081900000, 0x0000000081900000|100%| O|  |TAMS 0x0000000081900000, 0x0000000081800000| Untracked 
|  25|0x0000000081900000, 0x0000000081a00000, 0x0000000081a00000|100%| O|  |TAMS 0x0000000081a00000, 0x0000000081900000| Untracked 
|  26|0x0000000081a00000, 0x0000000081b00000, 0x0000000081b00000|100%| O|  |TAMS 0x0000000081b00000, 0x0000000081a00000| Untracked 
|  27|0x0000000081b00000, 0x0000000081c00000, 0x0000000081c00000|100%| O|  |TAMS 0x0000000081c00000, 0x0000000081b00000| Untracked 
|  28|0x0000000081c00000, 0x0000000081d00000, 0x0000000081d00000|100%| O|  |TAMS 0x0000000081d00000, 0x0000000081c00000| Untracked 
|  29|0x0000000081d00000, 0x0000000081e00000, 0x0000000081e00000|100%| O|  |TAMS 0x0000000081e00000, 0x0000000081d00000| Untracked 
|  30|0x0000000081e00000, 0x0000000081f00000, 0x0000000081f00000|100%|HS|  |TAMS 0x0000000081f00000, 0x0000000081e00000| Complete 
|  31|0x0000000081f00000, 0x0000000082000000, 0x0000000082000000|100%|HC|  |TAMS 0x0000000082000000, 0x0000000081f00000| Complete 
|  32|0x0000000082000000, 0x0000000082100000, 0x0000000082100000|100%|HS|  |TAMS 0x0000000082100000, 0x0000000082000000| Complete 
|  33|0x0000000082100000, 0x0000000082200000, 0x0000000082200000|100%|HC|  |TAMS 0x0000000082200000, 0x0000000082100000| Complete 
|  34|0x0000000082200000, 0x0000000082300000, 0x0000000082300000|100%|HC|  |TAMS 0x0000000082300000, 0x0000000082200000| Complete 
|  35|0x0000000082300000, 0x0000000082400000, 0x0000000082400000|100%|HC|  |TAMS 0x0000000082400000, 0x0000000082300000| Complete 
|  36|0x0000000082400000, 0x0000000082500000, 0x0000000082500000|100%| O|  |TAMS 0x0000000082500000, 0x0000000082400000| Untracked 
|  37|0x0000000082500000, 0x0000000082600000, 0x0000000082600000|100%| O|  |TAMS 0x0000000082600000, 0x0000000082500000| Untracked 
|  38|0x0000000082600000, 0x0000000082700000, 0x0000000082700000|100%| O|  |TAMS 0x0000000082700000, 0x0000000082600000| Untracked 
|  39|0x0000000082700000, 0x0000000082800000, 0x0000000082800000|100%| O|  |TAMS 0x0000000082800000, 0x0000000082700000| Untracked 
|  40|0x0000000082800000, 0x0000000082900000, 0x0000000082900000|100%| O|  |TAMS 0x0000000082900000, 0x0000000082800000| Untracked 
|  41|0x0000000082900000, 0x0000000082a00000, 0x0000000082a00000|100%| O|  |TAMS 0x0000000082a00000, 0x0000000082900000| Untracked 
|  42|0x0000000082a00000, 0x0000000082b00000, 0x0000000082b00000|100%| O|  |TAMS 0x0000000082b00000, 0x0000000082a00000| Untracked 
|  43|0x0000000082b00000, 0x0000000082c00000, 0x0000000082c00000|100%| O|  |TAMS 0x0000000082c00000, 0x0000000082b00000| Untracked 
|  44|0x0000000082c00000, 0x0000000082d00000, 0x0000000082d00000|100%| O|  |TAMS 0x0000000082d00000, 0x0000000082c00000| Untracked 
|  45|0x0000000082d00000, 0x0000000082e00000, 0x0000000082e00000|100%| O|  |TAMS 0x0000000082e00000, 0x0000000082d00000| Untracked 
|  46|0x0000000082e00000, 0x0000000082f00000, 0x0000000082f00000|100%| O|  |TAMS 0x0000000082f00000, 0x0000000082e00000| Untracked 
|  47|0x0000000082f00000, 0x0000000083000000, 0x0000000083000000|100%| O|  |TAMS 0x0000000083000000, 0x0000000082f00000| Untracked 
|  48|0x0000000083000000, 0x0000000083100000, 0x0000000083100000|100%| O|  |TAMS 0x0000000083100000, 0x0000000083000000| Untracked 
|  49|0x0000000083100000, 0x0000000083200000, 0x0000000083200000|100%| O|  |TAMS 0x0000000083200000, 0x0000000083100000| Untracked 
|  50|0x0000000083200000, 0x0000000083300000, 0x0000000083300000|100%| O|  |TAMS 0x0000000083300000, 0x0000000083200000| Untracked 
|  51|0x0000000083300000, 0x0000000083400000, 0x0000000083400000|100%| O|  |TAMS 0x0000000083400000, 0x0000000083300000| Untracked 
|  52|0x0000000083400000, 0x0000000083500000, 0x0000000083500000|100%| O|  |TAMS 0x0000000083500000, 0x0000000083400000| Untracked 
|  53|0x0000000083500000, 0x0000000083600000, 0x0000000083600000|100%| O|  |TAMS 0x0000000083600000, 0x0000000083500000| Untracked 
|  54|0x0000000083600000, 0x0000000083700000, 0x0000000083700000|100%|HS|  |TAMS 0x0000000083700000, 0x0000000083600000| Complete 
|  55|0x0000000083700000, 0x0000000083800000, 0x0000000083800000|100%|HS|  |TAMS 0x0000000083800000, 0x0000000083700000| Complete 
|  56|0x0000000083800000, 0x0000000083900000, 0x0000000083900000|100%| O|  |TAMS 0x0000000083900000, 0x0000000083800000| Untracked 
|  57|0x0000000083900000, 0x0000000083a00000, 0x0000000083a00000|100%| O|  |TAMS 0x0000000083a00000, 0x0000000083900000| Untracked 
|  58|0x0000000083a00000, 0x0000000083b00000, 0x0000000083b00000|100%| O|  |TAMS 0x0000000083b00000, 0x0000000083a00000| Untracked 
|  59|0x0000000083b00000, 0x0000000083c00000, 0x0000000083c00000|100%| O|  |TAMS 0x0000000083c00000, 0x0000000083b00000| Untracked 
|  60|0x0000000083c00000, 0x0000000083d00000, 0x0000000083d00000|100%| O|  |TAMS 0x0000000083d00000, 0x0000000083c00000| Untracked 
|  61|0x0000000083d00000, 0x0000000083e00000, 0x0000000083e00000|100%| O|  |TAMS 0x0000000083e00000, 0x0000000083d00000| Untracked 
|  62|0x0000000083e00000, 0x0000000083f00000, 0x0000000083f00000|100%| O|  |TAMS 0x0000000083f00000, 0x0000000083e00000| Untracked 
|  63|0x0000000083f00000, 0x0000000084000000, 0x0000000084000000|100%| O|  |TAMS 0x0000000084000000, 0x0000000083f00000| Untracked 
|  64|0x0000000084000000, 0x0000000084100000, 0x0000000084100000|100%| O|  |TAMS 0x0000000084100000, 0x0000000084000000| Untracked 
|  65|0x0000000084100000, 0x0000000084200000, 0x0000000084200000|100%| O|  |TAMS 0x0000000084200000, 0x0000000084100000| Untracked 
|  66|0x0000000084200000, 0x0000000084300000, 0x0000000084300000|100%| O|  |TAMS 0x0000000084300000, 0x0000000084200000| Untracked 
|  67|0x0000000084300000, 0x0000000084400000, 0x0000000084400000|100%| O|  |TAMS 0x0000000084400000, 0x0000000084300000| Untracked 
|  68|0x0000000084400000, 0x0000000084500000, 0x0000000084500000|100%| O|  |TAMS 0x0000000084500000, 0x0000000084400000| Untracked 
|  69|0x0000000084500000, 0x0000000084600000, 0x0000000084600000|100%| O|  |TAMS 0x0000000084600000, 0x0000000084500000| Untracked 
|  70|0x0000000084600000, 0x0000000084700000, 0x0000000084700000|100%| O|  |TAMS 0x0000000084700000, 0x0000000084600000| Untracked 
|  71|0x0000000084700000, 0x0000000084800000, 0x0000000084800000|100%| O|  |TAMS 0x0000000084800000, 0x0000000084700000| Untracked 
|  72|0x0000000084800000, 0x0000000084900000, 0x0000000084900000|100%| O|  |TAMS 0x0000000084900000, 0x0000000084800000| Untracked 
|  73|0x0000000084900000, 0x0000000084a00000, 0x0000000084a00000|100%| O|  |TAMS 0x0000000084a00000, 0x0000000084900000| Untracked 
|  74|0x0000000084a00000, 0x0000000084b00000, 0x0000000084b00000|100%| O|  |TAMS 0x0000000084b00000, 0x0000000084a00000| Untracked 
|  75|0x0000000084b00000, 0x0000000084c00000, 0x0000000084c00000|100%| O|  |TAMS 0x0000000084c00000, 0x0000000084b00000| Untracked 
|  76|0x0000000084c00000, 0x0000000084d00000, 0x0000000084d00000|100%| O|  |TAMS 0x0000000084d00000, 0x0000000084c00000| Untracked 
|  77|0x0000000084d00000, 0x0000000084e00000, 0x0000000084e00000|100%| O|  |TAMS 0x0000000084e00000, 0x0000000084d00000| Untracked 
|  78|0x0000000084e00000, 0x0000000084f00000, 0x0000000084f00000|100%| O|  |TAMS 0x0000000084f00000, 0x0000000084e00000| Untracked 
|  79|0x0000000084f00000, 0x0000000085000000, 0x0000000085000000|100%| O|  |TAMS 0x0000000085000000, 0x0000000084f00000| Untracked 
|  80|0x0000000085000000, 0x0000000085100000, 0x0000000085100000|100%| O|  |TAMS 0x0000000085100000, 0x0000000085000000| Untracked 
|  81|0x0000000085100000, 0x0000000085200000, 0x0000000085200000|100%| O|  |TAMS 0x0000000085200000, 0x0000000085100000| Untracked 
|  82|0x0000000085200000, 0x0000000085300000, 0x0000000085300000|100%| O|  |TAMS 0x0000000085300000, 0x0000000085200000| Untracked 
|  83|0x0000000085300000, 0x0000000085400000, 0x0000000085400000|100%|HS|  |TAMS 0x0000000085400000, 0x0000000085300000| Complete 
|  84|0x0000000085400000, 0x0000000085500000, 0x0000000085500000|100%|HC|  |TAMS 0x0000000085500000, 0x0000000085400000| Complete 
|  85|0x0000000085500000, 0x0000000085600000, 0x0000000085600000|100%|HS|  |TAMS 0x0000000085600000, 0x0000000085500000| Complete 
|  86|0x0000000085600000, 0x0000000085700000, 0x0000000085700000|100%|HC|  |TAMS 0x0000000085700000, 0x0000000085600000| Complete 
|  87|0x0000000085700000, 0x0000000085800000, 0x0000000085800000|100%|HC|  |TAMS 0x0000000085800000, 0x0000000085700000| Complete 
|  88|0x0000000085800000, 0x0000000085900000, 0x0000000085900000|100%|HC|  |TAMS 0x0000000085900000, 0x0000000085800000| Complete 
|  89|0x0000000085900000, 0x0000000085a00000, 0x0000000085a00000|100%| O|  |TAMS 0x0000000085a00000, 0x0000000085900000| Untracked 
|  90|0x0000000085a00000, 0x0000000085b00000, 0x0000000085b00000|100%| O|  |TAMS 0x0000000085b00000, 0x0000000085a00000| Untracked 
|  91|0x0000000085b00000, 0x0000000085c00000, 0x0000000085c00000|100%| O|  |TAMS 0x0000000085c00000, 0x0000000085b00000| Untracked 
|  92|0x0000000085c00000, 0x0000000085d00000, 0x0000000085d00000|100%| O|  |TAMS 0x0000000085d00000, 0x0000000085c00000| Untracked 
|  93|0x0000000085d00000, 0x0000000085e00000, 0x0000000085e00000|100%| O|  |TAMS 0x0000000085e00000, 0x0000000085d00000| Untracked 
|  94|0x0000000085e00000, 0x0000000085f00000, 0x0000000085f00000|100%| O|  |TAMS 0x0000000085f00000, 0x0000000085e00000| Untracked 
|  95|0x0000000085f00000, 0x0000000086000000, 0x0000000086000000|100%| O|  |TAMS 0x0000000086000000, 0x0000000085f00000| Untracked 
|  96|0x0000000086000000, 0x0000000086100000, 0x0000000086100000|100%| O|  |TAMS 0x0000000086100000, 0x0000000086000000| Untracked 
|  97|0x0000000086100000, 0x0000000086200000, 0x0000000086200000|100%| O|  |TAMS 0x0000000086200000, 0x0000000086100000| Untracked 
|  98|0x0000000086200000, 0x0000000086300000, 0x0000000086300000|100%|HS|  |TAMS 0x0000000086300000, 0x0000000086200000| Complete 
|  99|0x0000000086300000, 0x0000000086400000, 0x0000000086400000|100%|HC|  |TAMS 0x0000000086400000, 0x0000000086300000| Complete 
| 100|0x0000000086400000, 0x0000000086500000, 0x0000000086500000|100%| O|  |TAMS 0x0000000086500000, 0x0000000086400000| Untracked 
| 101|0x0000000086500000, 0x0000000086600000, 0x0000000086600000|100%| O|  |TAMS 0x0000000086600000, 0x0000000086500000| Untracked 
| 102|0x0000000086600000, 0x0000000086700000, 0x0000000086700000|100%| O|  |TAMS 0x0000000086700000, 0x0000000086600000| Untracked 
| 103|0x0000000086700000, 0x0000000086800000, 0x0000000086800000|100%| O|  |TAMS 0x0000000086800000, 0x0000000086700000| Untracked 
| 104|0x0000000086800000, 0x0000000086900000, 0x0000000086900000|100%| O|  |TAMS 0x0000000086900000, 0x0000000086800000| Untracked 
| 105|0x0000000086900000, 0x0000000086a00000, 0x0000000086a00000|100%|HS|  |TAMS 0x0000000086a00000, 0x0000000086900000| Complete 
| 106|0x0000000086a00000, 0x0000000086b00000, 0x0000000086b00000|100%|HC|  |TAMS 0x0000000086b00000, 0x0000000086a00000| Complete 
| 107|0x0000000086b00000, 0x0000000086c00000, 0x0000000086c00000|100%|HC|  |TAMS 0x0000000086c00000, 0x0000000086b00000| Complete 
| 108|0x0000000086c00000, 0x0000000086d00000, 0x0000000086d00000|100%| O|  |TAMS 0x0000000086d00000, 0x0000000086c00000| Untracked 
| 109|0x0000000086d00000, 0x0000000086e00000, 0x0000000086e00000|100%| O|  |TAMS 0x0000000086e00000, 0x0000000086d00000| Untracked 
| 110|0x0000000086e00000, 0x0000000086f00000, 0x0000000086f00000|100%| O|  |TAMS 0x0000000086f00000, 0x0000000086e00000| Untracked 
| 111|0x0000000086f00000, 0x0000000087000000, 0x0000000087000000|100%| O|  |TAMS 0x0000000087000000, 0x0000000086f00000| Untracked 
| 112|0x0000000087000000, 0x0000000087100000, 0x0000000087100000|100%| O|  |TAMS 0x0000000087100000, 0x0000000087000000| Untracked 
| 113|0x0000000087100000, 0x0000000087200000, 0x0000000087200000|100%| O|  |TAMS 0x0000000087200000, 0x0000000087100000| Untracked 
| 114|0x0000000087200000, 0x0000000087300000, 0x0000000087300000|100%| O|  |TAMS 0x0000000087300000, 0x0000000087200000| Untracked 
| 115|0x0000000087300000, 0x0000000087400000, 0x0000000087400000|100%|HS|  |TAMS 0x0000000087400000, 0x0000000087300000| Complete 
| 116|0x0000000087400000, 0x0000000087500000, 0x0000000087500000|100%|HS|  |TAMS 0x0000000087500000, 0x0000000087400000| Complete 
| 117|0x0000000087500000, 0x0000000087600000, 0x0000000087600000|100%|HS|  |TAMS 0x0000000087600000, 0x0000000087500000| Complete 
| 118|0x0000000087600000, 0x0000000087700000, 0x0000000087700000|100%|HS|  |TAMS 0x0000000087700000, 0x0000000087600000| Complete 
| 119|0x0000000087700000, 0x0000000087800000, 0x0000000087800000|100%|HC|  |TAMS 0x0000000087800000, 0x0000000087700000| Complete 
| 120|0x0000000087800000, 0x0000000087900000, 0x0000000087900000|100%|HC|  |TAMS 0x0000000087900000, 0x0000000087800000| Complete 
| 121|0x0000000087900000, 0x0000000087a00000, 0x0000000087a00000|100%| O|  |TAMS 0x0000000087a00000, 0x0000000087900000| Untracked 
| 122|0x0000000087a00000, 0x0000000087b00000, 0x0000000087b00000|100%| O|  |TAMS 0x0000000087b00000, 0x0000000087a00000| Untracked 
| 123|0x0000000087b00000, 0x0000000087c00000, 0x0000000087c00000|100%| O|  |TAMS 0x0000000087c00000, 0x0000000087b00000| Untracked 
| 124|0x0000000087c00000, 0x0000000087d00000, 0x0000000087d00000|100%|HS|  |TAMS 0x0000000087d00000, 0x0000000087c00000| Complete 
| 125|0x0000000087d00000, 0x0000000087e00000, 0x0000000087e00000|100%|HC|  |TAMS 0x0000000087e00000, 0x0000000087d00000| Complete 
| 126|0x0000000087e00000, 0x0000000087f00000, 0x0000000087f00000|100%| O|  |TAMS 0x0000000087f00000, 0x0000000087e00000| Untracked 
| 127|0x0000000087f00000, 0x0000000088000000, 0x0000000088000000|100%| O|  |TAMS 0x0000000088000000, 0x0000000087f00000| Untracked 
| 128|0x0000000088000000, 0x0000000088100000, 0x0000000088100000|100%| O|  |TAMS 0x0000000088100000, 0x0000000088000000| Untracked 
| 129|0x0000000088100000, 0x0000000088200000, 0x0000000088200000|100%| O|  |TAMS 0x0000000088200000, 0x0000000088100000| Untracked 
| 130|0x0000000088200000, 0x0000000088300000, 0x0000000088300000|100%| O|  |TAMS 0x0000000088300000, 0x0000000088200000| Untracked 
| 131|0x0000000088300000, 0x0000000088400000, 0x0000000088400000|100%| O|  |TAMS 0x0000000088400000, 0x0000000088300000| Untracked 
| 132|0x0000000088400000, 0x0000000088500000, 0x0000000088500000|100%| O|  |TAMS 0x0000000088500000, 0x0000000088400000| Untracked 
| 133|0x0000000088500000, 0x0000000088600000, 0x0000000088600000|100%| O|  |TAMS 0x0000000088600000, 0x0000000088500000| Untracked 
| 134|0x0000000088600000, 0x0000000088700000, 0x0000000088700000|100%| O|  |TAMS 0x0000000088700000, 0x0000000088600000| Untracked 
| 135|0x0000000088700000, 0x0000000088800000, 0x0000000088800000|100%| O|  |TAMS 0x0000000088800000, 0x0000000088700000| Untracked 
| 136|0x0000000088800000, 0x0000000088900000, 0x0000000088900000|100%| O|  |TAMS 0x0000000088900000, 0x0000000088800000| Untracked 
| 137|0x0000000088900000, 0x0000000088a00000, 0x0000000088a00000|100%| O|  |TAMS 0x0000000088a00000, 0x0000000088900000| Untracked 
| 138|0x0000000088a00000, 0x0000000088b00000, 0x0000000088b00000|100%| O|  |TAMS 0x0000000088b00000, 0x0000000088a00000| Untracked 
| 139|0x0000000088b00000, 0x0000000088c00000, 0x0000000088c00000|100%| O|  |TAMS 0x0000000088c00000, 0x0000000088b00000| Untracked 
| 140|0x0000000088c00000, 0x0000000088d00000, 0x0000000088d00000|100%| O|  |TAMS 0x0000000088d00000, 0x0000000088c00000| Untracked 
| 141|0x0000000088d00000, 0x0000000088e00000, 0x0000000088e00000|100%| O|  |TAMS 0x0000000088e00000, 0x0000000088d00000| Untracked 
| 142|0x0000000088e00000, 0x0000000088e6a000, 0x0000000088f00000| 41%| O|  |TAMS 0x0000000088e6a000, 0x0000000088e00000| Untracked 
| 143|0x0000000088f00000, 0x0000000089000000, 0x0000000089000000|100%|HS|  |TAMS 0x0000000088f00000, 0x0000000088f00000| Complete 
| 144|0x0000000089000000, 0x0000000089100000, 0x0000000089100000|100%|HS|  |TAMS 0x0000000089000000, 0x0000000089000000| Complete 
| 145|0x0000000089100000, 0x0000000089200000, 0x0000000089200000|100%|HS|  |TAMS 0x0000000089100000, 0x0000000089100000| Complete 
| 146|0x0000000089200000, 0x0000000089200000, 0x0000000089300000|  0%| F|  |TAMS 0x0000000089200000, 0x0000000089200000| Untracked 
| 147|0x0000000089300000, 0x0000000089300000, 0x0000000089400000|  0%| F|  |TAMS 0x0000000089300000, 0x0000000089300000| Untracked 
| 148|0x0000000089400000, 0x0000000089400000, 0x0000000089500000|  0%| F|  |TAMS 0x0000000089400000, 0x0000000089400000| Untracked 
| 149|0x0000000089500000, 0x0000000089500000, 0x0000000089600000|  0%| F|  |TAMS 0x0000000089500000, 0x0000000089500000| Untracked 
| 150|0x0000000089600000, 0x0000000089600000, 0x0000000089700000|  0%| F|  |TAMS 0x0000000089600000, 0x0000000089600000| Untracked 
| 151|0x0000000089700000, 0x0000000089700000, 0x0000000089800000|  0%| F|  |TAMS 0x0000000089700000, 0x0000000089700000| Untracked 
| 152|0x0000000089800000, 0x0000000089800000, 0x0000000089900000|  0%| F|  |TAMS 0x0000000089800000, 0x0000000089800000| Untracked 
| 153|0x0000000089900000, 0x0000000089900000, 0x0000000089a00000|  0%| F|  |TAMS 0x0000000089900000, 0x0000000089900000| Untracked 
| 154|0x0000000089a00000, 0x0000000089a00000, 0x0000000089b00000|  0%| F|  |TAMS 0x0000000089a00000, 0x0000000089a00000| Untracked 
| 155|0x0000000089b00000, 0x0000000089b00000, 0x0000000089c00000|  0%| F|  |TAMS 0x0000000089b00000, 0x0000000089b00000| Untracked 
| 156|0x0000000089c00000, 0x0000000089c00000, 0x0000000089d00000|  0%| F|  |TAMS 0x0000000089c00000, 0x0000000089c00000| Untracked 
| 157|0x0000000089d00000, 0x0000000089d00000, 0x0000000089e00000|  0%| F|  |TAMS 0x0000000089d00000, 0x0000000089d00000| Untracked 
| 158|0x0000000089e00000, 0x0000000089e00000, 0x0000000089f00000|  0%| F|  |TAMS 0x0000000089e00000, 0x0000000089e00000| Untracked 
| 159|0x0000000089f00000, 0x0000000089f00000, 0x000000008a000000|  0%| F|  |TAMS 0x0000000089f00000, 0x0000000089f00000| Untracked 
| 160|0x000000008a000000, 0x000000008a000000, 0x000000008a100000|  0%| F|  |TAMS 0x000000008a000000, 0x000000008a000000| Untracked 
| 161|0x000000008a100000, 0x000000008a100000, 0x000000008a200000|  0%| F|  |TAMS 0x000000008a100000, 0x000000008a100000| Untracked 
| 162|0x000000008a200000, 0x000000008a200000, 0x000000008a300000|  0%| F|  |TAMS 0x000000008a200000, 0x000000008a200000| Untracked 
| 163|0x000000008a300000, 0x000000008a300000, 0x000000008a400000|  0%| F|  |TAMS 0x000000008a300000, 0x000000008a300000| Untracked 
| 164|0x000000008a400000, 0x000000008a400000, 0x000000008a500000|  0%| F|  |TAMS 0x000000008a400000, 0x000000008a400000| Untracked 
| 165|0x000000008a500000, 0x000000008a500000, 0x000000008a600000|  0%| F|  |TAMS 0x000000008a500000, 0x000000008a500000| Untracked 
| 166|0x000000008a600000, 0x000000008a600000, 0x000000008a700000|  0%| F|  |TAMS 0x000000008a600000, 0x000000008a600000| Untracked 
| 167|0x000000008a700000, 0x000000008a700000, 0x000000008a800000|  0%| F|  |TAMS 0x000000008a700000, 0x000000008a700000| Untracked 
| 168|0x000000008a800000, 0x000000008a800000, 0x000000008a900000|  0%| F|  |TAMS 0x000000008a800000, 0x000000008a800000| Untracked 
| 169|0x000000008a900000, 0x000000008a900000, 0x000000008aa00000|  0%| F|  |TAMS 0x000000008a900000, 0x000000008a900000| Untracked 
| 170|0x000000008aa00000, 0x000000008aa00000, 0x000000008ab00000|  0%| F|  |TAMS 0x000000008aa00000, 0x000000008aa00000| Untracked 
| 171|0x000000008ab00000, 0x000000008ab00000, 0x000000008ac00000|  0%| F|  |TAMS 0x000000008ab00000, 0x000000008ab00000| Untracked 
| 172|0x000000008ac00000, 0x000000008ac00000, 0x000000008ad00000|  0%| F|  |TAMS 0x000000008ac00000, 0x000000008ac00000| Untracked 
| 173|0x000000008ad00000, 0x000000008ad00000, 0x000000008ae00000|  0%| F|  |TAMS 0x000000008ad00000, 0x000000008ad00000| Untracked 
| 174|0x000000008ae00000, 0x000000008ae00000, 0x000000008af00000|  0%| F|  |TAMS 0x000000008ae00000, 0x000000008ae00000| Untracked 
| 175|0x000000008af00000, 0x000000008af00000, 0x000000008b000000|  0%| F|  |TAMS 0x000000008af00000, 0x000000008af00000| Untracked 
| 176|0x000000008b000000, 0x000000008b000000, 0x000000008b100000|  0%| F|  |TAMS 0x000000008b000000, 0x000000008b000000| Untracked 
| 177|0x000000008b100000, 0x000000008b100000, 0x000000008b200000|  0%| F|  |TAMS 0x000000008b100000, 0x000000008b100000| Untracked 
| 178|0x000000008b200000, 0x000000008b200000, 0x000000008b300000|  0%| F|  |TAMS 0x000000008b200000, 0x000000008b200000| Untracked 
| 179|0x000000008b300000, 0x000000008b300000, 0x000000008b400000|  0%| F|  |TAMS 0x000000008b300000, 0x000000008b300000| Untracked 
| 180|0x000000008b400000, 0x000000008b400000, 0x000000008b500000|  0%| F|  |TAMS 0x000000008b400000, 0x000000008b400000| Untracked 
| 181|0x000000008b500000, 0x000000008b500000, 0x000000008b600000|  0%| F|  |TAMS 0x000000008b500000, 0x000000008b500000| Untracked 
| 182|0x000000008b600000, 0x000000008b600000, 0x000000008b700000|  0%| F|  |TAMS 0x000000008b600000, 0x000000008b600000| Untracked 
| 183|0x000000008b700000, 0x000000008b700000, 0x000000008b800000|  0%| F|  |TAMS 0x000000008b700000, 0x000000008b700000| Untracked 
| 184|0x000000008b800000, 0x000000008b800000, 0x000000008b900000|  0%| F|  |TAMS 0x000000008b800000, 0x000000008b800000| Untracked 
| 185|0x000000008b900000, 0x000000008b900000, 0x000000008ba00000|  0%| F|  |TAMS 0x000000008b900000, 0x000000008b900000| Untracked 
| 186|0x000000008ba00000, 0x000000008ba00000, 0x000000008bb00000|  0%| F|  |TAMS 0x000000008ba00000, 0x000000008ba00000| Untracked 
| 187|0x000000008bb00000, 0x000000008bb00000, 0x000000008bc00000|  0%| F|  |TAMS 0x000000008bb00000, 0x000000008bb00000| Untracked 
| 188|0x000000008bc00000, 0x000000008bc00000, 0x000000008bd00000|  0%| F|  |TAMS 0x000000008bc00000, 0x000000008bc00000| Untracked 
| 189|0x000000008bd00000, 0x000000008bd00000, 0x000000008be00000|  0%| F|  |TAMS 0x000000008bd00000, 0x000000008bd00000| Untracked 
| 190|0x000000008be00000, 0x000000008be00000, 0x000000008bf00000|  0%| F|  |TAMS 0x000000008be00000, 0x000000008be00000| Untracked 
| 191|0x000000008bf00000, 0x000000008bf00000, 0x000000008c000000|  0%| F|  |TAMS 0x000000008bf00000, 0x000000008bf00000| Untracked 
| 192|0x000000008c000000, 0x000000008c000000, 0x000000008c100000|  0%| F|  |TAMS 0x000000008c000000, 0x000000008c000000| Untracked 
| 193|0x000000008c100000, 0x000000008c100000, 0x000000008c200000|  0%| F|  |TAMS 0x000000008c100000, 0x000000008c100000| Untracked 
| 194|0x000000008c200000, 0x000000008c200000, 0x000000008c300000|  0%| F|  |TAMS 0x000000008c200000, 0x000000008c200000| Untracked 
| 195|0x000000008c300000, 0x000000008c300000, 0x000000008c400000|  0%| F|  |TAMS 0x000000008c300000, 0x000000008c300000| Untracked 
| 196|0x000000008c400000, 0x000000008c400000, 0x000000008c500000|  0%| F|  |TAMS 0x000000008c400000, 0x000000008c400000| Untracked 
| 197|0x000000008c500000, 0x000000008c500000, 0x000000008c600000|  0%| F|  |TAMS 0x000000008c500000, 0x000000008c500000| Untracked 
| 198|0x000000008c600000, 0x000000008c600000, 0x000000008c700000|  0%| F|  |TAMS 0x000000008c600000, 0x000000008c600000| Untracked 
| 199|0x000000008c700000, 0x000000008c700000, 0x000000008c800000|  0%| F|  |TAMS 0x000000008c700000, 0x000000008c700000| Untracked 
| 200|0x000000008c800000, 0x000000008c800000, 0x000000008c900000|  0%| F|  |TAMS 0x000000008c800000, 0x000000008c800000| Untracked 
| 201|0x000000008c900000, 0x000000008c900000, 0x000000008ca00000|  0%| F|  |TAMS 0x000000008c900000, 0x000000008c900000| Untracked 
| 202|0x000000008ca00000, 0x000000008ca00000, 0x000000008cb00000|  0%| F|  |TAMS 0x000000008ca00000, 0x000000008ca00000| Untracked 
| 203|0x000000008cb00000, 0x000000008cb00000, 0x000000008cc00000|  0%| F|  |TAMS 0x000000008cb00000, 0x000000008cb00000| Untracked 
| 204|0x000000008cc00000, 0x000000008cc00000, 0x000000008cd00000|  0%| F|  |TAMS 0x000000008cc00000, 0x000000008cc00000| Untracked 
| 205|0x000000008cd00000, 0x000000008cd00000, 0x000000008ce00000|  0%| F|  |TAMS 0x000000008cd00000, 0x000000008cd00000| Untracked 
| 206|0x000000008ce00000, 0x000000008ce00000, 0x000000008cf00000|  0%| F|  |TAMS 0x000000008ce00000, 0x000000008ce00000| Untracked 
| 207|0x000000008cf00000, 0x000000008cf00000, 0x000000008d000000|  0%| F|  |TAMS 0x000000008cf00000, 0x000000008cf00000| Untracked 
| 208|0x000000008d000000, 0x000000008d000000, 0x000000008d100000|  0%| F|  |TAMS 0x000000008d000000, 0x000000008d000000| Untracked 
| 209|0x000000008d100000, 0x000000008d100000, 0x000000008d200000|  0%| F|  |TAMS 0x000000008d100000, 0x000000008d100000| Untracked 
| 210|0x000000008d200000, 0x000000008d200000, 0x000000008d300000|  0%| F|  |TAMS 0x000000008d200000, 0x000000008d200000| Untracked 
| 211|0x000000008d300000, 0x000000008d300000, 0x000000008d400000|  0%| F|  |TAMS 0x000000008d300000, 0x000000008d300000| Untracked 
| 212|0x000000008d400000, 0x000000008d400000, 0x000000008d500000|  0%| F|  |TAMS 0x000000008d400000, 0x000000008d400000| Untracked 
| 213|0x000000008d500000, 0x000000008d500000, 0x000000008d600000|  0%| F|  |TAMS 0x000000008d500000, 0x000000008d500000| Untracked 
| 214|0x000000008d600000, 0x000000008d600000, 0x000000008d700000|  0%| F|  |TAMS 0x000000008d600000, 0x000000008d600000| Untracked 
| 215|0x000000008d700000, 0x000000008d780800, 0x000000008d800000| 50%| E|  |TAMS 0x000000008d700000, 0x000000008d700000| Complete 
| 216|0x000000008d800000, 0x000000008d900000, 0x000000008d900000|100%| E|CS|TAMS 0x000000008d800000, 0x000000008d800000| Complete 
| 217|0x000000008d900000, 0x000000008da00000, 0x000000008da00000|100%| E|CS|TAMS 0x000000008d900000, 0x000000008d900000| Complete 
| 218|0x000000008da00000, 0x000000008db00000, 0x000000008db00000|100%| E|CS|TAMS 0x000000008da00000, 0x000000008da00000| Complete 
| 219|0x000000008db00000, 0x000000008dc00000, 0x000000008dc00000|100%| E|CS|TAMS 0x000000008db00000, 0x000000008db00000| Complete 
| 220|0x000000008dc00000, 0x000000008dd00000, 0x000000008dd00000|100%| E|CS|TAMS 0x000000008dc00000, 0x000000008dc00000| Complete 
| 221|0x000000008dd00000, 0x000000008de00000, 0x000000008de00000|100%| E|CS|TAMS 0x000000008dd00000, 0x000000008dd00000| Complete 
| 222|0x000000008de00000, 0x000000008df00000, 0x000000008df00000|100%| E|CS|TAMS 0x000000008de00000, 0x000000008de00000| Complete 
| 223|0x000000008df00000, 0x000000008e000000, 0x000000008e000000|100%| E|CS|TAMS 0x000000008df00000, 0x000000008df00000| Complete 
| 224|0x000000008e000000, 0x000000008e100000, 0x000000008e100000|100%| E|CS|TAMS 0x000000008e000000, 0x000000008e000000| Complete 
| 225|0x000000008e100000, 0x000000008e200000, 0x000000008e200000|100%| E|CS|TAMS 0x000000008e100000, 0x000000008e100000| Complete 
| 226|0x000000008e200000, 0x000000008e300000, 0x000000008e300000|100%| E|CS|TAMS 0x000000008e200000, 0x000000008e200000| Complete 
| 227|0x000000008e300000, 0x000000008e400000, 0x000000008e400000|100%| E|CS|TAMS 0x000000008e300000, 0x000000008e300000| Complete 
| 228|0x000000008e400000, 0x000000008e500000, 0x000000008e500000|100%| E|CS|TAMS 0x000000008e400000, 0x000000008e400000| Complete 
| 229|0x000000008e500000, 0x000000008e600000, 0x000000008e600000|100%| E|CS|TAMS 0x000000008e500000, 0x000000008e500000| Complete 
| 230|0x000000008e600000, 0x000000008e625120, 0x000000008e700000| 14%| S|CS|TAMS 0x000000008e600000, 0x000000008e600000| Complete 
| 231|0x000000008e700000, 0x000000008e800000, 0x000000008e800000|100%| S|CS|TAMS 0x000000008e700000, 0x000000008e700000| Complete 
| 232|0x000000008e800000, 0x000000008e900000, 0x000000008e900000|100%| E|CS|TAMS 0x000000008e800000, 0x000000008e800000| Complete 
| 233|0x000000008e900000, 0x000000008ea00000, 0x000000008ea00000|100%| E|CS|TAMS 0x000000008e900000, 0x000000008e900000| Complete 
| 234|0x000000008ea00000, 0x000000008eb00000, 0x000000008eb00000|100%| E|CS|TAMS 0x000000008ea00000, 0x000000008ea00000| Complete 
| 235|0x000000008eb00000, 0x000000008ec00000, 0x000000008ec00000|100%| E|CS|TAMS 0x000000008eb00000, 0x000000008eb00000| Complete 
| 236|0x000000008ec00000, 0x000000008ed00000, 0x000000008ed00000|100%| E|CS|TAMS 0x000000008ec00000, 0x000000008ec00000| Complete 
| 237|0x000000008ed00000, 0x000000008ee00000, 0x000000008ee00000|100%| E|CS|TAMS 0x000000008ed00000, 0x000000008ed00000| Complete 
| 238|0x000000008ee00000, 0x000000008ef00000, 0x000000008ef00000|100%| E|CS|TAMS 0x000000008ee00000, 0x000000008ee00000| Complete 
| 239|0x000000008ef00000, 0x000000008f000000, 0x000000008f000000|100%| E|CS|TAMS 0x000000008ef00000, 0x000000008ef00000| Complete 
| 240|0x000000008f000000, 0x000000008f100000, 0x000000008f100000|100%| E|CS|TAMS 0x000000008f000000, 0x000000008f000000| Complete 
| 241|0x000000008f100000, 0x000000008f200000, 0x000000008f200000|100%| E|CS|TAMS 0x000000008f100000, 0x000000008f100000| Complete 
| 242|0x000000008f200000, 0x000000008f300000, 0x000000008f300000|100%| E|CS|TAMS 0x000000008f200000, 0x000000008f200000| Complete 
| 243|0x000000008f300000, 0x000000008f400000, 0x000000008f400000|100%| E|CS|TAMS 0x000000008f300000, 0x000000008f300000| Complete 
| 244|0x000000008f400000, 0x000000008f500000, 0x000000008f500000|100%| E|CS|TAMS 0x000000008f400000, 0x000000008f400000| Complete 
| 245|0x000000008f500000, 0x000000008f600000, 0x000000008f600000|100%| E|CS|TAMS 0x000000008f500000, 0x000000008f500000| Complete 
| 246|0x000000008f600000, 0x000000008f700000, 0x000000008f700000|100%| E|CS|TAMS 0x000000008f600000, 0x000000008f600000| Complete 

Card table byte_map: [0x00000213dfa00000,0x00000213dfe00000] _byte_map_base: 0x00000213df600000

Marking Bits (Prev, Next): (CMBitMap*) 0x00000213c7ba2700, (CMBitMap*) 0x00000213c7ba26c8
 Prev Bits: [0x00000213e2200000, 0x00000213e4200000)
 Next Bits: [0x00000213e0200000, 0x00000213e2200000)

Polling page: 0x00000213c5ac0000

Metaspace:

Usage:
  Non-class:     85.79 MB capacity,    83.35 MB ( 97%) used,     2.12 MB (  2%) free+waste,   330.44 KB ( <1%) overhead. 
      Class:     14.26 MB capacity,    12.69 MB ( 89%) used,     1.42 MB ( 10%) free+waste,   156.38 KB (  1%) overhead. 
       Both:    100.06 MB capacity,    96.04 MB ( 96%) used,     3.54 MB (  4%) free+waste,   486.81 KB ( <1%) overhead. 

Virtual space:
  Non-class space:       88.00 MB reserved,      86.01 MB ( 98%) committed 
      Class space:      504.00 MB reserved,      14.38 MB (  3%) committed 
             Both:      592.00 MB reserved,     100.38 MB ( 17%) committed 

Chunk freelists:
   Non-Class:  27.00 KB
       Class:  20.00 KB
        Both:  47.00 KB

MaxMetaspaceSize: 512.00 MB
CompressedClassSpaceSize: 504.00 MB
Initial GC threshold: 20.80 MB
Current GC threshold: 165.64 MB
CDS: off

CodeHeap 'non-profiled nmethods': size=120000Kb used=8301Kb max_used=8301Kb free=111698Kb
 bounds [0x00000213d7da0000, 0x00000213d85c0000, 0x00000213df2d0000]
CodeHeap 'profiled nmethods': size=120000Kb used=27162Kb max_used=27162Kb free=92837Kb
 bounds [0x00000213d0870000, 0x00000213d2300000, 0x00000213d7da0000]
CodeHeap 'non-nmethods': size=5760Kb used=2399Kb max_used=2471Kb free=3360Kb
 bounds [0x00000213d02d0000, 0x00000213d0540000, 0x00000213d0870000]
 total_blobs=12971 nmethods=12044 adapters=839
 compilation: enabled
              stopped_count=0, restarted_count=0
 full_count=0

Compilation events (20 events):
Event: 57.094 Thread 0x00000213e6c66800 nmethod 12076 0x00000213d22e3690 code [0x00000213d22e3900, 0x00000213d22e4268]
Event: 57.094 Thread 0x00000213e6c66800 12077       3       jdk.internal.reflect.Label::add (23 bytes)
Event: 57.095 Thread 0x00000213e6c66800 nmethod 12077 0x00000213d22e4610 code [0x00000213d22e47e0, 0x00000213d22e4b28]
Event: 57.095 Thread 0x00000213e6c66800 12078       3       jdk.internal.reflect.Label$PatchInfo::<init> (26 bytes)
Event: 57.095 Thread 0x00000213e6c66800 nmethod 12078 0x00000213d22e4c90 code [0x00000213d22e4e40, 0x00000213d22e4ff8]
Event: 57.098 Thread 0x00000213e6c66800 12079  s    3       java.util.Hashtable::containsKey (65 bytes)
Event: 57.098 Thread 0x00000213e6c66800 nmethod 12079 0x00000213d22e5090 code [0x00000213d22e5280, 0x00000213d22e5858]
Event: 57.098 Thread 0x00000213e6c66800 12080       3       org.apache.tools.ant.Project::setPropertyInternal (12 bytes)
Event: 57.098 Thread 0x00000213e6c66800 nmethod 12080 0x00000213d22e5a10 code [0x00000213d22e5be0, 0x00000213d22e5d78]
Event: 57.098 Thread 0x00000213e6c66800 12081   !   3       jdk.internal.loader.BuiltinClassLoader::findMiscResource (118 bytes)
Event: 57.099 Thread 0x00000213e6c66800 nmethod 12081 0x00000213d22e5e90 code [0x00000213d22e6140, 0x00000213d22e7278]
Event: 57.102 Thread 0x00000213e6c66800 12082       3       groovyjarjarasm.asm.ByteVector::enlarge (73 bytes)
Event: 57.102 Thread 0x00000213e6c66800 nmethod 12082 0x00000213d22e7710 code [0x00000213d22e7900, 0x00000213d22e7d18]
Event: 57.109 Thread 0x00000213e6c62000 12083       4       org.codehaus.groovy.reflection.stdclasses.CachedSAMClass$$Lambda$336/0x0000000100479040::test (12 bytes)
Event: 57.146 Thread 0x00000213e6c66800 12084       3       org.codehaus.groovy.reflection.ReflectionCache::autoboxType (5 bytes)
Event: 57.146 Thread 0x00000213e6c66800 nmethod 12084 0x00000213d22e7e90 code [0x00000213d22e8060, 0x00000213d22e8428]
Event: 57.146 Thread 0x00000213e6c66800 12085       3       org.codehaus.groovy.classgen.asm.util.TypeUtil::autoboxType (23 bytes)
Event: 57.147 Thread 0x00000213e6c66800 nmethod 12085 0x00000213d22e8590 code [0x00000213d22e8760, 0x00000213d22e8ac8]
Event: 57.212 Thread 0x00000213e6c66800 12086       3       java.beans.Introspector::getTargetPropertyInfo (292 bytes)
Event: 57.216 Thread 0x00000213e6c66800 nmethod 12086 0x00000213d22e8c10 code [0x00000213d22e9040, 0x00000213d22eae58]

GC Heap History (20 events):
Event: 54.109 GC heap before
{Heap before GC invocations=49 (full 0):
 garbage-first heap   total 155648K, used 125229K [0x0000000080000000, 0x0000000100000000)
  region size 1024K, 9 young (9216K), 1 survivors (1024K)
 Metaspace       used 94279K, capacity 97603K, committed 97672K, reserved 602112K
  class space    used 12400K, capacity 13696K, committed 13696K, reserved 516096K
}
Event: 54.111 GC heap after
{Heap after GC invocations=50 (full 0):
 garbage-first heap   total 155648K, used 117277K [0x0000000080000000, 0x0000000100000000)
  region size 1024K, 1 young (1024K), 1 survivors (1024K)
 Metaspace       used 94279K, capacity 97603K, committed 97672K, reserved 602112K
  class space    used 12400K, capacity 13696K, committed 13696K, reserved 516096K
}
Event: 54.179 GC heap before
{Heap before GC invocations=50 (full 0):
 garbage-first heap   total 155648K, used 121373K [0x0000000080000000, 0x0000000100000000)
  region size 1024K, 6 young (6144K), 1 survivors (1024K)
 Metaspace       used 94323K, capacity 97687K, committed 98056K, reserved 602112K
  class space    used 12403K, capacity 13700K, committed 13824K, reserved 516096K
}
Event: 54.184 GC heap after
{Heap after GC invocations=51 (full 0):
 garbage-first heap   total 155648K, used 118052K [0x0000000080000000, 0x0000000100000000)
  region size 1024K, 2 young (2048K), 2 survivors (2048K)
 Metaspace       used 94323K, capacity 97687K, committed 98056K, reserved 602112K
  class space    used 12403K, capacity 13700K, committed 13824K, reserved 516096K
}
Event: 54.485 GC heap before
{Heap before GC invocations=52 (full 0):
 garbage-first heap   total 155648K, used 129228K [0x0000000080000000, 0x0000000100000000)
  region size 1024K, 9 young (9216K), 2 survivors (2048K)
 Metaspace       used 94323K, capacity 97687K, committed 98056K, reserved 602112K
  class space    used 12403K, capacity 13700K, committed 13824K, reserved 516096K
}
Event: 54.491 GC heap after
{Heap after GC invocations=53 (full 0):
 garbage-first heap   total 155648K, used 128831K [0x0000000080000000, 0x0000000100000000)
  region size 1024K, 2 young (2048K), 2 survivors (2048K)
 Metaspace       used 94323K, capacity 97687K, committed 98056K, reserved 602112K
  class space    used 12403K, capacity 13700K, committed 13824K, reserved 516096K
}
Event: 54.638 GC heap before
{Heap before GC invocations=53 (full 0):
 garbage-first heap   total 155648K, used 134975K [0x0000000080000000, 0x0000000100000000)
  region size 1024K, 7 young (7168K), 2 survivors (2048K)
 Metaspace       used 94529K, capacity 97938K, committed 98056K, reserved 602112K
  class space    used 12438K, capacity 13741K, committed 13824K, reserved 516096K
}
Event: 54.642 GC heap after
{Heap after GC invocations=54 (full 0):
 garbage-first heap   total 187392K, used 132513K [0x0000000080000000, 0x0000000100000000)
  region size 1024K, 1 young (1024K), 1 survivors (1024K)
 Metaspace       used 94529K, capacity 97938K, committed 98056K, reserved 602112K
  class space    used 12438K, capacity 13741K, committed 13824K, reserved 516096K
}
Event: 54.898 GC heap before
{Heap before GC invocations=55 (full 0):
 garbage-first heap   total 187392K, used 146849K [0x0000000080000000, 0x0000000100000000)
  region size 1024K, 16 young (16384K), 1 survivors (1024K)
 Metaspace       used 95596K, capacity 99039K, committed 99208K, reserved 602112K
  class space    used 12562K, capacity 13871K, committed 13952K, reserved 516096K
}
Event: 54.900 GC heap after
{Heap after GC invocations=56 (full 0):
 garbage-first heap   total 187392K, used 133209K [0x0000000080000000, 0x0000000100000000)
  region size 1024K, 2 young (2048K), 2 survivors (2048K)
 Metaspace       used 95596K, capacity 99039K, committed 99208K, reserved 602112K
  class space    used 12562K, capacity 13871K, committed 13952K, reserved 516096K
}
Event: 55.067 GC heap before
{Heap before GC invocations=56 (full 0):
 garbage-first heap   total 187392K, used 149593K [0x0000000080000000, 0x0000000100000000)
  region size 1024K, 18 young (18432K), 2 survivors (2048K)
 Metaspace       used 96019K, capacity 99493K, committed 99592K, reserved 602112K
  class space    used 12635K, capacity 13983K, committed 14080K, reserved 516096K
}
Event: 55.073 GC heap after
{Heap after GC invocations=57 (full 0):
 garbage-first heap   total 187392K, used 134459K [0x0000000080000000, 0x0000000100000000)
  region size 1024K, 2 young (2048K), 2 survivors (2048K)
 Metaspace       used 96019K, capacity 99493K, committed 99592K, reserved 602112K
  class space    used 12635K, capacity 13983K, committed 14080K, reserved 516096K
}
Event: 55.439 GC heap before
{Heap before GC invocations=58 (full 0):
 garbage-first heap   total 187392K, used 150843K [0x0000000080000000, 0x0000000100000000)
  region size 1024K, 18 young (18432K), 2 survivors (2048K)
 Metaspace       used 96686K, capacity 100036K, committed 100104K, reserved 604160K
  class space    used 12723K, capacity 14055K, committed 14080K, reserved 516096K
}
Event: 55.445 GC heap after
{Heap after GC invocations=59 (full 0):
 garbage-first heap   total 187392K, used 136161K [0x0000000080000000, 0x0000000100000000)
  region size 1024K, 3 young (3072K), 3 survivors (3072K)
 Metaspace       used 96686K, capacity 100036K, committed 100104K, reserved 604160K
  class space    used 12723K, capacity 14055K, committed 14080K, reserved 516096K
}
Event: 55.732 GC heap before
{Heap before GC invocations=59 (full 0):
 garbage-first heap   total 187392K, used 152545K [0x0000000080000000, 0x0000000100000000)
  region size 1024K, 19 young (19456K), 3 survivors (3072K)
 Metaspace       used 97115K, capacity 100692K, committed 100744K, reserved 604160K
  class space    used 12784K, capacity 14207K, committed 14208K, reserved 516096K
}
Event: 55.745 GC heap after
{Heap after GC invocations=60 (full 0):
 garbage-first heap   total 187392K, used 140900K [0x0000000080000000, 0x0000000100000000)
  region size 1024K, 3 young (3072K), 3 survivors (3072K)
 Metaspace       used 97115K, capacity 100692K, committed 100744K, reserved 604160K
  class space    used 12784K, capacity 14207K, committed 14208K, reserved 516096K
}
Event: 56.187 GC heap before
{Heap before GC invocations=61 (full 0):
 garbage-first heap   total 187392K, used 156260K [0x0000000080000000, 0x0000000100000000)
  region size 1024K, 18 young (18432K), 3 survivors (3072K)
 Metaspace       used 97453K, capacity 101287K, committed 101512K, reserved 604160K
  class space    used 12834K, capacity 14346K, committed 14464K, reserved 516096K
}
Event: 56.201 GC heap after
{Heap after GC invocations=62 (full 0):
 garbage-first heap   total 252928K, used 145681K [0x0000000080000000, 0x0000000100000000)
  region size 1024K, 3 young (3072K), 3 survivors (3072K)
 Metaspace       used 97453K, capacity 101287K, committed 101512K, reserved 604160K
  class space    used 12834K, capacity 14346K, committed 14464K, reserved 516096K
}
Event: 56.547 GC heap before
{Heap before GC invocations=62 (full 0):
 garbage-first heap   total 252928K, used 160017K [0x0000000080000000, 0x0000000100000000)
  region size 1024K, 18 young (18432K), 3 survivors (3072K)
 Metaspace       used 97587K, capacity 101512K, committed 101768K, reserved 604160K
  class space    used 12842K, capacity 14354K, committed 14464K, reserved 516096K
}
Event: 56.560 GC heap after
{Heap after GC invocations=63 (full 0):
 garbage-first heap   total 252928K, used 147004K [0x0000000080000000, 0x0000000100000000)
  region size 1024K, 2 young (2048K), 2 survivors (2048K)
 Metaspace       used 97587K, capacity 101512K, committed 101768K, reserved 604160K
  class space    used 12842K, capacity 14354K, committed 14464K, reserved 516096K
}

Deoptimization events (20 events):
Event: 56.901 Thread 0x00000213e803e000 Uncommon trap: trap_request=0xffffffde fr.pc=0x00000213d84bf8f0 relative=0x0000000000003830
Event: 56.901 Thread 0x00000213e803e000 Uncommon trap: reason=class_check action=maybe_recompile pc=0x00000213d84bf8f0 method=org.gradle.internal.logging.sink.OutputEventTransformer.onOutput(Lorg/gradle/internal/logging/events/OutputEvent;)V @ 225 c2
Event: 56.901 Thread 0x00000213e803e000 DEOPT PACKING pc=0x00000213d84bf8f0 sp=0x00000096b7cf88a0
Event: 56.901 Thread 0x00000213e803e000 DEOPT UNPACKING pc=0x00000213d031a1af sp=0x00000096b7cf8898 mode 2
Event: 56.902 Thread 0x00000213e803e000 Uncommon trap: trap_request=0xffffff4d fr.pc=0x00000213d849fd68 relative=0x00000000000000a8
Event: 56.904 Thread 0x00000213e803e000 Uncommon trap: reason=unstable_if action=reinterpret pc=0x00000213d849fd68 method=org.gradle.internal.operations.logging.LoggingBuildOperationProgressBroadcaster.onOutput(Lorg/gradle/internal/logging/events/OutputEvent;)V @ 4 c2
Event: 56.904 Thread 0x00000213e803e000 DEOPT PACKING pc=0x00000213d849fd68 sp=0x00000096b7cf89a0
Event: 56.904 Thread 0x00000213e803e000 DEOPT UNPACKING pc=0x00000213d031a1af sp=0x00000096b7cf8930 mode 2
Event: 56.921 Thread 0x00000213e803e000 Uncommon trap: trap_request=0xfffffff4 fr.pc=0x00000213d84a9e90 relative=0x0000000000000550
Event: 56.922 Thread 0x00000213e803e000 Uncommon trap: reason=null_check action=make_not_entrant pc=0x00000213d84a9e90 method=java.lang.ThreadLocal$ThreadLocalMap.expungeStaleEntry(I)I @ 51 c2
Event: 56.922 Thread 0x00000213e803e000 DEOPT PACKING pc=0x00000213d84a9e90 sp=0x00000096b7cf80c0
Event: 56.922 Thread 0x00000213e803e000 DEOPT UNPACKING pc=0x00000213d031a1af sp=0x00000096b7cf8060 mode 2
Event: 56.975 Thread 0x00000213e803e000 Uncommon trap: trap_request=0xfffffff4 fr.pc=0x00000213d859227c relative=0x000000000000173c
Event: 56.975 Thread 0x00000213e803e000 Uncommon trap: reason=null_check action=make_not_entrant pc=0x00000213d859227c method=org.gradle.internal.instantiation.generator.AbstractClassGenerator.isLazyAttachProperty(Lorg/gradle/internal/instantiation/generator/AbstractClassGenerator$PropertyMetad
Event: 56.975 Thread 0x00000213e803e000 DEOPT PACKING pc=0x00000213d859227c sp=0x00000096b7cf87f0
Event: 56.975 Thread 0x00000213e803e000 DEOPT UNPACKING pc=0x00000213d031a1af sp=0x00000096b7cf8830 mode 2
Event: 57.067 Thread 0x00000213e803e000 Uncommon trap: trap_request=0xfffffff4 fr.pc=0x00000213d7fe71bc relative=0x000000000000447c
Event: 57.067 Thread 0x00000213e803e000 Uncommon trap: reason=null_check action=make_not_entrant pc=0x00000213d7fe71bc method=jdk.internal.loader.URLClassPath$JarLoader.getResource(Ljava/lang/String;ZLjava/util/Set;)Ljdk/internal/loader/Resource; @ 92 c2
Event: 57.067 Thread 0x00000213e803e000 DEOPT PACKING pc=0x00000213d7fe71bc sp=0x00000096b7ceb110
Event: 57.067 Thread 0x00000213e803e000 DEOPT UNPACKING pc=0x00000213d031a1af sp=0x00000096b7ceb0d8 mode 2

Classes redefined (0 events):
No events

Internal exceptions (20 events):
Event: 57.114 Thread 0x00000213e803e000 Exception <a 'java/lang/ClassNotFoundException'{0x000000008e1ca090}: com/android/build/gradle/internal/dsl/ExternalNativeBuild$AgpDecorated_DecoratedBeanInfo> (0x000000008e1ca090) thrown at [./src/hotspot/share/classfile/systemDictionary.cpp, line 230]
Event: 57.115 Thread 0x00000213e803e000 Exception <a 'java/lang/ClassNotFoundException'{0x000000008e1f33d0}: com/android/build/gradle/internal/dsl/ExternalNativeBuild$AgpDecoratedBeanInfo> (0x000000008e1f33d0) thrown at [./src/hotspot/share/classfile/systemDictionary.cpp, line 230]
Event: 57.117 Thread 0x00000213e803e000 Exception <a 'java/lang/ClassNotFoundException'{0x000000008e019118}: com/android/build/gradle/internal/dsl/ExternalNativeBuildBeanInfo> (0x000000008e019118) thrown at [./src/hotspot/share/classfile/systemDictionary.cpp, line 230]
Event: 57.118 Thread 0x00000213e803e000 Exception <a 'java/lang/ClassNotFoundException'{0x000000008e040108}: com/android/build/gradle/internal/dsl/ExternalNativeBuildCustomizer> (0x000000008e040108) thrown at [./src/hotspot/share/classfile/systemDictionary.cpp, line 230]
Event: 57.120 Thread 0x00000213e803e000 Exception <a 'java/lang/ClassNotFoundException'{0x000000008e06f628}: com/android/build/gradle/internal/dsl/ExternalNativeBuild$AgpDecoratedCustomizer> (0x000000008e06f628) thrown at [./src/hotspot/share/classfile/systemDictionary.cpp, line 230]
Event: 57.122 Thread 0x00000213e803e000 Exception <a 'java/lang/ClassNotFoundException'{0x000000008e0a6f20}: com/android/build/gradle/internal/dsl/ExternalNativeBuild$AgpDecorated_DecoratedCustomizer> (0x000000008e0a6f20) thrown at [./src/hotspot/share/classfile/systemDictionary.cpp, line 230]
Event: 57.134 Thread 0x00000213e803e000 Exception <a 'java/lang/ClassNotFoundException'{0x000000008df422c8}: com/android/build/gradle/internal/dsl/CmakeOptions$AgpDecorated_DecoratedBeanInfo> (0x000000008df422c8) thrown at [./src/hotspot/share/classfile/systemDictionary.cpp, line 230]
Event: 57.135 Thread 0x00000213e803e000 Exception <a 'java/lang/ClassNotFoundException'{0x000000008df6ae30}: com/android/build/gradle/internal/dsl/CmakeOptions$AgpDecoratedBeanInfo> (0x000000008df6ae30) thrown at [./src/hotspot/share/classfile/systemDictionary.cpp, line 230]
Event: 57.137 Thread 0x00000213e803e000 Exception <a 'java/lang/ClassNotFoundException'{0x000000008df90b98}: com/android/build/gradle/internal/dsl/CmakeOptionsBeanInfo> (0x000000008df90b98) thrown at [./src/hotspot/share/classfile/systemDictionary.cpp, line 230]
Event: 57.138 Thread 0x00000213e803e000 Exception <a 'java/lang/ClassNotFoundException'{0x000000008dfb7268}: com/android/build/gradle/internal/dsl/CmakeOptionsCustomizer> (0x000000008dfb7268) thrown at [./src/hotspot/share/classfile/systemDictionary.cpp, line 230]
Event: 57.140 Thread 0x00000213e803e000 Exception <a 'java/lang/ClassNotFoundException'{0x000000008dfe4268}: com/android/build/gradle/internal/dsl/CmakeOptions$AgpDecoratedCustomizer> (0x000000008dfe4268) thrown at [./src/hotspot/share/classfile/systemDictionary.cpp, line 230]
Event: 57.142 Thread 0x00000213e803e000 Exception <a 'java/lang/ClassNotFoundException'{0x000000008de17100}: com/android/build/gradle/internal/dsl/CmakeOptions$AgpDecorated_DecoratedCustomizer> (0x000000008de17100) thrown at [./src/hotspot/share/classfile/systemDictionary.cpp, line 230]
Event: 57.182 Thread 0x00000213e803e000 Exception <a 'java/lang/ClassNotFoundException'{0x000000008ddc5f60}: org/gradle/invocation/DefaultGradle_DecoratedBeanInfo> (0x000000008ddc5f60) thrown at [./src/hotspot/share/classfile/systemDictionary.cpp, line 230]
Event: 57.187 Thread 0x00000213e803e000 Exception <a 'java/lang/ClassNotFoundException'{0x000000008dc01498}: org/gradle/invocation/DefaultGradleBeanInfo> (0x000000008dc01498) thrown at [./src/hotspot/share/classfile/systemDictionary.cpp, line 230]
Event: 57.192 Thread 0x00000213e803e000 Exception <a 'java/lang/ClassNotFoundException'{0x000000008dc3c420}: org/gradle/invocation/DefaultGradleCustomizer> (0x000000008dc3c420) thrown at [./src/hotspot/share/classfile/systemDictionary.cpp, line 230]
Event: 57.196 Thread 0x00000213e803e000 Exception <a 'java/lang/ClassNotFoundException'{0x000000008dca8880}: org/gradle/invocation/DefaultGradle_DecoratedCustomizer> (0x000000008dca8880) thrown at [./src/hotspot/share/classfile/systemDictionary.cpp, line 230]
Event: 57.205 Thread 0x00000213e803e000 Exception <a 'java/lang/ClassNotFoundException'{0x000000008db63378}: org/gradle/api/internal/StartParameterInternalBeanInfo> (0x000000008db63378) thrown at [./src/hotspot/share/classfile/systemDictionary.cpp, line 230]
Event: 57.208 Thread 0x00000213e803e000 Exception <a 'java/lang/ClassNotFoundException'{0x000000008db98a30}: org/gradle/StartParameterBeanInfo> (0x000000008db98a30) thrown at [./src/hotspot/share/classfile/systemDictionary.cpp, line 230]
Event: 57.210 Thread 0x00000213e803e000 Exception <a 'java/lang/ClassNotFoundException'{0x000000008dbcff10}: org/gradle/StartParameterCustomizer> (0x000000008dbcff10) thrown at [./src/hotspot/share/classfile/systemDictionary.cpp, line 230]
Event: 57.217 Thread 0x00000213e803e000 Exception <a 'java/lang/ClassNotFoundException'{0x000000008da54148}: org/gradle/api/internal/StartParameterInternalCustomizer> (0x000000008da54148) thrown at [./src/hotspot/share/classfile/systemDictionary.cpp, line 230]

Events (20 events):
Event: 57.206 loading class org/gradle/StartParameterBeanInfo
Event: 57.206 loading class org/gradle/StartParameterBeanInfo done
Event: 57.208 loading class org/gradle/StartParameterBeanInfo
Event: 57.208 loading class org/gradle/StartParameterBeanInfo done
Event: 57.208 loading class org/gradle/StartParameterCustomizer
Event: 57.208 loading class org/gradle/StartParameterCustomizer done
Event: 57.208 loading class org/gradle/StartParameterCustomizer
Event: 57.208 loading class org/gradle/StartParameterCustomizer done
Event: 57.208 loading class org/gradle/StartParameterCustomizer
Event: 57.208 loading class org/gradle/StartParameterCustomizer done
Event: 57.210 loading class org/gradle/StartParameterCustomizer
Event: 57.210 loading class org/gradle/StartParameterCustomizer done
Event: 57.213 loading class org/gradle/api/internal/StartParameterInternalCustomizer
Event: 57.213 loading class org/gradle/api/internal/StartParameterInternalCustomizer done
Event: 57.214 loading class org/gradle/api/internal/StartParameterInternalCustomizer
Event: 57.214 loading class org/gradle/api/internal/StartParameterInternalCustomizer done
Event: 57.214 loading class org/gradle/api/internal/StartParameterInternalCustomizer
Event: 57.214 loading class org/gradle/api/internal/StartParameterInternalCustomizer done
Event: 57.217 loading class org/gradle/api/internal/StartParameterInternalCustomizer
Event: 57.217 loading class org/gradle/api/internal/StartParameterInternalCustomizer done


Dynamic libraries:
0x00007ff7f5860000 - 0x00007ff7f586d000 	C:\Program Files\Microsoft\jdk-11.0.18.10-hotspot\bin\java.exe
0x00007ffbd2b30000 - 0x00007ffbd2d44000 	C:\WINDOWS\SYSTEM32\ntdll.dll
0x00007ffbd1e10000 - 0x00007ffbd1ed4000 	C:\WINDOWS\System32\KERNEL32.DLL
0x00007ffbcff10000 - 0x00007ffbd02b4000 	C:\WINDOWS\System32\KERNELBASE.dll
0x00007ffbd0390000 - 0x00007ffbd04a1000 	C:\WINDOWS\System32\ucrtbase.dll
0x00007ffbccf20000 - 0x00007ffbccf37000 	C:\Program Files\Microsoft\jdk-11.0.18.10-hotspot\bin\jli.dll
0x00007ffbc64d0000 - 0x00007ffbc64e5000 	C:\Program Files\Microsoft\jdk-11.0.18.10-hotspot\bin\VCRUNTIME140.dll
0x00007ffbd1340000 - 0x00007ffbd14ea000 	C:\WINDOWS\System32\USER32.dll
0x00007ffbb2ed0000 - 0x00007ffbb315f000 	C:\WINDOWS\WinSxS\amd64_microsoft.windows.common-controls_6595b64144ccf1df_6.0.22621.2070_none_2713e6537381f706\COMCTL32.dll
0x00007ffbd02c0000 - 0x00007ffbd02e6000 	C:\WINDOWS\System32\win32u.dll
0x00007ffbd16c0000 - 0x00007ffbd1767000 	C:\WINDOWS\System32\msvcrt.dll
0x00007ffbd28e0000 - 0x00007ffbd2909000 	C:\WINDOWS\System32\GDI32.dll
0x00007ffbd0530000 - 0x00007ffbd0649000 	C:\WINDOWS\System32\gdi32full.dll
0x00007ffbd02f0000 - 0x00007ffbd038a000 	C:\WINDOWS\System32\msvcp_win.dll
0x00007ffbd19f0000 - 0x00007ffbd1a21000 	C:\WINDOWS\System32\IMM32.DLL
0x00007ffb91620000 - 0x00007ffb916bb000 	C:\Program Files\Microsoft\jdk-11.0.18.10-hotspot\bin\msvcp140.dll
0x00007ffb61f00000 - 0x00007ffb62a92000 	C:\Program Files\Microsoft\jdk-11.0.18.10-hotspot\bin\server\jvm.dll
0x00007ffbd1290000 - 0x00007ffbd1340000 	C:\WINDOWS\System32\ADVAPI32.dll
0x00007ffbd2910000 - 0x00007ffbd29b6000 	C:\WINDOWS\System32\sechost.dll
0x00007ffbd18d0000 - 0x00007ffbd19e7000 	C:\WINDOWS\System32\RPCRT4.dll
0x00007ffbd2800000 - 0x00007ffbd2808000 	C:\WINDOWS\System32\PSAPI.DLL
0x00007ffbcc820000 - 0x00007ffbcc829000 	C:\WINDOWS\SYSTEM32\WSOCK32.dll
0x00007ffbd1210000 - 0x00007ffbd1281000 	C:\WINDOWS\System32\WS2_32.dll
0x00007ffbc79d0000 - 0x00007ffbc79da000 	C:\WINDOWS\SYSTEM32\VERSION.dll
0x00007ffbc65f0000 - 0x00007ffbc6624000 	C:\WINDOWS\SYSTEM32\WINMM.dll
0x00007ffbcef30000 - 0x00007ffbcef48000 	C:\WINDOWS\SYSTEM32\kernel.appcore.dll
0x00007ffbb8f10000 - 0x00007ffbb8f20000 	C:\Program Files\Microsoft\jdk-11.0.18.10-hotspot\bin\verify.dll
0x00007ffbcd880000 - 0x00007ffbcdaae000 	C:\WINDOWS\SYSTEM32\DBGHELP.DLL
0x00007ffbd1ee0000 - 0x00007ffbd226a000 	C:\WINDOWS\System32\combase.dll
0x00007ffbd22a0000 - 0x00007ffbd2377000 	C:\WINDOWS\System32\OLEAUT32.dll
0x00007ffbc2be0000 - 0x00007ffbc2c12000 	C:\WINDOWS\SYSTEM32\dbgcore.DLL
0x00007ffbd04b0000 - 0x00007ffbd052a000 	C:\WINDOWS\System32\bcryptPrimitives.dll
0x00007ffbaecc0000 - 0x00007ffbaece8000 	C:\Program Files\Microsoft\jdk-11.0.18.10-hotspot\bin\java.dll
0x00007ffbb8f00000 - 0x00007ffbb8f0a000 	C:\Program Files\Microsoft\jdk-11.0.18.10-hotspot\bin\jimage.dll
0x00007ffbb0e90000 - 0x00007ffbb0ea8000 	C:\Program Files\Microsoft\jdk-11.0.18.10-hotspot\bin\zip.dll
0x00007ffbd09f0000 - 0x00007ffbd1206000 	C:\WINDOWS\System32\SHELL32.dll
0x00007ffbcde90000 - 0x00007ffbce77a000 	C:\WINDOWS\SYSTEM32\windows.storage.dll
0x00007ffbcdd50000 - 0x00007ffbcde8e000 	C:\WINDOWS\SYSTEM32\wintypes.dll
0x00007ffbd08f0000 - 0x00007ffbd09e3000 	C:\WINDOWS\System32\SHCORE.dll
0x00007ffbd1a40000 - 0x00007ffbd1a9e000 	C:\WINDOWS\System32\shlwapi.dll
0x00007ffbcfe40000 - 0x00007ffbcfe66000 	C:\WINDOWS\SYSTEM32\profapi.dll
0x00007ffbad6d0000 - 0x00007ffbad6e9000 	C:\Program Files\Microsoft\jdk-11.0.18.10-hotspot\bin\net.dll
0x00007ffbc7840000 - 0x00007ffbc7977000 	C:\WINDOWS\SYSTEM32\WINHTTP.dll
0x00007ffbcf470000 - 0x00007ffbcf4d9000 	C:\WINDOWS\system32\mswsock.dll
0x00007ffbad6b0000 - 0x00007ffbad6c3000 	C:\Program Files\Microsoft\jdk-11.0.18.10-hotspot\bin\nio.dll
0x00007ffb9e540000 - 0x00007ffb9e567000 	C:\Users\nguye\.gradle\native\68d5fa5c4cc2d200863cafc0d521ce42e7d3e7ee720ec0a83991735586a16f82\windows-amd64\native-platform.dll
0x00007ffb61db0000 - 0x00007ffb61ef4000 	C:\Users\nguye\.gradle\native\e376f236ea51e6404a007f0833ffe2c6e607c4080706a723a18a27aeea778392\windows-amd64\native-platform-file-events.dll
0x00007ffbb3200000 - 0x00007ffbb3209000 	C:\Program Files\Microsoft\jdk-11.0.18.10-hotspot\bin\management.dll
0x00007ffbb2550000 - 0x00007ffbb255b000 	C:\Program Files\Microsoft\jdk-11.0.18.10-hotspot\bin\management_ext.dll
0x00007ffbcf790000 - 0x00007ffbcf7ab000 	C:\WINDOWS\SYSTEM32\CRYPTSP.dll
0x00007ffbceef0000 - 0x00007ffbcef25000 	C:\WINDOWS\system32\rsaenh.dll
0x00007ffbcf510000 - 0x00007ffbcf53c000 	C:\WINDOWS\SYSTEM32\USERENV.dll
0x00007ffbcf8b0000 - 0x00007ffbcf8d8000 	C:\WINDOWS\SYSTEM32\bcrypt.dll
0x00007ffbcf770000 - 0x00007ffbcf77c000 	C:\WINDOWS\SYSTEM32\CRYPTBASE.dll
0x00007ffbce9e0000 - 0x00007ffbcea0d000 	C:\WINDOWS\SYSTEM32\IPHLPAPI.DLL
0x00007ffbd14f0000 - 0x00007ffbd14f9000 	C:\WINDOWS\System32\NSI.dll
0x00007ffbc7c20000 - 0x00007ffbc7c39000 	C:\WINDOWS\SYSTEM32\dhcpcsvc6.DLL
0x00007ffbc79e0000 - 0x00007ffbc79ff000 	C:\WINDOWS\SYSTEM32\dhcpcsvc.DLL
0x00007ffbcea50000 - 0x00007ffbceb43000 	C:\WINDOWS\SYSTEM32\DNSAPI.dll

dbghelp: loaded successfully - version: 4.0.5 - missing functions: none
symbol engine: initialized successfully - sym options: 0x614 - pdb path: .;C:\Program Files\Microsoft\jdk-11.0.18.10-hotspot\bin;C:\WINDOWS\SYSTEM32;C:\WINDOWS\WinSxS\amd64_microsoft.windows.common-controls_6595b64144ccf1df_6.0.22621.2070_none_2713e6537381f706;C:\Program Files\Microsoft\jdk-11.0.18.10-hotspot\bin\server;C:\Users\nguye\.gradle\native\68d5fa5c4cc2d200863cafc0d521ce42e7d3e7ee720ec0a83991735586a16f82\windows-amd64;C:\Users\nguye\.gradle\native\e376f236ea51e6404a007f0833ffe2c6e607c4080706a723a18a27aeea778392\windows-amd64

VM Arguments:
jvm_args: -XX:MaxMetaspaceSize=512m --add-opens=java.base/java.util=ALL-UNNAMED --add-opens=java.base/java.lang=ALL-UNNAMED --add-opens=java.base/java.lang.invoke=ALL-UNNAMED --add-opens=java.prefs/java.util.prefs=ALL-UNNAMED --add-opens=java.base/java.nio.charset=ALL-UNNAMED --add-opens=java.base/java.net=ALL-UNNAMED --add-opens=java.base/java.util.concurrent.atomic=ALL-UNNAMED -Xmx2048m -Dfile.encoding=windows-1252 -Duser.country=US -Duser.language=en -Duser.variant 
java_command: org.gradle.launcher.daemon.bootstrap.GradleDaemon 8.0.1
java_class_path (initial): C:\Users\nguye\.gradle\wrapper\dists\gradle-8.0.1-all\aro4hu1c3oeioove7l0i4i14o\gradle-8.0.1\lib\gradle-launcher-8.0.1.jar
Launcher Type: SUN_STANDARD

[Global flags]
     intx CICompilerCount                          = 4                                         {product} {ergonomic}
   size_t CompressedClassSpaceSize                 = 528482304                                 {product} {ergonomic}
     uint ConcGCThreads                            = 2                                         {product} {ergonomic}
     uint G1ConcRefinementThreads                  = 8                                         {product} {ergonomic}
   size_t G1HeapRegionSize                         = 1048576                                   {product} {ergonomic}
    uintx GCDrainStackTargetSize                   = 64                                        {product} {ergonomic}
   size_t InitialHeapSize                          = 132120576                                 {product} {ergonomic}
   size_t MarkStackSize                            = 4194304                                   {product} {ergonomic}
   size_t MaxHeapSize                              = 2147483648                                {product} {command line}
   size_t MaxMetaspaceSize                         = 536870912                                 {product} {command line}
   size_t MaxNewSize                               = 1287651328                                {product} {ergonomic}
   size_t MinHeapDeltaBytes                        = 1048576                                   {product} {ergonomic}
    uintx NonNMethodCodeHeapSize                   = 5836300                                {pd product} {ergonomic}
    uintx NonProfiledCodeHeapSize                  = 122910970                              {pd product} {ergonomic}
    uintx ProfiledCodeHeapSize                     = 122910970                              {pd product} {ergonomic}
    uintx ReservedCodeCacheSize                    = 251658240                              {pd product} {ergonomic}
     bool SegmentedCodeCache                       = true                                      {product} {ergonomic}
     bool UseCompressedClassPointers               = true                                 {lp64_product} {ergonomic}
     bool UseCompressedOops                        = true                                 {lp64_product} {ergonomic}
     bool UseG1GC                                  = true                                      {product} {ergonomic}
     bool UseLargePagesIndividualAllocation        = false                                  {pd product} {ergonomic}

Logging:
Log output configuration:
 #0: stdout all=warning uptime,level,tags
 #1: stderr all=off uptime,level,tags

Environment Variables:
JAVA_HOME=C:\Program Files\Microsoft\jdk-11.0.18.10-hotspot\
CLASSPATH=E:\DaCNTT2\project\source\frontend\kahoot-fe\kahut\android\\gradle\wrapper\gradle-wrapper.jar
PATH=E:\DaCNTT2\project\source\frontend\kahoot-fe\kahut\node_modules\.bin;E:\DaCNTT2\project\source\frontend\kahoot-fe\kahut\node_modules\.bin;E:\DaCNTT2\project\source\frontend\kahoot-fe\node_modules\.bin;E:\DaCNTT2\project\source\frontend\node_modules\.bin;E:\DaCNTT2\project\source\node_modules\.bin;E:\DaCNTT2\project\node_modules\.bin;E:\DaCNTT2\node_modules\.bin;E:\node_modules\.bin;E:\DaCNTT2\project\source\frontend\kahoot-fe\kahut\node_modules\npm\node_modules\@npmcli\run-script\lib\node-gyp-bin;E:\DaCNTT2\project\source\frontend\kahoot-fe\kahut\node_modules\.bin;E:\DaCNTT2\project\source\frontend\kahoot-fe\node_modules\.bin;E:\DaCNTT2\project\source\frontend\node_modules\.bin;E:\DaCNTT2\project\source\node_modules\.bin;E:\DaCNTT2\project\node_modules\.bin;E:\DaCNTT2\node_modules\.bin;E:\node_modules\.bin;C:\Program Files\nodejs\node_modules\npm\node_modules\@npmcli\run-script\lib\node-gyp-bin;C:\Program Files\Microsoft\jdk-11.0.18.10-hotspot\bin;C:\Program Files\Common Files\Oracle\Java\javapath;C:\WINDOWS\system32;C:\WINDOWS;C:\WINDOWS\System32\Wbem;C:\WINDOWS\System32\WindowsPowerShell\v1.0\;C:\WINDOWS\System32\OpenSSH\;C:\Program Files\dotnet\;C:\Program Files\NVIDIA Corporation\NVIDIA NvDLISR;C:\Program Files\Microsoft SQL Server\Client SDK\ODBC\170\Tools\Binn\;C:\Program Files (x86)\Microsoft SQL Server\150\Tools\Binn\;C:\Program Files\Microsoft SQL Server\150\Tools\Binn\;C:\Program Files\Microsoft SQL Server\150\DTS\Binn\;C:\Program Files (x86)\Microsoft SQL Server\150\DTS\Binn\;C:\Program Files\Microsoft SQL Server\130\Tools\Binn\;C:\Program Files (x86)\dotnet\;C:\xampp\php;C:\ProgramData\ComposerSetup\bin;C:\Program Files\Docker\Docker\resources\bin;C:\ProgramData\DockerDesktop\version-bin;C:\Program Files\apache-maven-3.8.4\bin;C:\Program Files (x86)\NVIDIA Corporation\PhysX\Common;C:\Program Files\OpenSSL-Win64\bin;C:\Program Files\Git\cmd;C:\WINDOWS\system32;C:\WINDOWS;C:\WINDOWS\System32\Wbem;C:\WINDOWS\System32\WindowsPowerShell\v1.0\;C:\WINDOWS\Sys
USERNAME=nttruong
OS=Windows_NT
PROCESSOR_IDENTIFIER=Intel64 Family 6 Model 158 Stepping 10, GenuineIntel
TMP=C:\Users\nguye\AppData\Local\Temp
TEMP=C:\Users\nguye\AppData\Local\Temp



---------------  S Y S T E M  ---------------

OS: Windows 11 , 64 bit Build 22621 (10.0.22621.2070)
OS uptime: 0 days 14:26 hours
Hyper-V role detected

CPU:total 8 (initial active 8) (4 cores per cpu, 2 threads per core) family 6 model 158 stepping 10 microcode 0xec, cmov, cx8, fxsr, mmx, sse, sse2, sse3, ssse3, sse4.1, sse4.2, popcnt, avx, avx2, aes, clmul, erms, 3dnowpref, lzcnt, ht, tsc, tscinvbit, bmi1, bmi2, adx, fma

Memory: 4k page, system-wide physical 8063M (380M free)
TotalPageFile size 16255M (AvailPageFile size 1M)
current process WorkingSet (physical memory assigned to process): 486M, peak: 486M
current process commit charge ("private bytes"): 583M, peak: 584M

vm_info: OpenJDK 64-Bit Server VM (11.0.18+10-LTS) for windows-amd64 JRE (11.0.18+10-LTS), built on Jan 18 2023 15:56:47 by "MicrosoftCorporation" with MS VC++ 15.9 (VS2017)

END.
