#
# There is insufficient memory for the Java Runtime Environment to continue.
# Native memory allocation (malloc) failed to allocate 2029776 bytes for Chunk::new
# Possible reasons:
#   The system is out of physical RAM or swap space
#   The process is running with CompressedOops enabled, and the Java Heap may be blocking the growth of the native heap
# Possible solutions:
#   Reduce memory load on the system
#   Increase physical memory or swap space
#   Check if swap backing store is full
#   Decrease Java heap size (-Xmx/-Xms)
#   Decrease number of Java threads
#   Decrease Java thread stack sizes (-Xss)
#   Set larger code cache with -XX:ReservedCodeCacheSize=
#   JVM is running with Unscaled Compressed Oops mode in which the Java heap is
#     placed in the first 4GB address space. The Java Heap base address is the
#     maximum limit for the native heap growth. Please use -XX:HeapBaseMinAddress
#     to set the Java Heap base and to place the Java Heap above 4GB virtual address.
# This output file may be truncated or incomplete.
#
#  Out of Memory Error (./src/hotspot/share/memory/arena.cpp:197), pid=3324, tid=6796
#
# JRE version: OpenJDK Runtime Environment Microsoft-7208460 (11.0.18+10) (build 11.0.18+10-LTS)
# Java VM: OpenJDK 64-Bit Server VM Microsoft-7208460 (11.0.18+10-LTS, mixed mode, tiered, compressed oops, g1 gc, windows-amd64)
# No core dump will be written. Minidumps are not enabled by default on client versions of Windows
#

---------------  S U M M A R Y ------------

Command Line: -XX:MaxMetaspaceSize=512m --add-opens=java.base/java.util=ALL-UNNAMED --add-opens=java.base/java.lang=ALL-UNNAMED --add-opens=java.base/java.lang.invoke=ALL-UNNAMED --add-opens=java.prefs/java.util.prefs=ALL-UNNAMED --add-opens=java.base/java.nio.charset=ALL-UNNAMED --add-opens=java.base/java.net=ALL-UNNAMED --add-opens=java.base/java.util.concurrent.atomic=ALL-UNNAMED -Xmx2048m -Dfile.encoding=windows-1252 -Duser.country=US -Duser.language=en -Duser.variant org.gradle.launcher.daemon.bootstrap.GradleDaemon 8.0.1

Host: Intel(R) Core(TM) i5-9300H CPU @ 2.40GHz, 8 cores, 7G,  Windows 11 , 64 bit Build 22621 (10.0.22621.2070)
Time: Sun Aug 27 16:15:30 2023 SE Asia Standard Time elapsed time: 9.331870 seconds (0d 0h 0m 9s)

---------------  T H R E A D  ---------------

Current thread (0x000002033db3b000):  JavaThread "C2 CompilerThread0" daemon [_thread_in_native, id=6796, stack(0x00000033c1d00000,0x00000033c1e00000)]


Current CompileTask:
C2:   9331 2824       4       jdk.internal.loader.URLClassPath::getResource (74 bytes)

Stack: [0x00000033c1d00000,0x00000033c1e00000]
Native frames: (J=compiled Java code, j=interpreted, Vv=VM code, C=native code)
V  [jvm.dll+0x62bf8a]
V  [jvm.dll+0x7b8fb9]
V  [jvm.dll+0x7ba6a8]
V  [jvm.dll+0x7bad83]
V  [jvm.dll+0x250248]
V  [jvm.dll+0xc260c]
V  [jvm.dll+0xc2bcc]
V  [jvm.dll+0x35e1c7]
V  [jvm.dll+0x19ede1]
V  [jvm.dll+0x209495]
V  [jvm.dll+0x20850d]
V  [jvm.dll+0x18a4b1]
V  [jvm.dll+0x217eec]
V  [jvm.dll+0x21612b]
V  [jvm.dll+0x77bac0]
V  [jvm.dll+0x7749f4]
V  [jvm.dll+0x62adf5]
C  [ucrtbase.dll+0x29363]
C  [KERNEL32.DLL+0x126ad]
C  [ntdll.dll+0x5aa68]


---------------  P R O C E S S  ---------------

Threads class SMR info:
_java_thread_list=0x000002033fb740e0, length=32, elements={
0x000002031ea2f800, 0x000002033db13800, 0x000002033db1e800, 0x000002033db36000,
0x000002033db38800, 0x000002033db3a000, 0x000002033db3b000, 0x000002033db3c000,
0x000002033db5d800, 0x000002033e5f1000, 0x000002033e6a3000, 0x00000203405b7000,
0x000002033e853000, 0x000002033fa67000, 0x000002033f210800, 0x000002033ff6d000,
0x000002033ea78800, 0x00000203409ba800, 0x000002033feb9800, 0x0000020340a11800,
0x000002033eb8c800, 0x000002033eb90000, 0x000002033eb93000, 0x000002033eb92000,
0x000002033eb8d800, 0x000002033eb8e000, 0x000002033eb8f000, 0x000002033eb90800,
0x000002033eb91800, 0x00000203418e6800, 0x00000203418e6000, 0x00000203418e2800
}

Java Threads: ( => current thread )
  0x000002031ea2f800 JavaThread "main" [_thread_blocked, id=15256, stack(0x00000033c1100000,0x00000033c1200000)]
  0x000002033db13800 JavaThread "Reference Handler" daemon [_thread_blocked, id=17748, stack(0x00000033c1800000,0x00000033c1900000)]
  0x000002033db1e800 JavaThread "Finalizer" daemon [_thread_blocked, id=8792, stack(0x00000033c1900000,0x00000033c1a00000)]
  0x000002033db36000 JavaThread "Signal Dispatcher" daemon [_thread_blocked, id=10808, stack(0x00000033c1a00000,0x00000033c1b00000)]
  0x000002033db38800 JavaThread "Attach Listener" daemon [_thread_blocked, id=13920, stack(0x00000033c1b00000,0x00000033c1c00000)]
  0x000002033db3a000 JavaThread "Service Thread" daemon [_thread_blocked, id=17400, stack(0x00000033c1c00000,0x00000033c1d00000)]
=>0x000002033db3b000 JavaThread "C2 CompilerThread0" daemon [_thread_in_native, id=6796, stack(0x00000033c1d00000,0x00000033c1e00000)]
  0x000002033db3c000 JavaThread "C1 CompilerThread0" daemon [_thread_in_vm, id=16864, stack(0x00000033c1e00000,0x00000033c1f00000)]
  0x000002033db5d800 JavaThread "Sweeper thread" daemon [_thread_blocked, id=12056, stack(0x00000033c1f00000,0x00000033c2000000)]
  0x000002033e5f1000 JavaThread "Common-Cleaner" daemon [_thread_blocked, id=7716, stack(0x00000033c2000000,0x00000033c2100000)]
  0x000002033e6a3000 JavaThread "Daemon health stats" [_thread_blocked, id=10956, stack(0x00000033c2300000,0x00000033c2400000)]
  0x00000203405b7000 JavaThread "Incoming local TCP Connector on port 50955" [_thread_in_native, id=2008, stack(0x00000033c2600000,0x00000033c2700000)]
  0x000002033e853000 JavaThread "Daemon periodic checks" [_thread_blocked, id=7196, stack(0x00000033c2700000,0x00000033c2800000)]
  0x000002033fa67000 JavaThread "Daemon" [_thread_blocked, id=13924, stack(0x00000033c2800000,0x00000033c2900000)]
  0x000002033f210800 JavaThread "Handler for socket connection from /127.0.0.1:50955 to /127.0.0.1:50962" [_thread_in_native, id=2684, stack(0x00000033c2900000,0x00000033c2a00000)]
  0x000002033ff6d000 JavaThread "Cancel handler" [_thread_blocked, id=2828, stack(0x00000033c2a00000,0x00000033c2b00000)]
  0x000002033ea78800 JavaThread "Daemon worker" [_thread_in_vm, id=16008, stack(0x00000033c2b00000,0x00000033c2c00000)]
  0x00000203409ba800 JavaThread "Asynchronous log dispatcher for DefaultDaemonConnection: socket connection from /127.0.0.1:50955 to /127.0.0.1:50962" [_thread_blocked, id=17892, stack(0x00000033c2c00000,0x00000033c2d00000)]
  0x000002033feb9800 JavaThread "Stdin handler" [_thread_blocked, id=10580, stack(0x00000033c2d00000,0x00000033c2e00000)]
  0x0000020340a11800 JavaThread "Daemon client event forwarder" [_thread_blocked, id=10480, stack(0x00000033c2e00000,0x00000033c2f00000)]
  0x000002033eb8c800 JavaThread "Cache worker for journal cache (C:\Users\nguye\.gradle\caches\journal-1)" [_thread_blocked, id=16708, stack(0x00000033c3400000,0x00000033c3500000)]
  0x000002033eb90000 JavaThread "File lock request listener" [_thread_in_native, id=18136, stack(0x00000033c3500000,0x00000033c3600000)]
  0x000002033eb93000 JavaThread "File lock release action executor" [_thread_blocked, id=17092, stack(0x00000033c3700000,0x00000033c3800000)]
  0x000002033eb92000 JavaThread "Cache worker for file hash cache (C:\Users\nguye\.gradle\caches\8.0.1\fileHashes)" [_thread_blocked, id=12304, stack(0x00000033c3800000,0x00000033c3900000)]
  0x000002033eb8d800 JavaThread "File watcher server" daemon [_thread_in_native, id=11364, stack(0x00000033c3900000,0x00000033c3a00000)]
  0x000002033eb8e000 JavaThread "File watcher consumer" daemon [_thread_blocked, id=18244, stack(0x00000033c3a00000,0x00000033c3b00000)]
  0x000002033eb8f000 JavaThread "Cache worker for checksums cache (E:\DaCNTT2\project\source\frontend\kahoot-fe\kahut\android\.gradle\8.0.1\checksums)" [_thread_blocked, id=1908, stack(0x00000033c3b00000,0x00000033c3c00000)]
  0x000002033eb90800 JavaThread "Cache worker for cache directory md-rule (C:\Users\nguye\.gradle\caches\8.0.1\md-rule)" [_thread_blocked, id=12148, stack(0x00000033c3c00000,0x00000033c3d00000)]
  0x000002033eb91800 JavaThread "Cache worker for file content cache (C:\Users\nguye\.gradle\caches\8.0.1\fileContent)" [_thread_blocked, id=7120, stack(0x00000033c3d00000,0x00000033c3e00000)]
  0x00000203418e6800 JavaThread "Cache worker for file hash cache (E:\DaCNTT2\project\source\frontend\kahoot-fe\kahut\android\.gradle\8.0.1\fileHashes)" [_thread_blocked, id=13652, stack(0x00000033c3e00000,0x00000033c3f00000)]
  0x00000203418e6000 JavaThread "Cache worker for cache directory md-supplier (C:\Users\nguye\.gradle\caches\8.0.1\md-supplier)" [_thread_blocked, id=18304, stack(0x00000033c3f00000,0x00000033c4000000)]
  0x00000203418e2800 JavaThread "Cache worker for execution history cache (C:\Users\nguye\.gradle\caches\8.0.1\executionHistory)" [_thread_blocked, id=16496, stack(0x00000033c4000000,0x00000033c4100000)]

Other Threads:
  0x000002033db12000 VMThread "VM Thread" [stack: 0x00000033c1700000,0x00000033c1800000] [id=9324]
  0x000002033e614800 WatcherThread [stack: 0x00000033c2100000,0x00000033c2200000] [id=5160]
  0x000002031ea4b000 GCTaskThread "GC Thread#0" [stack: 0x00000033c1200000,0x00000033c1300000] [id=2696]
  0x000002033f1a5000 GCTaskThread "GC Thread#1" [stack: 0x00000033c2400000,0x00000033c2500000] [id=4964]
  0x000002033f594000 GCTaskThread "GC Thread#2" [stack: 0x00000033c2500000,0x00000033c2600000] [id=6836]
  0x00000203407fd800 GCTaskThread "GC Thread#3" [stack: 0x00000033c2f00000,0x00000033c3000000] [id=10740]
  0x000002033ecda000 GCTaskThread "GC Thread#4" [stack: 0x00000033c3000000,0x00000033c3100000] [id=4744]
  0x000002033f776800 GCTaskThread "GC Thread#5" [stack: 0x00000033c3100000,0x00000033c3200000] [id=17112]
  0x0000020340a08800 GCTaskThread "GC Thread#6" [stack: 0x00000033c3200000,0x00000033c3300000] [id=13592]
  0x000002033ea2a800 GCTaskThread "GC Thread#7" [stack: 0x00000033c3300000,0x00000033c3400000] [id=17304]
  0x000002031ea7c000 ConcurrentGCThread "G1 Main Marker" [stack: 0x00000033c1300000,0x00000033c1400000] [id=17732]
  0x000002031ea7e800 ConcurrentGCThread "G1 Conc#0" [stack: 0x00000033c1400000,0x00000033c1500000] [id=8724]
  0x000002033ea2b800 ConcurrentGCThread "G1 Conc#1" [stack: 0x00000033c3600000,0x00000033c3700000] [id=6592]
  0x000002031eafd800 ConcurrentGCThread "G1 Refine#0" [stack: 0x00000033c1500000,0x00000033c1600000] [id=14856]
  0x000002033d986800 ConcurrentGCThread "G1 Young RemSet Sampling" [stack: 0x00000033c1600000,0x00000033c1700000] [id=5292]

Threads with active compile tasks:
C2 CompilerThread0     9375 2824       4       jdk.internal.loader.URLClassPath::getResource (74 bytes)

VM state:not at safepoint (normal execution)

VM Mutex/Monitor currently owned by a thread: None

Heap address: 0x0000000080000000, size: 2048 MB, Compressed Oops mode: 32-bit
Narrow klass base: 0x0000000000000000, Narrow klass shift: 3
Compressed class space size: 528482304 Address: 0x0000000100000000

Heap:
 garbage-first heap   total 129024K, used 29885K [0x0000000080000000, 0x0000000100000000)
  region size 1024K, 14 young (14336K), 7 survivors (7168K)
 Metaspace       used 37112K, capacity 37996K, committed 38300K, reserved 550912K
  class space    used 4734K, capacity 5070K, committed 5196K, reserved 516096K
Heap Regions: E=young(eden), S=young(survivor), O=old, HS=humongous(starts), HC=humongous(continues), CS=collection set, F=free, A=archive, TAMS=top-at-mark-start (previous, next)
|   0|0x0000000080000000, 0x0000000080100000, 0x0000000080100000|100%|HS|  |TAMS 0x0000000080100000, 0x0000000080000000| Complete 
|   1|0x0000000080100000, 0x0000000080200000, 0x0000000080200000|100%|HC|  |TAMS 0x0000000080200000, 0x0000000080100000| Complete 
|   2|0x0000000080200000, 0x0000000080300000, 0x0000000080300000|100%|HC|  |TAMS 0x0000000080300000, 0x0000000080200000| Complete 
|   3|0x0000000080300000, 0x0000000080400000, 0x0000000080400000|100%|HC|  |TAMS 0x0000000080400000, 0x0000000080300000| Complete 
|   4|0x0000000080400000, 0x0000000080500000, 0x0000000080500000|100%| O|  |TAMS 0x0000000080500000, 0x0000000080400000| Untracked 
|   5|0x0000000080500000, 0x0000000080600000, 0x0000000080600000|100%| O|  |TAMS 0x0000000080600000, 0x0000000080500000| Untracked 
|   6|0x0000000080600000, 0x0000000080700000, 0x0000000080700000|100%| O|  |TAMS 0x0000000080700000, 0x0000000080600000| Untracked 
|   7|0x0000000080700000, 0x0000000080800000, 0x0000000080800000|100%| O|  |TAMS 0x0000000080800000, 0x0000000080700000| Untracked 
|   8|0x0000000080800000, 0x0000000080900000, 0x0000000080900000|100%| O|  |TAMS 0x0000000080900000, 0x0000000080800000| Untracked 
|   9|0x0000000080900000, 0x0000000080a00000, 0x0000000080a00000|100%| O|  |TAMS 0x0000000080a00000, 0x0000000080900000| Untracked 
|  10|0x0000000080a00000, 0x0000000080b00000, 0x0000000080b00000|100%| O|  |TAMS 0x0000000080b00000, 0x0000000080a00000| Untracked 
|  11|0x0000000080b00000, 0x0000000080c00000, 0x0000000080c00000|100%| O|  |TAMS 0x0000000080c00000, 0x0000000080b00000| Untracked 
|  12|0x0000000080c00000, 0x0000000080d00000, 0x0000000080d00000|100%| O|  |TAMS 0x0000000080d00000, 0x0000000080c00000| Untracked 
|  13|0x0000000080d00000, 0x0000000080e00000, 0x0000000080e00000|100%| O|  |TAMS 0x0000000080e00000, 0x0000000080d00000| Untracked 
|  14|0x0000000080e00000, 0x0000000080f00000, 0x0000000080f00000|100%| O|  |TAMS 0x0000000080f00000, 0x0000000080e00000| Untracked 
|  15|0x0000000080f00000, 0x0000000081000000, 0x0000000081000000|100%| O|  |TAMS 0x0000000081000000, 0x0000000080f00000| Untracked 
|  16|0x0000000081000000, 0x00000000810efe00, 0x0000000081100000| 93%| O|  |TAMS 0x00000000810efe00, 0x0000000081000000| Untracked 
|  17|0x0000000081100000, 0x0000000081100000, 0x0000000081200000|  0%| F|  |TAMS 0x0000000081100000, 0x0000000081100000| Untracked 
|  18|0x0000000081200000, 0x0000000081200000, 0x0000000081300000|  0%| F|  |TAMS 0x0000000081200000, 0x0000000081200000| Untracked 
|  19|0x0000000081300000, 0x0000000081300000, 0x0000000081400000|  0%| F|  |TAMS 0x0000000081300000, 0x0000000081300000| Untracked 
|  20|0x0000000081400000, 0x0000000081400000, 0x0000000081500000|  0%| F|  |TAMS 0x0000000081400000, 0x0000000081400000| Untracked 
|  21|0x0000000081500000, 0x0000000081500000, 0x0000000081600000|  0%| F|  |TAMS 0x0000000081500000, 0x0000000081500000| Untracked 
|  22|0x0000000081600000, 0x0000000081600000, 0x0000000081700000|  0%| F|  |TAMS 0x0000000081600000, 0x0000000081600000| Untracked 
|  23|0x0000000081700000, 0x0000000081700000, 0x0000000081800000|  0%| F|  |TAMS 0x0000000081700000, 0x0000000081700000| Untracked 
|  24|0x0000000081800000, 0x0000000081800000, 0x0000000081900000|  0%| F|  |TAMS 0x0000000081800000, 0x0000000081800000| Untracked 
|  25|0x0000000081900000, 0x0000000081900000, 0x0000000081a00000|  0%| F|  |TAMS 0x0000000081900000, 0x0000000081900000| Untracked 
|  26|0x0000000081a00000, 0x0000000081a00000, 0x0000000081b00000|  0%| F|  |TAMS 0x0000000081a00000, 0x0000000081a00000| Untracked 
|  27|0x0000000081b00000, 0x0000000081b00000, 0x0000000081c00000|  0%| F|  |TAMS 0x0000000081b00000, 0x0000000081b00000| Untracked 
|  28|0x0000000081c00000, 0x0000000081c00000, 0x0000000081d00000|  0%| F|  |TAMS 0x0000000081c00000, 0x0000000081c00000| Untracked 
|  29|0x0000000081d00000, 0x0000000081d00000, 0x0000000081e00000|  0%| F|  |TAMS 0x0000000081d00000, 0x0000000081d00000| Untracked 
|  30|0x0000000081e00000, 0x0000000081e00000, 0x0000000081f00000|  0%| F|  |TAMS 0x0000000081e00000, 0x0000000081e00000| Untracked 
|  31|0x0000000081f00000, 0x0000000081f00000, 0x0000000082000000|  0%| F|  |TAMS 0x0000000081f00000, 0x0000000081f00000| Untracked 
|  32|0x0000000082000000, 0x0000000082000000, 0x0000000082100000|  0%| F|  |TAMS 0x0000000082000000, 0x0000000082000000| Untracked 
|  33|0x0000000082100000, 0x0000000082100000, 0x0000000082200000|  0%| F|  |TAMS 0x0000000082100000, 0x0000000082100000| Untracked 
|  34|0x0000000082200000, 0x0000000082200000, 0x0000000082300000|  0%| F|  |TAMS 0x0000000082200000, 0x0000000082200000| Untracked 
|  35|0x0000000082300000, 0x0000000082300000, 0x0000000082400000|  0%| F|  |TAMS 0x0000000082300000, 0x0000000082300000| Untracked 
|  36|0x0000000082400000, 0x0000000082400000, 0x0000000082500000|  0%| F|  |TAMS 0x0000000082400000, 0x0000000082400000| Untracked 
|  37|0x0000000082500000, 0x0000000082500000, 0x0000000082600000|  0%| F|  |TAMS 0x0000000082500000, 0x0000000082500000| Untracked 
|  38|0x0000000082600000, 0x0000000082600000, 0x0000000082700000|  0%| F|  |TAMS 0x0000000082600000, 0x0000000082600000| Untracked 
|  39|0x0000000082700000, 0x0000000082700000, 0x0000000082800000|  0%| F|  |TAMS 0x0000000082700000, 0x0000000082700000| Untracked 
|  40|0x0000000082800000, 0x0000000082800000, 0x0000000082900000|  0%| F|  |TAMS 0x0000000082800000, 0x0000000082800000| Untracked 
|  41|0x0000000082900000, 0x0000000082900000, 0x0000000082a00000|  0%| F|  |TAMS 0x0000000082900000, 0x0000000082900000| Untracked 
|  42|0x0000000082a00000, 0x0000000082a00000, 0x0000000082b00000|  0%| F|  |TAMS 0x0000000082a00000, 0x0000000082a00000| Untracked 
|  43|0x0000000082b00000, 0x0000000082b00000, 0x0000000082c00000|  0%| F|  |TAMS 0x0000000082b00000, 0x0000000082b00000| Untracked 
|  44|0x0000000082c00000, 0x0000000082c00000, 0x0000000082d00000|  0%| F|  |TAMS 0x0000000082c00000, 0x0000000082c00000| Untracked 
|  45|0x0000000082d00000, 0x0000000082d00000, 0x0000000082e00000|  0%| F|  |TAMS 0x0000000082d00000, 0x0000000082d00000| Untracked 
|  46|0x0000000082e00000, 0x0000000082e00000, 0x0000000082f00000|  0%| F|  |TAMS 0x0000000082e00000, 0x0000000082e00000| Untracked 
|  47|0x0000000082f00000, 0x0000000082f00000, 0x0000000083000000|  0%| F|  |TAMS 0x0000000082f00000, 0x0000000082f00000| Untracked 
|  48|0x0000000083000000, 0x0000000083000000, 0x0000000083100000|  0%| F|  |TAMS 0x0000000083000000, 0x0000000083000000| Untracked 
|  49|0x0000000083100000, 0x0000000083100000, 0x0000000083200000|  0%| F|  |TAMS 0x0000000083100000, 0x0000000083100000| Untracked 
|  50|0x0000000083200000, 0x0000000083200000, 0x0000000083300000|  0%| F|  |TAMS 0x0000000083200000, 0x0000000083200000| Untracked 
|  51|0x0000000083300000, 0x0000000083300000, 0x0000000083400000|  0%| F|  |TAMS 0x0000000083300000, 0x0000000083300000| Untracked 
|  52|0x0000000083400000, 0x0000000083400000, 0x0000000083500000|  0%| F|  |TAMS 0x0000000083400000, 0x0000000083400000| Untracked 
|  53|0x0000000083500000, 0x0000000083500000, 0x0000000083600000|  0%| F|  |TAMS 0x0000000083500000, 0x0000000083500000| Untracked 
|  54|0x0000000083600000, 0x0000000083600000, 0x0000000083700000|  0%| F|  |TAMS 0x0000000083600000, 0x0000000083600000| Untracked 
|  55|0x0000000083700000, 0x0000000083700000, 0x0000000083800000|  0%| F|  |TAMS 0x0000000083700000, 0x0000000083700000| Untracked 
|  56|0x0000000083800000, 0x0000000083800000, 0x0000000083900000|  0%| F|  |TAMS 0x0000000083800000, 0x0000000083800000| Untracked 
|  57|0x0000000083900000, 0x0000000083900000, 0x0000000083a00000|  0%| F|  |TAMS 0x0000000083900000, 0x0000000083900000| Untracked 
|  58|0x0000000083a00000, 0x0000000083a00000, 0x0000000083b00000|  0%| F|  |TAMS 0x0000000083a00000, 0x0000000083a00000| Untracked 
|  59|0x0000000083b00000, 0x0000000083b00000, 0x0000000083c00000|  0%| F|  |TAMS 0x0000000083b00000, 0x0000000083b00000| Untracked 
|  60|0x0000000083c00000, 0x0000000083c00000, 0x0000000083d00000|  0%| F|  |TAMS 0x0000000083c00000, 0x0000000083c00000| Untracked 
|  61|0x0000000083d00000, 0x0000000083d00000, 0x0000000083e00000|  0%| F|  |TAMS 0x0000000083d00000, 0x0000000083d00000| Untracked 
|  62|0x0000000083e00000, 0x0000000083e00000, 0x0000000083f00000|  0%| F|  |TAMS 0x0000000083e00000, 0x0000000083e00000| Untracked 
|  63|0x0000000083f00000, 0x0000000083f00000, 0x0000000084000000|  0%| F|  |TAMS 0x0000000083f00000, 0x0000000083f00000| Untracked 
|  64|0x0000000084000000, 0x0000000084000000, 0x0000000084100000|  0%| F|  |TAMS 0x0000000084000000, 0x0000000084000000| Untracked 
|  65|0x0000000084100000, 0x0000000084100000, 0x0000000084200000|  0%| F|  |TAMS 0x0000000084100000, 0x0000000084100000| Untracked 
|  66|0x0000000084200000, 0x0000000084200000, 0x0000000084300000|  0%| F|  |TAMS 0x0000000084200000, 0x0000000084200000| Untracked 
|  67|0x0000000084300000, 0x0000000084300000, 0x0000000084400000|  0%| F|  |TAMS 0x0000000084300000, 0x0000000084300000| Untracked 
|  68|0x0000000084400000, 0x0000000084400000, 0x0000000084500000|  0%| F|  |TAMS 0x0000000084400000, 0x0000000084400000| Untracked 
|  69|0x0000000084500000, 0x0000000084500000, 0x0000000084600000|  0%| F|  |TAMS 0x0000000084500000, 0x0000000084500000| Untracked 
|  70|0x0000000084600000, 0x0000000084600000, 0x0000000084700000|  0%| F|  |TAMS 0x0000000084600000, 0x0000000084600000| Untracked 
|  71|0x0000000084700000, 0x0000000084700000, 0x0000000084800000|  0%| F|  |TAMS 0x0000000084700000, 0x0000000084700000| Untracked 
|  72|0x0000000084800000, 0x0000000084800000, 0x0000000084900000|  0%| F|  |TAMS 0x0000000084800000, 0x0000000084800000| Untracked 
|  73|0x0000000084900000, 0x0000000084900000, 0x0000000084a00000|  0%| F|  |TAMS 0x0000000084900000, 0x0000000084900000| Untracked 
|  74|0x0000000084a00000, 0x0000000084a00000, 0x0000000084b00000|  0%| F|  |TAMS 0x0000000084a00000, 0x0000000084a00000| Untracked 
|  75|0x0000000084b00000, 0x0000000084b00000, 0x0000000084c00000|  0%| F|  |TAMS 0x0000000084b00000, 0x0000000084b00000| Untracked 
|  76|0x0000000084c00000, 0x0000000084c00000, 0x0000000084d00000|  0%| F|  |TAMS 0x0000000084c00000, 0x0000000084c00000| Untracked 
|  77|0x0000000084d00000, 0x0000000084d00000, 0x0000000084e00000|  0%| F|  |TAMS 0x0000000084d00000, 0x0000000084d00000| Untracked 
|  78|0x0000000084e00000, 0x0000000084e00000, 0x0000000084f00000|  0%| F|  |TAMS 0x0000000084e00000, 0x0000000084e00000| Untracked 
|  79|0x0000000084f00000, 0x0000000084f00000, 0x0000000085000000|  0%| F|  |TAMS 0x0000000084f00000, 0x0000000084f00000| Untracked 
|  80|0x0000000085000000, 0x0000000085000000, 0x0000000085100000|  0%| F|  |TAMS 0x0000000085000000, 0x0000000085000000| Untracked 
|  81|0x0000000085100000, 0x0000000085100000, 0x0000000085200000|  0%| F|  |TAMS 0x0000000085100000, 0x0000000085100000| Untracked 
|  82|0x0000000085200000, 0x0000000085200000, 0x0000000085300000|  0%| F|  |TAMS 0x0000000085200000, 0x0000000085200000| Untracked 
|  83|0x0000000085300000, 0x0000000085300000, 0x0000000085400000|  0%| F|  |TAMS 0x0000000085300000, 0x0000000085300000| Untracked 
|  84|0x0000000085400000, 0x0000000085400000, 0x0000000085500000|  0%| F|  |TAMS 0x0000000085400000, 0x0000000085400000| Untracked 
|  85|0x0000000085500000, 0x0000000085500000, 0x0000000085600000|  0%| F|  |TAMS 0x0000000085500000, 0x0000000085500000| Untracked 
|  86|0x0000000085600000, 0x0000000085600000, 0x0000000085700000|  0%| F|  |TAMS 0x0000000085600000, 0x0000000085600000| Untracked 
|  87|0x0000000085700000, 0x0000000085700000, 0x0000000085800000|  0%| F|  |TAMS 0x0000000085700000, 0x0000000085700000| Untracked 
|  88|0x0000000085800000, 0x0000000085800000, 0x0000000085900000|  0%| F|  |TAMS 0x0000000085800000, 0x0000000085800000| Untracked 
|  89|0x0000000085900000, 0x000000008593f858, 0x0000000085a00000| 24%| S|CS|TAMS 0x0000000085900000, 0x0000000085900000| Complete 
|  90|0x0000000085a00000, 0x0000000085b00000, 0x0000000085b00000|100%| S|CS|TAMS 0x0000000085a00000, 0x0000000085a00000| Complete 
|  91|0x0000000085b00000, 0x0000000085c00000, 0x0000000085c00000|100%| S|CS|TAMS 0x0000000085b00000, 0x0000000085b00000| Complete 
|  92|0x0000000085c00000, 0x0000000085d00000, 0x0000000085d00000|100%| S|CS|TAMS 0x0000000085c00000, 0x0000000085c00000| Complete 
|  93|0x0000000085d00000, 0x0000000085e00000, 0x0000000085e00000|100%| S|CS|TAMS 0x0000000085d00000, 0x0000000085d00000| Complete 
|  94|0x0000000085e00000, 0x0000000085f00000, 0x0000000085f00000|100%| S|CS|TAMS 0x0000000085e00000, 0x0000000085e00000| Complete 
|  95|0x0000000085f00000, 0x0000000086000000, 0x0000000086000000|100%| S|CS|TAMS 0x0000000085f00000, 0x0000000085f00000| Complete 
|  96|0x0000000086000000, 0x0000000086000000, 0x0000000086100000|  0%| F|  |TAMS 0x0000000086000000, 0x0000000086000000| Untracked 
|  97|0x0000000086100000, 0x0000000086100000, 0x0000000086200000|  0%| F|  |TAMS 0x0000000086100000, 0x0000000086100000| Untracked 
|  98|0x0000000086200000, 0x0000000086200000, 0x0000000086300000|  0%| F|  |TAMS 0x0000000086200000, 0x0000000086200000| Untracked 
|  99|0x0000000086300000, 0x0000000086300000, 0x0000000086400000|  0%| F|  |TAMS 0x0000000086300000, 0x0000000086300000| Untracked 
| 100|0x0000000086400000, 0x0000000086400000, 0x0000000086500000|  0%| F|  |TAMS 0x0000000086400000, 0x0000000086400000| Untracked 
| 101|0x0000000086500000, 0x0000000086500000, 0x0000000086600000|  0%| F|  |TAMS 0x0000000086500000, 0x0000000086500000| Untracked 
| 102|0x0000000086600000, 0x0000000086600000, 0x0000000086700000|  0%| F|  |TAMS 0x0000000086600000, 0x0000000086600000| Untracked 
| 103|0x0000000086700000, 0x0000000086700000, 0x0000000086800000|  0%| F|  |TAMS 0x0000000086700000, 0x0000000086700000| Untracked 
| 104|0x0000000086800000, 0x0000000086800000, 0x0000000086900000|  0%| F|  |TAMS 0x0000000086800000, 0x0000000086800000| Untracked 
| 105|0x0000000086900000, 0x0000000086900000, 0x0000000086a00000|  0%| F|  |TAMS 0x0000000086900000, 0x0000000086900000| Untracked 
| 106|0x0000000086a00000, 0x0000000086a00000, 0x0000000086b00000|  0%| F|  |TAMS 0x0000000086a00000, 0x0000000086a00000| Untracked 
| 107|0x0000000086b00000, 0x0000000086b00000, 0x0000000086c00000|  0%| F|  |TAMS 0x0000000086b00000, 0x0000000086b00000| Untracked 
| 108|0x0000000086c00000, 0x0000000086c00000, 0x0000000086d00000|  0%| F|  |TAMS 0x0000000086c00000, 0x0000000086c00000| Untracked 
| 109|0x0000000086d00000, 0x0000000086d00000, 0x0000000086e00000|  0%| F|  |TAMS 0x0000000086d00000, 0x0000000086d00000| Untracked 
| 110|0x0000000086e00000, 0x0000000086e00000, 0x0000000086f00000|  0%| F|  |TAMS 0x0000000086e00000, 0x0000000086e00000| Untracked 
| 111|0x0000000086f00000, 0x0000000086f00000, 0x0000000087000000|  0%| F|  |TAMS 0x0000000086f00000, 0x0000000086f00000| Untracked 
| 112|0x0000000087000000, 0x0000000087000000, 0x0000000087100000|  0%| F|  |TAMS 0x0000000087000000, 0x0000000087000000| Untracked 
| 113|0x0000000087100000, 0x0000000087100000, 0x0000000087200000|  0%| F|  |TAMS 0x0000000087100000, 0x0000000087100000| Untracked 
| 114|0x0000000087200000, 0x0000000087200000, 0x0000000087300000|  0%| F|  |TAMS 0x0000000087200000, 0x0000000087200000| Untracked 
| 115|0x0000000087300000, 0x0000000087300000, 0x0000000087400000|  0%| F|  |TAMS 0x0000000087300000, 0x0000000087300000| Untracked 
| 116|0x0000000087400000, 0x0000000087400000, 0x0000000087500000|  0%| F|  |TAMS 0x0000000087400000, 0x0000000087400000| Untracked 
| 117|0x0000000087500000, 0x0000000087500000, 0x0000000087600000|  0%| F|  |TAMS 0x0000000087500000, 0x0000000087500000| Untracked 
| 118|0x0000000087600000, 0x0000000087600000, 0x0000000087700000|  0%| F|  |TAMS 0x0000000087600000, 0x0000000087600000| Untracked 
| 119|0x0000000087700000, 0x0000000087800000, 0x0000000087800000|100%| E|  |TAMS 0x0000000087700000, 0x0000000087700000| Complete 
| 120|0x0000000087800000, 0x0000000087900000, 0x0000000087900000|100%| E|CS|TAMS 0x0000000087800000, 0x0000000087800000| Complete 
| 121|0x0000000087900000, 0x0000000087a00000, 0x0000000087a00000|100%| E|CS|TAMS 0x0000000087900000, 0x0000000087900000| Complete 
| 122|0x0000000087a00000, 0x0000000087b00000, 0x0000000087b00000|100%| E|CS|TAMS 0x0000000087a00000, 0x0000000087a00000| Complete 
| 123|0x0000000087b00000, 0x0000000087c00000, 0x0000000087c00000|100%| E|CS|TAMS 0x0000000087b00000, 0x0000000087b00000| Complete 
| 124|0x0000000087c00000, 0x0000000087d00000, 0x0000000087d00000|100%| E|CS|TAMS 0x0000000087c00000, 0x0000000087c00000| Complete 
| 125|0x0000000087d00000, 0x0000000087e00000, 0x0000000087e00000|100%| E|CS|TAMS 0x0000000087d00000, 0x0000000087d00000| Complete 

Card table byte_map: [0x00000203368e0000,0x0000020336ce0000] _byte_map_base: 0x00000203364e0000

Marking Bits (Prev, Next): (CMBitMap*) 0x000002031ea735a8, (CMBitMap*) 0x000002031ea735e0
 Prev Bits: [0x00000203370e0000, 0x00000203390e0000)
 Next Bits: [0x00000203390e0000, 0x000002033b0e0000)

Polling page: 0x000002031c9c0000

Metaspace:

Usage:
  Non-class:     32.15 MB capacity,    31.65 MB ( 98%) used,   431.91 KB (  1%) free+waste,    88.19 KB ( <1%) overhead. 
      Class:      4.95 MB capacity,     4.63 MB ( 93%) used,   288.70 KB (  6%) free+waste,    43.44 KB ( <1%) overhead. 
       Both:     37.11 MB capacity,    36.27 MB ( 98%) used,   720.60 KB (  2%) free+waste,   131.63 KB ( <1%) overhead. 

Virtual space:
  Non-class space:       34.00 MB reserved,      32.33 MB ( 95%) committed 
      Class space:      504.00 MB reserved,       5.07 MB (  1%) committed 
             Both:      538.00 MB reserved,      37.40 MB (  7%) committed 

Chunk freelists:
   Non-Class:  50.00 KB
       Class:  18.00 KB
        Both:  68.00 KB

MaxMetaspaceSize: 512.00 MB
CompressedClassSpaceSize: 504.00 MB
Initial GC threshold: 20.80 MB
Current GC threshold: 59.42 MB
CDS: off

CodeHeap 'non-profiled nmethods': size=120000Kb used=1426Kb max_used=1426Kb free=118574Kb
 bounds [0x000002032ec70000, 0x000002032eee0000, 0x00000203361a0000]
CodeHeap 'profiled nmethods': size=120000Kb used=6409Kb max_used=6409Kb free=113590Kb
 bounds [0x0000020327740000, 0x0000020327d90000, 0x000002032ec70000]
CodeHeap 'non-nmethods': size=5760Kb used=1572Kb max_used=1572Kb free=4187Kb
 bounds [0x00000203271a0000, 0x0000020327410000, 0x0000020327740000]
 total_blobs=3686 nmethods=3071 adapters=527
 compilation: enabled
              stopped_count=0, restarted_count=0
 full_count=0

Compilation events (20 events):
Event: 9.243 Thread 0x000002033db3c000 3081       2       java.beans.FeatureDescriptor::getClass0 (22 bytes)
Event: 9.243 Thread 0x000002033db3c000 nmethod 3081 0x0000020327d7d490 code [0x0000020327d7d640, 0x0000020327d7d7a8]
Event: 9.243 Thread 0x000002033db3c000 3082       2       java.util.TreeMap$ValueIterator::next (8 bytes)
Event: 9.243 Thread 0x000002033db3c000 nmethod 3082 0x0000020327d7d890 code [0x0000020327d7da40, 0x0000020327d7db48]
Event: 9.245 Thread 0x000002033db3c000 3083       2       jdk.internal.org.objectweb.asm.ClassWriter::visitEnd (1 bytes)
Event: 9.245 Thread 0x000002033db3c000 nmethod 3083 0x0000020327d7dc10 code [0x0000020327d7ddc0, 0x0000020327d7deb8]
Event: 9.252 Thread 0x000002033db3c000 3084       1       groovy.lang.MetaProperty::getName (5 bytes)
Event: 9.252 Thread 0x000002033db3c000 nmethod 3084 0x000002032edd4510 code [0x000002032edd46c0, 0x000002032edd4778]
Event: 9.252 Thread 0x000002033db3c000 3085       2       java.beans.MethodRef::get (91 bytes)
Event: 9.253 Thread 0x000002033db3c000 nmethod 3085 0x0000020327d7df90 code [0x0000020327d7e1a0, 0x0000020327d7e6b8]
Event: 9.253 Thread 0x000002033db3c000 3086       2       org.codehaus.groovy.reflection.v7.GroovyClassValueJava7::computeValue (11 bytes)
Event: 9.254 Thread 0x000002033db3c000 nmethod 3086 0x0000020327d7e890 code [0x0000020327d7ea80, 0x0000020327d7eda8]
Event: 9.254 Thread 0x000002033db3c000 3087       2       org.codehaus.groovy.reflection.ClassInfo$1::computeValue (6 bytes)
Event: 9.254 Thread 0x000002033db3c000 nmethod 3087 0x0000020327d7f010 code [0x0000020327d7f200, 0x0000020327d7f4e8]
Event: 9.254 Thread 0x000002033db3c000 3088       2       org.codehaus.groovy.reflection.CachedClass$4::initValue (5 bytes)
Event: 9.254 Thread 0x000002033db3c000 nmethod 3088 0x0000020327d7f710 code [0x0000020327d7f8c0, 0x0000020327d7f9c8]
Event: 9.254 Thread 0x000002033db3c000 3090       2       org.codehaus.groovy.reflection.CachedMethod::getReturnType (8 bytes)
Event: 9.254 Thread 0x000002033db3c000 nmethod 3090 0x0000020327d7fa90 code [0x0000020327d7fc40, 0x0000020327d7fd38]
Event: 9.282 Thread 0x000002033db3c000 3091       2       java.util.concurrent.locks.LockSupport::parkNanos (29 bytes)
Event: 9.283 Thread 0x000002033db3c000 nmethod 3091 0x0000020327d7fe10 code [0x0000020327d7ffc0, 0x0000020327d801c8]

GC Heap History (12 events):
Event: 1.199 GC heap before
{Heap before GC invocations=0 (full 0):
 garbage-first heap   total 129024K, used 27648K [0x0000000080000000, 0x0000000100000000)
  region size 1024K, 24 young (24576K), 0 survivors (0K)
 Metaspace       used 9806K, capacity 10024K, committed 10112K, reserved 526336K
  class space    used 999K, capacity 1069K, committed 1152K, reserved 516096K
}
Event: 1.220 GC heap after
{Heap after GC invocations=1 (full 0):
 garbage-first heap   total 129024K, used 10437K [0x0000000080000000, 0x0000000100000000)
  region size 1024K, 3 young (3072K), 3 survivors (3072K)
 Metaspace       used 9806K, capacity 10024K, committed 10112K, reserved 526336K
  class space    used 999K, capacity 1069K, committed 1152K, reserved 516096K
}
Event: 5.350 GC heap before
{Heap before GC invocations=1 (full 0):
 garbage-first heap   total 129024K, used 85189K [0x0000000080000000, 0x0000000100000000)
  region size 1024K, 75 young (76800K), 3 survivors (3072K)
 Metaspace       used 18473K, capacity 18818K, committed 18944K, reserved 534528K
  class space    used 2129K, capacity 2276K, committed 2304K, reserved 516096K
}
Event: 5.369 GC heap after
{Heap after GC invocations=2 (full 0):
 garbage-first heap   total 129024K, used 17874K [0x0000000080000000, 0x0000000100000000)
  region size 1024K, 10 young (10240K), 10 survivors (10240K)
 Metaspace       used 18473K, capacity 18818K, committed 18944K, reserved 534528K
  class space    used 2129K, capacity 2276K, committed 2304K, reserved 516096K
}
Event: 5.763 GC heap before
{Heap before GC invocations=2 (full 0):
 garbage-first heap   total 129024K, used 36306K [0x0000000080000000, 0x0000000100000000)
  region size 1024K, 29 young (29696K), 10 survivors (10240K)
 Metaspace       used 20815K, capacity 21196K, committed 21296K, reserved 536576K
  class space    used 2484K, capacity 2652K, committed 2688K, reserved 516096K
}
Event: 5.774 GC heap after
{Heap after GC invocations=3 (full 0):
 garbage-first heap   total 129024K, used 18211K [0x0000000080000000, 0x0000000100000000)
  region size 1024K, 1 young (1024K), 1 survivors (1024K)
 Metaspace       used 20815K, capacity 21196K, committed 21296K, reserved 536576K
  class space    used 2484K, capacity 2652K, committed 2688K, reserved 516096K
}
Event: 6.594 GC heap before
{Heap before GC invocations=4 (full 0):
 garbage-first heap   total 129024K, used 64291K [0x0000000080000000, 0x0000000100000000)
  region size 1024K, 46 young (47104K), 1 survivors (1024K)
 Metaspace       used 24778K, capacity 25326K, committed 25648K, reserved 538624K
  class space    used 3127K, capacity 3349K, committed 3456K, reserved 516096K
}
Event: 6.596 GC heap after
{Heap after GC invocations=5 (full 0):
 garbage-first heap   total 129024K, used 19715K [0x0000000080000000, 0x0000000100000000)
  region size 1024K, 3 young (3072K), 3 survivors (3072K)
 Metaspace       used 24778K, capacity 25326K, committed 25648K, reserved 538624K
  class space    used 3127K, capacity 3349K, committed 3456K, reserved 516096K
}
Event: 8.072 GC heap before
{Heap before GC invocations=5 (full 0):
 garbage-first heap   total 129024K, used 70915K [0x0000000080000000, 0x0000000100000000)
  region size 1024K, 53 young (54272K), 3 survivors (3072K)
 Metaspace       used 29697K, capacity 30468K, committed 30768K, reserved 542720K
  class space    used 3887K, capacity 4177K, committed 4224K, reserved 516096K
}
Event: 8.076 GC heap after
{Heap after GC invocations=6 (full 0):
 garbage-first heap   total 129024K, used 21582K [0x0000000080000000, 0x0000000100000000)
  region size 1024K, 5 young (5120K), 5 survivors (5120K)
 Metaspace       used 29697K, capacity 30468K, committed 30768K, reserved 542720K
  class space    used 3887K, capacity 4177K, committed 4224K, reserved 516096K
}
Event: 9.068 GC heap before
{Heap before GC invocations=6 (full 0):
 garbage-first heap   total 129024K, used 51278K [0x0000000080000000, 0x0000000100000000)
  region size 1024K, 35 young (35840K), 5 survivors (5120K)
 Metaspace       used 34986K, capacity 35821K, committed 35920K, reserved 548864K
  class space    used 4465K, capacity 4813K, committed 4864K, reserved 516096K
}
Event: 9.080 GC heap after
{Heap after GC invocations=7 (full 0):
 garbage-first heap   total 129024K, used 23741K [0x0000000080000000, 0x0000000100000000)
  region size 1024K, 7 young (7168K), 7 survivors (7168K)
 Metaspace       used 34986K, capacity 35821K, committed 35920K, reserved 548864K
  class space    used 4465K, capacity 4813K, committed 4864K, reserved 516096K
}

Deoptimization events (20 events):
Event: 8.618 Thread 0x000002033ea78800 Uncommon trap: trap_request=0xffffffde fr.pc=0x000002032ed552a4 relative=0x00000000000015a4
Event: 8.618 Thread 0x000002033ea78800 Uncommon trap: reason=class_check action=maybe_recompile pc=0x000002032ed552a4 method=java.io.BufferedInputStream.read([BII)I @ 101 c2
Event: 8.618 Thread 0x000002033ea78800 DEOPT PACKING pc=0x000002032ed552a4 sp=0x00000033c2bf90c0
Event: 8.618 Thread 0x000002033ea78800 DEOPT UNPACKING pc=0x00000203271ea1af sp=0x00000033c2bf8f90 mode 2
Event: 9.013 Thread 0x000002033ea78800 Uncommon trap: trap_request=0xffffff4d fr.pc=0x000002032ed7a6d0 relative=0x0000000000004d10
Event: 9.014 Thread 0x000002033ea78800 Uncommon trap: reason=unstable_if action=reinterpret pc=0x000002032ed7a6d0 method=jdk.internal.loader.BuiltinClassLoader.loadClassOrNull(Ljava/lang/String;Z)Ljava/lang/Class; @ 42 c2
Event: 9.014 Thread 0x000002033ea78800 DEOPT PACKING pc=0x000002032ed7a6d0 sp=0x00000033c2bf4a80
Event: 9.014 Thread 0x000002033ea78800 DEOPT UNPACKING pc=0x00000203271ea1af sp=0x00000033c2bf4910 mode 2
Event: 9.047 Thread 0x000002033ea78800 DEOPT PACKING pc=0x0000020327b7f796 sp=0x00000033c2bf8fa0
Event: 9.047 Thread 0x000002033ea78800 DEOPT UNPACKING pc=0x00000203271ea95e sp=0x00000033c2bf84e0 mode 0
Event: 9.202 Thread 0x000002033ea78800 Uncommon trap: trap_request=0xffffff4d fr.pc=0x000002032edb4d30 relative=0x0000000000000290
Event: 9.202 Thread 0x000002033ea78800 Uncommon trap: reason=unstable_if action=reinterpret pc=0x000002032edb4d30 method=jdk.internal.org.objectweb.asm.Type.getArgumentsAndReturnSizes(Ljava/lang/String;)I @ 136 c2
Event: 9.202 Thread 0x000002033ea78800 DEOPT PACKING pc=0x000002032edb4d30 sp=0x00000033c2bf5cf0
Event: 9.202 Thread 0x000002033ea78800 DEOPT UNPACKING pc=0x00000203271ea1af sp=0x00000033c2bf5c88 mode 2
Event: 9.217 Thread 0x000002033ea78800 DEOPT PACKING pc=0x0000020327d671f9 sp=0x00000033c2bf5a80
Event: 9.217 Thread 0x000002033ea78800 DEOPT UNPACKING pc=0x00000203271ea95e sp=0x00000033c2bf4fc8 mode 0
Event: 9.220 Thread 0x000002033ea78800 Uncommon trap: trap_request=0xffffff5c fr.pc=0x000002032ed155ac relative=0x0000000000000c6c
Event: 9.220 Thread 0x000002033ea78800 Uncommon trap: reason=speculate_null_assert action=make_not_entrant pc=0x000002032ed155ac method=jdk.internal.loader.URLClassPath$JarLoader.getResource(Ljava/lang/String;ZLjava/util/Set;)Ljdk/internal/loader/Resource; @ 17 c2
Event: 9.220 Thread 0x000002033ea78800 DEOPT PACKING pc=0x000002032ed155ac sp=0x00000033c2bf4a90
Event: 9.220 Thread 0x000002033ea78800 DEOPT UNPACKING pc=0x00000203271ea1af sp=0x00000033c2bf4a38 mode 2

Classes redefined (0 events):
No events

Internal exceptions (20 events):
Event: 7.980 Thread 0x000002033ea78800 Exception <a 'java/lang/NoSuchMethodError'{0x000000008517a790}: 'java.lang.Object java.lang.invoke.DirectMethodHandle$Holder.invokeStaticInit(java.lang.Object, java.lang.Object, java.lang.Object, java.lang.Object)'> (0x000000008517a790) thrown at [./src/hotspot/share/interpreter/linkResolver.cpp, line 773]
Event: 8.303 Thread 0x000002033ea78800 Exception <a 'java/lang/NoSuchMethodError'{0x00000000874a73c8}: 'java.lang.Object java.lang.invoke.Invokers$Holder.linkToTargetMethod(java.lang.Object, java.lang.Object, java.lang.Object, java.lang.Object, java.lang.Object, java.lang.Object, java.lang.Object, java.lang.Object)'> (0x00000000874a73c8) thrown at [./src/hotspot/share/interpreter/linkResolver.cpp, line 773]
Event: 8.313 Thread 0x000002033ea78800 Exception <a 'java/lang/IncompatibleClassChangeError'{0x000000008733df40}: Found class java.lang.Object, but interface was expected> (0x000000008733df40) thrown at [./src/hotspot/share/interpreter/linkResolver.cpp, line 839]
Event: 8.473 Thread 0x000002033ea78800 Exception <a 'java/lang/NoSuchMethodError'{0x0000000086c5de38}: 'java.lang.Object java.lang.invoke.Invokers$Holder.linkToTargetMethod(java.lang.Object, int, int, java.lang.Object)'> (0x0000000086c5de38) thrown at [./src/hotspot/share/interpreter/linkResolver.cpp, line 773]
Event: 8.476 Thread 0x000002033ea78800 Exception <a 'java/lang/NoSuchMethodError'{0x0000000086c746b0}: 'java.lang.Object java.lang.invoke.DirectMethodHandle$Holder.invokeStatic(java.lang.Object, java.lang.Object, int, int, java.lang.Object, java.lang.Object)'> (0x0000000086c746b0) thrown at [./src/hotspot/share/interpreter/linkResolver.cpp, line 773]
Event: 8.706 Thread 0x000002033ea78800 Exception <a 'java/lang/NoSuchMethodError'{0x00000000866932b8}: 'void java.lang.invoke.DirectMethodHandle$Holder.invokeStaticInit(java.lang.Object, java.lang.Object, java.lang.Object)'> (0x00000000866932b8) thrown at [./src/hotspot/share/interpreter/linkResolver.cpp, line 773]
Event: 8.707 Thread 0x000002033ea78800 Exception <a 'java/lang/NoSuchMethodError'{0x000000008669a4d0}: 'void java.lang.invoke.DirectMethodHandle$Holder.invokeStaticInit(java.lang.Object, java.lang.Object, java.lang.Object, java.lang.Object)'> (0x000000008669a4d0) thrown at [./src/hotspot/share/interpreter/linkResolver.cpp, line 773]
Event: 8.713 Thread 0x000002033ea78800 Exception <a 'java/lang/NoSuchMethodError'{0x00000000866bcd38}: 'void java.lang.invoke.DirectMethodHandle$Holder.invokeStaticInit(java.lang.Object, java.lang.Object, java.lang.Object, java.lang.Object, java.lang.Object)'> (0x00000000866bcd38) thrown at [./src/hotspot/share/interpreter/linkResolver.cpp, line 773]
Event: 8.714 Thread 0x000002033ea78800 Exception <a 'java/lang/NoSuchMethodError'{0x00000000866c46d0}: 'int java.lang.invoke.DirectMethodHandle$Holder.invokeStaticInit(java.lang.Object, java.lang.Object, java.lang.Object)'> (0x00000000866c46d0) thrown at [./src/hotspot/share/interpreter/linkResolver.cpp, line 773]
Event: 8.799 Thread 0x000002033ea78800 Exception <a 'java/lang/NoSuchMethodError'{0x0000000086521f98}: 'int java.lang.invoke.DirectMethodHandle$Holder.invokeStaticInit(java.lang.Object, java.lang.Object, java.lang.Object, java.lang.Object)'> (0x0000000086521f98) thrown at [./src/hotspot/share/interpreter/linkResolver.cpp, line 773]
Event: 9.204 Thread 0x000002033ea78800 Exception <a 'java/lang/NoSuchMethodError'{0x0000000087b6e8f0}: 'java.lang.Object java.lang.invoke.DirectMethodHandle$Holder.invokeStatic(java.lang.Object, java.lang.Object, java.lang.Object, java.lang.Object, java.lang.Object, java.lang.Object, java.lang.Object, java.lang.Object, java.lang.Object, java.lang.Object, java.lang.Object, int)'> (0x0000000087b6e8f0) thrown at [./src/hotspot/share/interpreter/linkResolver.cpp, line 773]
Event: 9.207 Thread 0x000002033ea78800 Exception <a 'java/lang/NoSuchMethodError'{0x0000000087b8dc80}: 'java.lang.Object java.lang.invoke.DirectMethodHandle$Holder.invokeStatic(java.lang.Object, java.lang.Object, java.lang.Object, java.lang.Object, java.lang.Object, java.lang.Object, java.lang.Object, java.lang.Object, java.lang.Object, java.lang.Object, java.lang.Object, int, int)'> (0x0000000087b8dc80) thrown at [./src/hotspot/share/interpreter/linkResolver.cpp, line 773]
Event: 9.209 Thread 0x000002033ea78800 Exception <a 'java/lang/NoSuchMethodError'{0x0000000087bad758}: 'java.lang.Object java.lang.invoke.DirectMethodHandle$Holder.invokeStatic(java.lang.Object, java.lang.Object, java.lang.Object, java.lang.Object, java.lang.Object, java.lang.Object, java.lang.Object, java.lang.Object, java.lang.Object, java.lang.Object, java.lang.Object, int, int, java.lang.Object)'> (0x0000000087bad758) thrown at [./src/hotspot/share/interpreter/linkResolver.cpp, line 773]
Event: 9.218 Thread 0x000002033ea78800 Exception <a 'java/lang/NoSuchMethodError'{0x0000000087bceaf8}: 'java.lang.Object java.lang.invoke.DirectMethodHandle$Holder.invokeStatic(java.lang.Object, java.lang.Object, java.lang.Object, java.lang.Object, java.lang.Object, java.lang.Object, java.lang.Object, java.lang.Object, java.lang.Object, java.lang.Object, java.lang.Object, int, int, java.lang.Object, java.lang.Object)'> (0x0000000087bceaf8) thrown at [./src/hotspot/share/interpreter/linkResolver.cpp, line 773]
Event: 9.223 Thread 0x000002033ea78800 Exception <a 'java/lang/ClassNotFoundException'{0x0000000087bff308}: groovy/lang/ExpandoMetaClassBeanInfo> (0x0000000087bff308) thrown at [./src/hotspot/share/classfile/systemDictionary.cpp, line 230]
Event: 9.224 Thread 0x000002033ea78800 Exception <a 'java/lang/ClassNotFoundException'{0x0000000087a202e0}: groovy/lang/MetaClassImplBeanInfo> (0x0000000087a202e0) thrown at [./src/hotspot/share/classfile/systemDictionary.cpp, line 230]
Event: 9.225 Thread 0x000002033ea78800 Exception <a 'java/lang/ClassNotFoundException'{0x0000000087a29838}: java/lang/ObjectBeanInfo> (0x0000000087a29838) thrown at [./src/hotspot/share/classfile/systemDictionary.cpp, line 230]
Event: 9.226 Thread 0x000002033ea78800 Exception <a 'java/lang/ClassNotFoundException'{0x0000000087a35200}: java/lang/ObjectCustomizer> (0x0000000087a35200) thrown at [./src/hotspot/share/classfile/systemDictionary.cpp, line 230]
Event: 9.235 Thread 0x000002033ea78800 Exception <a 'java/lang/ClassNotFoundException'{0x0000000087a5caf8}: groovy/lang/MetaClassImplCustomizer> (0x0000000087a5caf8) thrown at [./src/hotspot/share/classfile/systemDictionary.cpp, line 230]
Event: 9.240 Thread 0x000002033ea78800 Exception <a 'java/lang/ClassNotFoundException'{0x0000000087ab6b80}: groovy/lang/ExpandoMetaClassCustomizer> (0x0000000087ab6b80) thrown at [./src/hotspot/share/classfile/systemDictionary.cpp, line 230]

Events (20 events):
Event: 9.301 loading class java/util/concurrent/locks/StampedLock
Event: 9.301 loading class java/util/concurrent/locks/StampedLock done
Event: 9.302 loading class java/util/concurrent/locks/StampedLock$WNode
Event: 9.302 loading class java/util/concurrent/locks/StampedLock$WNode done
Event: 9.302 loading class org/codehaus/groovy/runtime/memoize/CommonCache
Event: 9.302 loading class org/codehaus/groovy/runtime/memoize/CommonCache done
Event: 9.307 loading class groovy/lang/GroovyClassLoader$1
Event: 9.307 loading class groovy/lang/GroovyClassLoader$1 done
Event: 9.307 loading class org/codehaus/groovy/control/CompilerConfiguration
Event: 9.307 loading class org/codehaus/groovy/control/CompilerConfiguration done
Event: 9.309 loading class org/codehaus/groovy/control/CompilerConfiguration$1
Event: 9.309 loading class org/codehaus/groovy/control/CompilerConfiguration$1 done
Event: 9.310 loading class org/codehaus/groovy/control/ConfigurationException
Event: 9.310 loading class org/codehaus/groovy/control/ConfigurationException done
Event: 9.311 loading class org/codehaus/groovy/GroovyExceptionInterface
Event: 9.311 loading class org/codehaus/groovy/GroovyExceptionInterface done
Event: 9.312 loading class org/codehaus/groovy/control/io/NullWriter
Event: 9.312 loading class org/codehaus/groovy/control/io/NullWriter done
Event: 9.313 loading class org/apache/groovy/util/Maps
Event: 9.313 loading class org/apache/groovy/util/Maps done


Dynamic libraries:
0x00007ff7670c0000 - 0x00007ff7670cd000 	C:\Program Files\Microsoft\jdk-11.0.18.10-hotspot\bin\java.exe
0x00007ffb553b0000 - 0x00007ffb555c4000 	C:\WINDOWS\SYSTEM32\ntdll.dll
0x00007ffb54e90000 - 0x00007ffb54f54000 	C:\WINDOWS\System32\KERNEL32.DLL
0x00007ffb52950000 - 0x00007ffb52cf4000 	C:\WINDOWS\System32\KERNELBASE.dll
0x00007ffb52790000 - 0x00007ffb528a1000 	C:\WINDOWS\System32\ucrtbase.dll
0x00007ffb3ef10000 - 0x00007ffb3ef27000 	C:\Program Files\Microsoft\jdk-11.0.18.10-hotspot\bin\jli.dll
0x00007ffb53270000 - 0x00007ffb5341a000 	C:\WINDOWS\System32\USER32.dll
0x00007ffb53140000 - 0x00007ffb53166000 	C:\WINDOWS\System32\win32u.dll
0x00007ffb53940000 - 0x00007ffb53969000 	C:\WINDOWS\System32\GDI32.dll
0x00007ffb52eb0000 - 0x00007ffb52fc9000 	C:\WINDOWS\System32\gdi32full.dll
0x00007ffb528b0000 - 0x00007ffb5294a000 	C:\WINDOWS\System32\msvcp_win.dll
0x00007ffb4d740000 - 0x00007ffb4d755000 	C:\Program Files\Microsoft\jdk-11.0.18.10-hotspot\bin\VCRUNTIME140.dll
0x00007ffb34af0000 - 0x00007ffb34d7f000 	C:\WINDOWS\WinSxS\amd64_microsoft.windows.common-controls_6595b64144ccf1df_6.0.22621.2070_none_2713e6537381f706\COMCTL32.dll
0x00007ffb550d0000 - 0x00007ffb55177000 	C:\WINDOWS\System32\msvcrt.dll
0x00007ffb54420000 - 0x00007ffb54451000 	C:\WINDOWS\System32\IMM32.DLL
0x00007ffb11e00000 - 0x00007ffb11e9b000 	C:\Program Files\Microsoft\jdk-11.0.18.10-hotspot\bin\msvcp140.dll
0x00007ffaea360000 - 0x00007ffaeaef2000 	C:\Program Files\Microsoft\jdk-11.0.18.10-hotspot\bin\server\jvm.dll
0x00007ffb54f60000 - 0x00007ffb55010000 	C:\WINDOWS\System32\ADVAPI32.dll
0x00007ffb53970000 - 0x00007ffb53a16000 	C:\WINDOWS\System32\sechost.dll
0x00007ffb54c80000 - 0x00007ffb54d97000 	C:\WINDOWS\System32\RPCRT4.dll
0x00007ffb55010000 - 0x00007ffb55018000 	C:\WINDOWS\System32\PSAPI.DLL
0x00007ffb3ef00000 - 0x00007ffb3ef09000 	C:\WINDOWS\SYSTEM32\WSOCK32.dll
0x00007ffb538c0000 - 0x00007ffb53931000 	C:\WINDOWS\System32\WS2_32.dll
0x00007ffb48f50000 - 0x00007ffb48f84000 	C:\WINDOWS\SYSTEM32\WINMM.dll
0x00007ffb48370000 - 0x00007ffb4837a000 	C:\WINDOWS\SYSTEM32\VERSION.dll
0x00007ffb51740000 - 0x00007ffb51758000 	C:\WINDOWS\SYSTEM32\kernel.appcore.dll
0x00007ffb2f470000 - 0x00007ffb2f480000 	C:\Program Files\Microsoft\jdk-11.0.18.10-hotspot\bin\verify.dll
0x00007ffb50100000 - 0x00007ffb5032e000 	C:\WINDOWS\SYSTEM32\DBGHELP.DLL
0x00007ffb53cd0000 - 0x00007ffb5405a000 	C:\WINDOWS\System32\combase.dll
0x00007ffb55290000 - 0x00007ffb55367000 	C:\WINDOWS\System32\OLEAUT32.dll
0x00007ffb45e30000 - 0x00007ffb45e62000 	C:\WINDOWS\SYSTEM32\dbgcore.DLL
0x00007ffb52e30000 - 0x00007ffb52eaa000 	C:\WINDOWS\System32\bcryptPrimitives.dll
0x00007ffb175d0000 - 0x00007ffb175f8000 	C:\Program Files\Microsoft\jdk-11.0.18.10-hotspot\bin\java.dll
0x00007ffb2f460000 - 0x00007ffb2f46a000 	C:\Program Files\Microsoft\jdk-11.0.18.10-hotspot\bin\jimage.dll
0x00007ffb12520000 - 0x00007ffb12538000 	C:\Program Files\Microsoft\jdk-11.0.18.10-hotspot\bin\zip.dll
0x00007ffb54460000 - 0x00007ffb54c76000 	C:\WINDOWS\System32\SHELL32.dll
0x00007ffb50710000 - 0x00007ffb50ffa000 	C:\WINDOWS\SYSTEM32\windows.storage.dll
0x00007ffb505d0000 - 0x00007ffb5070e000 	C:\WINDOWS\SYSTEM32\wintypes.dll
0x00007ffb53170000 - 0x00007ffb53263000 	C:\WINDOWS\System32\SHCORE.dll
0x00007ffb54220000 - 0x00007ffb5427e000 	C:\WINDOWS\System32\shlwapi.dll
0x00007ffb526c0000 - 0x00007ffb526e6000 	C:\WINDOWS\SYSTEM32\profapi.dll
0x00007ffb121d0000 - 0x00007ffb121e9000 	C:\Program Files\Microsoft\jdk-11.0.18.10-hotspot\bin\net.dll
0x00007ffb49a30000 - 0x00007ffb49b67000 	C:\WINDOWS\SYSTEM32\WINHTTP.dll
0x00007ffb51cf0000 - 0x00007ffb51d59000 	C:\WINDOWS\system32\mswsock.dll
0x00007ffb11de0000 - 0x00007ffb11df3000 	C:\Program Files\Microsoft\jdk-11.0.18.10-hotspot\bin\nio.dll
0x00007ffb11470000 - 0x00007ffb11497000 	C:\Users\nguye\.gradle\native\68d5fa5c4cc2d200863cafc0d521ce42e7d3e7ee720ec0a83991735586a16f82\windows-amd64\native-platform.dll
0x00007ffaec6f0000 - 0x00007ffaec834000 	C:\Users\nguye\.gradle\native\e376f236ea51e6404a007f0833ffe2c6e607c4080706a723a18a27aeea778392\windows-amd64\native-platform-file-events.dll
0x00007ffb2f450000 - 0x00007ffb2f459000 	C:\Program Files\Microsoft\jdk-11.0.18.10-hotspot\bin\management.dll
0x00007ffb2b960000 - 0x00007ffb2b96b000 	C:\Program Files\Microsoft\jdk-11.0.18.10-hotspot\bin\management_ext.dll
0x00007ffb52010000 - 0x00007ffb5202b000 	C:\WINDOWS\SYSTEM32\CRYPTSP.dll
0x00007ffb51700000 - 0x00007ffb51735000 	C:\WINDOWS\system32\rsaenh.dll
0x00007ffb51d90000 - 0x00007ffb51dbc000 	C:\WINDOWS\SYSTEM32\USERENV.dll
0x00007ffb52130000 - 0x00007ffb52158000 	C:\WINDOWS\SYSTEM32\bcrypt.dll
0x00007ffb51ff0000 - 0x00007ffb51ffc000 	C:\WINDOWS\SYSTEM32\CRYPTBASE.dll
0x00007ffb51260000 - 0x00007ffb5128d000 	C:\WINDOWS\SYSTEM32\IPHLPAPI.DLL
0x00007ffb54db0000 - 0x00007ffb54db9000 	C:\WINDOWS\System32\NSI.dll
0x00007ffb492b0000 - 0x00007ffb492c9000 	C:\WINDOWS\SYSTEM32\dhcpcsvc6.DLL
0x00007ffb49290000 - 0x00007ffb492af000 	C:\WINDOWS\SYSTEM32\dhcpcsvc.DLL
0x00007ffb512d0000 - 0x00007ffb513c3000 	C:\WINDOWS\SYSTEM32\DNSAPI.dll

dbghelp: loaded successfully - version: 4.0.5 - missing functions: none
symbol engine: initialized successfully - sym options: 0x614 - pdb path: .;C:\Program Files\Microsoft\jdk-11.0.18.10-hotspot\bin;C:\WINDOWS\SYSTEM32;C:\WINDOWS\WinSxS\amd64_microsoft.windows.common-controls_6595b64144ccf1df_6.0.22621.2070_none_2713e6537381f706;C:\Program Files\Microsoft\jdk-11.0.18.10-hotspot\bin\server;C:\Users\nguye\.gradle\native\68d5fa5c4cc2d200863cafc0d521ce42e7d3e7ee720ec0a83991735586a16f82\windows-amd64;C:\Users\nguye\.gradle\native\e376f236ea51e6404a007f0833ffe2c6e607c4080706a723a18a27aeea778392\windows-amd64

VM Arguments:
jvm_args: -XX:MaxMetaspaceSize=512m --add-opens=java.base/java.util=ALL-UNNAMED --add-opens=java.base/java.lang=ALL-UNNAMED --add-opens=java.base/java.lang.invoke=ALL-UNNAMED --add-opens=java.prefs/java.util.prefs=ALL-UNNAMED --add-opens=java.base/java.nio.charset=ALL-UNNAMED --add-opens=java.base/java.net=ALL-UNNAMED --add-opens=java.base/java.util.concurrent.atomic=ALL-UNNAMED -Xmx2048m -Dfile.encoding=windows-1252 -Duser.country=US -Duser.language=en -Duser.variant 
java_command: org.gradle.launcher.daemon.bootstrap.GradleDaemon 8.0.1
java_class_path (initial): C:\Users\nguye\.gradle\wrapper\dists\gradle-8.0.1-all\aro4hu1c3oeioove7l0i4i14o\gradle-8.0.1\lib\gradle-launcher-8.0.1.jar
Launcher Type: SUN_STANDARD

[Global flags]
     intx CICompilerCount                          = 4                                         {product} {ergonomic}
   size_t CompressedClassSpaceSize                 = 528482304                                 {product} {ergonomic}
     uint ConcGCThreads                            = 2                                         {product} {ergonomic}
     uint G1ConcRefinementThreads                  = 8                                         {product} {ergonomic}
   size_t G1HeapRegionSize                         = 1048576                                   {product} {ergonomic}
    uintx GCDrainStackTargetSize                   = 64                                        {product} {ergonomic}
   size_t InitialHeapSize                          = 132120576                                 {product} {ergonomic}
   size_t MarkStackSize                            = 4194304                                   {product} {ergonomic}
   size_t MaxHeapSize                              = 2147483648                                {product} {command line}
   size_t MaxMetaspaceSize                         = 536870912                                 {product} {command line}
   size_t MaxNewSize                               = 1287651328                                {product} {ergonomic}
   size_t MinHeapDeltaBytes                        = 1048576                                   {product} {ergonomic}
    uintx NonNMethodCodeHeapSize                   = 5836300                                {pd product} {ergonomic}
    uintx NonProfiledCodeHeapSize                  = 122910970                              {pd product} {ergonomic}
    uintx ProfiledCodeHeapSize                     = 122910970                              {pd product} {ergonomic}
    uintx ReservedCodeCacheSize                    = 251658240                              {pd product} {ergonomic}
     bool SegmentedCodeCache                       = true                                      {product} {ergonomic}
     bool UseCompressedClassPointers               = true                                 {lp64_product} {ergonomic}
     bool UseCompressedOops                        = true                                 {lp64_product} {ergonomic}
     bool UseG1GC                                  = true                                      {product} {ergonomic}
     bool UseLargePagesIndividualAllocation        = false                                  {pd product} {ergonomic}

Logging:
Log output configuration:
 #0: stdout all=warning uptime,level,tags
 #1: stderr all=off uptime,level,tags

Environment Variables:
JAVA_HOME=C:\Program Files\Microsoft\jdk-11.0.18.10-hotspot\
CLASSPATH=E:\DaCNTT2\project\source\frontend\kahoot-fe\kahut\android\\gradle\wrapper\gradle-wrapper.jar
PATH=E:\DaCNTT2\project\source\frontend\kahoot-fe\kahut\node_modules\.bin;E:\DaCNTT2\project\source\frontend\kahoot-fe\kahut\node_modules\.bin;E:\DaCNTT2\project\source\frontend\kahoot-fe\node_modules\.bin;E:\DaCNTT2\project\source\frontend\node_modules\.bin;E:\DaCNTT2\project\source\node_modules\.bin;E:\DaCNTT2\project\node_modules\.bin;E:\DaCNTT2\node_modules\.bin;E:\node_modules\.bin;E:\DaCNTT2\project\source\frontend\kahoot-fe\kahut\node_modules\npm\node_modules\@npmcli\run-script\lib\node-gyp-bin;E:\DaCNTT2\project\source\frontend\kahoot-fe\kahut\node_modules\.bin;E:\DaCNTT2\project\source\frontend\kahoot-fe\node_modules\.bin;E:\DaCNTT2\project\source\frontend\node_modules\.bin;E:\DaCNTT2\project\source\node_modules\.bin;E:\DaCNTT2\project\node_modules\.bin;E:\DaCNTT2\node_modules\.bin;E:\node_modules\.bin;C:\Program Files\nodejs\node_modules\npm\node_modules\@npmcli\run-script\lib\node-gyp-bin;C:\Program Files\Microsoft\jdk-11.0.18.10-hotspot\bin;C:\Program Files\Common Files\Oracle\Java\javapath;C:\WINDOWS\system32;C:\WINDOWS;C:\WINDOWS\System32\Wbem;C:\WINDOWS\System32\WindowsPowerShell\v1.0\;C:\WINDOWS\System32\OpenSSH\;C:\Program Files\dotnet\;C:\Program Files\NVIDIA Corporation\NVIDIA NvDLISR;C:\Program Files\Microsoft SQL Server\Client SDK\ODBC\170\Tools\Binn\;C:\Program Files (x86)\Microsoft SQL Server\150\Tools\Binn\;C:\Program Files\Microsoft SQL Server\150\Tools\Binn\;C:\Program Files\Microsoft SQL Server\150\DTS\Binn\;C:\Program Files (x86)\Microsoft SQL Server\150\DTS\Binn\;C:\Program Files\Microsoft SQL Server\130\Tools\Binn\;C:\Program Files (x86)\dotnet\;C:\xampp\php;C:\ProgramData\ComposerSetup\bin;C:\Program Files\Docker\Docker\resources\bin;C:\ProgramData\DockerDesktop\version-bin;C:\Program Files\apache-maven-3.8.4\bin;C:\Program Files (x86)\NVIDIA Corporation\PhysX\Common;C:\Program Files\OpenSSL-Win64\bin;C:\Program Files\Git\cmd;C:\WINDOWS\system32;C:\WINDOWS;C:\WINDOWS\System32\Wbem;C:\WINDOWS\System32\WindowsPowerShell\v1.0\;C:\WINDOWS\Sys
USERNAME=nttruong
OS=Windows_NT
PROCESSOR_IDENTIFIER=Intel64 Family 6 Model 158 Stepping 10, GenuineIntel
TMP=C:\Users\nguye\AppData\Local\Temp
TEMP=C:\Users\nguye\AppData\Local\Temp



---------------  S Y S T E M  ---------------

OS: Windows 11 , 64 bit Build 22621 (10.0.22621.2070)
OS uptime: 0 days 0:12 hours
Hyper-V role detected

CPU:total 8 (initial active 8) (4 cores per cpu, 2 threads per core) family 6 model 158 stepping 10 microcode 0xec, cmov, cx8, fxsr, mmx, sse, sse2, sse3, ssse3, sse4.1, sse4.2, popcnt, avx, avx2, aes, clmul, erms, 3dnowpref, lzcnt, ht, tsc, tscinvbit, bmi1, bmi2, adx, fma

Memory: 4k page, system-wide physical 8063M (263M free)
TotalPageFile size 16255M (AvailPageFile size 5M)
current process WorkingSet (physical memory assigned to process): 228M, peak: 230M
current process commit charge ("private bytes"): 300M, peak: 302M

vm_info: OpenJDK 64-Bit Server VM (11.0.18+10-LTS) for windows-amd64 JRE (11.0.18+10-LTS), built on Jan 18 2023 15:56:47 by "MicrosoftCorporation" with MS VC++ 15.9 (VS2017)

END.
