#
# There is insufficient memory for the Java Runtime Environment to continue.
# Native memory allocation (malloc) failed to allocate 1081936 bytes for Chunk::new
# Possible reasons:
#   The system is out of physical RAM or swap space
#   The process is running with CompressedOops enabled, and the Java Heap may be blocking the growth of the native heap
# Possible solutions:
#   Reduce memory load on the system
#   Increase physical memory or swap space
#   Check if swap backing store is full
#   Decrease Java heap size (-Xmx/-Xms)
#   Decrease number of Java threads
#   Decrease Java thread stack sizes (-Xss)
#   Set larger code cache with -XX:ReservedCodeCacheSize=
#   JVM is running with Unscaled Compressed Oops mode in which the Java heap is
#     placed in the first 4GB address space. The Java Heap base address is the
#     maximum limit for the native heap growth. Please use -XX:HeapBaseMinAddress
#     to set the Java Heap base and to place the Java Heap above 4GB virtual address.
# This output file may be truncated or incomplete.
#
#  Out of Memory Error (./src/hotspot/share/memory/arena.cpp:197), pid=13300, tid=12624
#
# JRE version: OpenJDK Runtime Environment Microsoft-7208460 (11.0.18+10) (build 11.0.18+10-LTS)
# Java VM: OpenJDK 64-Bit Server VM Microsoft-7208460 (11.0.18+10-LTS, mixed mode, tiered, compressed oops, g1 gc, windows-amd64)
# No core dump will be written. Minidumps are not enabled by default on client versions of Windows
#

---------------  S U M M A R Y ------------

Command Line: -XX:MaxMetaspaceSize=512m --add-opens=java.base/java.util=ALL-UNNAMED --add-opens=java.base/java.lang=ALL-UNNAMED --add-opens=java.base/java.lang.invoke=ALL-UNNAMED --add-opens=java.prefs/java.util.prefs=ALL-UNNAMED --add-opens=java.base/java.nio.charset=ALL-UNNAMED --add-opens=java.base/java.net=ALL-UNNAMED --add-opens=java.base/java.util.concurrent.atomic=ALL-UNNAMED -Xmx2048m -Dfile.encoding=windows-1252 -Duser.country=US -Duser.language=en -Duser.variant org.gradle.launcher.daemon.bootstrap.GradleDaemon 8.0.1

Host: Intel(R) Core(TM) i5-9300H CPU @ 2.40GHz, 8 cores, 7G,  Windows 11 , 64 bit Build 22621 (10.0.22621.2070)
Time: Thu Aug 24 10:13:49 2023 SE Asia Standard Time elapsed time: 10.543212 seconds (0d 0h 0m 10s)

---------------  T H R E A D  ---------------

Current thread (0x00000227ff1bc800):  JavaThread "C2 CompilerThread0" daemon [_thread_in_native, id=12624, stack(0x000000e3c3a00000,0x000000e3c3b00000)]


Current CompileTask:
C2:  10543 2950       4       java.lang.invoke.MethodType::makeImpl (108 bytes)

Stack: [0x000000e3c3a00000,0x000000e3c3b00000]
Native frames: (J=compiled Java code, j=interpreted, Vv=VM code, C=native code)
V  [jvm.dll+0x62bf8a]
V  [jvm.dll+0x7b8fb9]
V  [jvm.dll+0x7ba6a8]
V  [jvm.dll+0x7bad83]
V  [jvm.dll+0x250248]
V  [jvm.dll+0xc260c]
V  [jvm.dll+0xc2bcc]
V  [USER32.dll+0x35e182]
V  [jvm.dll+0x19ede1]
V  [jvm.dll+0x209495]
V  [jvm.dll+0x20850d]
V  [jvm.dll+0x18a4b1]
V  [jvm.dll+0x217eec]
V  [jvm.dll+0x21612b]
V  [jvm.dll+0x77bac0]
V  [jvm.dll+0x7749f4]
V  [jvm.dll+0x62adf5]
C  [ucrtbase.dll+0x29363]
C  [KERNEL32.DLL+0x126ad]
C  [ntdll.dll+0x5aa68]


---------------  P R O C E S S  ---------------

Threads class SMR info:
_java_thread_list=0x0000022783b7dd20, length=31, elements={
0x00000227e00b0000, 0x00000227ff196000, 0x00000227ff198800, 0x00000227ff1b7800,
0x00000227ff1ba800, 0x00000227ff1bb800, 0x00000227ff1bc800, 0x00000227ff1bd800,
0x00000227ff1c3000, 0x00000227ffc7b000, 0x0000022781a03800, 0x00000227816b6800,
0x00000227ffe2e000, 0x000002278352e800, 0x0000022781af2800, 0x00000227828ba800,
0x000002278291f000, 0x000002278297f000, 0x0000022780bb1000, 0x0000022780bb1800,
0x00000227826c2800, 0x00000227826c4800, 0x00000227826c7800, 0x00000227826c3800,
0x00000227826c5000, 0x00000227826c7000, 0x00000227826c6000, 0x00000227826c2000,
0x00000227826c8800, 0x000002278381c800, 0x000002278381e000
}

Java Threads: ( => current thread )
  0x00000227e00b0000 JavaThread "main" [_thread_blocked, id=3140, stack(0x000000e3c2e00000,0x000000e3c2f00000)]
  0x00000227ff196000 JavaThread "Reference Handler" daemon [_thread_blocked, id=12256, stack(0x000000e3c3500000,0x000000e3c3600000)]
  0x00000227ff198800 JavaThread "Finalizer" daemon [_thread_blocked, id=6388, stack(0x000000e3c3600000,0x000000e3c3700000)]
  0x00000227ff1b7800 JavaThread "Signal Dispatcher" daemon [_thread_blocked, id=19716, stack(0x000000e3c3700000,0x000000e3c3800000)]
  0x00000227ff1ba800 JavaThread "Attach Listener" daemon [_thread_blocked, id=18868, stack(0x000000e3c3800000,0x000000e3c3900000)]
  0x00000227ff1bb800 JavaThread "Service Thread" daemon [_thread_blocked, id=9516, stack(0x000000e3c3900000,0x000000e3c3a00000)]
=>0x00000227ff1bc800 JavaThread "C2 CompilerThread0" daemon [_thread_in_native, id=12624, stack(0x000000e3c3a00000,0x000000e3c3b00000)]
  0x00000227ff1bd800 JavaThread "C1 CompilerThread0" daemon [_thread_blocked, id=15416, stack(0x000000e3c3b00000,0x000000e3c3c00000)]
  0x00000227ff1c3000 JavaThread "Sweeper thread" daemon [_thread_blocked, id=4340, stack(0x000000e3c3c00000,0x000000e3c3d00000)]
  0x00000227ffc7b000 JavaThread "Common-Cleaner" daemon [_thread_blocked, id=5084, stack(0x000000e3c3d00000,0x000000e3c3e00000)]
  0x0000022781a03800 JavaThread "Daemon health stats" [_thread_blocked, id=19568, stack(0x000000e3c4300000,0x000000e3c4400000)]
  0x00000227816b6800 JavaThread "Incoming local TCP Connector on port 56479" [_thread_in_native, id=20340, stack(0x000000e3c3f00000,0x000000e3c4000000)]
  0x00000227ffe2e000 JavaThread "Daemon periodic checks" [_thread_blocked, id=11732, stack(0x000000e3c4200000,0x000000e3c4300000)]
  0x000002278352e800 JavaThread "Daemon" [_thread_blocked, id=5804, stack(0x000000e3c4400000,0x000000e3c4500000)]
  0x0000022781af2800 JavaThread "Handler for socket connection from /127.0.0.1:56479 to /127.0.0.1:56480" [_thread_in_native, id=20468, stack(0x000000e3c4500000,0x000000e3c4600000)]
  0x00000227828ba800 JavaThread "Cancel handler" [_thread_blocked, id=16448, stack(0x000000e3c4600000,0x000000e3c4700000)]
  0x000002278291f000 JavaThread "Daemon worker" [_thread_in_vm, id=8960, stack(0x000000e3c4700000,0x000000e3c4800000)]
  0x000002278297f000 JavaThread "Asynchronous log dispatcher for DefaultDaemonConnection: socket connection from /127.0.0.1:56479 to /127.0.0.1:56480" [_thread_blocked, id=10364, stack(0x000000e3c4800000,0x000000e3c4900000)]
  0x0000022780bb1000 JavaThread "Stdin handler" [_thread_blocked, id=1220, stack(0x000000e3c4900000,0x000000e3c4a00000)]
  0x0000022780bb1800 JavaThread "Daemon client event forwarder" [_thread_blocked, id=13396, stack(0x000000e3c4a00000,0x000000e3c4b00000)]
  0x00000227826c2800 JavaThread "Cache worker for journal cache (C:\Users\nguye\.gradle\caches\journal-1)" [_thread_blocked, id=3360, stack(0x000000e3c5000000,0x000000e3c5100000)]
  0x00000227826c4800 JavaThread "File lock request listener" [_thread_in_native, id=7004, stack(0x000000e3c5100000,0x000000e3c5200000)]
  0x00000227826c7800 JavaThread "Cache worker for file hash cache (C:\Users\nguye\.gradle\caches\8.0.1\fileHashes)" [_thread_blocked, id=18660, stack(0x000000e3c5300000,0x000000e3c5400000)]
  0x00000227826c3800 JavaThread "File watcher server" daemon [_thread_in_native, id=12696, stack(0x000000e3c5600000,0x000000e3c5700000)]
  0x00000227826c5000 JavaThread "File watcher consumer" daemon [_thread_blocked, id=17716, stack(0x000000e3c5700000,0x000000e3c5800000)]
  0x00000227826c7000 JavaThread "Cache worker for checksums cache (E:\DaCNTT2\project\source\frontend\kahoot-fe\kahut\android\.gradle\8.0.1\checksums)" [_thread_blocked, id=14612, stack(0x000000e3c5500000,0x000000e3c5600000)]
  0x00000227826c6000 JavaThread "Cache worker for cache directory md-rule (C:\Users\nguye\.gradle\caches\8.0.1\md-rule)" [_thread_blocked, id=976, stack(0x000000e3c5800000,0x000000e3c5900000)]
  0x00000227826c2000 JavaThread "Cache worker for file content cache (C:\Users\nguye\.gradle\caches\8.0.1\fileContent)" [_thread_blocked, id=16888, stack(0x000000e3c5900000,0x000000e3c5a00000)]
  0x00000227826c8800 JavaThread "Cache worker for file hash cache (E:\DaCNTT2\project\source\frontend\kahoot-fe\kahut\android\.gradle\8.0.1\fileHashes)" [_thread_blocked, id=12136, stack(0x000000e3c5a00000,0x000000e3c5b00000)]
  0x000002278381c800 JavaThread "Cache worker for cache directory md-supplier (C:\Users\nguye\.gradle\caches\8.0.1\md-supplier)" [_thread_blocked, id=14376, stack(0x000000e3c5b00000,0x000000e3c5c00000)]
  0x000002278381e000 JavaThread "Cache worker for execution history cache (C:\Users\nguye\.gradle\caches\8.0.1\executionHistory)" [_thread_blocked, id=4384, stack(0x000000e3c5400000,0x000000e3c5500000)]

Other Threads:
  0x00000227ff194000 VMThread "VM Thread" [stack: 0x000000e3c3400000,0x000000e3c3500000] [id=14240]
  0x00000227ffc8c000 WatcherThread [stack: 0x000000e3c3e00000,0x000000e3c3f00000] [id=9380]
  0x00000227e00cb800 GCTaskThread "GC Thread#0" [stack: 0x000000e3c2f00000,0x000000e3c3000000] [id=9004]
  0x0000022781768000 GCTaskThread "GC Thread#1" [stack: 0x000000e3c4000000,0x000000e3c4100000] [id=11380]
  0x0000022781006800 GCTaskThread "GC Thread#2" [stack: 0x000000e3c4100000,0x000000e3c4200000] [id=19656]
  0x0000022783017800 GCTaskThread "GC Thread#3" [stack: 0x000000e3c4b00000,0x000000e3c4c00000] [id=11836]
  0x00000227824e8800 GCTaskThread "GC Thread#4" [stack: 0x000000e3c4c00000,0x000000e3c4d00000] [id=3228]
  0x000002278235f000 GCTaskThread "GC Thread#5" [stack: 0x000000e3c4d00000,0x000000e3c4e00000] [id=14488]
  0x00000227822a1000 GCTaskThread "GC Thread#6" [stack: 0x000000e3c4e00000,0x000000e3c4f00000] [id=19872]
  0x0000022782704800 GCTaskThread "GC Thread#7" [stack: 0x000000e3c4f00000,0x000000e3c5000000] [id=18912]
  0x00000227e00fd800 ConcurrentGCThread "G1 Main Marker" [stack: 0x000000e3c3000000,0x000000e3c3100000] [id=3216]
  0x00000227e00ff800 ConcurrentGCThread "G1 Conc#0" [stack: 0x000000e3c3100000,0x000000e3c3200000] [id=18280]
  0x0000022782181800 ConcurrentGCThread "G1 Conc#1" [stack: 0x000000e3c5200000,0x000000e3c5300000] [id=13384]
  0x00000227e017e800 ConcurrentGCThread "G1 Refine#0" [stack: 0x000000e3c3200000,0x000000e3c3300000] [id=10448]
  0x00000227ff004800 ConcurrentGCThread "G1 Young RemSet Sampling" [stack: 0x000000e3c3300000,0x000000e3c3400000] [id=2344]

Threads with active compile tasks:
C2 CompilerThread0    10591 2950       4       java.lang.invoke.MethodType::makeImpl (108 bytes)

VM state:not at safepoint (normal execution)

VM Mutex/Monitor currently owned by a thread:  ([mutex/lock_event])
[0x00000227e00ac260] Heap_lock - owner thread: 0x000002278291f000

Heap address: 0x0000000080000000, size: 2048 MB, Compressed Oops mode: 32-bit
Narrow klass base: 0x0000000000000000, Narrow klass shift: 3
Compressed class space size: 528482304 Address: 0x0000000100000000

Heap:
 garbage-first heap   total 129024K, used 31064K [0x0000000080000000, 0x0000000100000000)
  region size 1024K, 15 young (15360K), 7 survivors (7168K)
 Metaspace       used 37298K, capacity 38159K, committed 38224K, reserved 555008K
  class space    used 4751K, capacity 5103K, committed 5120K, reserved 516096K
Heap Regions: E=young(eden), S=young(survivor), O=old, HS=humongous(starts), HC=humongous(continues), CS=collection set, F=free, A=archive, TAMS=top-at-mark-start (previous, next)
|   0|0x0000000080000000, 0x0000000080100000, 0x0000000080100000|100%|HS|  |TAMS 0x0000000080100000, 0x0000000080000000| Complete 
|   1|0x0000000080100000, 0x0000000080200000, 0x0000000080200000|100%|HC|  |TAMS 0x0000000080200000, 0x0000000080100000| Complete 
|   2|0x0000000080200000, 0x0000000080300000, 0x0000000080300000|100%|HC|  |TAMS 0x0000000080300000, 0x0000000080200000| Complete 
|   3|0x0000000080300000, 0x0000000080400000, 0x0000000080400000|100%|HC|  |TAMS 0x0000000080400000, 0x0000000080400000| Complete 
|   4|0x0000000080400000, 0x0000000080500000, 0x0000000080500000|100%| O|  |TAMS 0x0000000080500000, 0x0000000080500000| Untracked 
|   5|0x0000000080500000, 0x0000000080600000, 0x0000000080600000|100%| O|  |TAMS 0x0000000080600000, 0x0000000080600000| Untracked 
|   6|0x0000000080600000, 0x0000000080700000, 0x0000000080700000|100%| O|  |TAMS 0x0000000080700000, 0x0000000080700000| Untracked 
|   7|0x0000000080700000, 0x0000000080800000, 0x0000000080800000|100%| O|  |TAMS 0x0000000080800000, 0x0000000080800000| Untracked 
|   8|0x0000000080800000, 0x0000000080900000, 0x0000000080900000|100%| O|  |TAMS 0x0000000080900000, 0x0000000080900000| Untracked 
|   9|0x0000000080900000, 0x0000000080a00000, 0x0000000080a00000|100%| O|  |TAMS 0x0000000080a00000, 0x0000000080a00000| Untracked 
|  10|0x0000000080a00000, 0x0000000080b00000, 0x0000000080b00000|100%| O|  |TAMS 0x0000000080b00000, 0x0000000080b00000| Untracked 
|  11|0x0000000080b00000, 0x0000000080c00000, 0x0000000080c00000|100%| O|  |TAMS 0x0000000080c00000, 0x0000000080c00000| Untracked 
|  12|0x0000000080c00000, 0x0000000080d00000, 0x0000000080d00000|100%| O|  |TAMS 0x0000000080d00000, 0x0000000080d00000| Untracked 
|  13|0x0000000080d00000, 0x0000000080e00000, 0x0000000080e00000|100%| O|  |TAMS 0x0000000080e00000, 0x0000000080e00000| Untracked 
|  14|0x0000000080e00000, 0x0000000080f00000, 0x0000000080f00000|100%| O|  |TAMS 0x0000000080f00000, 0x0000000080f00000| Untracked 
|  15|0x0000000080f00000, 0x0000000081000000, 0x0000000081000000|100%| O|  |TAMS 0x0000000081000000, 0x0000000081000000| Untracked 
|  16|0x0000000081000000, 0x0000000081100000, 0x0000000081100000|100%| O|  |TAMS 0x0000000081100000, 0x0000000081100000| Untracked 
|  17|0x0000000081100000, 0x0000000081139e10, 0x0000000081200000| 23%| O|  |TAMS 0x000000008112b800, 0x0000000081200000| Untracked 
|  18|0x0000000081200000, 0x0000000081200000, 0x0000000081300000|  0%| F|  |TAMS 0x0000000081200000, 0x0000000081200000| Untracked 
|  19|0x0000000081300000, 0x0000000081300000, 0x0000000081400000|  0%| F|  |TAMS 0x0000000081300000, 0x0000000081300000| Untracked 
|  20|0x0000000081400000, 0x0000000081400000, 0x0000000081500000|  0%| F|  |TAMS 0x0000000081400000, 0x0000000081400000| Untracked 
|  21|0x0000000081500000, 0x0000000081500000, 0x0000000081600000|  0%| F|  |TAMS 0x0000000081500000, 0x0000000081500000| Untracked 
|  22|0x0000000081600000, 0x0000000081600000, 0x0000000081700000|  0%| F|  |TAMS 0x0000000081600000, 0x0000000081600000| Untracked 
|  23|0x0000000081700000, 0x0000000081700000, 0x0000000081800000|  0%| F|  |TAMS 0x0000000081700000, 0x0000000081700000| Untracked 
|  24|0x0000000081800000, 0x0000000081800000, 0x0000000081900000|  0%| F|  |TAMS 0x0000000081800000, 0x0000000081800000| Untracked 
|  25|0x0000000081900000, 0x0000000081900000, 0x0000000081a00000|  0%| F|  |TAMS 0x0000000081900000, 0x0000000081900000| Untracked 
|  26|0x0000000081a00000, 0x0000000081a00000, 0x0000000081b00000|  0%| F|  |TAMS 0x0000000081a00000, 0x0000000081a00000| Untracked 
|  27|0x0000000081b00000, 0x0000000081b00000, 0x0000000081c00000|  0%| F|  |TAMS 0x0000000081b00000, 0x0000000081b00000| Untracked 
|  28|0x0000000081c00000, 0x0000000081c00000, 0x0000000081d00000|  0%| F|  |TAMS 0x0000000081c00000, 0x0000000081c00000| Untracked 
|  29|0x0000000081d00000, 0x0000000081d00000, 0x0000000081e00000|  0%| F|  |TAMS 0x0000000081d00000, 0x0000000081d00000| Untracked 
|  30|0x0000000081e00000, 0x0000000081e00000, 0x0000000081f00000|  0%| F|  |TAMS 0x0000000081e00000, 0x0000000081e00000| Untracked 
|  31|0x0000000081f00000, 0x0000000081f00000, 0x0000000082000000|  0%| F|  |TAMS 0x0000000081f00000, 0x0000000081f00000| Untracked 
|  32|0x0000000082000000, 0x0000000082000000, 0x0000000082100000|  0%| F|  |TAMS 0x0000000082000000, 0x0000000082000000| Untracked 
|  33|0x0000000082100000, 0x0000000082100000, 0x0000000082200000|  0%| F|  |TAMS 0x0000000082100000, 0x0000000082100000| Untracked 
|  34|0x0000000082200000, 0x0000000082200000, 0x0000000082300000|  0%| F|  |TAMS 0x0000000082200000, 0x0000000082200000| Untracked 
|  35|0x0000000082300000, 0x0000000082300000, 0x0000000082400000|  0%| F|  |TAMS 0x0000000082300000, 0x0000000082300000| Untracked 
|  36|0x0000000082400000, 0x0000000082400000, 0x0000000082500000|  0%| F|  |TAMS 0x0000000082400000, 0x0000000082400000| Untracked 
|  37|0x0000000082500000, 0x0000000082500000, 0x0000000082600000|  0%| F|  |TAMS 0x0000000082500000, 0x0000000082500000| Untracked 
|  38|0x0000000082600000, 0x0000000082600000, 0x0000000082700000|  0%| F|  |TAMS 0x0000000082600000, 0x0000000082600000| Untracked 
|  39|0x0000000082700000, 0x0000000082700000, 0x0000000082800000|  0%| F|  |TAMS 0x0000000082700000, 0x0000000082700000| Untracked 
|  40|0x0000000082800000, 0x0000000082800000, 0x0000000082900000|  0%| F|  |TAMS 0x0000000082800000, 0x0000000082800000| Untracked 
|  41|0x0000000082900000, 0x0000000082900000, 0x0000000082a00000|  0%| F|  |TAMS 0x0000000082900000, 0x0000000082900000| Untracked 
|  42|0x0000000082a00000, 0x0000000082a00000, 0x0000000082b00000|  0%| F|  |TAMS 0x0000000082a00000, 0x0000000082a00000| Untracked 
|  43|0x0000000082b00000, 0x0000000082b00000, 0x0000000082c00000|  0%| F|  |TAMS 0x0000000082b00000, 0x0000000082b00000| Untracked 
|  44|0x0000000082c00000, 0x0000000082c00000, 0x0000000082d00000|  0%| F|  |TAMS 0x0000000082c00000, 0x0000000082c00000| Untracked 
|  45|0x0000000082d00000, 0x0000000082d00000, 0x0000000082e00000|  0%| F|  |TAMS 0x0000000082d00000, 0x0000000082d00000| Untracked 
|  46|0x0000000082e00000, 0x0000000082e00000, 0x0000000082f00000|  0%| F|  |TAMS 0x0000000082e00000, 0x0000000082e00000| Untracked 
|  47|0x0000000082f00000, 0x0000000082f00000, 0x0000000083000000|  0%| F|  |TAMS 0x0000000082f00000, 0x0000000082f00000| Untracked 
|  48|0x0000000083000000, 0x0000000083000000, 0x0000000083100000|  0%| F|  |TAMS 0x0000000083000000, 0x0000000083000000| Untracked 
|  49|0x0000000083100000, 0x0000000083100000, 0x0000000083200000|  0%| F|  |TAMS 0x0000000083100000, 0x0000000083100000| Untracked 
|  50|0x0000000083200000, 0x0000000083200000, 0x0000000083300000|  0%| F|  |TAMS 0x0000000083200000, 0x0000000083200000| Untracked 
|  51|0x0000000083300000, 0x0000000083300000, 0x0000000083400000|  0%| F|  |TAMS 0x0000000083300000, 0x0000000083300000| Untracked 
|  52|0x0000000083400000, 0x0000000083400000, 0x0000000083500000|  0%| F|  |TAMS 0x0000000083400000, 0x0000000083400000| Untracked 
|  53|0x0000000083500000, 0x0000000083500000, 0x0000000083600000|  0%| F|  |TAMS 0x0000000083500000, 0x0000000083500000| Untracked 
|  54|0x0000000083600000, 0x0000000083600000, 0x0000000083700000|  0%| F|  |TAMS 0x0000000083600000, 0x0000000083600000| Untracked 
|  55|0x0000000083700000, 0x0000000083700000, 0x0000000083800000|  0%| F|  |TAMS 0x0000000083700000, 0x0000000083700000| Untracked 
|  56|0x0000000083800000, 0x0000000083800000, 0x0000000083900000|  0%| F|  |TAMS 0x0000000083800000, 0x0000000083800000| Untracked 
|  57|0x0000000083900000, 0x0000000083900000, 0x0000000083a00000|  0%| F|  |TAMS 0x0000000083900000, 0x0000000083900000| Untracked 
|  58|0x0000000083a00000, 0x0000000083a00000, 0x0000000083b00000|  0%| F|  |TAMS 0x0000000083a00000, 0x0000000083a00000| Untracked 
|  59|0x0000000083b00000, 0x0000000083b00000, 0x0000000083c00000|  0%| F|  |TAMS 0x0000000083b00000, 0x0000000083b00000| Untracked 
|  60|0x0000000083c00000, 0x0000000083c00000, 0x0000000083d00000|  0%| F|  |TAMS 0x0000000083c00000, 0x0000000083c00000| Untracked 
|  61|0x0000000083d00000, 0x0000000083d00000, 0x0000000083e00000|  0%| F|  |TAMS 0x0000000083d00000, 0x0000000083d00000| Untracked 
|  62|0x0000000083e00000, 0x0000000083e00000, 0x0000000083f00000|  0%| F|  |TAMS 0x0000000083e00000, 0x0000000083e00000| Untracked 
|  63|0x0000000083f00000, 0x0000000083f00000, 0x0000000084000000|  0%| F|  |TAMS 0x0000000083f00000, 0x0000000083f00000| Untracked 
|  64|0x0000000084000000, 0x0000000084000000, 0x0000000084100000|  0%| F|  |TAMS 0x0000000084000000, 0x0000000084000000| Untracked 
|  65|0x0000000084100000, 0x0000000084100000, 0x0000000084200000|  0%| F|  |TAMS 0x0000000084100000, 0x0000000084100000| Untracked 
|  66|0x0000000084200000, 0x0000000084200000, 0x0000000084300000|  0%| F|  |TAMS 0x0000000084200000, 0x0000000084200000| Untracked 
|  67|0x0000000084300000, 0x0000000084300000, 0x0000000084400000|  0%| F|  |TAMS 0x0000000084300000, 0x0000000084300000| Untracked 
|  68|0x0000000084400000, 0x0000000084400000, 0x0000000084500000|  0%| F|  |TAMS 0x0000000084400000, 0x0000000084400000| Untracked 
|  69|0x0000000084500000, 0x0000000084500000, 0x0000000084600000|  0%| F|  |TAMS 0x0000000084500000, 0x0000000084500000| Untracked 
|  70|0x0000000084600000, 0x0000000084600000, 0x0000000084700000|  0%| F|  |TAMS 0x0000000084600000, 0x0000000084600000| Untracked 
|  71|0x0000000084700000, 0x0000000084700000, 0x0000000084800000|  0%| F|  |TAMS 0x0000000084700000, 0x0000000084700000| Untracked 
|  72|0x0000000084800000, 0x0000000084800000, 0x0000000084900000|  0%| F|  |TAMS 0x0000000084800000, 0x0000000084800000| Untracked 
|  73|0x0000000084900000, 0x0000000084900000, 0x0000000084a00000|  0%| F|  |TAMS 0x0000000084900000, 0x0000000084900000| Untracked 
|  74|0x0000000084a00000, 0x0000000084a00000, 0x0000000084b00000|  0%| F|  |TAMS 0x0000000084a00000, 0x0000000084a00000| Untracked 
|  75|0x0000000084b00000, 0x0000000084b00000, 0x0000000084c00000|  0%| F|  |TAMS 0x0000000084b00000, 0x0000000084b00000| Untracked 
|  76|0x0000000084c00000, 0x0000000084c00000, 0x0000000084d00000|  0%| F|  |TAMS 0x0000000084c00000, 0x0000000084c00000| Untracked 
|  77|0x0000000084d00000, 0x0000000084d00000, 0x0000000084e00000|  0%| F|  |TAMS 0x0000000084d00000, 0x0000000084d00000| Untracked 
|  78|0x0000000084e00000, 0x0000000084e00000, 0x0000000084f00000|  0%| F|  |TAMS 0x0000000084e00000, 0x0000000084e00000| Untracked 
|  79|0x0000000084f00000, 0x0000000084f00000, 0x0000000085000000|  0%| F|  |TAMS 0x0000000084f00000, 0x0000000084f00000| Untracked 
|  80|0x0000000085000000, 0x0000000085000000, 0x0000000085100000|  0%| F|  |TAMS 0x0000000085000000, 0x0000000085000000| Untracked 
|  81|0x0000000085100000, 0x0000000085100000, 0x0000000085200000|  0%| F|  |TAMS 0x0000000085100000, 0x0000000085100000| Untracked 
|  82|0x0000000085200000, 0x0000000085200000, 0x0000000085300000|  0%| F|  |TAMS 0x0000000085200000, 0x0000000085200000| Untracked 
|  83|0x0000000085300000, 0x0000000085300000, 0x0000000085400000|  0%| F|  |TAMS 0x0000000085300000, 0x0000000085300000| Untracked 
|  84|0x0000000085400000, 0x0000000085400000, 0x0000000085500000|  0%| F|  |TAMS 0x0000000085400000, 0x0000000085400000| Untracked 
|  85|0x0000000085500000, 0x0000000085500000, 0x0000000085600000|  0%| F|  |TAMS 0x0000000085500000, 0x0000000085500000| Untracked 
|  86|0x0000000085600000, 0x0000000085600000, 0x0000000085700000|  0%| F|  |TAMS 0x0000000085600000, 0x0000000085600000| Untracked 
|  87|0x0000000085700000, 0x0000000085700000, 0x0000000085800000|  0%| F|  |TAMS 0x0000000085700000, 0x0000000085700000| Untracked 
|  88|0x0000000085800000, 0x0000000085800000, 0x0000000085900000|  0%| F|  |TAMS 0x0000000085800000, 0x0000000085800000| Untracked 
|  89|0x0000000085900000, 0x0000000085900000, 0x0000000085a00000|  0%| F|  |TAMS 0x0000000085900000, 0x0000000085900000| Untracked 
|  90|0x0000000085a00000, 0x0000000085a00000, 0x0000000085b00000|  0%| F|  |TAMS 0x0000000085a00000, 0x0000000085a00000| Untracked 
|  91|0x0000000085b00000, 0x0000000085b00000, 0x0000000085c00000|  0%| F|  |TAMS 0x0000000085b00000, 0x0000000085b00000| Untracked 
|  92|0x0000000085c00000, 0x0000000085c2aa70, 0x0000000085d00000| 16%| E|CS|TAMS 0x0000000085c00000, 0x0000000085c2aa70| Complete 
|  93|0x0000000085d00000, 0x0000000085e00000, 0x0000000085e00000|100%| E|CS|TAMS 0x0000000085d00000, 0x0000000085e00000| Complete 
|  94|0x0000000085e00000, 0x0000000085f00000, 0x0000000085f00000|100%| E|CS|TAMS 0x0000000085e00000, 0x0000000085f00000| Complete 
|  95|0x0000000085f00000, 0x0000000086000000, 0x0000000086000000|100%| E|CS|TAMS 0x0000000085f00000, 0x0000000086000000| Complete 
|  96|0x0000000086000000, 0x0000000086100000, 0x0000000086100000|100%| E|CS|TAMS 0x0000000086000000, 0x0000000086100000| Complete 
|  97|0x0000000086100000, 0x0000000086200000, 0x0000000086200000|100%| E|CS|TAMS 0x0000000086100000, 0x0000000086200000| Complete 
|  98|0x0000000086200000, 0x0000000086300000, 0x0000000086300000|100%| E|CS|TAMS 0x0000000086200000, 0x0000000086300000| Complete 
|  99|0x0000000086300000, 0x0000000086300000, 0x0000000086400000|  0%| F|  |TAMS 0x0000000086300000, 0x0000000086300000| Untracked 
| 100|0x0000000086400000, 0x0000000086400000, 0x0000000086500000|  0%| F|  |TAMS 0x0000000086400000, 0x0000000086400000| Untracked 
| 101|0x0000000086500000, 0x0000000086500000, 0x0000000086600000|  0%| F|  |TAMS 0x0000000086500000, 0x0000000086500000| Untracked 
| 102|0x0000000086600000, 0x0000000086600000, 0x0000000086700000|  0%| F|  |TAMS 0x0000000086600000, 0x0000000086600000| Untracked 
| 103|0x0000000086700000, 0x0000000086700000, 0x0000000086800000|  0%| F|  |TAMS 0x0000000086700000, 0x0000000086700000| Untracked 
| 104|0x0000000086800000, 0x0000000086800000, 0x0000000086900000|  0%| F|  |TAMS 0x0000000086800000, 0x0000000086800000| Untracked 
| 105|0x0000000086900000, 0x0000000086900000, 0x0000000086a00000|  0%| F|  |TAMS 0x0000000086900000, 0x0000000086900000| Untracked 
| 106|0x0000000086a00000, 0x0000000086a00000, 0x0000000086b00000|  0%| F|  |TAMS 0x0000000086a00000, 0x0000000086a00000| Untracked 
| 107|0x0000000086b00000, 0x0000000086b00000, 0x0000000086c00000|  0%| F|  |TAMS 0x0000000086b00000, 0x0000000086b00000| Untracked 
| 108|0x0000000086c00000, 0x0000000086c00000, 0x0000000086d00000|  0%| F|  |TAMS 0x0000000086c00000, 0x0000000086c00000| Untracked 
| 109|0x0000000086d00000, 0x0000000086d00000, 0x0000000086e00000|  0%| F|  |TAMS 0x0000000086d00000, 0x0000000086d00000| Untracked 
| 110|0x0000000086e00000, 0x0000000086e00000, 0x0000000086f00000|  0%| F|  |TAMS 0x0000000086e00000, 0x0000000086e00000| Untracked 
| 111|0x0000000086f00000, 0x0000000086f00000, 0x0000000087000000|  0%| F|  |TAMS 0x0000000086f00000, 0x0000000086f00000| Untracked 
| 112|0x0000000087000000, 0x0000000087000000, 0x0000000087100000|  0%| F|  |TAMS 0x0000000087000000, 0x0000000087000000| Untracked 
| 113|0x0000000087100000, 0x0000000087100000, 0x0000000087200000|  0%| F|  |TAMS 0x0000000087100000, 0x0000000087100000| Untracked 
| 114|0x0000000087200000, 0x0000000087200000, 0x0000000087300000|  0%| F|  |TAMS 0x0000000087200000, 0x0000000087200000| Untracked 
| 115|0x0000000087300000, 0x0000000087300000, 0x0000000087400000|  0%| F|  |TAMS 0x0000000087300000, 0x0000000087300000| Untracked 
| 116|0x0000000087400000, 0x0000000087500000, 0x0000000087500000|100%| S|  |TAMS 0x0000000087400000, 0x0000000087400000| Complete 
| 117|0x0000000087500000, 0x0000000087600000, 0x0000000087600000|100%| S|  |TAMS 0x0000000087500000, 0x0000000087500000| Complete 
| 118|0x0000000087600000, 0x0000000087680800, 0x0000000087700000| 50%| E|CS|TAMS 0x0000000087600000, 0x0000000087680800| Complete 
| 119|0x0000000087700000, 0x0000000087800000, 0x0000000087800000|100%| E|CS|TAMS 0x0000000087700000, 0x0000000087800000| Complete 
| 120|0x0000000087800000, 0x0000000087900000, 0x0000000087900000|100%| E|CS|TAMS 0x0000000087800000, 0x0000000087900000| Complete 
| 121|0x0000000087900000, 0x0000000087a00000, 0x0000000087a00000|100%| E|CS|TAMS 0x0000000087900000, 0x0000000087a00000| Complete 
| 122|0x0000000087a00000, 0x0000000087b00000, 0x0000000087b00000|100%| E|CS|TAMS 0x0000000087a00000, 0x0000000087b00000| Complete 
| 123|0x0000000087b00000, 0x0000000087c00000, 0x0000000087c00000|100%| E|CS|TAMS 0x0000000087b00000, 0x0000000087c00000| Complete 
| 124|0x0000000087c00000, 0x0000000087d00000, 0x0000000087d00000|100%| E|CS|TAMS 0x0000000087c00000, 0x0000000087d00000| Complete 
| 125|0x0000000087d00000, 0x0000000087e00000, 0x0000000087e00000|100%| E|CS|TAMS 0x0000000087d00000, 0x0000000087e00000| Complete 

Card table byte_map: [0x00000227f7f50000,0x00000227f8350000] _byte_map_base: 0x00000227f7b50000

Marking Bits (Prev, Next): (CMBitMap*) 0x00000227e00f47a8, (CMBitMap*) 0x00000227e00f47e0
 Prev Bits: [0x00000227f8750000, 0x00000227fa750000)
 Next Bits: [0x00000227fa750000, 0x00000227fc750000)

Polling page: 0x00000227de0b0000

Metaspace:

Usage:
  Non-class:     32.28 MB capacity,    31.78 MB ( 98%) used,   421.29 KB (  1%) free+waste,    88.44 KB ( <1%) overhead. 
      Class:      4.98 MB capacity,     4.64 MB ( 93%) used,   307.70 KB (  6%) free+waste,    43.56 KB ( <1%) overhead. 
       Both:     37.26 MB capacity,    36.42 MB ( 98%) used,   728.98 KB (  2%) free+waste,   132.00 KB ( <1%) overhead. 

Virtual space:
  Non-class space:       40.00 MB reserved,      32.33 MB ( 81%) committed 
      Class space:      504.00 MB reserved,       5.00 MB ( <1%) committed 
             Both:      544.00 MB reserved,      37.33 MB (  7%) committed 

Chunk freelists:
   Non-Class:  48.00 KB
       Class:  17.00 KB
        Both:  65.00 KB

MaxMetaspaceSize: 512.00 MB
CompressedClassSpaceSize: 504.00 MB
Initial GC threshold: 20.80 MB
Current GC threshold: 58.88 MB
CDS: off

CodeHeap 'non-profiled nmethods': size=120000Kb used=1628Kb max_used=1628Kb free=118371Kb
 bounds [0x00000227f02f0000, 0x00000227f0560000, 0x00000227f7820000]
CodeHeap 'profiled nmethods': size=120000Kb used=6530Kb max_used=6530Kb free=113469Kb
 bounds [0x00000227e8dc0000, 0x00000227e9430000, 0x00000227f02f0000]
CodeHeap 'non-nmethods': size=5760Kb used=1573Kb max_used=1573Kb free=4186Kb
 bounds [0x00000227e8820000, 0x00000227e8a90000, 0x00000227e8dc0000]
 total_blobs=3684 nmethods=3067 adapters=529
 compilation: enabled
              stopped_count=0, restarted_count=0
 full_count=0

Compilation events (20 events):
Event: 10.207 Thread 0x00000227ff1bd800 3047       3       org.codehaus.groovy.reflection.ClassInfo$1::computeValue (18 bytes)
Event: 10.208 Thread 0x00000227ff1bd800 nmethod 3047 0x00000227e940ad90 code [0x00000227e940afa0, 0x00000227e940b4e8]
Event: 10.208 Thread 0x00000227ff1bd800 3048       3       org.codehaus.groovy.reflection.ClassInfo::<init> (88 bytes)
Event: 10.209 Thread 0x00000227ff1bd800 nmethod 3048 0x00000227e940b790 code [0x00000227e940ba60, 0x00000227e940cc38]
Event: 10.209 Thread 0x00000227ff1bd800 3050       3       org.codehaus.groovy.reflection.CachedClass::<init> (247 bytes)
Event: 10.213 Thread 0x00000227ff1bd800 nmethod 3050 0x00000227e940d090 code [0x00000227e940d580, 0x00000227e94102f8]
Event: 10.213 Thread 0x00000227ff1bd800 3051       3       org.codehaus.groovy.util.SingleKeyHashMap::getOrPut (137 bytes)
Event: 10.214 Thread 0x00000227ff1bd800 nmethod 3051 0x00000227e9410e10 code [0x00000227e9411060, 0x00000227e9411ba8]
Event: 10.214 Thread 0x00000227ff1bd800 3049       3       org.codehaus.groovy.reflection.CachedClass$4::initValue (5 bytes)
Event: 10.214 Thread 0x00000227ff1bd800 nmethod 3049 0x00000227e9411f10 code [0x00000227e94120c0, 0x00000227e9412208]
Event: 10.477 Thread 0x00000227ff1bd800 3052       3       java.lang.invoke.DirectMethodHandle$Holder::invokeStatic (18 bytes)
Event: 10.478 Thread 0x00000227ff1bd800 nmethod 3052 0x00000227e9412290 code [0x00000227e9412460, 0x00000227e9412958]
Event: 10.478 Thread 0x00000227ff1bd800 3053       3       java.lang.invoke.StringConcatFactory$MethodHandleInlineCopyStrategy::newArray (16 bytes)
Event: 10.478 Thread 0x00000227ff1bd800 nmethod 3053 0x00000227e9412a90 code [0x00000227e9412c60, 0x00000227e9412e68]
Event: 10.478 Thread 0x00000227ff1bd800 3054       3       jdk.internal.misc.Unsafe::allocateUninitializedArray (52 bytes)
Event: 10.479 Thread 0x00000227ff1bd800 nmethod 3054 0x00000227e9412f10 code [0x00000227e9413120, 0x00000227e9413578]
Event: 10.494 Thread 0x00000227ff1bd800 3055       3       sun.nio.fs.WindowsPath::getFileSystem (5 bytes)
Event: 10.495 Thread 0x00000227ff1bd800 nmethod 3055 0x00000227e9413710 code [0x00000227e94138c0, 0x00000227e9413a58]
Event: 10.501 Thread 0x00000227ff1bd800 3056       3       java.lang.ClassLoader::defineClassSourceLocation (28 bytes)
Event: 10.502 Thread 0x00000227ff1bd800 nmethod 3056 0x00000227e9413b10 code [0x00000227e9413ce0, 0x00000227e9414048]

GC Heap History (12 events):
Event: 0.898 GC heap before
{Heap before GC invocations=0 (full 0):
 garbage-first heap   total 129024K, used 27648K [0x0000000080000000, 0x0000000100000000)
  region size 1024K, 24 young (24576K), 0 survivors (0K)
 Metaspace       used 9783K, capacity 9960K, committed 10112K, reserved 526336K
  class space    used 999K, capacity 1069K, committed 1152K, reserved 516096K
}
Event: 0.906 GC heap after
{Heap after GC invocations=1 (full 0):
 garbage-first heap   total 129024K, used 10203K [0x0000000080000000, 0x0000000100000000)
  region size 1024K, 3 young (3072K), 3 survivors (3072K)
 Metaspace       used 9783K, capacity 9960K, committed 10112K, reserved 526336K
  class space    used 999K, capacity 1069K, committed 1152K, reserved 516096K
}
Event: 4.529 GC heap before
{Heap before GC invocations=1 (full 0):
 garbage-first heap   total 129024K, used 83931K [0x0000000080000000, 0x0000000100000000)
  region size 1024K, 75 young (76800K), 3 survivors (3072K)
 Metaspace       used 18415K, capacity 18786K, committed 18944K, reserved 534528K
  class space    used 2127K, capacity 2244K, committed 2304K, reserved 516096K
}
Event: 4.539 GC heap after
{Heap after GC invocations=2 (full 0):
 garbage-first heap   total 129024K, used 17624K [0x0000000080000000, 0x0000000100000000)
  region size 1024K, 10 young (10240K), 10 survivors (10240K)
 Metaspace       used 18415K, capacity 18786K, committed 18944K, reserved 534528K
  class space    used 2127K, capacity 2244K, committed 2304K, reserved 516096K
}
Event: 4.937 GC heap before
{Heap before GC invocations=2 (full 0):
 garbage-first heap   total 129024K, used 37080K [0x0000000080000000, 0x0000000100000000)
  region size 1024K, 30 young (30720K), 10 survivors (10240K)
 Metaspace       used 20823K, capacity 21196K, committed 21296K, reserved 536576K
  class space    used 2489K, capacity 2652K, committed 2688K, reserved 516096K
}
Event: 4.947 GC heap after
{Heap after GC invocations=3 (full 0):
 garbage-first heap   total 129024K, used 18807K [0x0000000080000000, 0x0000000100000000)
  region size 1024K, 2 young (2048K), 2 survivors (2048K)
 Metaspace       used 20823K, capacity 21196K, committed 21296K, reserved 536576K
  class space    used 2489K, capacity 2652K, committed 2688K, reserved 516096K
}
Event: 5.713 GC heap before
{Heap before GC invocations=4 (full 0):
 garbage-first heap   total 129024K, used 63863K [0x0000000080000000, 0x0000000100000000)
  region size 1024K, 47 young (48128K), 2 survivors (2048K)
 Metaspace       used 24818K, capacity 25394K, committed 25648K, reserved 538624K
  class space    used 3135K, capacity 3351K, committed 3456K, reserved 516096K
}
Event: 5.715 GC heap after
{Heap after GC invocations=5 (full 0):
 garbage-first heap   total 129024K, used 19999K [0x0000000080000000, 0x0000000100000000)
  region size 1024K, 3 young (3072K), 3 survivors (3072K)
 Metaspace       used 24818K, capacity 25394K, committed 25648K, reserved 538624K
  class space    used 3135K, capacity 3351K, committed 3456K, reserved 516096K
}
Event: 7.245 GC heap before
{Heap before GC invocations=5 (full 0):
 garbage-first heap   total 129024K, used 73247K [0x0000000080000000, 0x0000000100000000)
  region size 1024K, 55 young (56320K), 3 survivors (3072K)
 Metaspace       used 29956K, capacity 30734K, committed 30896K, reserved 542720K
  class space    used 3929K, capacity 4244K, committed 4352K, reserved 516096K
}
Event: 7.248 GC heap after
{Heap after GC invocations=6 (full 0):
 garbage-first heap   total 129024K, used 21798K [0x0000000080000000, 0x0000000100000000)
  region size 1024K, 5 young (5120K), 5 survivors (5120K)
 Metaspace       used 29956K, capacity 30734K, committed 30896K, reserved 542720K
  class space    used 3929K, capacity 4244K, committed 4352K, reserved 516096K
}
Event: 9.834 GC heap before
{Heap before GC invocations=6 (full 0):
 garbage-first heap   total 129024K, used 48422K [0x0000000080000000, 0x0000000100000000)
  region size 1024K, 32 young (32768K), 5 survivors (5120K)
 Metaspace       used 35007K, capacity 35850K, committed 35920K, reserved 548864K
  class space    used 4481K, capacity 4844K, committed 4864K, reserved 516096K
}
Event: 9.845 GC heap after
{Heap after GC invocations=7 (full 0):
 garbage-first heap   total 129024K, used 23896K [0x0000000080000000, 0x0000000100000000)
  region size 1024K, 7 young (7168K), 7 survivors (7168K)
 Metaspace       used 35007K, capacity 35850K, committed 35920K, reserved 548864K
  class space    used 4481K, capacity 4844K, committed 4864K, reserved 516096K
}

Deoptimization events (20 events):
Event: 10.173 Thread 0x000002278291f000 Uncommon trap: trap_request=0xffffffbe fr.pc=0x00000227f046bd00 relative=0x0000000000003b20
Event: 10.173 Thread 0x000002278291f000 Uncommon trap: reason=profile_predicate action=maybe_recompile pc=0x00000227f046bd00 method=java.util.AbstractCollection.addAll(Ljava/util/Collection;)Z @ 15 c2
Event: 10.173 Thread 0x000002278291f000 DEOPT PACKING pc=0x00000227f046bd00 sp=0x000000e3c47f9040
Event: 10.173 Thread 0x000002278291f000 DEOPT UNPACKING pc=0x00000227e886a1af sp=0x000000e3c47f9058 mode 2
Event: 10.494 Thread 0x000002278291f000 Uncommon trap: trap_request=0xffffff4d fr.pc=0x00000227f0375280 relative=0x00000000000014e0
Event: 10.494 Thread 0x000002278291f000 Uncommon trap: reason=unstable_if action=reinterpret pc=0x00000227f0375280 method=sun.nio.fs.WindowsPathParser.isSlash(C)Z @ 9 c2
Event: 10.494 Thread 0x000002278291f000 DEOPT PACKING pc=0x00000227f0375280 sp=0x000000e3c47f8da0
Event: 10.494 Thread 0x000002278291f000 DEOPT UNPACKING pc=0x00000227e886a1af sp=0x000000e3c47f8d30 mode 2
Event: 10.494 Thread 0x000002278291f000 Uncommon trap: trap_request=0xffffff4d fr.pc=0x00000227f03125dc relative=0x000000000000003c
Event: 10.494 Thread 0x000002278291f000 Uncommon trap: reason=unstable_if action=reinterpret pc=0x00000227f03125dc method=sun.nio.fs.WindowsPathParser.isSlash(C)Z @ 9 c2
Event: 10.494 Thread 0x000002278291f000 DEOPT PACKING pc=0x00000227f03125dc sp=0x000000e3c47f8da0
Event: 10.494 Thread 0x000002278291f000 DEOPT UNPACKING pc=0x00000227e886a1af sp=0x000000e3c47f8d28 mode 2
Event: 10.537 Thread 0x000002278291f000 Uncommon trap: trap_request=0xffffff4d fr.pc=0x00000227f04578fc relative=0x00000000000003bc
Event: 10.537 Thread 0x000002278291f000 Uncommon trap: reason=unstable_if action=reinterpret pc=0x00000227f04578fc method=java.lang.String.equalsIgnoreCase(Ljava/lang/String;)Z @ 36 c2
Event: 10.537 Thread 0x000002278291f000 DEOPT PACKING pc=0x00000227f04578fc sp=0x000000e3c47f7460
Event: 10.537 Thread 0x000002278291f000 DEOPT UNPACKING pc=0x00000227e886a1af sp=0x000000e3c47f7420 mode 2
Event: 10.539 Thread 0x000002278291f000 Uncommon trap: trap_request=0xffffffc6 fr.pc=0x00000227f0440920 relative=0x0000000000005440
Event: 10.539 Thread 0x000002278291f000 Uncommon trap: reason=bimorphic_or_optimized_type_check action=maybe_recompile pc=0x00000227f0440920 method=java.net.URL.<init>(Ljava/net/URL;Ljava/lang/String;Ljava/net/URLStreamHandler;)V @ 504 c2
Event: 10.539 Thread 0x000002278291f000 DEOPT PACKING pc=0x00000227f0440920 sp=0x000000e3c47f6ec0
Event: 10.539 Thread 0x000002278291f000 DEOPT UNPACKING pc=0x00000227e886a1af sp=0x000000e3c47f6e60 mode 2

Classes redefined (0 events):
No events

Internal exceptions (20 events):
Event: 6.847 Thread 0x000002278291f000 Exception <a 'java/lang/NoSuchMethodError'{0x00000000852e31e8}: 'java.lang.Object java.lang.invoke.DirectMethodHandle$Holder.invokeStaticInit(java.lang.Object, java.lang.Object, java.lang.Object, java.lang.Object)'> (0x00000000852e31e8) thrown at [./src/hotspot/share/interpreter/linkResolver.cpp, line 773]
Event: 7.511 Thread 0x000002278291f000 Exception <a 'java/lang/NoSuchMethodError'{0x00000000877bf470}: 'java.lang.Object java.lang.invoke.Invokers$Holder.linkToTargetMethod(java.lang.Object, java.lang.Object, java.lang.Object, java.lang.Object, java.lang.Object, java.lang.Object, java.lang.Object, java.lang.Object)'> (0x00000000877bf470) thrown at [./src/hotspot/share/interpreter/linkResolver.cpp, line 773]
Event: 7.524 Thread 0x000002278291f000 Exception <a 'java/lang/IncompatibleClassChangeError'{0x0000000087656678}: Found class java.lang.Object, but interface was expected> (0x0000000087656678) thrown at [./src/hotspot/share/interpreter/linkResolver.cpp, line 839]
Event: 7.829 Thread 0x000002278291f000 Exception <a 'java/lang/NoSuchMethodError'{0x0000000086f78f00}: 'java.lang.Object java.lang.invoke.Invokers$Holder.linkToTargetMethod(java.lang.Object, int, int, java.lang.Object)'> (0x0000000086f78f00) thrown at [./src/hotspot/share/interpreter/linkResolver.cpp, line 773]
Event: 7.832 Thread 0x000002278291f000 Exception <a 'java/lang/NoSuchMethodError'{0x0000000086f8fa00}: 'java.lang.Object java.lang.invoke.DirectMethodHandle$Holder.invokeStatic(java.lang.Object, java.lang.Object, int, int, java.lang.Object, java.lang.Object)'> (0x0000000086f8fa00) thrown at [./src/hotspot/share/interpreter/linkResolver.cpp, line 773]
Event: 8.574 Thread 0x000002278291f000 Exception <a 'java/lang/NoSuchMethodError'{0x00000000869ad488}: 'void java.lang.invoke.DirectMethodHandle$Holder.invokeStaticInit(java.lang.Object, java.lang.Object, java.lang.Object)'> (0x00000000869ad488) thrown at [./src/hotspot/share/interpreter/linkResolver.cpp, line 773]
Event: 8.574 Thread 0x000002278291f000 Exception <a 'java/lang/NoSuchMethodError'{0x00000000869b46a0}: 'void java.lang.invoke.DirectMethodHandle$Holder.invokeStaticInit(java.lang.Object, java.lang.Object, java.lang.Object, java.lang.Object)'> (0x00000000869b46a0) thrown at [./src/hotspot/share/interpreter/linkResolver.cpp, line 773]
Event: 8.580 Thread 0x000002278291f000 Exception <a 'java/lang/NoSuchMethodError'{0x00000000869d6f08}: 'void java.lang.invoke.DirectMethodHandle$Holder.invokeStaticInit(java.lang.Object, java.lang.Object, java.lang.Object, java.lang.Object, java.lang.Object)'> (0x00000000869d6f08) thrown at [./src/hotspot/share/interpreter/linkResolver.cpp, line 773]
Event: 8.581 Thread 0x000002278291f000 Exception <a 'java/lang/NoSuchMethodError'{0x00000000869de8a0}: 'int java.lang.invoke.DirectMethodHandle$Holder.invokeStaticInit(java.lang.Object, java.lang.Object, java.lang.Object)'> (0x00000000869de8a0) thrown at [./src/hotspot/share/interpreter/linkResolver.cpp, line 773]
Event: 8.862 Thread 0x000002278291f000 Exception <a 'java/lang/NoSuchMethodError'{0x000000008683c140}: 'int java.lang.invoke.DirectMethodHandle$Holder.invokeStaticInit(java.lang.Object, java.lang.Object, java.lang.Object, java.lang.Object)'> (0x000000008683c140) thrown at [./src/hotspot/share/interpreter/linkResolver.cpp, line 773]
Event: 10.084 Thread 0x000002278291f000 Exception <a 'java/lang/NoSuchMethodError'{0x0000000087b75000}: 'java.lang.Object java.lang.invoke.DirectMethodHandle$Holder.invokeStatic(java.lang.Object, java.lang.Object, java.lang.Object, java.lang.Object, java.lang.Object, java.lang.Object, java.lang.Object, java.lang.Object, java.lang.Object, java.lang.Object, java.lang.Object, int)'> (0x0000000087b75000) thrown at [./src/hotspot/share/interpreter/linkResolver.cpp, line 773]
Event: 10.114 Thread 0x000002278291f000 Exception <a 'java/lang/NoSuchMethodError'{0x0000000087b93e70}: 'java.lang.Object java.lang.invoke.DirectMethodHandle$Holder.invokeStatic(java.lang.Object, java.lang.Object, java.lang.Object, java.lang.Object, java.lang.Object, java.lang.Object, java.lang.Object, java.lang.Object, java.lang.Object, java.lang.Object, java.lang.Object, int, int)'> (0x0000000087b93e70) thrown at [./src/hotspot/share/interpreter/linkResolver.cpp, line 773]
Event: 10.118 Thread 0x000002278291f000 Exception <a 'java/lang/NoSuchMethodError'{0x0000000087bb3948}: 'java.lang.Object java.lang.invoke.DirectMethodHandle$Holder.invokeStatic(java.lang.Object, java.lang.Object, java.lang.Object, java.lang.Object, java.lang.Object, java.lang.Object, java.lang.Object, java.lang.Object, java.lang.Object, java.lang.Object, java.lang.Object, int, int, java.lang.Object)'> (0x0000000087bb3948) thrown at [./src/hotspot/share/interpreter/linkResolver.cpp, line 773]
Event: 10.122 Thread 0x000002278291f000 Exception <a 'java/lang/NoSuchMethodError'{0x0000000087bd4ce8}: 'java.lang.Object java.lang.invoke.DirectMethodHandle$Holder.invokeStatic(java.lang.Object, java.lang.Object, java.lang.Object, java.lang.Object, java.lang.Object, java.lang.Object, java.lang.Object, java.lang.Object, java.lang.Object, java.lang.Object, java.lang.Object, int, int, java.lang.Object, java.lang.Object)'> (0x0000000087bd4ce8) thrown at [./src/hotspot/share/interpreter/linkResolver.cpp, line 773]
Event: 10.129 Thread 0x000002278291f000 Exception <a 'java/lang/ClassNotFoundException'{0x0000000087a059d0}: groovy/lang/ExpandoMetaClassBeanInfo> (0x0000000087a059d0) thrown at [./src/hotspot/share/classfile/systemDictionary.cpp, line 230]
Event: 10.132 Thread 0x000002278291f000 Exception <a 'java/lang/ClassNotFoundException'{0x0000000087a263b8}: groovy/lang/MetaClassImplBeanInfo> (0x0000000087a263b8) thrown at [./src/hotspot/share/classfile/systemDictionary.cpp, line 230]
Event: 10.136 Thread 0x000002278291f000 Exception <a 'java/lang/ClassNotFoundException'{0x0000000087a2f910}: java/lang/ObjectBeanInfo> (0x0000000087a2f910) thrown at [./src/hotspot/share/classfile/systemDictionary.cpp, line 230]
Event: 10.138 Thread 0x000002278291f000 Exception <a 'java/lang/ClassNotFoundException'{0x0000000087a3b2d8}: java/lang/ObjectCustomizer> (0x0000000087a3b2d8) thrown at [./src/hotspot/share/classfile/systemDictionary.cpp, line 230]
Event: 10.152 Thread 0x000002278291f000 Exception <a 'java/lang/ClassNotFoundException'{0x0000000087a62bd0}: groovy/lang/MetaClassImplCustomizer> (0x0000000087a62bd0) thrown at [./src/hotspot/share/classfile/systemDictionary.cpp, line 230]
Event: 10.169 Thread 0x000002278291f000 Exception <a 'java/lang/ClassNotFoundException'{0x0000000087acbf48}: groovy/lang/ExpandoMetaClassCustomizer> (0x0000000087acbf48) thrown at [./src/hotspot/share/classfile/systemDictionary.cpp, line 230]

Events (20 events):
Event: 10.496 loading class java/nio/file/spi/FileSystemProvider$1
Event: 10.497 loading class java/nio/file/spi/FileSystemProvider$1 done
Event: 10.498 loading class java/nio/file/ProviderMismatchException
Event: 10.498 loading class java/nio/file/ProviderMismatchException done
Event: 10.498 loading class java/nio/file/FileSystemNotFoundException
Event: 10.499 loading class java/nio/file/FileSystemNotFoundException done
Event: 10.530 loading class java/nio/channels/AsynchronousFileChannel
Event: 10.531 loading class java/nio/channels/AsynchronousChannel
Event: 10.531 loading class java/nio/channels/AsynchronousChannel done
Event: 10.531 loading class java/nio/channels/AsynchronousFileChannel done
Event: 10.531 loading class java/nio/file/FileStore
Event: 10.532 loading class java/nio/file/FileStore done
Event: 10.532 loading class jdk/internal/jrtfs/JrtFileSystemProvider
Event: 10.536 loading class jdk/internal/jrtfs/JrtFileSystemProvider done
Event: 10.537 loading class sun/net/www/protocol/jrt/JavaRuntimeURLConnection
Event: 10.538 loading class sun/net/www/protocol/jrt/JavaRuntimeURLConnection done
Event: 10.539 loading class sun/net/www/protocol/jrt/JavaRuntimeURLConnection$1
Event: 10.539 loading class sun/net/www/protocol/jrt/JavaRuntimeURLConnection$1 done
Event: 10.539 Executing VM operation: Deoptimize
Event: 10.540 Executing VM operation: Deoptimize done


Dynamic libraries:
0x00007ff7f5860000 - 0x00007ff7f586d000 	C:\Program Files\Microsoft\jdk-11.0.18.10-hotspot\bin\java.exe
0x00007ffbd2b30000 - 0x00007ffbd2d44000 	C:\WINDOWS\SYSTEM32\ntdll.dll
0x00007ffbd1e10000 - 0x00007ffbd1ed4000 	C:\WINDOWS\System32\KERNEL32.DLL
0x00007ffbcff10000 - 0x00007ffbd02b4000 	C:\WINDOWS\System32\KERNELBASE.dll
0x00007ffbd0390000 - 0x00007ffbd04a1000 	C:\WINDOWS\System32\ucrtbase.dll
0x00007ffbccf20000 - 0x00007ffbccf37000 	C:\Program Files\Microsoft\jdk-11.0.18.10-hotspot\bin\jli.dll
0x00007ffbc64d0000 - 0x00007ffbc64e5000 	C:\Program Files\Microsoft\jdk-11.0.18.10-hotspot\bin\VCRUNTIME140.dll
0x00007ffbd1340000 - 0x00007ffbd14ea000 	C:\WINDOWS\System32\USER32.dll
0x00007ffbd02c0000 - 0x00007ffbd02e6000 	C:\WINDOWS\System32\win32u.dll
0x00007ffbd28e0000 - 0x00007ffbd2909000 	C:\WINDOWS\System32\GDI32.dll
0x00007ffbd0530000 - 0x00007ffbd0649000 	C:\WINDOWS\System32\gdi32full.dll
0x00007ffbd02f0000 - 0x00007ffbd038a000 	C:\WINDOWS\System32\msvcp_win.dll
0x00007ffbb2ed0000 - 0x00007ffbb315f000 	C:\WINDOWS\WinSxS\amd64_microsoft.windows.common-controls_6595b64144ccf1df_6.0.22621.2070_none_2713e6537381f706\COMCTL32.dll
0x00007ffbd16c0000 - 0x00007ffbd1767000 	C:\WINDOWS\System32\msvcrt.dll
0x00007ffbd19f0000 - 0x00007ffbd1a21000 	C:\WINDOWS\System32\IMM32.DLL
0x00007ffb91620000 - 0x00007ffb916bb000 	C:\Program Files\Microsoft\jdk-11.0.18.10-hotspot\bin\msvcp140.dll
0x00007ffb61f00000 - 0x00007ffb62a92000 	C:\Program Files\Microsoft\jdk-11.0.18.10-hotspot\bin\server\jvm.dll
0x00007ffbd1290000 - 0x00007ffbd1340000 	C:\WINDOWS\System32\ADVAPI32.dll
0x00007ffbd2910000 - 0x00007ffbd29b6000 	C:\WINDOWS\System32\sechost.dll
0x00007ffbd18d0000 - 0x00007ffbd19e7000 	C:\WINDOWS\System32\RPCRT4.dll
0x00007ffbd2800000 - 0x00007ffbd2808000 	C:\WINDOWS\System32\PSAPI.DLL
0x00007ffbcc820000 - 0x00007ffbcc829000 	C:\WINDOWS\SYSTEM32\WSOCK32.dll
0x00007ffbd1210000 - 0x00007ffbd1281000 	C:\WINDOWS\System32\WS2_32.dll
0x00007ffbc65f0000 - 0x00007ffbc6624000 	C:\WINDOWS\SYSTEM32\WINMM.dll
0x00007ffbc79d0000 - 0x00007ffbc79da000 	C:\WINDOWS\SYSTEM32\VERSION.dll
0x00007ffbcef30000 - 0x00007ffbcef48000 	C:\WINDOWS\SYSTEM32\kernel.appcore.dll
0x00007ffbb8f10000 - 0x00007ffbb8f20000 	C:\Program Files\Microsoft\jdk-11.0.18.10-hotspot\bin\verify.dll
0x00007ffbcd880000 - 0x00007ffbcdaae000 	C:\WINDOWS\SYSTEM32\DBGHELP.DLL
0x00007ffbd1ee0000 - 0x00007ffbd226a000 	C:\WINDOWS\System32\combase.dll
0x00007ffbd22a0000 - 0x00007ffbd2377000 	C:\WINDOWS\System32\OLEAUT32.dll
0x00007ffbc2be0000 - 0x00007ffbc2c12000 	C:\WINDOWS\SYSTEM32\dbgcore.DLL
0x00007ffbd04b0000 - 0x00007ffbd052a000 	C:\WINDOWS\System32\bcryptPrimitives.dll
0x00007ffbaecc0000 - 0x00007ffbaece8000 	C:\Program Files\Microsoft\jdk-11.0.18.10-hotspot\bin\java.dll
0x00007ffbb8f00000 - 0x00007ffbb8f0a000 	C:\Program Files\Microsoft\jdk-11.0.18.10-hotspot\bin\jimage.dll
0x00007ffbb0e90000 - 0x00007ffbb0ea8000 	C:\Program Files\Microsoft\jdk-11.0.18.10-hotspot\bin\zip.dll
0x00007ffbd09f0000 - 0x00007ffbd1206000 	C:\WINDOWS\System32\SHELL32.dll
0x00007ffbcde90000 - 0x00007ffbce77a000 	C:\WINDOWS\SYSTEM32\windows.storage.dll
0x00007ffbcdd50000 - 0x00007ffbcde8e000 	C:\WINDOWS\SYSTEM32\wintypes.dll
0x00007ffbd08f0000 - 0x00007ffbd09e3000 	C:\WINDOWS\System32\SHCORE.dll
0x00007ffbd1a40000 - 0x00007ffbd1a9e000 	C:\WINDOWS\System32\shlwapi.dll
0x00007ffbcfe40000 - 0x00007ffbcfe66000 	C:\WINDOWS\SYSTEM32\profapi.dll
0x00007ffbad6d0000 - 0x00007ffbad6e9000 	C:\Program Files\Microsoft\jdk-11.0.18.10-hotspot\bin\net.dll
0x00007ffbc7840000 - 0x00007ffbc7977000 	C:\WINDOWS\SYSTEM32\WINHTTP.dll
0x00007ffbcf470000 - 0x00007ffbcf4d9000 	C:\WINDOWS\system32\mswsock.dll
0x00007ffbad6b0000 - 0x00007ffbad6c3000 	C:\Program Files\Microsoft\jdk-11.0.18.10-hotspot\bin\nio.dll
0x00007ffb9e540000 - 0x00007ffb9e567000 	C:\Users\nguye\.gradle\native\68d5fa5c4cc2d200863cafc0d521ce42e7d3e7ee720ec0a83991735586a16f82\windows-amd64\native-platform.dll
0x00007ffb61db0000 - 0x00007ffb61ef4000 	C:\Users\nguye\.gradle\native\e376f236ea51e6404a007f0833ffe2c6e607c4080706a723a18a27aeea778392\windows-amd64\native-platform-file-events.dll
0x00007ffbb3200000 - 0x00007ffbb3209000 	C:\Program Files\Microsoft\jdk-11.0.18.10-hotspot\bin\management.dll
0x00007ffbb2550000 - 0x00007ffbb255b000 	C:\Program Files\Microsoft\jdk-11.0.18.10-hotspot\bin\management_ext.dll
0x00007ffbcf790000 - 0x00007ffbcf7ab000 	C:\WINDOWS\SYSTEM32\CRYPTSP.dll
0x00007ffbceef0000 - 0x00007ffbcef25000 	C:\WINDOWS\system32\rsaenh.dll
0x00007ffbcf510000 - 0x00007ffbcf53c000 	C:\WINDOWS\SYSTEM32\USERENV.dll
0x00007ffbcf8b0000 - 0x00007ffbcf8d8000 	C:\WINDOWS\SYSTEM32\bcrypt.dll
0x00007ffbcf770000 - 0x00007ffbcf77c000 	C:\WINDOWS\SYSTEM32\CRYPTBASE.dll
0x00007ffbce9e0000 - 0x00007ffbcea0d000 	C:\WINDOWS\SYSTEM32\IPHLPAPI.DLL
0x00007ffbd14f0000 - 0x00007ffbd14f9000 	C:\WINDOWS\System32\NSI.dll
0x00007ffbc7c20000 - 0x00007ffbc7c39000 	C:\WINDOWS\SYSTEM32\dhcpcsvc6.DLL
0x00007ffbc79e0000 - 0x00007ffbc79ff000 	C:\WINDOWS\SYSTEM32\dhcpcsvc.DLL
0x00007ffbcea50000 - 0x00007ffbceb43000 	C:\WINDOWS\SYSTEM32\DNSAPI.dll

dbghelp: loaded successfully - version: 4.0.5 - missing functions: none
symbol engine: initialized successfully - sym options: 0x614 - pdb path: .;C:\Program Files\Microsoft\jdk-11.0.18.10-hotspot\bin;C:\WINDOWS\SYSTEM32;C:\WINDOWS\WinSxS\amd64_microsoft.windows.common-controls_6595b64144ccf1df_6.0.22621.2070_none_2713e6537381f706;C:\Program Files\Microsoft\jdk-11.0.18.10-hotspot\bin\server;C:\Users\nguye\.gradle\native\68d5fa5c4cc2d200863cafc0d521ce42e7d3e7ee720ec0a83991735586a16f82\windows-amd64;C:\Users\nguye\.gradle\native\e376f236ea51e6404a007f0833ffe2c6e607c4080706a723a18a27aeea778392\windows-amd64

VM Arguments:
jvm_args: -XX:MaxMetaspaceSize=512m --add-opens=java.base/java.util=ALL-UNNAMED --add-opens=java.base/java.lang=ALL-UNNAMED --add-opens=java.base/java.lang.invoke=ALL-UNNAMED --add-opens=java.prefs/java.util.prefs=ALL-UNNAMED --add-opens=java.base/java.nio.charset=ALL-UNNAMED --add-opens=java.base/java.net=ALL-UNNAMED --add-opens=java.base/java.util.concurrent.atomic=ALL-UNNAMED -Xmx2048m -Dfile.encoding=windows-1252 -Duser.country=US -Duser.language=en -Duser.variant 
java_command: org.gradle.launcher.daemon.bootstrap.GradleDaemon 8.0.1
java_class_path (initial): C:\Users\nguye\.gradle\wrapper\dists\gradle-8.0.1-all\aro4hu1c3oeioove7l0i4i14o\gradle-8.0.1\lib\gradle-launcher-8.0.1.jar
Launcher Type: SUN_STANDARD

[Global flags]
     intx CICompilerCount                          = 4                                         {product} {ergonomic}
   size_t CompressedClassSpaceSize                 = 528482304                                 {product} {ergonomic}
     uint ConcGCThreads                            = 2                                         {product} {ergonomic}
     uint G1ConcRefinementThreads                  = 8                                         {product} {ergonomic}
   size_t G1HeapRegionSize                         = 1048576                                   {product} {ergonomic}
    uintx GCDrainStackTargetSize                   = 64                                        {product} {ergonomic}
   size_t InitialHeapSize                          = 132120576                                 {product} {ergonomic}
   size_t MarkStackSize                            = 4194304                                   {product} {ergonomic}
   size_t MaxHeapSize                              = 2147483648                                {product} {command line}
   size_t MaxMetaspaceSize                         = 536870912                                 {product} {command line}
   size_t MaxNewSize                               = 1287651328                                {product} {ergonomic}
   size_t MinHeapDeltaBytes                        = 1048576                                   {product} {ergonomic}
    uintx NonNMethodCodeHeapSize                   = 5836300                                {pd product} {ergonomic}
    uintx NonProfiledCodeHeapSize                  = 122910970                              {pd product} {ergonomic}
    uintx ProfiledCodeHeapSize                     = 122910970                              {pd product} {ergonomic}
    uintx ReservedCodeCacheSize                    = 251658240                              {pd product} {ergonomic}
     bool SegmentedCodeCache                       = true                                      {product} {ergonomic}
     bool UseCompressedClassPointers               = true                                 {lp64_product} {ergonomic}
     bool UseCompressedOops                        = true                                 {lp64_product} {ergonomic}
     bool UseG1GC                                  = true                                      {product} {ergonomic}
     bool UseLargePagesIndividualAllocation        = false                                  {pd product} {ergonomic}

Logging:
Log output configuration:
 #0: stdout all=warning uptime,level,tags
 #1: stderr all=off uptime,level,tags

Environment Variables:
JAVA_HOME=C:\Program Files\Microsoft\jdk-11.0.18.10-hotspot\
CLASSPATH=E:\DaCNTT2\project\source\frontend\kahoot-fe\kahut\android\\gradle\wrapper\gradle-wrapper.jar
PATH=E:\DaCNTT2\project\source\frontend\kahoot-fe\kahut\node_modules\.bin;E:\DaCNTT2\project\source\frontend\kahoot-fe\kahut\node_modules\.bin;E:\DaCNTT2\project\source\frontend\kahoot-fe\node_modules\.bin;E:\DaCNTT2\project\source\frontend\node_modules\.bin;E:\DaCNTT2\project\source\node_modules\.bin;E:\DaCNTT2\project\node_modules\.bin;E:\DaCNTT2\node_modules\.bin;E:\node_modules\.bin;E:\DaCNTT2\project\source\frontend\kahoot-fe\kahut\node_modules\npm\node_modules\@npmcli\run-script\lib\node-gyp-bin;E:\DaCNTT2\project\source\frontend\kahoot-fe\kahut\node_modules\.bin;E:\DaCNTT2\project\source\frontend\kahoot-fe\node_modules\.bin;E:\DaCNTT2\project\source\frontend\node_modules\.bin;E:\DaCNTT2\project\source\node_modules\.bin;E:\DaCNTT2\project\node_modules\.bin;E:\DaCNTT2\node_modules\.bin;E:\node_modules\.bin;C:\Program Files\nodejs\node_modules\npm\node_modules\@npmcli\run-script\lib\node-gyp-bin;C:\Program Files\Microsoft\jdk-11.0.18.10-hotspot\bin;C:\Program Files\Common Files\Oracle\Java\javapath;C:\WINDOWS\system32;C:\WINDOWS;C:\WINDOWS\System32\Wbem;C:\WINDOWS\System32\WindowsPowerShell\v1.0\;C:\WINDOWS\System32\OpenSSH\;C:\Program Files\dotnet\;C:\Program Files\NVIDIA Corporation\NVIDIA NvDLISR;C:\Program Files\Microsoft SQL Server\Client SDK\ODBC\170\Tools\Binn\;C:\Program Files (x86)\Microsoft SQL Server\150\Tools\Binn\;C:\Program Files\Microsoft SQL Server\150\Tools\Binn\;C:\Program Files\Microsoft SQL Server\150\DTS\Binn\;C:\Program Files (x86)\Microsoft SQL Server\150\DTS\Binn\;C:\Program Files\Microsoft SQL Server\130\Tools\Binn\;C:\Program Files (x86)\dotnet\;C:\xampp\php;C:\ProgramData\ComposerSetup\bin;C:\Program Files\Docker\Docker\resources\bin;C:\ProgramData\DockerDesktop\version-bin;C:\Program Files\apache-maven-3.8.4\bin;C:\Program Files (x86)\NVIDIA Corporation\PhysX\Common;C:\Program Files\OpenSSL-Win64\bin;C:\Program Files\Git\cmd;C:\WINDOWS\system32;C:\WINDOWS;C:\WINDOWS\System32\Wbem;C:\WINDOWS\System32\WindowsPowerShell\v1.0\;C:\WINDOWS\Sys
USERNAME=nttruong
OS=Windows_NT
PROCESSOR_IDENTIFIER=Intel64 Family 6 Model 158 Stepping 10, GenuineIntel
TMP=C:\Users\nguye\AppData\Local\Temp
TEMP=C:\Users\nguye\AppData\Local\Temp



---------------  S Y S T E M  ---------------

OS: Windows 11 , 64 bit Build 22621 (10.0.22621.2070)
OS uptime: 0 days 14:23 hours
Hyper-V role detected

CPU:total 8 (initial active 8) (4 cores per cpu, 2 threads per core) family 6 model 158 stepping 10 microcode 0xec, cmov, cx8, fxsr, mmx, sse, sse2, sse3, ssse3, sse4.1, sse4.2, popcnt, avx, avx2, aes, clmul, erms, 3dnowpref, lzcnt, ht, tsc, tscinvbit, bmi1, bmi2, adx, fma

Memory: 4k page, system-wide physical 8063M (368M free)
TotalPageFile size 16255M (AvailPageFile size 8M)
current process WorkingSet (physical memory assigned to process): 227M, peak: 247M
current process commit charge ("private bytes"): 296M, peak: 317M

vm_info: OpenJDK 64-Bit Server VM (11.0.18+10-LTS) for windows-amd64 JRE (11.0.18+10-LTS), built on Jan 18 2023 15:56:47 by "MicrosoftCorporation" with MS VC++ 15.9 (VS2017)

END.
