#
# There is insufficient memory for the Java Runtime Environment to continue.
# Native memory allocation (malloc) failed to allocate 32744 bytes for ChunkPool::allocate
# Possible reasons:
#   The system is out of physical RAM or swap space
#   The process is running with CompressedOops enabled, and the Java Heap may be blocking the growth of the native heap
# Possible solutions:
#   Reduce memory load on the system
#   Increase physical memory or swap space
#   Check if swap backing store is full
#   Decrease Java heap size (-Xmx/-Xms)
#   Decrease number of Java threads
#   Decrease Java thread stack sizes (-Xss)
#   Set larger code cache with -XX:ReservedCodeCacheSize=
#   JVM is running with Unscaled Compressed Oops mode in which the Java heap is
#     placed in the first 4GB address space. The Java Heap base address is the
#     maximum limit for the native heap growth. Please use -XX:HeapBaseMinAddress
#     to set the Java Heap base and to place the Java Heap above 4GB virtual address.
# This output file may be truncated or incomplete.
#
#  Out of Memory Error (./src/hotspot/share/memory/arena.cpp:81), pid=19032, tid=14604
#
# JRE version: OpenJDK Runtime Environment Microsoft-7208460 (11.0.18+10) (build 11.0.18+10-LTS)
# Java VM: OpenJDK 64-Bit Server VM Microsoft-7208460 (11.0.18+10-LTS, mixed mode, tiered, compressed oops, g1 gc, windows-amd64)
# No core dump will be written. Minidumps are not enabled by default on client versions of Windows
#

---------------  S U M M A R Y ------------

Command Line: -Xmx64m -Xms64m -Dorg.gradle.appname=gradlew org.gradle.wrapper.GradleWrapperMain tasks

Host: Intel(R) Core(TM) i5-9300H CPU @ 2.40GHz, 8 cores, 7G,  Windows 11 , 64 bit Build 22621 (10.0.22621.2070)
Time: Thu Aug 24 10:16:53 2023 SE Asia Standard Time elapsed time: 61.087670 seconds (0d 0h 1m 1s)

---------------  T H R E A D  ---------------

Current thread (0x00000260c33d3000):  JavaThread "C1 CompilerThread0" daemon [_thread_in_native, id=14604, stack(0x000000799fa00000,0x000000799fb00000)]


Current CompileTask:
C1:  61087 1471       3       jdk.internal.org.objectweb.asm.MethodWriter::visitMaxs (1144 bytes)

Stack: [0x000000799fa00000,0x000000799fb00000]
Native frames: (J=compiled Java code, j=interpreted, Vv=VM code, C=native code)
V  [jvm.dll+0x62bf8a]
V  [jvm.dll+0x7b8fb9]
V  [jvm.dll+0x7ba6a8]
V  [jvm.dll+0x7bad83]
V  [jvm.dll+0x250248]
V  [jvm.dll+0xc286b]
V  [jvm.dll+0xc2bcc]
V  [jvm.dll+0xce52a]
V  [jvm.dll+0x171a8d]
V  [jvm.dll+0x174899]
V  [jvm.dll+0x174eee]
V  [jvm.dll+0x174d80]
V  [jvm.dll+0x16cbda]
V  [jvm.dll+0x16bc89]
V  [jvm.dll+0x175abb]
V  [jvm.dll+0x16cdcb]
V  [jvm.dll+0x1706cf]
V  [jvm.dll+0x12ae95]
V  [jvm.dll+0x12a70f]
V  [jvm.dll+0x12a93f]
V  [jvm.dll+0x129be4]
V  [jvm.dll+0x12baf7]
V  [jvm.dll+0x217eec]
V  [jvm.dll+0x21612b]
V  [jvm.dll+0x77bac0]
V  [jvm.dll+0x7749f4]
V  [jvm.dll+0x62adf5]
C  [ucrtbase.dll+0x29363]
C  [KERNEL32.DLL+0x126ad]
C  [ntdll.dll+0x5aa68]


---------------  P R O C E S S  ---------------

Threads class SMR info:
_java_thread_list=0x00000260c4a82360, length=11, elements={
0x00000260a6d91000, 0x00000260c33b9800, 0x00000260c33c5000, 0x00000260c3d73800,
0x00000260c33ca000, 0x00000260c33cb000, 0x00000260c33cc000, 0x00000260c33d3000,
0x00000260c33db000, 0x00000260c3ea2000, 0x00000260c4cc0000
}

Java Threads: ( => current thread )
  0x00000260a6d91000 JavaThread "main" [_thread_in_vm, id=16184, stack(0x000000799ed00000,0x000000799ee00000)]
  0x00000260c33b9800 JavaThread "Reference Handler" daemon [_thread_blocked, id=17892, stack(0x000000799f400000,0x000000799f500000)]
  0x00000260c33c5000 JavaThread "Finalizer" daemon [_thread_blocked, id=17596, stack(0x000000799f500000,0x000000799f600000)]
  0x00000260c3d73800 JavaThread "Signal Dispatcher" daemon [_thread_blocked, id=15700, stack(0x000000799f600000,0x000000799f700000)]
  0x00000260c33ca000 JavaThread "Attach Listener" daemon [_thread_blocked, id=5420, stack(0x000000799f700000,0x000000799f800000)]
  0x00000260c33cb000 JavaThread "Service Thread" daemon [_thread_blocked, id=6420, stack(0x000000799f800000,0x000000799f900000)]
  0x00000260c33cc000 JavaThread "C2 CompilerThread0" daemon [_thread_in_native, id=12856, stack(0x000000799f900000,0x000000799fa00000)]
=>0x00000260c33d3000 JavaThread "C1 CompilerThread0" daemon [_thread_in_native, id=14604, stack(0x000000799fa00000,0x000000799fb00000)]
  0x00000260c33db000 JavaThread "Sweeper thread" daemon [_thread_blocked, id=12024, stack(0x000000799fb00000,0x000000799fc00000)]
  0x00000260c3ea2000 JavaThread "Common-Cleaner" daemon [_thread_blocked, id=20428, stack(0x000000799fd00000,0x000000799fe00000)]
  0x00000260c4cc0000 JavaThread "pool-1-thread-1" [_thread_blocked, id=13232, stack(0x00000079a0100000,0x00000079a0200000)]

Other Threads:
  0x00000260c337e000 VMThread "VM Thread" [stack: 0x000000799f300000,0x000000799f400000] [id=14112]
  0x00000260c3e99000 WatcherThread [stack: 0x000000799fc00000,0x000000799fd00000] [id=20224]
  0x00000260a6daa000 GCTaskThread "GC Thread#0" [stack: 0x000000799ee00000,0x000000799ef00000] [id=19880]
  0x00000260c4ad4000 GCTaskThread "GC Thread#1" [stack: 0x00000079a0000000,0x00000079a0100000] [id=18924]
  0x00000260a6db1000 ConcurrentGCThread "G1 Main Marker" [stack: 0x000000799ef00000,0x000000799f000000] [id=10692]
  0x00000260a6db3000 ConcurrentGCThread "G1 Conc#0" [stack: 0x000000799f000000,0x000000799f100000] [id=15640]
  0x00000260a6e19800 ConcurrentGCThread "G1 Refine#0" [stack: 0x000000799f100000,0x000000799f200000] [id=18972]
  0x00000260a6e1e800 ConcurrentGCThread "G1 Young RemSet Sampling" [stack: 0x000000799f200000,0x000000799f300000] [id=18412]

Threads with active compile tasks:
C2 CompilerThread0    61125 1480       4       org.gradle.internal.logging.text.AbstractLineChoppingStyledTextOutput$StateContext::isCurrentCharEquals (70 bytes)
C1 CompilerThread0    61126 1471       3       jdk.internal.org.objectweb.asm.MethodWriter::visitMaxs (1144 bytes)

VM state:not at safepoint (normal execution)

VM Mutex/Monitor currently owned by a thread: None

Heap address: 0x00000000fc000000, size: 64 MB, Compressed Oops mode: 32-bit
Narrow klass base: 0x0000000000000000, Narrow klass shift: 3
Compressed class space size: 1073741824 Address: 0x0000000100000000

Heap:
 garbage-first heap   total 65536K, used 34889K [0x00000000fc000000, 0x0000000100000000)
  region size 1024K, 28 young (28672K), 3 survivors (3072K)
 Metaspace       used 16499K, capacity 16786K, committed 16896K, reserved 1064960K
  class space    used 1840K, capacity 1963K, committed 2048K, reserved 1048576K
Heap Regions: E=young(eden), S=young(survivor), O=old, HS=humongous(starts), HC=humongous(continues), CS=collection set, F=free, A=archive, TAMS=top-at-mark-start (previous, next)
|   0|0x00000000fc000000, 0x00000000fc100000, 0x00000000fc100000|100%|HS|  |TAMS 0x00000000fc000000, 0x00000000fc000000| Complete 
|   1|0x00000000fc100000, 0x00000000fc200000, 0x00000000fc200000|100%|HC|  |TAMS 0x00000000fc100000, 0x00000000fc100000| Complete 
|   2|0x00000000fc200000, 0x00000000fc300000, 0x00000000fc300000|100%|HC|  |TAMS 0x00000000fc200000, 0x00000000fc200000| Complete 
|   3|0x00000000fc300000, 0x00000000fc400000, 0x00000000fc400000|100%|HC|  |TAMS 0x00000000fc300000, 0x00000000fc300000| Complete 
|   4|0x00000000fc400000, 0x00000000fc500000, 0x00000000fc500000|100%| O|  |TAMS 0x00000000fc400000, 0x00000000fc400000| Untracked 
|   5|0x00000000fc500000, 0x00000000fc600000, 0x00000000fc600000|100%| O|  |TAMS 0x00000000fc500000, 0x00000000fc500000| Untracked 
|   6|0x00000000fc600000, 0x00000000fc700000, 0x00000000fc700000|100%| O|  |TAMS 0x00000000fc600000, 0x00000000fc600000| Untracked 
|   7|0x00000000fc700000, 0x00000000fc712600, 0x00000000fc800000|  7%| O|  |TAMS 0x00000000fc700000, 0x00000000fc700000| Untracked 
|   8|0x00000000fc800000, 0x00000000fc800000, 0x00000000fc900000|  0%| F|  |TAMS 0x00000000fc800000, 0x00000000fc800000| Untracked 
|   9|0x00000000fc900000, 0x00000000fc900000, 0x00000000fca00000|  0%| F|  |TAMS 0x00000000fc900000, 0x00000000fc900000| Untracked 
|  10|0x00000000fca00000, 0x00000000fca00000, 0x00000000fcb00000|  0%| F|  |TAMS 0x00000000fca00000, 0x00000000fca00000| Untracked 
|  11|0x00000000fcb00000, 0x00000000fcb00000, 0x00000000fcc00000|  0%| F|  |TAMS 0x00000000fcb00000, 0x00000000fcb00000| Untracked 
|  12|0x00000000fcc00000, 0x00000000fcc00000, 0x00000000fcd00000|  0%| F|  |TAMS 0x00000000fcc00000, 0x00000000fcc00000| Untracked 
|  13|0x00000000fcd00000, 0x00000000fcd00000, 0x00000000fce00000|  0%| F|  |TAMS 0x00000000fcd00000, 0x00000000fcd00000| Untracked 
|  14|0x00000000fce00000, 0x00000000fce00000, 0x00000000fcf00000|  0%| F|  |TAMS 0x00000000fce00000, 0x00000000fce00000| Untracked 
|  15|0x00000000fcf00000, 0x00000000fcf00000, 0x00000000fd000000|  0%| F|  |TAMS 0x00000000fcf00000, 0x00000000fcf00000| Untracked 
|  16|0x00000000fd000000, 0x00000000fd000000, 0x00000000fd100000|  0%| F|  |TAMS 0x00000000fd000000, 0x00000000fd000000| Untracked 
|  17|0x00000000fd100000, 0x00000000fd100000, 0x00000000fd200000|  0%| F|  |TAMS 0x00000000fd100000, 0x00000000fd100000| Untracked 
|  18|0x00000000fd200000, 0x00000000fd200000, 0x00000000fd300000|  0%| F|  |TAMS 0x00000000fd200000, 0x00000000fd200000| Untracked 
|  19|0x00000000fd300000, 0x00000000fd300000, 0x00000000fd400000|  0%| F|  |TAMS 0x00000000fd300000, 0x00000000fd300000| Untracked 
|  20|0x00000000fd400000, 0x00000000fd400000, 0x00000000fd500000|  0%| F|  |TAMS 0x00000000fd400000, 0x00000000fd400000| Untracked 
|  21|0x00000000fd500000, 0x00000000fd500000, 0x00000000fd600000|  0%| F|  |TAMS 0x00000000fd500000, 0x00000000fd500000| Untracked 
|  22|0x00000000fd600000, 0x00000000fd600000, 0x00000000fd700000|  0%| F|  |TAMS 0x00000000fd600000, 0x00000000fd600000| Untracked 
|  23|0x00000000fd700000, 0x00000000fd700000, 0x00000000fd800000|  0%| F|  |TAMS 0x00000000fd700000, 0x00000000fd700000| Untracked 
|  24|0x00000000fd800000, 0x00000000fd800000, 0x00000000fd900000|  0%| F|  |TAMS 0x00000000fd800000, 0x00000000fd800000| Untracked 
|  25|0x00000000fd900000, 0x00000000fd900000, 0x00000000fda00000|  0%| F|  |TAMS 0x00000000fd900000, 0x00000000fd900000| Untracked 
|  26|0x00000000fda00000, 0x00000000fda00000, 0x00000000fdb00000|  0%| F|  |TAMS 0x00000000fda00000, 0x00000000fda00000| Untracked 
|  27|0x00000000fdb00000, 0x00000000fdb00000, 0x00000000fdc00000|  0%| F|  |TAMS 0x00000000fdb00000, 0x00000000fdb00000| Untracked 
|  28|0x00000000fdc00000, 0x00000000fdc00000, 0x00000000fdd00000|  0%| F|  |TAMS 0x00000000fdc00000, 0x00000000fdc00000| Untracked 
|  29|0x00000000fdd00000, 0x00000000fdd00000, 0x00000000fde00000|  0%| F|  |TAMS 0x00000000fdd00000, 0x00000000fdd00000| Untracked 
|  30|0x00000000fde00000, 0x00000000fde00000, 0x00000000fdf00000|  0%| F|  |TAMS 0x00000000fde00000, 0x00000000fde00000| Untracked 
|  31|0x00000000fdf00000, 0x00000000fdf00000, 0x00000000fe000000|  0%| F|  |TAMS 0x00000000fdf00000, 0x00000000fdf00000| Untracked 
|  32|0x00000000fe000000, 0x00000000fe000000, 0x00000000fe100000|  0%| F|  |TAMS 0x00000000fe000000, 0x00000000fe000000| Untracked 
|  33|0x00000000fe100000, 0x00000000fe100000, 0x00000000fe200000|  0%| F|  |TAMS 0x00000000fe100000, 0x00000000fe100000| Untracked 
|  34|0x00000000fe200000, 0x00000000fe200000, 0x00000000fe300000|  0%| F|  |TAMS 0x00000000fe200000, 0x00000000fe200000| Untracked 
|  35|0x00000000fe300000, 0x00000000fe300000, 0x00000000fe400000|  0%| F|  |TAMS 0x00000000fe300000, 0x00000000fe300000| Untracked 
|  36|0x00000000fe400000, 0x00000000fe4c5b58, 0x00000000fe500000| 77%| E|  |TAMS 0x00000000fe400000, 0x00000000fe400000| Complete 
|  37|0x00000000fe500000, 0x00000000fe600000, 0x00000000fe600000|100%| S|CS|TAMS 0x00000000fe500000, 0x00000000fe500000| Complete 
|  38|0x00000000fe600000, 0x00000000fe700000, 0x00000000fe700000|100%| S|CS|TAMS 0x00000000fe600000, 0x00000000fe600000| Complete 
|  39|0x00000000fe700000, 0x00000000fe800000, 0x00000000fe800000|100%| S|CS|TAMS 0x00000000fe700000, 0x00000000fe700000| Complete 
|  40|0x00000000fe800000, 0x00000000fe900000, 0x00000000fe900000|100%| E|CS|TAMS 0x00000000fe800000, 0x00000000fe800000| Complete 
|  41|0x00000000fe900000, 0x00000000fea00000, 0x00000000fea00000|100%| E|CS|TAMS 0x00000000fe900000, 0x00000000fe900000| Complete 
|  42|0x00000000fea00000, 0x00000000feb00000, 0x00000000feb00000|100%| E|CS|TAMS 0x00000000fea00000, 0x00000000fea00000| Complete 
|  43|0x00000000feb00000, 0x00000000fec00000, 0x00000000fec00000|100%| E|CS|TAMS 0x00000000feb00000, 0x00000000feb00000| Complete 
|  44|0x00000000fec00000, 0x00000000fed00000, 0x00000000fed00000|100%| E|CS|TAMS 0x00000000fec00000, 0x00000000fec00000| Complete 
|  45|0x00000000fed00000, 0x00000000fee00000, 0x00000000fee00000|100%| E|CS|TAMS 0x00000000fed00000, 0x00000000fed00000| Complete 
|  46|0x00000000fee00000, 0x00000000fef00000, 0x00000000fef00000|100%| E|CS|TAMS 0x00000000fee00000, 0x00000000fee00000| Complete 
|  47|0x00000000fef00000, 0x00000000ff000000, 0x00000000ff000000|100%| E|CS|TAMS 0x00000000fef00000, 0x00000000fef00000| Complete 
|  48|0x00000000ff000000, 0x00000000ff100000, 0x00000000ff100000|100%| E|CS|TAMS 0x00000000ff000000, 0x00000000ff000000| Complete 
|  49|0x00000000ff100000, 0x00000000ff200000, 0x00000000ff200000|100%| E|CS|TAMS 0x00000000ff100000, 0x00000000ff100000| Complete 
|  50|0x00000000ff200000, 0x00000000ff300000, 0x00000000ff300000|100%| E|CS|TAMS 0x00000000ff200000, 0x00000000ff200000| Complete 
|  51|0x00000000ff300000, 0x00000000ff400000, 0x00000000ff400000|100%| E|CS|TAMS 0x00000000ff300000, 0x00000000ff300000| Complete 
|  52|0x00000000ff400000, 0x00000000ff500000, 0x00000000ff500000|100%| E|CS|TAMS 0x00000000ff400000, 0x00000000ff400000| Complete 
|  53|0x00000000ff500000, 0x00000000ff600000, 0x00000000ff600000|100%| E|CS|TAMS 0x00000000ff500000, 0x00000000ff500000| Complete 
|  54|0x00000000ff600000, 0x00000000ff700000, 0x00000000ff700000|100%| E|CS|TAMS 0x00000000ff600000, 0x00000000ff600000| Complete 
|  55|0x00000000ff700000, 0x00000000ff800000, 0x00000000ff800000|100%| E|CS|TAMS 0x00000000ff700000, 0x00000000ff700000| Complete 
|  56|0x00000000ff800000, 0x00000000ff900000, 0x00000000ff900000|100%| E|CS|TAMS 0x00000000ff800000, 0x00000000ff800000| Complete 
|  57|0x00000000ff900000, 0x00000000ffa00000, 0x00000000ffa00000|100%| E|CS|TAMS 0x00000000ff900000, 0x00000000ff900000| Complete 
|  58|0x00000000ffa00000, 0x00000000ffb00000, 0x00000000ffb00000|100%| E|CS|TAMS 0x00000000ffa00000, 0x00000000ffa00000| Complete 
|  59|0x00000000ffb00000, 0x00000000ffc00000, 0x00000000ffc00000|100%| E|CS|TAMS 0x00000000ffb00000, 0x00000000ffb00000| Complete 
|  60|0x00000000ffc00000, 0x00000000ffd00000, 0x00000000ffd00000|100%| E|CS|TAMS 0x00000000ffc00000, 0x00000000ffc00000| Complete 
|  61|0x00000000ffd00000, 0x00000000ffe00000, 0x00000000ffe00000|100%| E|CS|TAMS 0x00000000ffd00000, 0x00000000ffd00000| Complete 
|  62|0x00000000ffe00000, 0x00000000fff00000, 0x00000000fff00000|100%| E|CS|TAMS 0x00000000ffe00000, 0x00000000ffe00000| Complete 
|  63|0x00000000fff00000, 0x0000000100000000, 0x0000000100000000|100%| E|CS|TAMS 0x00000000fff00000, 0x00000000fff00000| Complete 

Card table byte_map: [0x00000260c0760000,0x00000260c0780000] _byte_map_base: 0x00000260bff80000

Marking Bits (Prev, Next): (CMBitMap*) 0x00000260a6db0108, (CMBitMap*) 0x00000260a6db0140
 Prev Bits: [0x00000260c07a0000, 0x00000260c08a0000)
 Next Bits: [0x00000260c08a0000, 0x00000260c09a0000)

Polling page: 0x00000260a6e50000

Metaspace:

Usage:
  Non-class:     14.48 MB capacity,    14.31 MB ( 99%) used,   139.36 KB ( <1%) free+waste,    25.31 KB ( <1%) overhead. 
      Class:      1.92 MB capacity,     1.80 MB ( 94%) used,   109.82 KB (  6%) free+waste,    12.44 KB ( <1%) overhead. 
       Both:     16.39 MB capacity,    16.11 MB ( 98%) used,   249.18 KB (  1%) free+waste,    37.75 KB ( <1%) overhead. 

Virtual space:
  Non-class space:       16.00 MB reserved,      14.50 MB ( 91%) committed 
      Class space:        1.00 GB reserved,       2.00 MB ( <1%) committed 
             Both:        1.02 GB reserved,      16.50 MB (  2%) committed 

Chunk freelists:
   Non-Class:  25.00 KB
       Class:  21.00 KB
        Both:  46.00 KB

MaxMetaspaceSize: 17179869184.00 GB
CompressedClassSpaceSize: 1.00 GB
Initial GC threshold: 20.80 MB
Current GC threshold: 20.80 MB
CDS: off

CodeHeap 'non-profiled nmethods': size=120000Kb used=545Kb max_used=545Kb free=119454Kb
 bounds [0x00000260b87b0000, 0x00000260b8a20000, 0x00000260bfce0000]
CodeHeap 'profiled nmethods': size=120000Kb used=2889Kb max_used=2889Kb free=117111Kb
 bounds [0x00000260b1280000, 0x00000260b1560000, 0x00000260b87b0000]
CodeHeap 'non-nmethods': size=5760Kb used=1168Kb max_used=1180Kb free=4591Kb
 bounds [0x00000260b0ce0000, 0x00000260b0f50000, 0x00000260b1280000]
 total_blobs=1903 nmethods=1470 adapters=346
 compilation: enabled
              stopped_count=0, restarted_count=0
 full_count=0

Compilation events (20 events):
Event: 57.291 Thread 0x00000260c33d3000 1462       3       org.gradle.internal.operations.OperationIdentifier::hashCode (14 bytes)
Event: 57.291 Thread 0x00000260c33d3000 nmethod 1462 0x00000260b1550590 code [0x00000260b1550740, 0x00000260b1550858]
Event: 57.607 Thread 0x00000260c33d3000 1463       1       org.gradle.internal.logging.events.ProgressCompleteEvent::getProgressOperationId (5 bytes)
Event: 57.607 Thread 0x00000260c33d3000 nmethod 1463 0x00000260b8837090 code [0x00000260b8837240, 0x00000260b88372f8]
Event: 60.067 Thread 0x00000260c33d3000 1464   !   3       sun.nio.ch.WindowsSelectorImpl$SubSelector::processFDSet (177 bytes)
Event: 60.068 Thread 0x00000260c33d3000 nmethod 1464 0x00000260b1550910 code [0x00000260b1550b80, 0x00000260b15519d8]
Event: 61.069 Thread 0x00000260c33cc000 1465       4       sun.nio.cs.SingleByte$Decoder::decode (11 bytes)
Event: 61.070 Thread 0x00000260c33cc000 nmethod 1465 0x00000260b8837390 code [0x00000260b8837520, 0x00000260b88375b8]
Event: 61.072 Thread 0x00000260c33d3000 1466       1       java.util.LinkedList::size (5 bytes)
Event: 61.072 Thread 0x00000260c33d3000 nmethod 1466 0x00000260b8837690 code [0x00000260b8837840, 0x00000260b88378f8]
Event: 61.078 Thread 0x00000260c33cc000 1468       4       jdk.internal.org.objectweb.asm.ByteVector::putShort (52 bytes)
Event: 61.080 Thread 0x00000260c33cc000 nmethod 1468 0x00000260b8837c90 code [0x00000260b8837e40, 0x00000260b8837fc8]
Event: 61.083 Thread 0x00000260c33d3000 1469       3       jdk.internal.org.objectweb.asm.ClassWriter::visitMethod (20 bytes)
Event: 61.083 Thread 0x00000260c33d3000 nmethod 1469 0x00000260b1551f90 code [0x00000260b1552140, 0x00000260b1552328]
Event: 61.083 Thread 0x00000260c33d3000 1471       3       jdk.internal.org.objectweb.asm.MethodWriter::visitMaxs (1144 bytes)
Event: 61.084 Thread 0x00000260c33cc000 1474       4       java.util.ArrayList$Itr::hasNext (20 bytes)
Event: 61.085 Thread 0x00000260c33cc000 nmethod 1474 0x00000260b8838110 code [0x00000260b88382a0, 0x00000260b8838338]
Event: 61.085 Thread 0x00000260c33cc000 1479       4       java.lang.String::toString (2 bytes)
Event: 61.085 Thread 0x00000260c33cc000 nmethod 1479 0x00000260b8838410 code [0x00000260b88385a0, 0x00000260b88385f8]
Event: 61.086 Thread 0x00000260c33cc000 1480       4       org.gradle.internal.logging.text.AbstractLineChoppingStyledTextOutput$StateContext::isCurrentCharEquals (70 bytes)

GC Heap History (2 events):
Event: 1.330 GC heap before
{Heap before GC invocations=0 (full 0):
 garbage-first heap   total 65536K, used 27648K [0x00000000fc000000, 0x0000000100000000)
  region size 1024K, 24 young (24576K), 0 survivors (0K)
 Metaspace       used 10311K, capacity 10541K, committed 10624K, reserved 1058816K
  class space    used 1047K, capacity 1129K, committed 1152K, reserved 1048576K
}
Event: 1.343 GC heap after
{Heap after GC invocations=1 (full 0):
 garbage-first heap   total 65536K, used 10313K [0x00000000fc000000, 0x0000000100000000)
  region size 1024K, 3 young (3072K), 3 survivors (3072K)
 Metaspace       used 10311K, capacity 10541K, committed 10624K, reserved 1058816K
  class space    used 1047K, capacity 1129K, committed 1152K, reserved 1048576K
}

Deoptimization events (20 events):
Event: 3.679 Thread 0x00000260c4ae1000 Uncommon trap: trap_request=0xffffff4d fr.pc=0x00000260b87e456c relative=0x00000000000000cc
Event: 3.679 Thread 0x00000260c4ae1000 Uncommon trap: reason=unstable_if action=reinterpret pc=0x00000260b87e456c method=java.lang.String.getBytes([BIB)V @ 5 c2
Event: 3.679 Thread 0x00000260c4ae1000 DEOPT PACKING pc=0x00000260b87e456c sp=0x000000799fefee60
Event: 3.680 Thread 0x00000260c4ae1000 DEOPT UNPACKING pc=0x00000260b0d2a1af sp=0x000000799fefee08 mode 2
Event: 3.680 Thread 0x00000260c4ae1000 Uncommon trap: trap_request=0xffffff4d fr.pc=0x00000260b8817bc0 relative=0x0000000000000380
Event: 3.680 Thread 0x00000260c4ae1000 Uncommon trap: reason=unstable_if action=reinterpret pc=0x00000260b8817bc0 method=java.lang.AbstractStringBuilder.isLatin1()Z @ 10 c2
Event: 3.680 Thread 0x00000260c4ae1000 DEOPT PACKING pc=0x00000260b8817bc0 sp=0x000000799fefef20
Event: 3.680 Thread 0x00000260c4ae1000 DEOPT UNPACKING pc=0x00000260b0d2a1af sp=0x000000799fefeea0 mode 2
Event: 7.668 Thread 0x00000260c4ae1000 Uncommon trap: trap_request=0xffffff4d fr.pc=0x00000260b87be59c relative=0x000000000000007c
Event: 7.668 Thread 0x00000260c4ae1000 Uncommon trap: reason=unstable_if action=reinterpret pc=0x00000260b87be59c method=java.lang.String.codePointAt(I)I @ 4 c2
Event: 7.668 Thread 0x00000260c4ae1000 DEOPT PACKING pc=0x00000260b87be59c sp=0x000000799fefeea0
Event: 7.668 Thread 0x00000260c4ae1000 DEOPT UNPACKING pc=0x00000260b0d2a1af sp=0x000000799fefee38 mode 2
Event: 7.670 Thread 0x00000260c4ae1000 Uncommon trap: trap_request=0xffffffde fr.pc=0x00000260b880f954 relative=0x0000000000001014
Event: 7.670 Thread 0x00000260c4ae1000 Uncommon trap: reason=class_check action=maybe_recompile pc=0x00000260b880f954 method=java.util.concurrent.ConcurrentHashMap.putVal(Ljava/lang/Object;Ljava/lang/Object;Z)Ljava/lang/Object; @ 242 c2
Event: 7.670 Thread 0x00000260c4ae1000 DEOPT PACKING pc=0x00000260b880f954 sp=0x000000799fefe370
Event: 7.670 Thread 0x00000260c4ae1000 DEOPT UNPACKING pc=0x00000260b0d2a1af sp=0x000000799fefe2f0 mode 2
Event: 61.079 Thread 0x00000260a6d91000 Uncommon trap: trap_request=0xffffff4d fr.pc=0x00000260b882870c relative=0x00000000000001cc
Event: 61.079 Thread 0x00000260a6d91000 Uncommon trap: reason=unstable_if action=reinterpret pc=0x00000260b882870c method=java.net.URI$Parser.scan(IILjava/lang/String;)I @ 26 c2
Event: 61.079 Thread 0x00000260a6d91000 DEOPT PACKING pc=0x00000260b882870c sp=0x000000799edfc7a0
Event: 61.079 Thread 0x00000260a6d91000 DEOPT UNPACKING pc=0x00000260b0d2a1af sp=0x000000799edfc730 mode 2

Classes redefined (0 events):
No events

Internal exceptions (20 events):
Event: 0.513 Thread 0x00000260a6d91000 Exception <a 'java/lang/NoSuchMethodError'{0x00000000ffb38be0}: 'int java.lang.invoke.DirectMethodHandle$Holder.invokeSpecial(java.lang.Object, java.lang.Object, java.lang.Object, java.lang.Object)'> (0x00000000ffb38be0) thrown at [./src/hotspot/share/interpreter/linkResolver.cpp, line 773]
Event: 0.532 Thread 0x00000260a6d91000 Exception <a 'java/lang/NoSuchMethodError'{0x00000000ffb70fa8}: 'int java.lang.invoke.DirectMethodHandle$Holder.invokeSpecialIFC(java.lang.Object, java.lang.Object, int)'> (0x00000000ffb70fa8) thrown at [./src/hotspot/share/interpreter/linkResolver.cpp, line 773]
Event: 1.250 Thread 0x00000260a6d91000 Implicit null exception at 0x00000260b87f39f5 to 0x00000260b87f3bc0
Event: 1.300 Thread 0x00000260a6d91000 Exception <a 'java/lang/NoClassDefFoundError'{0x00000000fe819f10}: org/slf4j/impl/StaticMarkerBinder> (0x00000000fe819f10) thrown at [./src/hotspot/share/classfile/systemDictionary.cpp, line 219]
Event: 1.357 Thread 0x00000260a6d91000 Exception <a 'java/lang/NoSuchMethodError'{0x00000000fff1b698}: 'java.lang.Object java.lang.invoke.DirectMethodHandle$Holder.invokeVirtual(java.lang.Object, java.lang.Object, java.lang.Object, java.lang.Object, java.lang.Object, java.lang.Object, java.lang.Object)'> (0x00000000fff1b698) thrown at [./src/hotspot/share/interpreter/linkResolver.cpp, line 773]
Event: 1.364 Thread 0x00000260a6d91000 Exception <a 'java/lang/NoSuchMethodError'{0x00000000fff2f278}: 'java.lang.Object java.lang.invoke.Invokers$Holder.invoker(java.lang.Object, java.lang.Object, java.lang.Object)'> (0x00000000fff2f278) thrown at [./src/hotspot/share/interpreter/linkResolver.cpp, line 773]
Event: 1.376 Thread 0x00000260a6d91000 Exception <a 'java/lang/NoSuchMethodError'{0x00000000fff3ff18}: 'void java.lang.invoke.DelegatingMethodHandle$Holder.delegate(java.lang.Object, java.lang.Object, int, java.lang.Object)'> (0x00000000fff3ff18) thrown at [./src/hotspot/share/interpreter/linkResolver.cpp, line 773]
Event: 1.694 Thread 0x00000260a6d91000 Exception <a 'java/lang/NoSuchMethodError'{0x00000000ff60cca8}: 'java.lang.Object java.lang.invoke.DirectMethodHandle$Holder.invokeStaticInit(java.lang.Object, java.lang.Object, java.lang.Object)'> (0x00000000ff60cca8) thrown at [./src/hotspot/share/interpreter/linkResolver.cpp, line 773]
Event: 1.887 Thread 0x00000260a6d91000 Exception <a 'java/lang/NoSuchMethodError'{0x00000000ff11b480}: 'java.lang.Object java.lang.invoke.DirectMethodHandle$Holder.invokeStaticInit(java.lang.Object, int, int, int, int)'> (0x00000000ff11b480) thrown at [./src/hotspot/share/interpreter/linkResolver.cpp, line 773]
Event: 2.484 Thread 0x00000260a6d91000 Exception <a 'java/lang/NoSuchMethodError'{0x00000000ff1e1ba8}: 'java.lang.Object java.lang.invoke.DirectMethodHandle$Holder.invokeStaticInit(java.lang.Object, java.lang.Object, int, int, int, int)'> (0x00000000ff1e1ba8) thrown at [./src/hotspot/share/interpreter/linkResolver.cpp, line 773]
Event: 3.366 Thread 0x00000260a6d91000 Exception <a 'java/lang/NoSuchMethodError'{0x00000000ff0ad468}: 'void java.lang.invoke.DirectMethodHandle$Holder.invokeSpecial(java.lang.Object, java.lang.Object)'> (0x00000000ff0ad468) thrown at [./src/hotspot/share/interpreter/linkResolver.cpp, line 773]
Event: 3.372 Thread 0x00000260a6d91000 Implicit null exception at 0x00000260b87e39f4 to 0x00000260b87e3ef8
Event: 3.372 Thread 0x00000260a6d91000 Implicit null exception at 0x00000260b87f5ff4 to 0x00000260b87f64cc
Event: 3.632 Thread 0x00000260c4ae1000 Exception <a 'java/lang/NoSuchMethodError'{0x00000000feaa05f8}: 'void java.lang.invoke.DirectMethodHandle$Holder.invokeStatic(java.lang.Object, long)'> (0x00000000feaa05f8) thrown at [./src/hotspot/share/interpreter/linkResolver.cpp, line 773]
Event: 3.633 Thread 0x00000260c4ae1000 Exception <a 'java/lang/NoSuchMethodError'{0x00000000feaa55a0}: 'java.lang.Object java.lang.invoke.DirectMethodHandle$Holder.invokeStatic(java.lang.Object, long)'> (0x00000000feaa55a0) thrown at [./src/hotspot/share/interpreter/linkResolver.cpp, line 773]
Event: 3.639 Thread 0x00000260c4ae1000 Exception <a 'java/lang/NoSuchMethodError'{0x00000000feab3640}: 'java.lang.Object java.lang.invoke.DirectMethodHandle$Holder.invokeStaticInit(java.lang.Object, java.lang.Object, long, java.lang.Object)'> (0x00000000feab3640) thrown at [./src/hotspot/share/interpreter/linkResolver.cpp, line 773]
Event: 3.640 Thread 0x00000260c4ae1000 Exception <a 'java/lang/NoSuchMethodError'{0x00000000feab9530}: 'java.lang.Object java.lang.invoke.DirectMethodHandle$Holder.invokeStatic(java.lang.Object, java.lang.Object, long)'> (0x00000000feab9530) thrown at [./src/hotspot/share/interpreter/linkResolver.cpp, line 773]
Event: 3.641 Thread 0x00000260c4ae1000 Exception <a 'java/lang/NoSuchMethodError'{0x00000000feabf800}: 'java.lang.Object java.lang.invoke.Invokers$Holder.linkToTargetMethod(java.lang.Object, long, java.lang.Object)'> (0x00000000feabf800) thrown at [./src/hotspot/share/interpreter/linkResolver.cpp, line 773]
Event: 61.065 Thread 0x00000260a6d91000 Exception <a 'java/io/IOException'{0x00000000fe8cb068}> (0x00000000fe8cb068) thrown at [./src/hotspot/share/prims/jni.cpp, line 617]
Event: 61.077 Thread 0x00000260a6d91000 Exception <a 'java/lang/NoSuchMethodError'{0x00000000fe44ba18}: 'int java.lang.invoke.DirectMethodHandle$Holder.invokeVirtual(java.lang.Object, java.lang.Object)'> (0x00000000fe44ba18) thrown at [./src/hotspot/share/interpreter/linkResolver.cpp, line 773]

Events (20 events):
Event: 60.664 loading class com/google/common/base/ExtraObjectsMethodsForWeb done
Event: 61.066 loading class org/slf4j/helpers/MessageFormatter
Event: 61.066 loading class org/slf4j/helpers/MessageFormatter done
Event: 61.067 loading class org/slf4j/helpers/FormattingTuple
Event: 61.067 loading class org/slf4j/helpers/FormattingTuple done
Event: 61.069 loading class org/gradle/util/internal/LimitedDescription
Event: 61.069 loading class org/gradle/util/internal/LimitedDescription done
Event: 61.074 loading class com/google/common/collect/Lists$ReverseList
Event: 61.074 loading class com/google/common/collect/Lists$ReverseList done
Event: 61.075 loading class com/google/common/collect/Lists$ReverseList$1
Event: 61.075 loading class com/google/common/collect/Lists$ReverseList$1 done
Event: 61.078 loading class org/gradle/internal/logging/ConsoleRenderer
Event: 61.078 loading class org/gradle/internal/logging/ConsoleRenderer done
Event: 61.080 Executing VM operation: RevokeBias
Event: 61.080 Executing VM operation: RevokeBias done
Event: 61.080 loading class org/gradle/internal/remote/internal/inet/SocketConnection$1
Event: 61.080 loading class org/gradle/internal/remote/internal/inet/SocketConnection$1 done
Event: 61.082 Thread 0x00000260c4911800 Thread exited: 0x00000260c4911800
Event: 61.082 loading class java/util/concurrent/ConcurrentLinkedQueue$Itr
Event: 61.082 loading class java/util/concurrent/ConcurrentLinkedQueue$Itr done


Dynamic libraries:
0x00007ff7f5860000 - 0x00007ff7f586d000 	C:\Program Files\Microsoft\jdk-11.0.18.10-hotspot\bin\java.exe
0x00007ffbd2b30000 - 0x00007ffbd2d44000 	C:\WINDOWS\SYSTEM32\ntdll.dll
0x00007ffbd1e10000 - 0x00007ffbd1ed4000 	C:\WINDOWS\System32\KERNEL32.DLL
0x00007ffbcff10000 - 0x00007ffbd02b4000 	C:\WINDOWS\System32\KERNELBASE.dll
0x00007ffbd0390000 - 0x00007ffbd04a1000 	C:\WINDOWS\System32\ucrtbase.dll
0x00007ffbccf20000 - 0x00007ffbccf37000 	C:\Program Files\Microsoft\jdk-11.0.18.10-hotspot\bin\jli.dll
0x00007ffbc64d0000 - 0x00007ffbc64e5000 	C:\Program Files\Microsoft\jdk-11.0.18.10-hotspot\bin\VCRUNTIME140.dll
0x00007ffbd1340000 - 0x00007ffbd14ea000 	C:\WINDOWS\System32\USER32.dll
0x00007ffbb2ed0000 - 0x00007ffbb315f000 	C:\WINDOWS\WinSxS\amd64_microsoft.windows.common-controls_6595b64144ccf1df_6.0.22621.2070_none_2713e6537381f706\COMCTL32.dll
0x00007ffbd02c0000 - 0x00007ffbd02e6000 	C:\WINDOWS\System32\win32u.dll
0x00007ffbd16c0000 - 0x00007ffbd1767000 	C:\WINDOWS\System32\msvcrt.dll
0x00007ffbd28e0000 - 0x00007ffbd2909000 	C:\WINDOWS\System32\GDI32.dll
0x00007ffbd0530000 - 0x00007ffbd0649000 	C:\WINDOWS\System32\gdi32full.dll
0x00007ffbd02f0000 - 0x00007ffbd038a000 	C:\WINDOWS\System32\msvcp_win.dll
0x00007ffbd19f0000 - 0x00007ffbd1a21000 	C:\WINDOWS\System32\IMM32.DLL
0x00007ffb91620000 - 0x00007ffb916bb000 	C:\Program Files\Microsoft\jdk-11.0.18.10-hotspot\bin\msvcp140.dll
0x00007ffb61f00000 - 0x00007ffb62a92000 	C:\Program Files\Microsoft\jdk-11.0.18.10-hotspot\bin\server\jvm.dll
0x00007ffbd1290000 - 0x00007ffbd1340000 	C:\WINDOWS\System32\ADVAPI32.dll
0x00007ffbd2910000 - 0x00007ffbd29b6000 	C:\WINDOWS\System32\sechost.dll
0x00007ffbd18d0000 - 0x00007ffbd19e7000 	C:\WINDOWS\System32\RPCRT4.dll
0x00007ffbd2800000 - 0x00007ffbd2808000 	C:\WINDOWS\System32\PSAPI.DLL
0x00007ffbc65f0000 - 0x00007ffbc6624000 	C:\WINDOWS\SYSTEM32\WINMM.dll
0x00007ffbcc820000 - 0x00007ffbcc829000 	C:\WINDOWS\SYSTEM32\WSOCK32.dll
0x00007ffbc79d0000 - 0x00007ffbc79da000 	C:\WINDOWS\SYSTEM32\VERSION.dll
0x00007ffbd1210000 - 0x00007ffbd1281000 	C:\WINDOWS\System32\WS2_32.dll
0x00007ffbcef30000 - 0x00007ffbcef48000 	C:\WINDOWS\SYSTEM32\kernel.appcore.dll
0x00007ffbb8f10000 - 0x00007ffbb8f20000 	C:\Program Files\Microsoft\jdk-11.0.18.10-hotspot\bin\verify.dll
0x00007ffbcd880000 - 0x00007ffbcdaae000 	C:\WINDOWS\SYSTEM32\DBGHELP.DLL
0x00007ffbd1ee0000 - 0x00007ffbd226a000 	C:\WINDOWS\System32\combase.dll
0x00007ffbd22a0000 - 0x00007ffbd2377000 	C:\WINDOWS\System32\OLEAUT32.dll
0x00007ffbc2be0000 - 0x00007ffbc2c12000 	C:\WINDOWS\SYSTEM32\dbgcore.DLL
0x00007ffbd04b0000 - 0x00007ffbd052a000 	C:\WINDOWS\System32\bcryptPrimitives.dll
0x00007ffbaecc0000 - 0x00007ffbaece8000 	C:\Program Files\Microsoft\jdk-11.0.18.10-hotspot\bin\java.dll
0x00007ffbb8f00000 - 0x00007ffbb8f0a000 	C:\Program Files\Microsoft\jdk-11.0.18.10-hotspot\bin\jimage.dll
0x00007ffbb0e90000 - 0x00007ffbb0ea8000 	C:\Program Files\Microsoft\jdk-11.0.18.10-hotspot\bin\zip.dll
0x00007ffbd09f0000 - 0x00007ffbd1206000 	C:\WINDOWS\System32\SHELL32.dll
0x00007ffbcde90000 - 0x00007ffbce77a000 	C:\WINDOWS\SYSTEM32\windows.storage.dll
0x00007ffbcdd50000 - 0x00007ffbcde8e000 	C:\WINDOWS\SYSTEM32\wintypes.dll
0x00007ffbd08f0000 - 0x00007ffbd09e3000 	C:\WINDOWS\System32\SHCORE.dll
0x00007ffbd1a40000 - 0x00007ffbd1a9e000 	C:\WINDOWS\System32\shlwapi.dll
0x00007ffbcfe40000 - 0x00007ffbcfe66000 	C:\WINDOWS\SYSTEM32\profapi.dll
0x00007ffbad6d0000 - 0x00007ffbad6e9000 	C:\Program Files\Microsoft\jdk-11.0.18.10-hotspot\bin\net.dll
0x00007ffbc7840000 - 0x00007ffbc7977000 	C:\WINDOWS\SYSTEM32\WINHTTP.dll
0x00007ffbcf470000 - 0x00007ffbcf4d9000 	C:\WINDOWS\system32\mswsock.dll
0x00007ffbad6b0000 - 0x00007ffbad6c3000 	C:\Program Files\Microsoft\jdk-11.0.18.10-hotspot\bin\nio.dll
0x00007ffb9e540000 - 0x00007ffb9e567000 	C:\Users\nguye\.gradle\native\68d5fa5c4cc2d200863cafc0d521ce42e7d3e7ee720ec0a83991735586a16f82\windows-amd64\native-platform.dll
0x00007ffbb3200000 - 0x00007ffbb3209000 	C:\Program Files\Microsoft\jdk-11.0.18.10-hotspot\bin\management.dll
0x00007ffbb2550000 - 0x00007ffbb255b000 	C:\Program Files\Microsoft\jdk-11.0.18.10-hotspot\bin\management_ext.dll
0x00007ffbcf790000 - 0x00007ffbcf7ab000 	C:\WINDOWS\SYSTEM32\CRYPTSP.dll
0x00007ffbceef0000 - 0x00007ffbcef25000 	C:\WINDOWS\system32\rsaenh.dll
0x00007ffbcf510000 - 0x00007ffbcf53c000 	C:\WINDOWS\SYSTEM32\USERENV.dll
0x00007ffbcf8b0000 - 0x00007ffbcf8d8000 	C:\WINDOWS\SYSTEM32\bcrypt.dll
0x00007ffbcf770000 - 0x00007ffbcf77c000 	C:\WINDOWS\SYSTEM32\CRYPTBASE.dll
0x00007ffbce9e0000 - 0x00007ffbcea0d000 	C:\WINDOWS\SYSTEM32\IPHLPAPI.DLL
0x00007ffbd14f0000 - 0x00007ffbd14f9000 	C:\WINDOWS\System32\NSI.dll
0x00007ffbc7c20000 - 0x00007ffbc7c39000 	C:\WINDOWS\SYSTEM32\dhcpcsvc6.DLL
0x00007ffbc79e0000 - 0x00007ffbc79ff000 	C:\WINDOWS\SYSTEM32\dhcpcsvc.DLL
0x00007ffbcea50000 - 0x00007ffbceb43000 	C:\WINDOWS\SYSTEM32\DNSAPI.dll

dbghelp: loaded successfully - version: 4.0.5 - missing functions: none
symbol engine: initialized successfully - sym options: 0x614 - pdb path: .;C:\Program Files\Microsoft\jdk-11.0.18.10-hotspot\bin;C:\WINDOWS\SYSTEM32;C:\WINDOWS\WinSxS\amd64_microsoft.windows.common-controls_6595b64144ccf1df_6.0.22621.2070_none_2713e6537381f706;C:\Program Files\Microsoft\jdk-11.0.18.10-hotspot\bin\server;C:\Users\nguye\.gradle\native\68d5fa5c4cc2d200863cafc0d521ce42e7d3e7ee720ec0a83991735586a16f82\windows-amd64

VM Arguments:
jvm_args: -Xmx64m -Xms64m -Dorg.gradle.appname=gradlew 
java_command: org.gradle.wrapper.GradleWrapperMain tasks
java_class_path (initial): E:\DaCNTT2\project\source\frontend\kahoot-fe\kahut\android\\gradle\wrapper\gradle-wrapper.jar
Launcher Type: SUN_STANDARD

[Global flags]
     intx CICompilerCount                          = 4                                         {product} {ergonomic}
     uint ConcGCThreads                            = 2                                         {product} {ergonomic}
     uint G1ConcRefinementThreads                  = 8                                         {product} {ergonomic}
   size_t G1HeapRegionSize                         = 1048576                                   {product} {ergonomic}
    uintx GCDrainStackTargetSize                   = 64                                        {product} {ergonomic}
   size_t InitialHeapSize                          = 67108864                                  {product} {command line}
   size_t MarkStackSize                            = 4194304                                   {product} {ergonomic}
   size_t MaxHeapSize                              = 67108864                                  {product} {command line}
   size_t MaxNewSize                               = 39845888                                  {product} {ergonomic}
   size_t MinHeapDeltaBytes                        = 1048576                                   {product} {ergonomic}
    uintx NonNMethodCodeHeapSize                   = 5836300                                {pd product} {ergonomic}
    uintx NonProfiledCodeHeapSize                  = 122910970                              {pd product} {ergonomic}
    uintx ProfiledCodeHeapSize                     = 122910970                              {pd product} {ergonomic}
    uintx ReservedCodeCacheSize                    = 251658240                              {pd product} {ergonomic}
     bool SegmentedCodeCache                       = true                                      {product} {ergonomic}
     bool UseCompressedClassPointers               = true                                 {lp64_product} {ergonomic}
     bool UseCompressedOops                        = true                                 {lp64_product} {ergonomic}
     bool UseG1GC                                  = true                                      {product} {ergonomic}
     bool UseLargePagesIndividualAllocation        = false                                  {pd product} {ergonomic}

Logging:
Log output configuration:
 #0: stdout all=warning uptime,level,tags
 #1: stderr all=off uptime,level,tags

Environment Variables:
JAVA_HOME=C:\Program Files\Microsoft\jdk-11.0.18.10-hotspot\
CLASSPATH=E:\DaCNTT2\project\source\frontend\kahoot-fe\kahut\android\\gradle\wrapper\gradle-wrapper.jar
PATH=E:\DaCNTT2\project\source\frontend\kahoot-fe\kahut\node_modules\.bin;E:\DaCNTT2\project\source\frontend\kahoot-fe\kahut\node_modules\.bin;E:\DaCNTT2\project\source\frontend\kahoot-fe\node_modules\.bin;E:\DaCNTT2\project\source\frontend\node_modules\.bin;E:\DaCNTT2\project\source\node_modules\.bin;E:\DaCNTT2\project\node_modules\.bin;E:\DaCNTT2\node_modules\.bin;E:\node_modules\.bin;E:\DaCNTT2\project\source\frontend\kahoot-fe\kahut\node_modules\npm\node_modules\@npmcli\run-script\lib\node-gyp-bin;E:\DaCNTT2\project\source\frontend\kahoot-fe\kahut\node_modules\.bin;E:\DaCNTT2\project\source\frontend\kahoot-fe\node_modules\.bin;E:\DaCNTT2\project\source\frontend\node_modules\.bin;E:\DaCNTT2\project\source\node_modules\.bin;E:\DaCNTT2\project\node_modules\.bin;E:\DaCNTT2\node_modules\.bin;E:\node_modules\.bin;C:\Program Files\nodejs\node_modules\npm\node_modules\@npmcli\run-script\lib\node-gyp-bin;C:\Program Files\Microsoft\jdk-11.0.18.10-hotspot\bin;C:\Program Files\Common Files\Oracle\Java\javapath;C:\WINDOWS\system32;C:\WINDOWS;C:\WINDOWS\System32\Wbem;C:\WINDOWS\System32\WindowsPowerShell\v1.0\;C:\WINDOWS\System32\OpenSSH\;C:\Program Files\dotnet\;C:\Program Files\NVIDIA Corporation\NVIDIA NvDLISR;C:\Program Files\Microsoft SQL Server\Client SDK\ODBC\170\Tools\Binn\;C:\Program Files (x86)\Microsoft SQL Server\150\Tools\Binn\;C:\Program Files\Microsoft SQL Server\150\Tools\Binn\;C:\Program Files\Microsoft SQL Server\150\DTS\Binn\;C:\Program Files (x86)\Microsoft SQL Server\150\DTS\Binn\;C:\Program Files\Microsoft SQL Server\130\Tools\Binn\;C:\Program Files (x86)\dotnet\;C:\xampp\php;C:\ProgramData\ComposerSetup\bin;C:\Program Files\Docker\Docker\resources\bin;C:\ProgramData\DockerDesktop\version-bin;C:\Program Files\apache-maven-3.8.4\bin;C:\Program Files (x86)\NVIDIA Corporation\PhysX\Common;C:\Program Files\OpenSSL-Win64\bin;C:\Program Files\Git\cmd;C:\WINDOWS\system32;C:\WINDOWS;C:\WINDOWS\System32\Wbem;C:\WINDOWS\System32\WindowsPowerShell\v1.0\;C:\WINDOWS\Sys
USERNAME=nttruong
OS=Windows_NT
PROCESSOR_IDENTIFIER=Intel64 Family 6 Model 158 Stepping 10, GenuineIntel
TMP=C:\Users\nguye\AppData\Local\Temp
TEMP=C:\Users\nguye\AppData\Local\Temp



---------------  S Y S T E M  ---------------

OS: Windows 11 , 64 bit Build 22621 (10.0.22621.2070)
OS uptime: 0 days 14:26 hours
Hyper-V role detected

CPU:total 8 (initial active 8) (4 cores per cpu, 2 threads per core) family 6 model 158 stepping 10 microcode 0xec, cmov, cx8, fxsr, mmx, sse, sse2, sse3, ssse3, sse4.1, sse4.2, popcnt, avx, avx2, aes, clmul, erms, 3dnowpref, lzcnt, ht, tsc, tscinvbit, bmi1, bmi2, adx, fma

Memory: 4k page, system-wide physical 8063M (614M free)
TotalPageFile size 16255M (AvailPageFile size 303M)
current process WorkingSet (physical memory assigned to process): 90M, peak: 95M
current process commit charge ("private bytes"): 162M, peak: 167M

vm_info: OpenJDK 64-Bit Server VM (11.0.18+10-LTS) for windows-amd64 JRE (11.0.18+10-LTS), built on Jan 18 2023 15:56:47 by "MicrosoftCorporation" with MS VC++ 15.9 (VS2017)

END.
